2025-06-07 18:07:39 - root - INFO - 日志配置完成。
2025-06-07 18:07:39 - root - INFO - Config: dataset=t_biocase_gathering_namedareas_r137711_c11.csv, sample_size=4000, null_equal_null=True
2025-06-07 18:07:39 - root - INFO - 开始执行 CAFD...
2025-06-07 18:07:39 - Cafd - INFO - Executing CAFD on: E:\资料\C-AFD\rule_mining\data\real_world_data\t_biocase_gathering_namedareas_r137711_c11.csv
2025-06-07 18:07:39 - Cafd - INFO - Using ground truth: E:\资料\C-AFD\rule_mining\groundtruth\real_world_data\t_biocase_gathering_namedareas_r137711_c11.txt
2025-06-07 18:07:39 - Sampler - INFO - Reading dataset from: E:\资料\C-AFD\rule_mining\data\real_world_data\t_biocase_gathering_namedareas_r137711_c11.csv
2025-06-07 18:07:40 - Sampler - INFO - 移除全空列：2 / 11
2025-06-07 18:07:40 - Sampler - INFO - 移除单一值列：2 个
2025-06-07 18:07:40 - Sampler - INFO - 移除大于数据集行数 (137710) 的不现实样本量：6 个
2025-06-07 18:07:40 - Sampler - INFO - 最终采样方式 'mode_bin_2000'，样本量: 6000
2025-06-07 18:07:40 - Sampler - INFO - 抽样 6000 行，随机种子：1398408018
2025-06-07 18:07:40 - Sampler - INFO - 抽样结果已保存至: rule_mining/data/sample_data/sample_data.csv
2025-06-07 18:07:40 - rule_mining.Incorporate_into - INFO - 所有列的 PLI 更新完成。
2025-06-07 18:07:40 - Cafd - INFO - Processing search space: <SearchSpace_bit.SearchSpace object at 0x00000228100A4DC0>
2025-06-07 18:07:40 - rule_mining.Correlation_utils - INFO - 计算列 ['_unitguid'] 和列 _datasetguid 之间的φ²: 1.0000000000000022
2025-06-07 18:07:40 - rule_mining.Correlation_utils - INFO - 计算列 ['_unitguid'] 和列 _datasetguid 之间的相关性 (φ²): 1.0000000000000044
2025-06-07 18:07:40 - rule_mining.Correlation_utils - INFO - 行方向得分: 1.0000, 列方向得分: 0.0196
2025-06-07 18:07:40 - SearchSpace_bit - INFO - 发现函数依赖: ['_unitguid'] -> _datasetguid
2025-06-07 18:07:40 - rule_mining.Correlation_utils - WARNING - 列联表为空，返回 invalid
2025-06-07 18:07:40 - rule_mining.Correlation_utils - INFO - 计算列 ['Sequence'] 和列 _datasetguid 之间的φ²: 0.004353673765319854
2025-06-07 18:07:40 - rule_mining.Correlation_utils - INFO - 计算列 ['Sequence'] 和列 _datasetguid 之间的相关性 (φ²): 0.004187677378818573
2025-06-07 18:07:40 - rule_mining.Correlation_utils - INFO - 计算列 ['AreaClass'] 和列 _datasetguid 之间的φ²: 0.004353673765319854
2025-06-07 18:07:40 - rule_mining.Correlation_utils - INFO - 计算列 ['AreaClass'] 和列 _datasetguid 之间的相关性 (φ²): 0.004187677378818573
2025-06-07 18:07:40 - rule_mining.Correlation_utils - INFO - 计算列 ['AreaCode'] 和列 _datasetguid 之间的φ²: 0.0
2025-06-07 18:07:40 - rule_mining.Correlation_utils - INFO - 计算列 ['AreaCode'] 和列 _datasetguid 之间的相关性 (φ²): 0.0
2025-06-07 18:07:40 - rule_mining.Correlation_utils - INFO - 计算列 ['AreaName'] 和列 _datasetguid 之间的φ²: 0.452293652094403
2025-06-07 18:07:40 - rule_mining.Correlation_utils - INFO - 计算列 ['AreaName'] 和列 _datasetguid 之间的相关性 (φ²): 0.40510440984917545
2025-06-07 18:07:40 - Cafd - INFO - Processing search space: <SearchSpace_bit.SearchSpace object at 0x00000228100A4760>
2025-06-07 18:07:40 - SearchSpace_bit - INFO - 从全局结论表中命中缓存: _datasetguid->_unitguid
2025-06-07 18:07:40 - rule_mining.Correlation_utils - WARNING - 列联表为空，返回 invalid
2025-06-07 18:07:40 - rule_mining.Correlation_utils - INFO - 计算列 ['Sequence'] 和列 _unitguid 之间的φ²: 0.9656037397950334
2025-06-07 18:07:40 - rule_mining.Correlation_utils - INFO - 计算列 ['Sequence'] 和列 _unitguid 之间的相关性 (φ²): 0.0
2025-06-07 18:07:40 - rule_mining.Correlation_utils - INFO - 计算列 ['AreaClass'] 和列 _unitguid 之间的φ²: 0.9656037397950334
2025-06-07 18:07:40 - rule_mining.Correlation_utils - INFO - 计算列 ['AreaClass'] 和列 _unitguid 之间的相关性 (φ²): 0.0
2025-06-07 18:07:40 - rule_mining.Correlation_utils - INFO - 计算列 ['AreaCode'] 和列 _unitguid 之间的φ²: 0.990928348174841
2025-06-07 18:07:40 - rule_mining.Correlation_utils - INFO - 计算列 ['AreaCode'] 和列 _unitguid 之间的相关性 (φ²): 0.0
2025-06-07 18:07:40 - rule_mining.Correlation_utils - INFO - 计算列 ['AreaName'] 和列 _unitguid 之间的φ²: 0.9825138267318114
2025-06-07 18:07:40 - rule_mining.Correlation_utils - INFO - 计算列 ['AreaName'] 和列 _unitguid 之间的相关性 (φ²): 0.0
2025-06-07 18:07:40 - Cafd - INFO - Processing search space: <SearchSpace_bit.SearchSpace object at 0x00000228100A4430>
2025-06-07 18:07:40 - SearchSpace_bit - INFO - 从全局结论表中命中缓存: _datasetguid->_namedareasguid
2025-06-07 18:07:40 - SearchSpace_bit - INFO - 从全局结论表中命中缓存: _unitguid->_namedareasguid
2025-06-07 18:07:40 - rule_mining.Correlation_utils - INFO - 计算列 ['Sequence'] 和列 _namedareasguid 之间的φ²: 0.9999999999998141
2025-06-07 18:07:40 - rule_mining.Correlation_utils - INFO - 计算列 ['Sequence'] 和列 _namedareasguid 之间的相关性 (φ²): 0.0
2025-06-07 18:07:40 - rule_mining.Correlation_utils - INFO - 计算列 ['AreaClass'] 和列 _namedareasguid 之间的φ²: 0.9999999999998141
2025-06-07 18:07:40 - rule_mining.Correlation_utils - INFO - 计算列 ['AreaClass'] 和列 _namedareasguid 之间的相关性 (φ²): 0.0
2025-06-07 18:07:40 - rule_mining.Correlation_utils - INFO - 计算列 ['AreaCode'] 和列 _namedareasguid 之间的φ²: 1.000000000000004
2025-06-07 18:07:40 - rule_mining.Correlation_utils - INFO - 计算列 ['AreaCode'] 和列 _namedareasguid 之间的相关性 (φ²): 0.0
2025-06-07 18:07:40 - rule_mining.Correlation_utils - INFO - 计算列 ['AreaName'] 和列 _namedareasguid 之间的φ²: 1.0000000000000007
2025-06-07 18:07:40 - rule_mining.Correlation_utils - INFO - 计算列 ['AreaName'] 和列 _namedareasguid 之间的相关性 (φ²): 0.0
2025-06-07 18:07:40 - Cafd - INFO - Processing search space: <SearchSpace_bit.SearchSpace object at 0x00000228100A4B20>
2025-06-07 18:07:40 - SearchSpace_bit - INFO - 从全局结论表中命中缓存: _datasetguid->Sequence
2025-06-07 18:07:40 - SearchSpace_bit - INFO - 从全局结论表中命中缓存: _unitguid->Sequence
2025-06-07 18:07:40 - SearchSpace_bit - INFO - 从全局结论表中命中缓存: _namedareasguid->Sequence
2025-06-07 18:07:40 - rule_mining.Correlation_utils - INFO - 计算列 ['AreaClass'] 和列 Sequence 之间的φ²: 1.0
2025-06-07 18:07:40 - rule_mining.Correlation_utils - INFO - 计算列 ['AreaClass'] 和列 Sequence 之间的相关性 (φ²): 1.0
2025-06-07 18:07:40 - rule_mining.Correlation_utils - INFO - 行方向得分: 1.0000, 列方向得分: 1.0000
2025-06-07 18:07:40 - SearchSpace_bit - INFO - 发现函数依赖: ['AreaClass'] -> Sequence
2025-06-07 18:07:40 - rule_mining.Correlation_utils - INFO - 计算列 ['AreaCode'] 和列 Sequence 之间的φ²: 0.999999999999999
2025-06-07 18:07:40 - rule_mining.Correlation_utils - INFO - 计算列 ['AreaCode'] 和列 Sequence 之间的相关性 (φ²): 0.9999999999999989
2025-06-07 18:07:40 - rule_mining.Correlation_utils - INFO - 行方向得分: 1.0000, 列方向得分: 0.0942
2025-06-07 18:07:40 - SearchSpace_bit - INFO - 发现函数依赖: ['AreaCode'] -> Sequence
2025-06-07 18:07:40 - rule_mining.Correlation_utils - INFO - 计算列 ['AreaName'] 和列 Sequence 之间的φ²: 0.9999999999999892
2025-06-07 18:07:40 - rule_mining.Correlation_utils - INFO - 计算列 ['AreaName'] 和列 Sequence 之间的相关性 (φ²): 0.9999999999999883
2025-06-07 18:07:40 - rule_mining.Correlation_utils - INFO - 行方向得分: 1.0000, 列方向得分: 0.0687
2025-06-07 18:07:40 - SearchSpace_bit - INFO - 发现函数依赖: ['AreaName'] -> Sequence
2025-06-07 18:07:40 - Cafd - INFO - Processing search space: <SearchSpace_bit.SearchSpace object at 0x00000228100A4EB0>
2025-06-07 18:07:40 - SearchSpace_bit - INFO - 从全局结论表中命中缓存: _datasetguid->AreaClass
2025-06-07 18:07:40 - SearchSpace_bit - INFO - 从全局结论表中命中缓存: _unitguid->AreaClass
2025-06-07 18:07:40 - SearchSpace_bit - INFO - 从全局结论表中命中缓存: _namedareasguid->AreaClass
2025-06-07 18:07:40 - SearchSpace_bit - INFO - 从全局结论表中命中缓存: Sequence->AreaClass
2025-06-07 18:07:40 - SearchSpace_bit - INFO - 发现函数依赖: ['Sequence'] -> AreaClass
2025-06-07 18:07:40 - rule_mining.Correlation_utils - INFO - 计算列 ['AreaCode'] 和列 AreaClass 之间的φ²: 0.999999999999999
2025-06-07 18:07:40 - rule_mining.Correlation_utils - INFO - 计算列 ['AreaCode'] 和列 AreaClass 之间的相关性 (φ²): 0.9999999999999989
2025-06-07 18:07:40 - rule_mining.Correlation_utils - INFO - 行方向得分: 1.0000, 列方向得分: 0.0942
2025-06-07 18:07:40 - SearchSpace_bit - INFO - 发现函数依赖: ['AreaCode'] -> AreaClass
2025-06-07 18:07:40 - rule_mining.Correlation_utils - INFO - 计算列 ['AreaName'] 和列 AreaClass 之间的φ²: 0.9999999999999892
2025-06-07 18:07:40 - rule_mining.Correlation_utils - INFO - 计算列 ['AreaName'] 和列 AreaClass 之间的相关性 (φ²): 0.9999999999999883
2025-06-07 18:07:40 - rule_mining.Correlation_utils - INFO - 行方向得分: 1.0000, 列方向得分: 0.0687
2025-06-07 18:07:40 - SearchSpace_bit - INFO - 发现函数依赖: ['AreaName'] -> AreaClass
2025-06-07 18:07:40 - Cafd - INFO - Processing search space: <SearchSpace_bit.SearchSpace object at 0x0000022813C90100>
2025-06-07 18:07:40 - SearchSpace_bit - INFO - 从全局结论表中命中缓存: _datasetguid->AreaCode
2025-06-07 18:07:40 - SearchSpace_bit - INFO - 从全局结论表中命中缓存: _unitguid->AreaCode
2025-06-07 18:07:40 - SearchSpace_bit - INFO - 从全局结论表中命中缓存: _namedareasguid->AreaCode
2025-06-07 18:07:40 - SearchSpace_bit - INFO - 从全局结论表中命中缓存: Sequence->AreaCode
2025-06-07 18:07:40 - SearchSpace_bit - INFO - 从全局结论表中命中缓存: AreaClass->AreaCode
2025-06-07 18:07:40 - rule_mining.Correlation_utils - INFO - 计算列 ['AreaName'] 和列 AreaCode 之间的φ²: 1.0
2025-06-07 18:07:40 - rule_mining.Correlation_utils - INFO - 计算列 ['AreaName'] 和列 AreaCode 之间的相关性 (φ²): 1.0
2025-06-07 18:07:40 - rule_mining.Correlation_utils - INFO - 行方向得分: 0.9986, 列方向得分: 1.0000
2025-06-07 18:07:40 - SearchSpace_bit - INFO - 发现函数依赖: ['AreaName'] -> AreaCode
2025-06-07 18:07:40 - Cafd - INFO - Processing search space: <SearchSpace_bit.SearchSpace object at 0x0000022813C90430>
2025-06-07 18:07:40 - SearchSpace_bit - INFO - 从全局结论表中命中缓存: _datasetguid->AreaName
2025-06-07 18:07:40 - SearchSpace_bit - INFO - 从全局结论表中命中缓存: _unitguid->AreaName
2025-06-07 18:07:40 - SearchSpace_bit - INFO - 从全局结论表中命中缓存: _namedareasguid->AreaName
2025-06-07 18:07:40 - SearchSpace_bit - INFO - 从全局结论表中命中缓存: Sequence->AreaName
2025-06-07 18:07:40 - SearchSpace_bit - INFO - 从全局结论表中命中缓存: AreaClass->AreaName
2025-06-07 18:07:40 - SearchSpace_bit - INFO - 从全局结论表中命中缓存: AreaCode->AreaName
2025-06-07 18:07:40 - SearchSpace_bit - INFO - 发现函数依赖: ['AreaCode'] -> AreaName
2025-06-07 18:07:40 - Cafd - INFO - Total dependencies found: 9
2025-06-07 18:07:40 - root - INFO - 发现的函数依赖如下：
2025-06-07 18:07:40 - root - INFO - ['_unitguid'] -> _datasetguid
2025-06-07 18:07:40 - root - INFO - ['AreaClass'] -> Sequence
2025-06-07 18:07:40 - root - INFO - ['AreaCode'] -> Sequence
2025-06-07 18:07:40 - root - INFO - ['AreaName'] -> Sequence
2025-06-07 18:07:40 - root - INFO - ['Sequence'] -> AreaClass
2025-06-07 18:07:40 - root - INFO - ['AreaCode'] -> AreaClass
2025-06-07 18:07:40 - root - INFO - ['AreaName'] -> AreaClass
2025-06-07 18:07:40 - root - INFO - ['AreaName'] -> AreaCode
2025-06-07 18:07:40 - root - INFO - ['AreaCode'] -> AreaName
2025-06-07 18:07:40 - Evaluate_fd - INFO - 评估结果: TP=5, FP=4, FN=0
2025-06-07 18:07:40 - Evaluate_fd - WARNING - 误报 FD (4 个):
Sequence->AreaClass
AreaCode->Sequence
AreaName->Sequence
AreaClass->Sequence
2025-06-07 18:07:40 - root - INFO - Precision: 0.56, Recall: 1.00, F1: 0.71
2025-06-07 18:07:40 - root - INFO - 总运行时长: 1072 ms
2025-06-07 18:07:40 - root - INFO - 结果已保存至: rule_mining\discovered_fd\t_biocase_gathering_namedareas_r137711_c11_discovered.txt
