2025-04-03 18:56:36,027 - root - INFO - 全局日志配置已完成！
2025-04-03 18:56:36,029 - root - INFO - Config:
	dataset: data.csv
2025-04-03 18:56:36,029 - root - INFO - Starting CAFD execution...
2025-04-03 18:56:36,029 - Cafd - INFO - Executing CAFD on dataset: data\data.csv
2025-04-03 18:56:36,029 - Cafd - INFO - Using ground truth: groundtruth\data.txt
2025-04-03 18:56:36,029 - Sampler - INFO - Reading dataset from: data\data.csv
2025-04-03 18:56:36,039 - Sampler - INFO - Sampled 5000 rows from the dataset.
2025-04-03 18:56:36,083 - Cafd - INFO - Processing search space: <SearchSpace_bit.SearchSpace object at 0x0000022B52D7FD90>
2025-04-03 18:56:36,085 - Correlation_utils - INFO - 计算列 column1 和列 ['column2'] 之间的相关性 (φ²): 0.5926230660470306
2025-04-03 18:56:36,086 - Correlation_utils - INFO - 左部属性：[1]，右部属性：0
2025-04-03 18:56:36,086 - Correlation_utils - INFO - 行方向得分: 0.87, 列方向得分: 0.87
2025-04-03 18:56:36,086 - SearchSpace_bit - INFO - 发现函数依赖: ['column2'] -> column1
2025-04-03 18:56:36,086 - Correlation_utils - INFO - 计算列 column1 和列 ['column3'] 之间的相关性 (φ²): 0.0005549270038197233
2025-04-03 18:56:36,087 - Correlation_utils - INFO - 计算列 column1 和列 ['column4'] 之间的相关性 (φ²): 0
2025-04-03 18:56:36,088 - Correlation_utils - INFO - 计算列 column1 和列 ['column5'] 之间的相关性 (φ²): 0.000255113408669689
2025-04-03 18:56:36,088 - Correlation_utils - INFO - 计算列 column1 和列 ['column6'] 之间的相关性 (φ²): 0.00017257520967114902
2025-04-03 18:56:36,089 - Correlation_utils - INFO - 计算列 column1 和列 ['column7'] 之间的相关性 (φ²): 0.0006346453579180466
2025-04-03 18:56:36,090 - Correlation_utils - INFO - 计算列 column1 和列 ['column8'] 之间的相关性 (φ²): 0.00021346717317885158
2025-04-03 18:56:36,090 - Correlation_utils - INFO - 计算列 column1 和列 ['column9'] 之间的相关性 (φ²): 0
2025-04-03 18:56:36,091 - Correlation_utils - INFO - 计算列 column1 和列 ['column10'] 之间的相关性 (φ²): 0.00022945546829277163
2025-04-03 18:56:36,092 - Correlation_utils - INFO - 计算列 column1 和列 ['column11'] 之间的相关性 (φ²): 0
2025-04-03 18:56:36,094 - Correlation_utils - INFO - 计算列 column1 和列 ['column12'] 之间的相关性 (φ²): 0
2025-04-03 18:56:36,094 - Correlation_utils - INFO - 计算列 column1 和列 ['column13'] 之间的相关性 (φ²): 0
2025-04-03 18:56:36,095 - Correlation_utils - INFO - 计算列 column1 和列 ['column14'] 之间的相关性 (φ²): 0
2025-04-03 18:56:36,096 - Correlation_utils - INFO - 计算列 column1 和列 ['column15'] 之间的相关性 (φ²): 0.0003653295100252294
2025-04-03 18:56:36,096 - Correlation_utils - INFO - 计算列 column1 和列 ['column16'] 之间的相关性 (φ²): 0.0006053272990142525
2025-04-03 18:56:36,096 - Correlation_utils - INFO - 计算列 column1 和列 ['column17'] 之间的相关性 (φ²): 6.62290637521948e-05
2025-04-03 18:56:36,098 - Correlation_utils - INFO - 计算列 column1 和列 ['column18'] 之间的相关性 (φ²): 0
2025-04-03 18:56:36,098 - Correlation_utils - INFO - 计算列 column1 和列 ['column19'] 之间的相关性 (φ²): 0
2025-04-03 18:56:36,099 - Correlation_utils - INFO - 计算列 column1 和列 ['column20'] 之间的相关性 (φ²): 0
2025-04-03 18:56:36,099 - Cafd - INFO - Processing search space: <SearchSpace_bit.SearchSpace object at 0x0000022B52D7FEB0>
2025-04-03 18:56:36,100 - Correlation_utils - INFO - 计算列 column2 和列 ['column1'] 之间的相关性 (φ²): 0.5926230660470306
2025-04-03 18:56:36,100 - Correlation_utils - INFO - 左部属性：[0]，右部属性：1
2025-04-03 18:56:36,100 - Correlation_utils - INFO - 行方向得分: 0.87, 列方向得分: 0.87
2025-04-03 18:56:36,100 - SearchSpace_bit - INFO - 发现函数依赖: ['column1'] -> column2
2025-04-03 18:56:36,101 - Correlation_utils - INFO - 计算列 column2 和列 ['column3'] 之间的相关性 (φ²): 0.0006361000293090773
2025-04-03 18:56:36,101 - Correlation_utils - INFO - 计算列 column2 和列 ['column4'] 之间的相关性 (φ²): 0
2025-04-03 18:56:36,102 - Correlation_utils - INFO - 计算列 column2 和列 ['column5'] 之间的相关性 (φ²): 0
2025-04-03 18:56:36,103 - Correlation_utils - INFO - 计算列 column2 和列 ['column6'] 之间的相关性 (φ²): 0.00020054449550707066
2025-04-03 18:56:36,103 - Correlation_utils - INFO - 计算列 column2 和列 ['column7'] 之间的相关性 (φ²): 0.0006270046017007458
2025-04-03 18:56:36,104 - Correlation_utils - INFO - 计算列 column2 和列 ['column8'] 之间的相关性 (φ²): 0.0002869674535577343
2025-04-03 18:56:36,105 - Correlation_utils - INFO - 计算列 column2 和列 ['column9'] 之间的相关性 (φ²): 0
2025-04-03 18:56:36,105 - Correlation_utils - INFO - 计算列 column2 和列 ['column10'] 之间的相关性 (φ²): 0
2025-04-03 18:56:36,106 - Correlation_utils - INFO - 计算列 column2 和列 ['column11'] 之间的相关性 (φ²): 0
2025-04-03 18:56:36,107 - Correlation_utils - INFO - 计算列 column2 和列 ['column12'] 之间的相关性 (φ²): 0
2025-04-03 18:56:36,108 - Correlation_utils - INFO - 计算列 column2 和列 ['column13'] 之间的相关性 (φ²): 0
2025-04-03 18:56:36,109 - Correlation_utils - INFO - 计算列 column2 和列 ['column14'] 之间的相关性 (φ²): 0.00016938635890086605
2025-04-03 18:56:36,109 - Correlation_utils - INFO - 计算列 column2 和列 ['column15'] 之间的相关性 (φ²): 0.00019939672576191198
2025-04-03 18:56:36,110 - Correlation_utils - INFO - 计算列 column2 和列 ['column16'] 之间的相关性 (φ²): 0.0007533506764162528
2025-04-03 18:56:36,111 - Correlation_utils - INFO - 计算列 column2 和列 ['column17'] 之间的相关性 (φ²): 0.0004534409139735853
2025-04-03 18:56:36,111 - Correlation_utils - INFO - 计算列 column2 和列 ['column18'] 之间的相关性 (φ²): 0.00016520367297949393
2025-04-03 18:56:36,112 - Correlation_utils - INFO - 计算列 column2 和列 ['column19'] 之间的相关性 (φ²): 0
2025-04-03 18:56:36,113 - Correlation_utils - INFO - 计算列 column2 和列 ['column20'] 之间的相关性 (φ²): 0
2025-04-03 18:56:36,113 - Cafd - INFO - Processing search space: <SearchSpace_bit.SearchSpace object at 0x0000022B52DC9250>
2025-04-03 18:56:36,113 - Correlation_utils - INFO - 计算列 column3 和列 ['column1'] 之间的相关性 (φ²): 0.0005549270038197231
2025-04-03 18:56:36,114 - Correlation_utils - INFO - 计算列 column3 和列 ['column2'] 之间的相关性 (φ²): 0.0006361000293090775
2025-04-03 18:56:36,114 - Correlation_utils - INFO - 计算列 column3 和列 ['column4'] 之间的相关性 (φ²): 0.6312403775057907
2025-04-03 18:56:36,115 - Correlation_utils - INFO - 左部属性：[3]，右部属性：2
2025-04-03 18:56:36,115 - Correlation_utils - INFO - 行方向得分: 0.83, 列方向得分: 0.89
2025-04-03 18:56:36,115 - SearchSpace_bit - INFO - 方向错误: ['column4'] -> column3
2025-04-03 18:56:36,117 - Correlation_utils - INFO - 计算列 column3 和列 ['column5'] 之间的相关性 (φ²): 0.0008312222397661257
2025-04-03 18:56:36,117 - Correlation_utils - INFO - 计算列 column3 和列 ['column6'] 之间的相关性 (φ²): 0.000285058526540653
2025-04-03 18:56:36,118 - Correlation_utils - INFO - 计算列 column3 和列 ['column7'] 之间的相关性 (φ²): 0
2025-04-03 18:56:36,119 - Correlation_utils - INFO - 计算列 column3 和列 ['column8'] 之间的相关性 (φ²): 0
2025-04-03 18:56:36,119 - Correlation_utils - INFO - 计算列 column3 和列 ['column9'] 之间的相关性 (φ²): 0
2025-04-03 18:56:36,120 - Correlation_utils - INFO - 计算列 column3 和列 ['column10'] 之间的相关性 (φ²): 0
2025-04-03 18:56:36,121 - Correlation_utils - INFO - 计算列 column3 和列 ['column11'] 之间的相关性 (φ²): 0
2025-04-03 18:56:36,121 - Correlation_utils - INFO - 计算列 column3 和列 ['column12'] 之间的相关性 (φ²): 0.0004108510267905032
2025-04-03 18:56:36,122 - Correlation_utils - INFO - 计算列 column3 和列 ['column13'] 之间的相关性 (φ²): 0.00035936511270107834
2025-04-03 18:56:36,123 - Correlation_utils - INFO - 计算列 column3 和列 ['column14'] 之间的相关性 (φ²): 0
2025-04-03 18:56:36,123 - Correlation_utils - INFO - 计算列 column3 和列 ['column15'] 之间的相关性 (φ²): 0.00022349063164250755
2025-04-03 18:56:36,124 - Correlation_utils - INFO - 计算列 column3 和列 ['column16'] 之间的相关性 (φ²): 0.0003850632139531928
2025-04-03 18:56:36,124 - Correlation_utils - INFO - 计算列 column3 和列 ['column17'] 之间的相关性 (φ²): 7.160494083561182e-05
2025-04-03 18:56:36,125 - Correlation_utils - INFO - 计算列 column3 和列 ['column18'] 之间的相关性 (φ²): 0
2025-04-03 18:56:36,126 - Correlation_utils - INFO - 计算列 column3 和列 ['column19'] 之间的相关性 (φ²): 0
2025-04-03 18:56:36,126 - Correlation_utils - INFO - 计算列 column3 和列 ['column20'] 之间的相关性 (φ²): 0.0009646811572735448
2025-04-03 18:56:36,126 - Cafd - INFO - Processing search space: <SearchSpace_bit.SearchSpace object at 0x0000022B52DC9220>
2025-04-03 18:56:36,128 - Correlation_utils - INFO - 计算列 column4 和列 ['column1'] 之间的相关性 (φ²): 0
2025-04-03 18:56:36,128 - Correlation_utils - INFO - 计算列 column4 和列 ['column2'] 之间的相关性 (φ²): 0
2025-04-03 18:56:36,129 - Correlation_utils - INFO - 计算列 column4 和列 ['column3'] 之间的相关性 (φ²): 0.6312403775057907
2025-04-03 18:56:36,129 - Correlation_utils - INFO - 左部属性：[2]，右部属性：3
2025-04-03 18:56:36,130 - Correlation_utils - INFO - 行方向得分: 0.89, 列方向得分: 0.83
2025-04-03 18:56:36,130 - SearchSpace_bit - INFO - 发现函数依赖: ['column3'] -> column4
2025-04-03 18:56:36,130 - Correlation_utils - INFO - 计算列 column4 和列 ['column5'] 之间的相关性 (φ²): 0.0014639323568146304
2025-04-03 18:56:36,131 - Correlation_utils - INFO - 计算列 column4 和列 ['column6'] 之间的相关性 (φ²): 0
2025-04-03 18:56:36,132 - Correlation_utils - INFO - 计算列 column4 和列 ['column7'] 之间的相关性 (φ²): 0.0002906353836952398
2025-04-03 18:56:36,132 - Correlation_utils - INFO - 计算列 column4 和列 ['column8'] 之间的相关性 (φ²): 0
2025-04-03 18:56:36,132 - Correlation_utils - INFO - 计算列 column4 和列 ['column9'] 之间的相关性 (φ²): 0
2025-04-03 18:56:36,133 - Correlation_utils - INFO - 计算列 column4 和列 ['column10'] 之间的相关性 (φ²): 0
2025-04-03 18:56:36,134 - Correlation_utils - INFO - 计算列 column4 和列 ['column11'] 之间的相关性 (φ²): 0
2025-04-03 18:56:36,134 - Correlation_utils - INFO - 计算列 column4 和列 ['column12'] 之间的相关性 (φ²): 0.0007255556237876655
2025-04-03 18:56:36,136 - Correlation_utils - INFO - 计算列 column4 和列 ['column13'] 之间的相关性 (φ²): 0.0002833776067123007
2025-04-03 18:56:36,137 - Correlation_utils - INFO - 计算列 column4 和列 ['column14'] 之间的相关性 (φ²): 0
2025-04-03 18:56:36,137 - Correlation_utils - INFO - 计算列 column4 和列 ['column15'] 之间的相关性 (φ²): 0.0007514393166251912
2025-04-03 18:56:36,138 - Correlation_utils - INFO - 计算列 column4 和列 ['column16'] 之间的相关性 (φ²): 0.0010705645001012247
2025-04-03 18:56:36,138 - Correlation_utils - INFO - 计算列 column4 和列 ['column17'] 之间的相关性 (φ²): 0.0005326649531464193
2025-04-03 18:56:36,139 - Correlation_utils - INFO - 计算列 column4 和列 ['column18'] 之间的相关性 (φ²): 0.00016121078485311233
2025-04-03 18:56:36,139 - Correlation_utils - INFO - 计算列 column4 和列 ['column19'] 之间的相关性 (φ²): 0
2025-04-03 18:56:36,140 - Correlation_utils - INFO - 计算列 column4 和列 ['column20'] 之间的相关性 (φ²): 0
2025-04-03 18:56:36,140 - Cafd - INFO - Processing search space: <SearchSpace_bit.SearchSpace object at 0x0000022B52DC9280>
2025-04-03 18:56:36,141 - Correlation_utils - INFO - 计算列 column5 和列 ['column1'] 之间的相关性 (φ²): 0.000255113408669689
2025-04-03 18:56:36,141 - Correlation_utils - INFO - 计算列 column5 和列 ['column2'] 之间的相关性 (φ²): 0
2025-04-03 18:56:36,142 - Correlation_utils - INFO - 计算列 column5 和列 ['column3'] 之间的相关性 (φ²): 0.0008312222397661257
2025-04-03 18:56:36,142 - Correlation_utils - INFO - 计算列 column5 和列 ['column4'] 之间的相关性 (φ²): 0.00146393235681463
2025-04-03 18:56:36,144 - Correlation_utils - INFO - 计算列 column5 和列 ['column6'] 之间的相关性 (φ²): 0
2025-04-03 18:56:36,145 - Correlation_utils - INFO - 计算列 column5 和列 ['column7'] 之间的相关性 (φ²): 0.13931399093522764
2025-04-03 18:56:36,145 - Correlation_utils - INFO - 计算列 column5 和列 ['column8'] 之间的相关性 (φ²): 0.00017155986019393122
2025-04-03 18:56:36,146 - Correlation_utils - INFO - 计算列 column5 和列 ['column9'] 之间的相关性 (φ²): 0
2025-04-03 18:56:36,147 - Correlation_utils - INFO - 计算列 column5 和列 ['column10'] 之间的相关性 (φ²): 0
2025-04-03 18:56:36,147 - Correlation_utils - INFO - 计算列 column5 和列 ['column11'] 之间的相关性 (φ²): 0.0005354064505694696
2025-04-03 18:56:36,149 - Correlation_utils - INFO - 计算列 column5 和列 ['column12'] 之间的相关性 (φ²): 0
2025-04-03 18:56:36,149 - Correlation_utils - INFO - 计算列 column5 和列 ['column13'] 之间的相关性 (φ²): 8.072676881756832e-05
2025-04-03 18:56:36,150 - Correlation_utils - INFO - 计算列 column5 和列 ['column14'] 之间的相关性 (φ²): 0
2025-04-03 18:56:36,151 - Correlation_utils - INFO - 计算列 column5 和列 ['column15'] 之间的相关性 (φ²): 0.0002326972136637755
2025-04-03 18:56:36,151 - Correlation_utils - INFO - 计算列 column5 和列 ['column16'] 之间的相关性 (φ²): 0.00030756277418045953
2025-04-03 18:56:36,152 - Correlation_utils - INFO - 计算列 column5 和列 ['column17'] 之间的相关性 (φ²): 0
2025-04-03 18:56:36,153 - Correlation_utils - INFO - 计算列 column5 和列 ['column18'] 之间的相关性 (φ²): 6.611181963342732e-05
2025-04-03 18:56:36,153 - Correlation_utils - INFO - 计算列 column5 和列 ['column19'] 之间的相关性 (φ²): 0.00023375292672395237
2025-04-03 18:56:36,154 - Correlation_utils - INFO - 计算列 column5 和列 ['column20'] 之间的相关性 (φ²): 0
2025-04-03 18:56:36,154 - Cafd - INFO - Processing search space: <SearchSpace_bit.SearchSpace object at 0x0000022B52DC92B0>
2025-04-03 18:56:36,154 - Correlation_utils - INFO - 计算列 column6 和列 ['column1'] 之间的相关性 (φ²): 0.00017257520967114902
2025-04-03 18:56:36,155 - Correlation_utils - INFO - 计算列 column6 和列 ['column2'] 之间的相关性 (φ²): 0.00020054449550707044
2025-04-03 18:56:36,156 - Correlation_utils - INFO - 计算列 column6 和列 ['column3'] 之间的相关性 (φ²): 0.000285058526540653
2025-04-03 18:56:36,156 - Correlation_utils - INFO - 计算列 column6 和列 ['column4'] 之间的相关性 (φ²): 0
2025-04-03 18:56:36,157 - Correlation_utils - INFO - 计算列 column6 和列 ['column5'] 之间的相关性 (φ²): 0
2025-04-03 18:56:36,157 - Correlation_utils - INFO - 计算列 column6 和列 ['column7'] 之间的相关性 (φ²): 0.18860328240548174
2025-04-03 18:56:36,159 - Correlation_utils - INFO - 计算列 column6 和列 ['column8'] 之间的相关性 (φ²): 0
2025-04-03 18:56:36,159 - Correlation_utils - INFO - 计算列 column6 和列 ['column9'] 之间的相关性 (φ²): 0.0005628546522418268
2025-04-03 18:56:36,160 - Correlation_utils - INFO - 计算列 column6 和列 ['column10'] 之间的相关性 (φ²): 0.000989023670644262
2025-04-03 18:56:36,161 - Correlation_utils - INFO - 计算列 column6 和列 ['column11'] 之间的相关性 (φ²): 0.00027864765434527206
2025-04-03 18:56:36,161 - Correlation_utils - INFO - 计算列 column6 和列 ['column12'] 之间的相关性 (φ²): 0
2025-04-03 18:56:36,162 - Correlation_utils - INFO - 计算列 column6 和列 ['column13'] 之间的相关性 (φ²): 0.00034002778234953603
2025-04-03 18:56:36,163 - Correlation_utils - INFO - 计算列 column6 和列 ['column14'] 之间的相关性 (φ²): 5.673132747718904e-05
2025-04-03 18:56:36,164 - Correlation_utils - INFO - 计算列 column6 和列 ['column15'] 之间的相关性 (φ²): 0
2025-04-03 18:56:36,164 - Correlation_utils - INFO - 计算列 column6 和列 ['column16'] 之间的相关性 (φ²): 0
2025-04-03 18:56:36,164 - Correlation_utils - INFO - 计算列 column6 和列 ['column17'] 之间的相关性 (φ²): 0.0002688778310095603
2025-04-03 18:56:36,166 - Correlation_utils - INFO - 计算列 column6 和列 ['column18'] 之间的相关性 (φ²): 0.0006327403488943562
2025-04-03 18:56:36,167 - Correlation_utils - INFO - 计算列 column6 和列 ['column19'] 之间的相关性 (φ²): 0.0004208789545395547
2025-04-03 18:56:36,167 - Correlation_utils - INFO - 计算列 column6 和列 ['column20'] 之间的相关性 (φ²): 0
2025-04-03 18:56:36,167 - Cafd - INFO - Processing search space: <SearchSpace_bit.SearchSpace object at 0x0000022B52DC92E0>
2025-04-03 18:56:36,168 - Correlation_utils - INFO - 计算列 column7 和列 ['column1'] 之间的相关性 (φ²): 0.0006346453579180469
2025-04-03 18:56:36,168 - Correlation_utils - INFO - 计算列 column7 和列 ['column2'] 之间的相关性 (φ²): 0.0006270046017007458
2025-04-03 18:56:36,169 - Correlation_utils - INFO - 计算列 column7 和列 ['column3'] 之间的相关性 (φ²): 0
2025-04-03 18:56:36,170 - Correlation_utils - INFO - 计算列 column7 和列 ['column4'] 之间的相关性 (φ²): 0.0002906353836952399
2025-04-03 18:56:36,170 - Correlation_utils - INFO - 计算列 column7 和列 ['column5'] 之间的相关性 (φ²): 0.13931399093522764
2025-04-03 18:56:36,171 - Correlation_utils - INFO - 计算列 column7 和列 ['column6'] 之间的相关性 (φ²): 0.18860328240548177
2025-04-03 18:56:36,172 - Correlation_utils - INFO - 计算列 column7 和列 ['column8'] 之间的相关性 (φ²): 0.00031549629738810363
2025-04-03 18:56:36,172 - Correlation_utils - INFO - 计算列 column7 和列 ['column9'] 之间的相关性 (φ²): 5.6346459705464056e-05
2025-04-03 18:56:36,173 - Correlation_utils - INFO - 计算列 column7 和列 ['column10'] 之间的相关性 (φ²): 0
2025-04-03 18:56:36,174 - Correlation_utils - INFO - 计算列 column7 和列 ['column11'] 之间的相关性 (φ²): 0.00039911819597112676
2025-04-03 18:56:36,175 - Correlation_utils - INFO - 计算列 column7 和列 ['column12'] 之间的相关性 (φ²): 0
2025-04-03 18:56:36,176 - Correlation_utils - INFO - 计算列 column7 和列 ['column13'] 之间的相关性 (φ²): 0
2025-04-03 18:56:36,176 - Correlation_utils - INFO - 计算列 column7 和列 ['column14'] 之间的相关性 (φ²): 6.49160516989095e-05
2025-04-03 18:56:36,177 - Correlation_utils - INFO - 计算列 column7 和列 ['column15'] 之间的相关性 (φ²): 0
2025-04-03 18:56:36,178 - Correlation_utils - INFO - 计算列 column7 和列 ['column16'] 之间的相关性 (φ²): 0.00023011022862723903
2025-04-03 18:56:36,178 - Correlation_utils - INFO - 计算列 column7 和列 ['column17'] 之间的相关性 (φ²): 2.120420823211412e-05
2025-04-03 18:56:36,178 - Correlation_utils - INFO - 计算列 column7 和列 ['column18'] 之间的相关性 (φ²): 0
2025-04-03 18:56:36,179 - Correlation_utils - INFO - 计算列 column7 和列 ['column19'] 之间的相关性 (φ²): 0
2025-04-03 18:56:36,180 - Correlation_utils - INFO - 计算列 column7 和列 ['column20'] 之间的相关性 (φ²): 0
2025-04-03 18:56:36,186 - Correlation_utils - INFO - 计算列 column7 和列 ['column5', 'column6'] 之间的相关性 (φ²): 0.5467559490858559
2025-04-03 18:56:36,186 - SearchSpace_bit - INFO - 发现函数依赖: ['column5', 'column6'] -> column7
2025-04-03 18:56:36,186 - Cafd - INFO - Processing search space: <SearchSpace_bit.SearchSpace object at 0x0000022B52DC9310>
2025-04-03 18:56:36,186 - Correlation_utils - INFO - 计算列 column8 和列 ['column1'] 之间的相关性 (φ²): 0.00021346717317885137
2025-04-03 18:56:36,187 - Correlation_utils - INFO - 计算列 column8 和列 ['column2'] 之间的相关性 (φ²): 0.0002869674535577343
2025-04-03 18:56:36,188 - Correlation_utils - INFO - 计算列 column8 和列 ['column3'] 之间的相关性 (φ²): 0
2025-04-03 18:56:36,188 - Correlation_utils - INFO - 计算列 column8 和列 ['column4'] 之间的相关性 (φ²): 0
2025-04-03 18:56:36,190 - Correlation_utils - INFO - 计算列 column8 和列 ['column5'] 之间的相关性 (φ²): 0.00017155986019393122
2025-04-03 18:56:36,190 - Correlation_utils - INFO - 计算列 column8 和列 ['column6'] 之间的相关性 (φ²): 0
2025-04-03 18:56:36,191 - Correlation_utils - INFO - 计算列 column8 和列 ['column7'] 之间的相关性 (φ²): 0.00031549629738810363
2025-04-03 18:56:36,192 - Correlation_utils - INFO - 计算列 column8 和列 ['column9'] 之间的相关性 (φ²): 8.471326031363881e-05
2025-04-03 18:56:36,192 - Correlation_utils - INFO - 计算列 column8 和列 ['column10'] 之间的相关性 (φ²): 0.10435401811584508
2025-04-03 18:56:36,193 - Correlation_utils - INFO - 计算列 column8 和列 ['column11'] 之间的相关性 (φ²): 0.0002983333868425258
2025-04-03 18:56:36,194 - Correlation_utils - INFO - 计算列 column8 和列 ['column12'] 之间的相关性 (φ²): 0.000624238524306667
2025-04-03 18:56:36,194 - Correlation_utils - INFO - 计算列 column8 和列 ['column13'] 之间的相关性 (φ²): 0.0010745383617172153
2025-04-03 18:56:36,196 - Correlation_utils - INFO - 计算列 column8 和列 ['column14'] 之间的相关性 (φ²): 3.717238793426054e-05
2025-04-03 18:56:36,196 - Correlation_utils - INFO - 计算列 column8 和列 ['column15'] 之间的相关性 (φ²): 0
2025-04-03 18:56:36,197 - Correlation_utils - INFO - 计算列 column8 和列 ['column16'] 之间的相关性 (φ²): 5.052396887778296e-05
2025-04-03 18:56:36,197 - Correlation_utils - INFO - 计算列 column8 和列 ['column17'] 之间的相关性 (φ²): 0
2025-04-03 18:56:36,198 - Correlation_utils - INFO - 计算列 column8 和列 ['column18'] 之间的相关性 (φ²): 0
2025-04-03 18:56:36,199 - Correlation_utils - INFO - 计算列 column8 和列 ['column19'] 之间的相关性 (φ²): 0
2025-04-03 18:56:36,199 - Correlation_utils - INFO - 计算列 column8 和列 ['column20'] 之间的相关性 (φ²): 0.00024929383750461746
2025-04-03 18:56:36,199 - Cafd - INFO - Processing search space: <SearchSpace_bit.SearchSpace object at 0x0000022B52DC9340>
2025-04-03 18:56:36,200 - Correlation_utils - INFO - 计算列 column9 和列 ['column1'] 之间的相关性 (φ²): 0
2025-04-03 18:56:36,201 - Correlation_utils - INFO - 计算列 column9 和列 ['column2'] 之间的相关性 (φ²): 0
2025-04-03 18:56:36,201 - Correlation_utils - INFO - 计算列 column9 和列 ['column3'] 之间的相关性 (φ²): 0
2025-04-03 18:56:36,203 - Correlation_utils - INFO - 计算列 column9 和列 ['column4'] 之间的相关性 (φ²): 0
2025-04-03 18:56:36,204 - Correlation_utils - INFO - 计算列 column9 和列 ['column5'] 之间的相关性 (φ²): 0
2025-04-03 18:56:36,204 - Correlation_utils - INFO - 计算列 column9 和列 ['column6'] 之间的相关性 (φ²): 0.0005628546522418268
2025-04-03 18:56:36,205 - Correlation_utils - INFO - 计算列 column9 和列 ['column7'] 之间的相关性 (φ²): 5.6346459705464165e-05
2025-04-03 18:56:36,206 - Correlation_utils - INFO - 计算列 column9 和列 ['column8'] 之间的相关性 (φ²): 8.471326031363881e-05
2025-04-03 18:56:36,206 - Correlation_utils - INFO - 计算列 column9 和列 ['column10'] 之间的相关性 (φ²): 0.11783967029804047
2025-04-03 18:56:36,206 - Correlation_utils - INFO - 计算列 column9 和列 ['column11'] 之间的相关性 (φ²): 0
2025-04-03 18:56:36,207 - Correlation_utils - INFO - 计算列 column9 和列 ['column12'] 之间的相关性 (φ²): 0.00036924235957922386
2025-04-03 18:56:36,208 - Correlation_utils - INFO - 计算列 column9 和列 ['column13'] 之间的相关性 (φ²): 0.000383752648438776
2025-04-03 18:56:36,208 - Correlation_utils - INFO - 计算列 column9 和列 ['column14'] 之间的相关性 (φ²): 0.00042561191958252184
2025-04-03 18:56:36,209 - Correlation_utils - INFO - 计算列 column9 和列 ['column15'] 之间的相关性 (φ²): 0
2025-04-03 18:56:36,210 - Correlation_utils - INFO - 计算列 column9 和列 ['column16'] 之间的相关性 (φ²): 0
2025-04-03 18:56:36,211 - Correlation_utils - INFO - 计算列 column9 和列 ['column17'] 之间的相关性 (φ²): 1.9008222978941862e-06
2025-04-03 18:56:36,211 - Correlation_utils - INFO - 计算列 column9 和列 ['column18'] 之间的相关性 (φ²): 0.0005595484609880167
2025-04-03 18:56:36,212 - Correlation_utils - INFO - 计算列 column9 和列 ['column19'] 之间的相关性 (φ²): 0
2025-04-03 18:56:36,213 - Correlation_utils - INFO - 计算列 column9 和列 ['column20'] 之间的相关性 (φ²): 0
2025-04-03 18:56:36,213 - Cafd - INFO - Processing search space: <SearchSpace_bit.SearchSpace object at 0x0000022B52DC9370>
2025-04-03 18:56:36,214 - Correlation_utils - INFO - 计算列 column10 和列 ['column1'] 之间的相关性 (φ²): 0.00022945546829277163
2025-04-03 18:56:36,214 - Correlation_utils - INFO - 计算列 column10 和列 ['column2'] 之间的相关性 (φ²): 0
2025-04-03 18:56:36,215 - Correlation_utils - INFO - 计算列 column10 和列 ['column3'] 之间的相关性 (φ²): 0
2025-04-03 18:56:36,216 - Correlation_utils - INFO - 计算列 column10 和列 ['column4'] 之间的相关性 (φ²): 0
2025-04-03 18:56:36,216 - Correlation_utils - INFO - 计算列 column10 和列 ['column5'] 之间的相关性 (φ²): 0
2025-04-03 18:56:36,217 - Correlation_utils - INFO - 计算列 column10 和列 ['column6'] 之间的相关性 (φ²): 0.000989023670644262
2025-04-03 18:56:36,218 - Correlation_utils - INFO - 计算列 column10 和列 ['column7'] 之间的相关性 (φ²): 0
2025-04-03 18:56:36,218 - Correlation_utils - INFO - 计算列 column10 和列 ['column8'] 之间的相关性 (φ²): 0.10435401811584508
2025-04-03 18:56:36,219 - Correlation_utils - INFO - 计算列 column10 和列 ['column9'] 之间的相关性 (φ²): 0.11783967029804047
2025-04-03 18:56:36,220 - Correlation_utils - INFO - 计算列 column10 和列 ['column11'] 之间的相关性 (φ²): 0
2025-04-03 18:56:36,221 - Correlation_utils - INFO - 计算列 column10 和列 ['column12'] 之间的相关性 (φ²): 0.0004470975866835049
2025-04-03 18:56:36,221 - Correlation_utils - INFO - 计算列 column10 和列 ['column13'] 之间的相关性 (φ²): 0
2025-04-03 18:56:36,222 - Correlation_utils - INFO - 计算列 column10 和列 ['column14'] 之间的相关性 (φ²): 0.0003690699517157561
2025-04-03 18:56:36,223 - Correlation_utils - INFO - 计算列 column10 和列 ['column15'] 之间的相关性 (φ²): 0.00019454023115383893
2025-04-03 18:56:36,223 - Correlation_utils - INFO - 计算列 column10 和列 ['column16'] 之间的相关性 (φ²): 0.00036923140069033776
2025-04-03 18:56:36,224 - Correlation_utils - INFO - 计算列 column10 和列 ['column17'] 之间的相关性 (φ²): 0.000130075865733455
2025-04-03 18:56:36,225 - Correlation_utils - INFO - 计算列 column10 和列 ['column18'] 之间的相关性 (φ²): 0
2025-04-03 18:56:36,225 - Correlation_utils - INFO - 计算列 column10 和列 ['column19'] 之间的相关性 (φ²): 0
2025-04-03 18:56:36,226 - Correlation_utils - INFO - 计算列 column10 和列 ['column20'] 之间的相关性 (φ²): 0
2025-04-03 18:56:36,229 - Correlation_utils - INFO - 计算列 column10 和列 ['column8', 'column9'] 之间的相关性 (φ²): 0.5156023001544786
2025-04-03 18:56:36,229 - SearchSpace_bit - INFO - 发现函数依赖: ['column8', 'column9'] -> column10
2025-04-03 18:56:36,229 - Cafd - INFO - Processing search space: <SearchSpace_bit.SearchSpace object at 0x0000022B52DC93A0>
2025-04-03 18:56:36,231 - Correlation_utils - INFO - 计算列 column11 和列 ['column1'] 之间的相关性 (φ²): 0
2025-04-03 18:56:36,231 - Correlation_utils - INFO - 计算列 column11 和列 ['column2'] 之间的相关性 (φ²): 0
2025-04-03 18:56:36,232 - Correlation_utils - INFO - 计算列 column11 和列 ['column3'] 之间的相关性 (φ²): 0
2025-04-03 18:56:36,233 - Correlation_utils - INFO - 计算列 column11 和列 ['column4'] 之间的相关性 (φ²): 0
2025-04-03 18:56:36,233 - Correlation_utils - INFO - 计算列 column11 和列 ['column5'] 之间的相关性 (φ²): 0.0005354064505694696
2025-04-03 18:56:36,234 - Correlation_utils - INFO - 计算列 column11 和列 ['column6'] 之间的相关性 (φ²): 0.0002786476543452712
2025-04-03 18:56:36,236 - Correlation_utils - INFO - 计算列 column11 和列 ['column7'] 之间的相关性 (φ²): 0.00039911819597112763
2025-04-03 18:56:36,236 - Correlation_utils - INFO - 计算列 column11 和列 ['column8'] 之间的相关性 (φ²): 0.0002983333868425258
2025-04-03 18:56:36,237 - Correlation_utils - INFO - 计算列 column11 和列 ['column9'] 之间的相关性 (φ²): 0
2025-04-03 18:56:36,237 - Correlation_utils - INFO - 计算列 column11 和列 ['column10'] 之间的相关性 (φ²): 0
2025-04-03 18:56:36,238 - Correlation_utils - INFO - 计算列 column11 和列 ['column12'] 之间的相关性 (φ²): 0.08697616899258795
2025-04-03 18:56:36,239 - Correlation_utils - INFO - 计算列 column11 和列 ['column13'] 之间的相关性 (φ²): 0.6472391176717054
2025-04-03 18:56:36,239 - Correlation_utils - INFO - 左部属性：[12]，右部属性：10
2025-04-03 18:56:36,239 - Correlation_utils - INFO - 行方向得分: 0.14, 列方向得分: 0.87
2025-04-03 18:56:36,239 - SearchSpace_bit - INFO - 方向错误: ['column13'] -> column11
2025-04-03 18:56:36,240 - Correlation_utils - INFO - 计算列 column11 和列 ['column14'] 之间的相关性 (φ²): 0
2025-04-03 18:56:36,241 - Correlation_utils - INFO - 计算列 column11 和列 ['column15'] 之间的相关性 (φ²): 0
2025-04-03 18:56:36,241 - Correlation_utils - INFO - 计算列 column11 和列 ['column16'] 之间的相关性 (φ²): 0
2025-04-03 18:56:36,241 - Correlation_utils - INFO - 计算列 column11 和列 ['column17'] 之间的相关性 (φ²): 0.0015474401887974696
2025-04-03 18:56:36,243 - Correlation_utils - INFO - 计算列 column11 和列 ['column18'] 之间的相关性 (φ²): 0.0005326739015820021
2025-04-03 18:56:36,244 - Correlation_utils - INFO - 计算列 column11 和列 ['column19'] 之间的相关性 (φ²): 0
2025-04-03 18:56:36,244 - Correlation_utils - INFO - 计算列 column11 和列 ['column20'] 之间的相关性 (φ²): 0
2025-04-03 18:56:36,244 - Cafd - INFO - Processing search space: <SearchSpace_bit.SearchSpace object at 0x0000022B52DC93D0>
2025-04-03 18:56:36,245 - Correlation_utils - INFO - 计算列 column12 和列 ['column1'] 之间的相关性 (φ²): 0
2025-04-03 18:56:36,245 - Correlation_utils - INFO - 计算列 column12 和列 ['column2'] 之间的相关性 (φ²): 0
2025-04-03 18:56:36,246 - Correlation_utils - INFO - 计算列 column12 和列 ['column3'] 之间的相关性 (φ²): 0.0004108510267905036
2025-04-03 18:56:36,247 - Correlation_utils - INFO - 计算列 column12 和列 ['column4'] 之间的相关性 (φ²): 0.0007255556237876655
2025-04-03 18:56:36,247 - Correlation_utils - INFO - 计算列 column12 和列 ['column5'] 之间的相关性 (φ²): 0
2025-04-03 18:56:36,248 - Correlation_utils - INFO - 计算列 column12 和列 ['column6'] 之间的相关性 (φ²): 0
2025-04-03 18:56:36,248 - Correlation_utils - INFO - 计算列 column12 和列 ['column7'] 之间的相关性 (φ²): 0
2025-04-03 18:56:36,249 - Correlation_utils - INFO - 计算列 column12 和列 ['column8'] 之间的相关性 (φ²): 0.0006242385243066679
2025-04-03 18:56:36,250 - Correlation_utils - INFO - 计算列 column12 和列 ['column9'] 之间的相关性 (φ²): 0.0003692423595792247
2025-04-03 18:56:36,250 - Correlation_utils - INFO - 计算列 column12 和列 ['column10'] 之间的相关性 (φ²): 0.00044709758668350536
2025-04-03 18:56:36,252 - Correlation_utils - INFO - 计算列 column12 和列 ['column11'] 之间的相关性 (φ²): 0.08697616899258788
2025-04-03 18:56:36,252 - Correlation_utils - INFO - 计算列 column12 和列 ['column13'] 之间的相关性 (φ²): 0.6201830123315539
2025-04-03 18:56:36,253 - Correlation_utils - INFO - 左部属性：[12]，右部属性：11
2025-04-03 18:56:36,253 - Correlation_utils - INFO - 行方向得分: 0.17, 列方向得分: 0.86
2025-04-03 18:56:36,253 - SearchSpace_bit - INFO - 方向错误: ['column13'] -> column12
2025-04-03 18:56:36,254 - Correlation_utils - INFO - 计算列 column12 和列 ['column14'] 之间的相关性 (φ²): 0.00177666301472465
2025-04-03 18:56:36,254 - Correlation_utils - INFO - 计算列 column12 和列 ['column15'] 之间的相关性 (φ²): 0.0004521151446006953
2025-04-03 18:56:36,255 - Correlation_utils - INFO - 计算列 column12 和列 ['column16'] 之间的相关性 (φ²): 0.00043399601437522304
2025-04-03 18:56:36,256 - Correlation_utils - INFO - 计算列 column12 和列 ['column17'] 之间的相关性 (φ²): 0.00012869305887180346
2025-04-03 18:56:36,256 - Correlation_utils - INFO - 计算列 column12 和列 ['column18'] 之间的相关性 (φ²): 8.666485482767218e-05
2025-04-03 18:56:36,257 - Correlation_utils - INFO - 计算列 column12 和列 ['column19'] 之间的相关性 (φ²): 0
2025-04-03 18:56:36,258 - Correlation_utils - INFO - 计算列 column12 和列 ['column20'] 之间的相关性 (φ²): 0
2025-04-03 18:56:36,258 - Cafd - INFO - Processing search space: <SearchSpace_bit.SearchSpace object at 0x0000022B52DC9400>
2025-04-03 18:56:36,258 - Correlation_utils - INFO - 计算列 column13 和列 ['column1'] 之间的相关性 (φ²): 0
2025-04-03 18:56:36,259 - Correlation_utils - INFO - 计算列 column13 和列 ['column2'] 之间的相关性 (φ²): 0
2025-04-03 18:56:36,260 - Correlation_utils - INFO - 计算列 column13 和列 ['column3'] 之间的相关性 (φ²): 0.00035936511270107834
2025-04-03 18:56:36,260 - Correlation_utils - INFO - 计算列 column13 和列 ['column4'] 之间的相关性 (φ²): 0.0002833776067123009
2025-04-03 18:56:36,261 - Correlation_utils - INFO - 计算列 column13 和列 ['column5'] 之间的相关性 (φ²): 8.072676881756843e-05
2025-04-03 18:56:36,262 - Correlation_utils - INFO - 计算列 column13 和列 ['column6'] 之间的相关性 (φ²): 0.00034002778234953603
2025-04-03 18:56:36,263 - Correlation_utils - INFO - 计算列 column13 和列 ['column7'] 之间的相关性 (φ²): 0
2025-04-03 18:56:36,263 - Correlation_utils - INFO - 计算列 column13 和列 ['column8'] 之间的相关性 (φ²): 0.0010745383617172153
2025-04-03 18:56:36,265 - Correlation_utils - INFO - 计算列 column13 和列 ['column9'] 之间的相关性 (φ²): 0.000383752648438776
2025-04-03 18:56:36,265 - Correlation_utils - INFO - 计算列 column13 和列 ['column10'] 之间的相关性 (φ²): 0
2025-04-03 18:56:36,266 - Correlation_utils - INFO - 计算列 column13 和列 ['column11'] 之间的相关性 (φ²): 0.6472391176717052
2025-04-03 18:56:36,267 - Correlation_utils - INFO - 左部属性：[10]，右部属性：12
2025-04-03 18:56:36,267 - Correlation_utils - INFO - 行方向得分: 0.87, 列方向得分: 0.14
2025-04-03 18:56:36,267 - SearchSpace_bit - INFO - 发现函数依赖: ['column11'] -> column13
2025-04-03 18:56:36,268 - Correlation_utils - INFO - 计算列 column13 和列 ['column12'] 之间的相关性 (φ²): 0.620183012331554
2025-04-03 18:56:36,268 - Correlation_utils - INFO - 左部属性：[11]，右部属性：12
2025-04-03 18:56:36,268 - Correlation_utils - INFO - 行方向得分: 0.86, 列方向得分: 0.17
2025-04-03 18:56:36,268 - SearchSpace_bit - INFO - 发现函数依赖: ['column12'] -> column13
2025-04-03 18:56:36,269 - Correlation_utils - INFO - 计算列 column13 和列 ['column14'] 之间的相关性 (φ²): 0
2025-04-03 18:56:36,270 - Correlation_utils - INFO - 计算列 column13 和列 ['column15'] 之间的相关性 (φ²): 0
2025-04-03 18:56:36,270 - Correlation_utils - INFO - 计算列 column13 和列 ['column16'] 之间的相关性 (φ²): 0
2025-04-03 18:56:36,270 - Correlation_utils - INFO - 计算列 column13 和列 ['column17'] 之间的相关性 (φ²): 2.3012702634715936e-05
2025-04-03 18:56:36,272 - Correlation_utils - INFO - 计算列 column13 和列 ['column18'] 之间的相关性 (φ²): 0.0004303587302820349
2025-04-03 18:56:36,273 - Correlation_utils - INFO - 计算列 column13 和列 ['column19'] 之间的相关性 (φ²): 0
2025-04-03 18:56:36,274 - Correlation_utils - INFO - 计算列 column13 和列 ['column20'] 之间的相关性 (φ²): 0
2025-04-03 18:56:36,274 - Cafd - INFO - Processing search space: <SearchSpace_bit.SearchSpace object at 0x0000022B52DC9430>
2025-04-03 18:56:36,274 - Correlation_utils - INFO - 计算列 column14 和列 ['column1'] 之间的相关性 (φ²): 0
2025-04-03 18:56:36,275 - Correlation_utils - INFO - 计算列 column14 和列 ['column2'] 之间的相关性 (φ²): 0.00016938635890086616
2025-04-03 18:56:36,276 - Correlation_utils - INFO - 计算列 column14 和列 ['column3'] 之间的相关性 (φ²): 0
2025-04-03 18:56:36,276 - Correlation_utils - INFO - 计算列 column14 和列 ['column4'] 之间的相关性 (φ²): 0
2025-04-03 18:56:36,277 - Correlation_utils - INFO - 计算列 column14 和列 ['column5'] 之间的相关性 (φ²): 0
2025-04-03 18:56:36,278 - Correlation_utils - INFO - 计算列 column14 和列 ['column6'] 之间的相关性 (φ²): 5.673132747718893e-05
2025-04-03 18:56:36,279 - Correlation_utils - INFO - 计算列 column14 和列 ['column7'] 之间的相关性 (φ²): 6.49160516989094e-05
2025-04-03 18:56:36,279 - Correlation_utils - INFO - 计算列 column14 和列 ['column8'] 之间的相关性 (φ²): 3.7172387934260754e-05
2025-04-03 18:56:36,280 - Correlation_utils - INFO - 计算列 column14 和列 ['column9'] 之间的相关性 (φ²): 0.0004256119195825216
2025-04-03 18:56:36,281 - Correlation_utils - INFO - 计算列 column14 和列 ['column10'] 之间的相关性 (φ²): 0.0003690699517157561
2025-04-03 18:56:36,282 - Correlation_utils - INFO - 计算列 column14 和列 ['column11'] 之间的相关性 (φ²): 0
2025-04-03 18:56:36,282 - Correlation_utils - INFO - 计算列 column14 和列 ['column12'] 之间的相关性 (φ²): 0.0017766630147246492
2025-04-03 18:56:36,284 - Correlation_utils - INFO - 计算列 column14 和列 ['column13'] 之间的相关性 (φ²): 0
2025-04-03 18:56:36,284 - Correlation_utils - INFO - 计算列 column14 和列 ['column15'] 之间的相关性 (φ²): 0
2025-04-03 18:56:36,285 - Correlation_utils - INFO - 计算列 column14 和列 ['column16'] 之间的相关性 (φ²): 0.6355501673116084
2025-04-03 18:56:36,285 - Correlation_utils - INFO - 左部属性：[15]，右部属性：13
2025-04-03 18:56:36,285 - Correlation_utils - INFO - 行方向得分: 0.86, 列方向得分: 0.19
2025-04-03 18:56:36,285 - SearchSpace_bit - INFO - 发现函数依赖: ['column16'] -> column14
2025-04-03 18:56:36,286 - Correlation_utils - INFO - 计算列 column14 和列 ['column17'] 之间的相关性 (φ²): 0
2025-04-03 18:56:36,287 - Correlation_utils - INFO - 计算列 column14 和列 ['column18'] 之间的相关性 (φ²): 0
2025-04-03 18:56:36,287 - Correlation_utils - INFO - 计算列 column14 和列 ['column19'] 之间的相关性 (φ²): 0
2025-04-03 18:56:36,289 - Correlation_utils - INFO - 计算列 column14 和列 ['column20'] 之间的相关性 (φ²): 0.00035725950560678654
2025-04-03 18:56:36,289 - Cafd - INFO - Processing search space: <SearchSpace_bit.SearchSpace object at 0x0000022B52DC9460>
2025-04-03 18:56:36,289 - Correlation_utils - INFO - 计算列 column15 和列 ['column1'] 之间的相关性 (φ²): 0.00036532951002522964
2025-04-03 18:56:36,290 - Correlation_utils - INFO - 计算列 column15 和列 ['column2'] 之间的相关性 (φ²): 0.0001993967257619122
2025-04-03 18:56:36,291 - Correlation_utils - INFO - 计算列 column15 和列 ['column3'] 之间的相关性 (φ²): 0.00022349063164250776
2025-04-03 18:56:36,291 - Correlation_utils - INFO - 计算列 column15 和列 ['column4'] 之间的相关性 (φ²): 0.0007514393166251915
2025-04-03 18:56:36,291 - Correlation_utils - INFO - 计算列 column15 和列 ['column5'] 之间的相关性 (φ²): 0.0002326972136637755
2025-04-03 18:56:36,293 - Correlation_utils - INFO - 计算列 column15 和列 ['column6'] 之间的相关性 (φ²): 0
2025-04-03 18:56:36,293 - Correlation_utils - INFO - 计算列 column15 和列 ['column7'] 之间的相关性 (φ²): 0
2025-04-03 18:56:36,294 - Correlation_utils - INFO - 计算列 column15 和列 ['column8'] 之间的相关性 (φ²): 0
2025-04-03 18:56:36,295 - Correlation_utils - INFO - 计算列 column15 和列 ['column9'] 之间的相关性 (φ²): 0
2025-04-03 18:56:36,295 - Correlation_utils - INFO - 计算列 column15 和列 ['column10'] 之间的相关性 (φ²): 0.00019454023115383914
2025-04-03 18:56:36,296 - Correlation_utils - INFO - 计算列 column15 和列 ['column11'] 之间的相关性 (φ²): 0
2025-04-03 18:56:36,296 - Correlation_utils - INFO - 计算列 column15 和列 ['column12'] 之间的相关性 (φ²): 0.00045211514460069443
2025-04-03 18:56:36,297 - Correlation_utils - INFO - 计算列 column15 和列 ['column13'] 之间的相关性 (φ²): 0
2025-04-03 18:56:36,298 - Correlation_utils - INFO - 计算列 column15 和列 ['column14'] 之间的相关性 (φ²): 0
2025-04-03 18:56:36,298 - Correlation_utils - INFO - 计算列 column15 和列 ['column16'] 之间的相关性 (φ²): 0.6466010201738961
2025-04-03 18:56:36,299 - Correlation_utils - INFO - 左部属性：[15]，右部属性：14
2025-04-03 18:56:36,299 - Correlation_utils - INFO - 行方向得分: 0.84, 列方向得分: 0.29
2025-04-03 18:56:36,299 - SearchSpace_bit - INFO - 发现函数依赖: ['column16'] -> column15
2025-04-03 18:56:36,300 - Correlation_utils - INFO - 计算列 column15 和列 ['column17'] 之间的相关性 (φ²): 0
2025-04-03 18:56:36,300 - Correlation_utils - INFO - 计算列 column15 和列 ['column18'] 之间的相关性 (φ²): 0
2025-04-03 18:56:36,302 - Correlation_utils - INFO - 计算列 column15 和列 ['column19'] 之间的相关性 (φ²): 0.00022688102529576506
2025-04-03 18:56:36,303 - Correlation_utils - INFO - 计算列 column15 和列 ['column20'] 之间的相关性 (φ²): 0.0006077834921625934
2025-04-03 18:56:36,303 - Cafd - INFO - Processing search space: <SearchSpace_bit.SearchSpace object at 0x0000022B52DC9490>
2025-04-03 18:56:36,303 - Correlation_utils - INFO - 计算列 column16 和列 ['column1'] 之间的相关性 (φ²): 0.0006053272990142525
2025-04-03 18:56:36,304 - Correlation_utils - INFO - 计算列 column16 和列 ['column2'] 之间的相关性 (φ²): 0.0007533506764162528
2025-04-03 18:56:36,304 - Correlation_utils - INFO - 计算列 column16 和列 ['column3'] 之间的相关性 (φ²): 0.0003850632139531919
2025-04-03 18:56:36,305 - Correlation_utils - INFO - 计算列 column16 和列 ['column4'] 之间的相关性 (φ²): 0.0010705645001012252
2025-04-03 18:56:36,306 - Correlation_utils - INFO - 计算列 column16 和列 ['column5'] 之间的相关性 (φ²): 0.00030756277418046127
2025-04-03 18:56:36,306 - Correlation_utils - INFO - 计算列 column16 和列 ['column6'] 之间的相关性 (φ²): 0
2025-04-03 18:56:36,307 - Correlation_utils - INFO - 计算列 column16 和列 ['column7'] 之间的相关性 (φ²): 0.00023011022862723903
2025-04-03 18:56:36,308 - Correlation_utils - INFO - 计算列 column16 和列 ['column8'] 之间的相关性 (φ²): 5.052396887778209e-05
2025-04-03 18:56:36,309 - Correlation_utils - INFO - 计算列 column16 和列 ['column9'] 之间的相关性 (φ²): 0
2025-04-03 18:56:36,309 - Correlation_utils - INFO - 计算列 column16 和列 ['column10'] 之间的相关性 (φ²): 0.00036923140069033863
2025-04-03 18:56:36,310 - Correlation_utils - INFO - 计算列 column16 和列 ['column11'] 之间的相关性 (φ²): 0
2025-04-03 18:56:36,311 - Correlation_utils - INFO - 计算列 column16 和列 ['column12'] 之间的相关性 (φ²): 0.00043399601437522564
2025-04-03 18:56:36,312 - Correlation_utils - INFO - 计算列 column16 和列 ['column13'] 之间的相关性 (φ²): 0
2025-04-03 18:56:36,312 - Correlation_utils - INFO - 计算列 column16 和列 ['column14'] 之间的相关性 (φ²): 0.6355501673116083
2025-04-03 18:56:36,313 - Correlation_utils - INFO - 左部属性：[13]，右部属性：15
2025-04-03 18:56:36,314 - Correlation_utils - INFO - 行方向得分: 0.19, 列方向得分: 0.86
2025-04-03 18:56:36,314 - SearchSpace_bit - INFO - 方向错误: ['column14'] -> column16
2025-04-03 18:56:36,314 - Correlation_utils - INFO - 计算列 column16 和列 ['column15'] 之间的相关性 (φ²): 0.6466010201738964
2025-04-03 18:56:36,315 - Correlation_utils - INFO - 左部属性：[14]，右部属性：15
2025-04-03 18:56:36,315 - Correlation_utils - INFO - 行方向得分: 0.29, 列方向得分: 0.84
2025-04-03 18:56:36,315 - SearchSpace_bit - INFO - 方向错误: ['column15'] -> column16
2025-04-03 18:56:36,316 - Correlation_utils - INFO - 计算列 column16 和列 ['column17'] 之间的相关性 (φ²): 0
2025-04-03 18:56:36,316 - Correlation_utils - INFO - 计算列 column16 和列 ['column18'] 之间的相关性 (φ²): 0.00034706112745669983
2025-04-03 18:56:36,317 - Correlation_utils - INFO - 计算列 column16 和列 ['column19'] 之间的相关性 (φ²): 0
2025-04-03 18:56:36,318 - Correlation_utils - INFO - 计算列 column16 和列 ['column20'] 之间的相关性 (φ²): 0
2025-04-03 18:56:36,318 - Cafd - INFO - Processing search space: <SearchSpace_bit.SearchSpace object at 0x0000022B52DC94C0>
2025-04-03 18:56:36,318 - Correlation_utils - INFO - 计算列 column17 和列 ['column1'] 之间的相关性 (φ²): 6.62290637521948e-05
2025-04-03 18:56:36,319 - Correlation_utils - INFO - 计算列 column17 和列 ['column2'] 之间的相关性 (φ²): 0.00045344091397358507
2025-04-03 18:56:36,319 - Correlation_utils - INFO - 计算列 column17 和列 ['column3'] 之间的相关性 (φ²): 7.160494083561182e-05
2025-04-03 18:56:36,320 - Correlation_utils - INFO - 计算列 column17 和列 ['column4'] 之间的相关性 (φ²): 0.0005326649531464197
2025-04-03 18:56:36,321 - Correlation_utils - INFO - 计算列 column17 和列 ['column5'] 之间的相关性 (φ²): 0
2025-04-03 18:56:36,321 - Correlation_utils - INFO - 计算列 column17 和列 ['column6'] 之间的相关性 (φ²): 0.00026887783100956053
2025-04-03 18:56:36,322 - Correlation_utils - INFO - 计算列 column17 和列 ['column7'] 之间的相关性 (φ²): 2.1204208232113903e-05
2025-04-03 18:56:36,323 - Correlation_utils - INFO - 计算列 column17 和列 ['column8'] 之间的相关性 (φ²): 0
2025-04-03 18:56:36,324 - Correlation_utils - INFO - 计算列 column17 和列 ['column9'] 之间的相关性 (φ²): 1.9008222978941862e-06
2025-04-03 18:56:36,325 - Correlation_utils - INFO - 计算列 column17 和列 ['column10'] 之间的相关性 (φ²): 0.000130075865733455
2025-04-03 18:56:36,325 - Correlation_utils - INFO - 计算列 column17 和列 ['column11'] 之间的相关性 (φ²): 0.0015474401887974687
2025-04-03 18:56:36,326 - Correlation_utils - INFO - 计算列 column17 和列 ['column12'] 之间的相关性 (φ²): 0.00012869305887180303
2025-04-03 18:56:36,327 - Correlation_utils - INFO - 计算列 column17 和列 ['column13'] 之间的相关性 (φ²): 2.3012702634715827e-05
2025-04-03 18:56:36,327 - Correlation_utils - INFO - 计算列 column17 和列 ['column14'] 之间的相关性 (φ²): 0
2025-04-03 18:56:36,328 - Correlation_utils - INFO - 计算列 column17 和列 ['column15'] 之间的相关性 (φ²): 0
2025-04-03 18:56:36,328 - Correlation_utils - INFO - 计算列 column17 和列 ['column16'] 之间的相关性 (φ²): 0
2025-04-03 18:56:36,329 - Correlation_utils - INFO - 计算列 column17 和列 ['column18'] 之间的相关性 (φ²): 0.15823998749699986
2025-04-03 18:56:36,329 - Correlation_utils - INFO - 计算列 column17 和列 ['column19'] 之间的相关性 (φ²): 0
2025-04-03 18:56:36,330 - Correlation_utils - INFO - 计算列 column17 和列 ['column20'] 之间的相关性 (φ²): 0
2025-04-03 18:56:36,330 - Cafd - INFO - Processing search space: <SearchSpace_bit.SearchSpace object at 0x0000022B52DC94F0>
2025-04-03 18:56:36,331 - Correlation_utils - INFO - 计算列 column18 和列 ['column1'] 之间的相关性 (φ²): 0
2025-04-03 18:56:36,331 - Correlation_utils - INFO - 计算列 column18 和列 ['column2'] 之间的相关性 (φ²): 0.0001652036729794936
2025-04-03 18:56:36,333 - Correlation_utils - INFO - 计算列 column18 和列 ['column3'] 之间的相关性 (φ²): 0
2025-04-03 18:56:36,333 - Correlation_utils - INFO - 计算列 column18 和列 ['column4'] 之间的相关性 (φ²): 0.00016121078485311233
2025-04-03 18:56:36,334 - Correlation_utils - INFO - 计算列 column18 和列 ['column5'] 之间的相关性 (φ²): 6.611181963342765e-05
2025-04-03 18:56:36,335 - Correlation_utils - INFO - 计算列 column18 和列 ['column6'] 之间的相关性 (φ²): 0.0006327403488943565
2025-04-03 18:56:36,335 - Correlation_utils - INFO - 计算列 column18 和列 ['column7'] 之间的相关性 (φ²): 0
2025-04-03 18:56:36,336 - Correlation_utils - INFO - 计算列 column18 和列 ['column8'] 之间的相关性 (φ²): 0
2025-04-03 18:56:36,337 - Correlation_utils - INFO - 计算列 column18 和列 ['column9'] 之间的相关性 (φ²): 0.0005595484609880167
2025-04-03 18:56:36,337 - Correlation_utils - INFO - 计算列 column18 和列 ['column10'] 之间的相关性 (φ²): 0
2025-04-03 18:56:36,339 - Correlation_utils - INFO - 计算列 column18 和列 ['column11'] 之间的相关性 (φ²): 0.0005326739015820012
2025-04-03 18:56:36,339 - Correlation_utils - INFO - 计算列 column18 和列 ['column12'] 之间的相关性 (φ²): 8.666485482767263e-05
2025-04-03 18:56:36,340 - Correlation_utils - INFO - 计算列 column18 和列 ['column13'] 之间的相关性 (φ²): 0.0004303587302820349
2025-04-03 18:56:36,341 - Correlation_utils - INFO - 计算列 column18 和列 ['column14'] 之间的相关性 (φ²): 0
2025-04-03 18:56:36,341 - Correlation_utils - INFO - 计算列 column18 和列 ['column15'] 之间的相关性 (φ²): 0
2025-04-03 18:56:36,342 - Correlation_utils - INFO - 计算列 column18 和列 ['column16'] 之间的相关性 (φ²): 0.0003470611274566994
2025-04-03 18:56:36,342 - Correlation_utils - INFO - 计算列 column18 和列 ['column17'] 之间的相关性 (φ²): 0.15823998749699983
2025-04-03 18:56:36,343 - Correlation_utils - INFO - 计算列 column18 和列 ['column19'] 之间的相关性 (φ²): 5.825623009777811e-06
2025-04-03 18:56:36,344 - Correlation_utils - INFO - 计算列 column18 和列 ['column20'] 之间的相关性 (φ²): 0.00091551513668312
2025-04-03 18:56:36,344 - Cafd - INFO - Processing search space: <SearchSpace_bit.SearchSpace object at 0x0000022B52DC9520>
2025-04-03 18:56:36,344 - Correlation_utils - INFO - 计算列 column19 和列 ['column1'] 之间的相关性 (φ²): 0
2025-04-03 18:56:36,345 - Correlation_utils - INFO - 计算列 column19 和列 ['column2'] 之间的相关性 (φ²): 0
2025-04-03 18:56:36,346 - Correlation_utils - INFO - 计算列 column19 和列 ['column3'] 之间的相关性 (φ²): 0
2025-04-03 18:56:36,346 - Correlation_utils - INFO - 计算列 column19 和列 ['column4'] 之间的相关性 (φ²): 0
2025-04-03 18:56:36,347 - Correlation_utils - INFO - 计算列 column19 和列 ['column5'] 之间的相关性 (φ²): 0.00023375292672395237
2025-04-03 18:56:36,348 - Correlation_utils - INFO - 计算列 column19 和列 ['column6'] 之间的相关性 (φ²): 0.0004208789545395547
2025-04-03 18:56:36,349 - Correlation_utils - INFO - 计算列 column19 和列 ['column7'] 之间的相关性 (φ²): 0
2025-04-03 18:56:36,350 - Correlation_utils - INFO - 计算列 column19 和列 ['column8'] 之间的相关性 (φ²): 0
2025-04-03 18:56:36,350 - Correlation_utils - INFO - 计算列 column19 和列 ['column9'] 之间的相关性 (φ²): 0
2025-04-03 18:56:36,351 - Correlation_utils - INFO - 计算列 column19 和列 ['column10'] 之间的相关性 (φ²): 0
2025-04-03 18:56:36,352 - Correlation_utils - INFO - 计算列 column19 和列 ['column11'] 之间的相关性 (φ²): 0
2025-04-03 18:56:36,352 - Correlation_utils - INFO - 计算列 column19 和列 ['column12'] 之间的相关性 (φ²): 0
2025-04-03 18:56:36,353 - Correlation_utils - INFO - 计算列 column19 和列 ['column13'] 之间的相关性 (φ²): 0
2025-04-03 18:56:36,354 - Correlation_utils - INFO - 计算列 column19 和列 ['column14'] 之间的相关性 (φ²): 0
2025-04-03 18:56:36,354 - Correlation_utils - INFO - 计算列 column19 和列 ['column15'] 之间的相关性 (φ²): 0.00022688102529576528
2025-04-03 18:56:36,355 - Correlation_utils - INFO - 计算列 column19 和列 ['column16'] 之间的相关性 (φ²): 0
2025-04-03 18:56:36,356 - Correlation_utils - INFO - 计算列 column19 和列 ['column17'] 之间的相关性 (φ²): 0
2025-04-03 18:56:36,356 - Correlation_utils - INFO - 计算列 column19 和列 ['column18'] 之间的相关性 (φ²): 5.825623009777811e-06
2025-04-03 18:56:36,357 - Correlation_utils - INFO - 计算列 column19 和列 ['column20'] 之间的相关性 (φ²): 0
2025-04-03 18:56:36,357 - Cafd - INFO - Processing search space: <SearchSpace_bit.SearchSpace object at 0x0000022B52DC9550>
2025-04-03 18:56:36,357 - Correlation_utils - INFO - 计算列 column20 和列 ['column1'] 之间的相关性 (φ²): 0
2025-04-03 18:56:36,359 - Correlation_utils - INFO - 计算列 column20 和列 ['column2'] 之间的相关性 (φ²): 0
2025-04-03 18:56:36,360 - Correlation_utils - INFO - 计算列 column20 和列 ['column3'] 之间的相关性 (φ²): 0.0009646811572735446
2025-04-03 18:56:36,360 - Correlation_utils - INFO - 计算列 column20 和列 ['column4'] 之间的相关性 (φ²): 0
2025-04-03 18:56:36,361 - Correlation_utils - INFO - 计算列 column20 和列 ['column5'] 之间的相关性 (φ²): 0
2025-04-03 18:56:36,362 - Correlation_utils - INFO - 计算列 column20 和列 ['column6'] 之间的相关性 (φ²): 0
2025-04-03 18:56:36,362 - Correlation_utils - INFO - 计算列 column20 和列 ['column7'] 之间的相关性 (φ²): 0
2025-04-03 18:56:36,362 - Correlation_utils - INFO - 计算列 column20 和列 ['column8'] 之间的相关性 (φ²): 0.00024929383750461746
2025-04-03 18:56:36,363 - Correlation_utils - INFO - 计算列 column20 和列 ['column9'] 之间的相关性 (φ²): 0
2025-04-03 18:56:36,364 - Correlation_utils - INFO - 计算列 column20 和列 ['column10'] 之间的相关性 (φ²): 0
2025-04-03 18:56:36,364 - Correlation_utils - INFO - 计算列 column20 和列 ['column11'] 之间的相关性 (φ²): 0
2025-04-03 18:56:36,365 - Correlation_utils - INFO - 计算列 column20 和列 ['column12'] 之间的相关性 (φ²): 0
2025-04-03 18:56:36,367 - Correlation_utils - INFO - 计算列 column20 和列 ['column13'] 之间的相关性 (φ²): 0
2025-04-03 18:56:36,367 - Correlation_utils - INFO - 计算列 column20 和列 ['column14'] 之间的相关性 (φ²): 0.00035725950560678654
2025-04-03 18:56:36,368 - Correlation_utils - INFO - 计算列 column20 和列 ['column15'] 之间的相关性 (φ²): 0.0006077834921625932
2025-04-03 18:56:36,368 - Correlation_utils - INFO - 计算列 column20 和列 ['column16'] 之间的相关性 (φ²): 0
2025-04-03 18:56:36,369 - Correlation_utils - INFO - 计算列 column20 和列 ['column17'] 之间的相关性 (φ²): 0
2025-04-03 18:56:36,369 - Correlation_utils - INFO - 计算列 column20 和列 ['column18'] 之间的相关性 (φ²): 0.00091551513668312
2025-04-03 18:56:36,370 - Correlation_utils - INFO - 计算列 column20 和列 ['column19'] 之间的相关性 (φ²): 0
2025-04-03 18:56:36,371 - root - INFO - 汇总发现的函数依赖:
2025-04-03 18:56:36,371 - root - INFO - (['column2'], 'column1')
2025-04-03 18:56:36,371 - root - INFO - (['column1'], 'column2')
2025-04-03 18:56:36,371 - root - INFO - (['column3'], 'column4')
2025-04-03 18:56:36,371 - root - INFO - (['column5', 'column6'], 'column7')
2025-04-03 18:56:36,372 - root - INFO - (['column8', 'column9'], 'column10')
2025-04-03 18:56:36,372 - root - INFO - (['column11'], 'column13')
2025-04-03 18:56:36,372 - root - INFO - (['column12'], 'column13')
2025-04-03 18:56:36,372 - root - INFO - (['column16'], 'column14')
2025-04-03 18:56:36,372 - root - INFO - (['column16'], 'column15')
2025-04-03 18:56:36,372 - root - INFO - 精度: 0.89
2025-04-03 18:56:36,372 - root - INFO - 召回率: 0.89
2025-04-03 18:56:36,372 - root - INFO - F1分数: 0.89
2025-04-03 18:56:36,372 - root - INFO - Total runtime: 344 ms
2025-04-03 18:56:36,372 - root - INFO - 发现的函数依赖已保存到: discovered_fd\data_discovered.txt
