2025-06-09 11:31:35 - root - INFO - 日志配置完成。
2025-06-09 11:31:35 - root - INFO - Config: dataset=data_t5k.csv, sample_size=4000, null_equal_null=True
2025-06-09 11:31:35 - root - INFO - 开始执行 CAFD...
2025-06-09 11:31:35 - Cafd - INFO - Executing CAFD on: E:\资料\C-AFD\rule_mining\data\synthetic_data\tuples\data_t5k.csv
2025-06-09 11:31:35 - Cafd - INFO - Using ground truth: E:\资料\C-AFD\rule_mining\groundtruth\synthetic_data\tuples\data_t5k.txt
2025-06-09 11:31:35 - Sampler - INFO - Reading dataset from: E:\资料\C-AFD\rule_mining\data\synthetic_data\tuples\data_t5k.csv
2025-06-09 11:31:35 - Sampler - INFO - 移除全空列：0 / 20
2025-06-09 11:31:35 - Sampler - INFO - 移除单一值列：0 个
2025-06-09 11:31:35 - Sampler - INFO - 移除大于数据集行数 (5000) 的不现实样本量：48 个
2025-06-09 11:31:35 - Sampler - INFO - 最终采样方式 'mode_bin_2000'，样本量: 4000
2025-06-09 11:31:35 - Sampler - INFO - 抽样 4000 行，随机种子：1856916005
2025-06-09 11:31:35 - Sampler - INFO - 抽样结果已保存至: rule_mining/data/sample_data/sample_data.csv
2025-06-09 11:31:36 - rule_mining.Incorporate_into - INFO - 所有列的 PLI 更新完成。
2025-06-09 11:31:36 - Cafd - INFO - Processing search space: <SearchSpace_bit.SearchSpace object at 0x000002A980164D60>
2025-06-09 11:31:36 - rule_mining.Correlation_utils - INFO - 计算列 ['column2'] 和列 column1 之间的φ²: 0.8010007381272863
2025-06-09 11:31:36 - rule_mining.Correlation_utils - INFO - 计算列 ['column2'] 和列 column1 之间的相关性 (φ²): 0.7959492184028252
2025-06-09 11:31:36 - rule_mining.Correlation_utils - INFO - 行方向得分: 0.1407, 列方向得分: 0.9038
2025-06-09 11:31:36 - rule_mining.Correlation_utils - INFO - 计算列 ['column3'] 和列 column1 之间的φ²: 0.024482249294682883
2025-06-09 11:31:36 - rule_mining.Correlation_utils - INFO - 计算列 ['column3'] 和列 column1 之间的相关性 (φ²): 0.0
2025-06-09 11:31:36 - rule_mining.Correlation_utils - INFO - 计算列 ['column4'] 和列 column1 之间的φ²: 0.024347588321720844
2025-06-09 11:31:36 - rule_mining.Correlation_utils - INFO - 计算列 ['column4'] 和列 column1 之间的相关性 (φ²): 0.0
2025-06-09 11:31:36 - rule_mining.Correlation_utils - INFO - 计算列 ['column5'] 和列 column1 之间的φ²: 0.02316209281595612
2025-06-09 11:31:36 - rule_mining.Correlation_utils - INFO - 计算列 ['column5'] 和列 column1 之间的相关性 (φ²): 0.0
2025-06-09 11:31:36 - rule_mining.Correlation_utils - INFO - 计算列 ['column6'] 和列 column1 之间的φ²: 0.023151411167200705
2025-06-09 11:31:36 - rule_mining.Correlation_utils - INFO - 计算列 ['column6'] 和列 column1 之间的相关性 (φ²): 0.0
2025-06-09 11:31:36 - rule_mining.Correlation_utils - INFO - 计算列 ['column7'] 和列 column1 之间的φ²: 0.02539892982134499
2025-06-09 11:31:36 - rule_mining.Correlation_utils - INFO - 计算列 ['column7'] 和列 column1 之间的相关性 (φ²): 0.0006590565014252867
2025-06-09 11:31:36 - rule_mining.Correlation_utils - INFO - 计算列 ['column8'] 和列 column1 之间的φ²: 0.027868931286668498
2025-06-09 11:31:36 - rule_mining.Correlation_utils - INFO - 计算列 ['column8'] 和列 column1 之间的相关性 (φ²): 0.003191758003945469
2025-06-09 11:31:36 - rule_mining.Correlation_utils - INFO - 计算列 ['column9'] 和列 column1 之间的φ²: 0.024296918072819532
2025-06-09 11:31:36 - rule_mining.Correlation_utils - INFO - 计算列 ['column9'] 和列 column1 之间的相关性 (φ²): 0.0
2025-06-09 11:31:36 - rule_mining.Correlation_utils - INFO - 计算列 ['column10'] 和列 column1 之间的φ²: 0.02377677123941646
2025-06-09 11:31:36 - rule_mining.Correlation_utils - INFO - 计算列 ['column10'] 和列 column1 之间的相关性 (φ²): 0.0
2025-06-09 11:31:36 - rule_mining.Correlation_utils - INFO - 计算列 ['column11'] 和列 column1 之间的φ²: 0.023865904706650735
2025-06-09 11:31:36 - rule_mining.Correlation_utils - INFO - 计算列 ['column11'] 和列 column1 之间的相关性 (φ²): 0.0
2025-06-09 11:31:36 - rule_mining.Correlation_utils - INFO - 计算列 ['column12'] 和列 column1 之间的φ²: 0.024206838842823118
2025-06-09 11:31:36 - rule_mining.Correlation_utils - INFO - 计算列 ['column12'] 和列 column1 之间的相关性 (φ²): 0.0
2025-06-09 11:31:36 - rule_mining.Correlation_utils - INFO - 计算列 ['column13'] 和列 column1 之间的φ²: 0.02706026627495157
2025-06-09 11:31:36 - rule_mining.Correlation_utils - INFO - 计算列 ['column13'] 和列 column1 之间的相关性 (φ²): 0.002362565341931113
2025-06-09 11:31:36 - rule_mining.Correlation_utils - INFO - 计算列 ['column14'] 和列 column1 之间的φ²: 0.1951359541787794
2025-06-09 11:31:36 - rule_mining.Correlation_utils - INFO - 计算列 ['column14'] 和列 column1 之间的相关性 (φ²): 0.17470478993870228
2025-06-09 11:31:36 - rule_mining.Correlation_utils - INFO - 计算列 ['column15'] 和列 column1 之间的φ²: 0.18008958919655949
2025-06-09 11:31:36 - rule_mining.Correlation_utils - INFO - 计算列 ['column15'] 和列 column1 之间的相关性 (φ²): 0.15927647876847215
2025-06-09 11:31:36 - rule_mining.Correlation_utils - INFO - 计算列 ['column16'] 和列 column1 之间的φ²: 0.025348690950145907
2025-06-09 11:31:36 - rule_mining.Correlation_utils - INFO - 计算列 ['column16'] 和列 column1 之间的相关性 (φ²): 0.000607542335803458
2025-06-09 11:31:36 - rule_mining.Correlation_utils - INFO - 计算列 ['column17'] 和列 column1 之间的φ²: 0.02561484359731759
2025-06-09 11:31:36 - rule_mining.Correlation_utils - INFO - 计算列 ['column17'] 和列 column1 之间的相关性 (φ²): 0.0008804511655571914
2025-06-09 11:31:36 - rule_mining.Correlation_utils - INFO - 计算列 ['column18'] 和列 column1 之间的φ²: 0.023385354465270496
2025-06-09 11:31:36 - rule_mining.Correlation_utils - INFO - 计算列 ['column18'] 和列 column1 之间的相关性 (φ²): 0.0
2025-06-09 11:31:36 - rule_mining.Correlation_utils - INFO - 计算列 ['column19'] 和列 column1 之间的φ²: 0.02292847278370715
2025-06-09 11:31:36 - rule_mining.Correlation_utils - INFO - 计算列 ['column19'] 和列 column1 之间的相关性 (φ²): 0.0
2025-06-09 11:31:36 - rule_mining.Correlation_utils - INFO - 计算列 ['column20'] 和列 column1 之间的φ²: 0.024256891452452238
2025-06-09 11:31:36 - rule_mining.Correlation_utils - INFO - 计算列 ['column20'] 和列 column1 之间的相关性 (φ²): 0.0
2025-06-09 11:31:36 - rule_mining.Correlation_utils - INFO - 计算列 ['column14', 'column15'] 和列 column1 之间的φ²: 0.08093536901637566
2025-06-09 11:31:36 - rule_mining.Correlation_utils - INFO - 计算列 ['column14', 'column15'] 和列 column1 之间的相关性 (φ²): 0.057605266845252884
2025-06-09 11:31:36 - Cafd - INFO - Processing search space: <SearchSpace_bit.SearchSpace object at 0x000002A980164FD0>
2025-06-09 11:31:36 - SearchSpace_bit - INFO - 从全局结论表中命中缓存: column1->column2
2025-06-09 11:31:36 - SearchSpace_bit - INFO - 发现函数依赖: ['column1'] -> column2
2025-06-09 11:31:36 - rule_mining.Correlation_utils - INFO - 计算列 ['column3'] 和列 column2 之间的φ²: 0.024064087748853314
2025-06-09 11:31:36 - rule_mining.Correlation_utils - INFO - 计算列 ['column3'] 和列 column2 之间的相关性 (φ²): 0.0
2025-06-09 11:31:36 - rule_mining.Correlation_utils - INFO - 计算列 ['column4'] 和列 column2 之间的φ²: 0.024084468563642075
2025-06-09 11:31:36 - rule_mining.Correlation_utils - INFO - 计算列 ['column4'] 和列 column2 之间的相关性 (φ²): 0.0
2025-06-09 11:31:36 - rule_mining.Correlation_utils - INFO - 计算列 ['column5'] 和列 column2 之间的φ²: 0.00392280756563586
2025-06-09 11:31:36 - rule_mining.Correlation_utils - INFO - 计算列 ['column5'] 和列 column2 之间的相关性 (φ²): 0.0
2025-06-09 11:31:36 - rule_mining.Correlation_utils - INFO - 计算列 ['column6'] 和列 column2 之间的φ²: 0.0013677439764437054
2025-06-09 11:31:36 - rule_mining.Correlation_utils - INFO - 计算列 ['column6'] 和列 column2 之间的相关性 (φ²): 0.0
2025-06-09 11:31:36 - rule_mining.Correlation_utils - INFO - 计算列 ['column7'] 和列 column2 之间的φ²: 0.0006486823445844721
2025-06-09 11:31:36 - rule_mining.Correlation_utils - INFO - 计算列 ['column7'] 和列 column2 之间的相关性 (φ²): 0.0
2025-06-09 11:31:36 - rule_mining.Correlation_utils - INFO - 计算列 ['column8'] 和列 column2 之间的φ²: 0.0011362828944928936
2025-06-09 11:31:36 - rule_mining.Correlation_utils - INFO - 计算列 ['column8'] 和列 column2 之间的相关性 (φ²): 0.0
2025-06-09 11:31:36 - rule_mining.Correlation_utils - INFO - 计算列 ['column9'] 和列 column2 之间的φ²: 0.0009063175135880025
2025-06-09 11:31:36 - rule_mining.Correlation_utils - INFO - 计算列 ['column9'] 和列 column2 之间的相关性 (φ²): 0.0
2025-06-09 11:31:36 - rule_mining.Correlation_utils - INFO - 计算列 ['column10'] 和列 column2 之间的φ²: 0.001194521260056746
2025-06-09 11:31:36 - rule_mining.Correlation_utils - INFO - 计算列 ['column10'] 和列 column2 之间的相关性 (φ²): 0.0
2025-06-09 11:31:36 - rule_mining.Correlation_utils - INFO - 计算列 ['column11'] 和列 column2 之间的φ²: 0.0016930774368149515
2025-06-09 11:31:36 - rule_mining.Correlation_utils - INFO - 计算列 ['column11'] 和列 column2 之间的相关性 (φ²): 0.00019299190328649906
2025-06-09 11:31:36 - rule_mining.Correlation_utils - INFO - 计算列 ['column12'] 和列 column2 之间的φ²: 0.0011696942376142943
2025-06-09 11:31:36 - rule_mining.Correlation_utils - INFO - 计算列 ['column12'] 和列 column2 之间的相关性 (φ²): 0.0
2025-06-09 11:31:36 - rule_mining.Correlation_utils - INFO - 计算列 ['column13'] 和列 column2 之间的φ²: 0.0016322704444889382
2025-06-09 11:31:36 - rule_mining.Correlation_utils - INFO - 计算列 ['column13'] 和列 column2 之间的相关性 (φ²): 0.00013209354057382007
2025-06-09 11:31:36 - rule_mining.Correlation_utils - INFO - 计算列 ['column14'] 和列 column2 之间的φ²: 0.22041749704787394
2025-06-09 11:31:36 - rule_mining.Correlation_utils - INFO - 计算列 ['column14'] 和列 column2 之间的相关性 (φ²): 0.2192460733018903
2025-06-09 11:31:36 - rule_mining.Correlation_utils - INFO - 计算列 ['column15'] 和列 column2 之间的φ²: 0.2053729833876248
2025-06-09 11:31:36 - rule_mining.Correlation_utils - INFO - 计算列 ['column15'] 和列 column2 之间的相关性 (φ²): 0.20417895331007052
2025-06-09 11:31:36 - rule_mining.Correlation_utils - INFO - 计算列 ['column16'] 和列 column2 之间的φ²: 0.0014274549973291358
2025-06-09 11:31:36 - rule_mining.Correlation_utils - INFO - 计算列 ['column16'] 和列 column2 之间的相关性 (φ²): 0.0
2025-06-09 11:31:36 - rule_mining.Correlation_utils - INFO - 计算列 ['column17'] 和列 column2 之间的φ²: 0.001207229438834304
2025-06-09 11:31:36 - rule_mining.Correlation_utils - INFO - 计算列 ['column17'] 和列 column2 之间的相关性 (φ²): 0.0
2025-06-09 11:31:36 - rule_mining.Correlation_utils - INFO - 计算列 ['column18'] 和列 column2 之间的φ²: 0.0010408793271200808
2025-06-09 11:31:36 - rule_mining.Correlation_utils - INFO - 计算列 ['column18'] 和列 column2 之间的相关性 (φ²): 0.0
2025-06-09 11:31:36 - rule_mining.Correlation_utils - INFO - 计算列 ['column19'] 和列 column2 之间的φ²: 0.0006925488431573967
2025-06-09 11:31:36 - rule_mining.Correlation_utils - INFO - 计算列 ['column19'] 和列 column2 之间的相关性 (φ²): 0.0
2025-06-09 11:31:36 - rule_mining.Correlation_utils - INFO - 计算列 ['column20'] 和列 column2 之间的φ²: 0.0017545054222490534
2025-06-09 11:31:36 - rule_mining.Correlation_utils - INFO - 计算列 ['column20'] 和列 column2 之间的相关性 (φ²): 0.0002545121922298934
2025-06-09 11:31:36 - rule_mining.Correlation_utils - INFO - 计算列 ['column14', 'column15'] 和列 column2 之间的φ²: 0.2972140726819511
2025-06-09 11:31:36 - rule_mining.Correlation_utils - INFO - 计算列 ['column14', 'column15'] 和列 column2 之间的相关性 (φ²): 0.2929708368943704
2025-06-09 11:31:36 - Cafd - INFO - Processing search space: <SearchSpace_bit.SearchSpace object at 0x000002A980164F40>
2025-06-09 11:31:36 - SearchSpace_bit - INFO - 从全局结论表中命中缓存: column1->column3
2025-06-09 11:31:36 - SearchSpace_bit - INFO - 从全局结论表中命中缓存: column2->column3
2025-06-09 11:31:36 - rule_mining.Correlation_utils - INFO - 计算列 ['column4'] 和列 column3 之间的φ²: 0.8704791010999645
2025-06-09 11:31:36 - rule_mining.Correlation_utils - INFO - 计算列 ['column4'] 和列 column3 之间的相关性 (φ²): 0.8671912628971175
2025-06-09 11:31:36 - rule_mining.Correlation_utils - INFO - 行方向得分: 0.8965, 列方向得分: 0.8965
2025-06-09 11:31:36 - SearchSpace_bit - INFO - 发现函数依赖: ['column4'] -> column3
2025-06-09 11:31:36 - rule_mining.Correlation_utils - INFO - 计算列 ['column5'] 和列 column3 之间的φ²: 0.025576694383854303
2025-06-09 11:31:36 - rule_mining.Correlation_utils - INFO - 计算列 ['column5'] 和列 column3 之间的相关性 (φ²): 0.0008413335489829139
2025-06-09 11:31:36 - rule_mining.Correlation_utils - INFO - 计算列 ['column6'] 和列 column3 之间的φ²: 0.025098474447725325
2025-06-09 11:31:36 - rule_mining.Correlation_utils - INFO - 计算列 ['column6'] 和列 column3 之间的相关性 (φ²): 0.0003509741837060461
2025-06-09 11:31:36 - rule_mining.Correlation_utils - INFO - 计算列 ['column7'] 和列 column3 之间的φ²: 0.025709638099629274
2025-06-09 11:31:36 - rule_mining.Correlation_utils - INFO - 计算列 ['column7'] 和列 column3 之间的相关性 (φ²): 0.0009776519898506337
2025-06-09 11:31:36 - rule_mining.Correlation_utils - INFO - 计算列 ['column8'] 和列 column3 之间的φ²: 0.025887566859656545
2025-06-09 11:31:36 - rule_mining.Correlation_utils - INFO - 计算列 ['column8'] 和列 column3 之间的相关性 (φ²): 0.0011600974030170587
2025-06-09 11:31:36 - rule_mining.Correlation_utils - INFO - 计算列 ['column9'] 和列 column3 之间的φ²: 0.023743638292273772
2025-06-09 11:31:36 - rule_mining.Correlation_utils - INFO - 计算列 ['column9'] 和列 column3 之间的相关性 (φ²): 0.0
2025-06-09 11:31:36 - rule_mining.Correlation_utils - INFO - 计算列 ['column10'] 和列 column3 之间的φ²: 0.0239213059341925
2025-06-09 11:31:36 - rule_mining.Correlation_utils - INFO - 计算列 ['column10'] 和列 column3 之间的相关性 (φ²): 0.0
2025-06-09 11:31:36 - rule_mining.Correlation_utils - INFO - 计算列 ['column11'] 和列 column3 之间的φ²: 0.022913990754708038
2025-06-09 11:31:36 - rule_mining.Correlation_utils - INFO - 计算列 ['column11'] 和列 column3 之间的相关性 (φ²): 0.0
2025-06-09 11:31:36 - rule_mining.Correlation_utils - INFO - 计算列 ['column12'] 和列 column3 之间的φ²: 0.025929121330558132
2025-06-09 11:31:36 - rule_mining.Correlation_utils - INFO - 计算列 ['column12'] 和列 column3 之间的相关性 (φ²): 0.0012027067181799942
2025-06-09 11:31:36 - rule_mining.Correlation_utils - INFO - 计算列 ['column13'] 和列 column3 之间的φ²: 0.022460591770682187
2025-06-09 11:31:36 - rule_mining.Correlation_utils - INFO - 计算列 ['column13'] 和列 column3 之间的相关性 (φ²): 0.0
2025-06-09 11:31:36 - rule_mining.Correlation_utils - INFO - 计算列 ['column14'] 和列 column3 之间的φ²: 0.024044502081671623
2025-06-09 11:31:36 - rule_mining.Correlation_utils - INFO - 计算列 ['column14'] 和列 column3 之间的相关性 (φ²): 0.0
2025-06-09 11:31:36 - rule_mining.Correlation_utils - INFO - 计算列 ['column15'] 和列 column3 之间的φ²: 0.023210405615660023
2025-06-09 11:31:36 - rule_mining.Correlation_utils - INFO - 计算列 ['column15'] 和列 column3 之间的相关性 (φ²): 0.0
2025-06-09 11:31:36 - rule_mining.Correlation_utils - INFO - 计算列 ['column16'] 和列 column3 之间的φ²: 0.02431241200843192
2025-06-09 11:31:36 - rule_mining.Correlation_utils - INFO - 计算列 ['column16'] 和列 column3 之间的相关性 (φ²): 0.0
2025-06-09 11:31:36 - rule_mining.Correlation_utils - INFO - 计算列 ['column17'] 和列 column3 之间的φ²: 0.021614628628436206
2025-06-09 11:31:36 - rule_mining.Correlation_utils - INFO - 计算列 ['column17'] 和列 column3 之间的相关性 (φ²): 0.0
2025-06-09 11:31:36 - rule_mining.Correlation_utils - INFO - 计算列 ['column18'] 和列 column3 之间的φ²: 0.20309665522186726
2025-06-09 11:31:36 - rule_mining.Correlation_utils - INFO - 计算列 ['column18'] 和列 column3 之间的相关性 (φ²): 0.18286757031596082
2025-06-09 11:31:36 - rule_mining.Correlation_utils - INFO - 计算列 ['column19'] 和列 column3 之间的φ²: 0.1965655644202593
2025-06-09 11:31:36 - rule_mining.Correlation_utils - INFO - 计算列 ['column19'] 和列 column3 之间的相关性 (φ²): 0.17617069028631205
2025-06-09 11:31:36 - rule_mining.Correlation_utils - INFO - 计算列 ['column20'] 和列 column3 之间的φ²: 0.024075720921108372
2025-06-09 11:31:36 - rule_mining.Correlation_utils - INFO - 计算列 ['column20'] 和列 column3 之间的相关性 (φ²): 0.0
2025-06-09 11:31:36 - rule_mining.Correlation_utils - INFO - 计算列 ['column18', 'column19'] 和列 column3 之间的φ²: 0.10628949702130709
2025-06-09 11:31:36 - rule_mining.Correlation_utils - INFO - 计算列 ['column18', 'column19'] 和列 column3 之间的相关性 (φ²): 0.08360299963800182
2025-06-09 11:31:36 - Cafd - INFO - Processing search space: <SearchSpace_bit.SearchSpace object at 0x000002A980164EB0>
2025-06-09 11:31:36 - SearchSpace_bit - INFO - 从全局结论表中命中缓存: column1->column4
2025-06-09 11:31:36 - SearchSpace_bit - INFO - 从全局结论表中命中缓存: column2->column4
2025-06-09 11:31:36 - SearchSpace_bit - INFO - 从全局结论表中命中缓存: column3->column4
2025-06-09 11:31:36 - SearchSpace_bit - INFO - 发现函数依赖: ['column3'] -> column4
2025-06-09 11:31:36 - rule_mining.Correlation_utils - INFO - 计算列 ['column5'] 和列 column4 之间的φ²: 0.02615472636300137
2025-06-09 11:31:36 - rule_mining.Correlation_utils - INFO - 计算列 ['column5'] 和列 column4 之间的相关性 (φ²): 0.001434038647600639
2025-06-09 11:31:36 - rule_mining.Correlation_utils - INFO - 计算列 ['column6'] 和列 column4 之间的φ²: 0.025222501650682263
2025-06-09 11:31:36 - rule_mining.Correlation_utils - INFO - 计算列 ['column6'] 和列 column4 之间的相关性 (φ²): 0.0004781497695072758
2025-06-09 11:31:36 - rule_mining.Correlation_utils - INFO - 计算列 ['column7'] 和列 column4 之间的φ²: 0.025233533372406174
2025-06-09 11:31:36 - rule_mining.Correlation_utils - INFO - 计算列 ['column7'] 和列 column4 之间的相关性 (φ²): 0.0004894615272441788
2025-06-09 11:31:36 - rule_mining.Correlation_utils - INFO - 计算列 ['column8'] 和列 column4 之间的φ²: 0.02450168517419138
2025-06-09 11:31:36 - rule_mining.Correlation_utils - INFO - 计算列 ['column8'] 和列 column4 之间的相关性 (φ²): 0.0
2025-06-09 11:31:36 - rule_mining.Correlation_utils - INFO - 计算列 ['column9'] 和列 column4 之间的φ²: 0.023871594228198546
2025-06-09 11:31:36 - rule_mining.Correlation_utils - INFO - 计算列 ['column9'] 和列 column4 之间的相关性 (φ²): 0.0
2025-06-09 11:31:36 - rule_mining.Correlation_utils - INFO - 计算列 ['column10'] 和列 column4 之间的φ²: 0.02368388138309467
2025-06-09 11:31:36 - rule_mining.Correlation_utils - INFO - 计算列 ['column10'] 和列 column4 之间的相关性 (φ²): 0.0
2025-06-09 11:31:36 - rule_mining.Correlation_utils - INFO - 计算列 ['column11'] 和列 column4 之间的φ²: 0.02442185263392021
2025-06-09 11:31:36 - rule_mining.Correlation_utils - INFO - 计算列 ['column11'] 和列 column4 之间的相关性 (φ²): 0.0
2025-06-09 11:31:36 - rule_mining.Correlation_utils - INFO - 计算列 ['column12'] 和列 column4 之间的φ²: 0.02665404399346255
2025-06-09 11:31:36 - rule_mining.Correlation_utils - INFO - 计算列 ['column12'] 和列 column4 之间的相关性 (φ²): 0.0019460312640658323
2025-06-09 11:31:36 - rule_mining.Correlation_utils - INFO - 计算列 ['column13'] 和列 column4 之间的φ²: 0.02420457238837929
2025-06-09 11:31:36 - rule_mining.Correlation_utils - INFO - 计算列 ['column13'] 和列 column4 之间的相关性 (φ²): 0.0
2025-06-09 11:31:36 - rule_mining.Correlation_utils - INFO - 计算列 ['column14'] 和列 column4 之间的φ²: 0.022703655970325257
2025-06-09 11:31:36 - rule_mining.Correlation_utils - INFO - 计算列 ['column14'] 和列 column4 之间的相关性 (φ²): 0.0
2025-06-09 11:31:36 - rule_mining.Correlation_utils - INFO - 计算列 ['column15'] 和列 column4 之间的φ²: 0.024919863539970208
2025-06-09 11:31:36 - rule_mining.Correlation_utils - INFO - 计算列 ['column15'] 和列 column4 之间的相关性 (φ²): 0.0001678293067540686
2025-06-09 11:31:36 - rule_mining.Correlation_utils - INFO - 计算列 ['column16'] 和列 column4 之间的φ²: 0.0234211775972351
2025-06-09 11:31:36 - rule_mining.Correlation_utils - INFO - 计算列 ['column16'] 和列 column4 之间的相关性 (φ²): 0.0
2025-06-09 11:31:36 - rule_mining.Correlation_utils - INFO - 计算列 ['column17'] 和列 column4 之间的φ²: 0.021287305266663167
2025-06-09 11:31:36 - rule_mining.Correlation_utils - INFO - 计算列 ['column17'] 和列 column4 之间的相关性 (φ²): 0.0
2025-06-09 11:31:36 - rule_mining.Correlation_utils - INFO - 计算列 ['column18'] 和列 column4 之间的φ²: 0.24872188074945142
2025-06-09 11:31:36 - rule_mining.Correlation_utils - INFO - 计算列 ['column18'] 和列 column4 之间的相关性 (φ²): 0.22965097464539905
2025-06-09 11:31:36 - rule_mining.Correlation_utils - INFO - 计算列 ['column19'] 和列 column4 之间的φ²: 0.23550538527021742
2025-06-09 11:31:36 - rule_mining.Correlation_utils - INFO - 计算列 ['column19'] 和列 column4 之间的相关性 (φ²): 0.21609898351169218
2025-06-09 11:31:36 - rule_mining.Correlation_utils - INFO - 计算列 ['column20'] 和列 column4 之间的φ²: 0.023450072285442047
2025-06-09 11:31:36 - rule_mining.Correlation_utils - INFO - 计算列 ['column20'] 和列 column4 之间的相关性 (φ²): 0.0
2025-06-09 11:31:36 - rule_mining.Correlation_utils - INFO - 计算列 ['column18', 'column19'] 和列 column4 之间的φ²: 0.12676933403628896
2025-06-09 11:31:36 - rule_mining.Correlation_utils - INFO - 计算列 ['column18', 'column19'] 和列 column4 之间的相关性 (φ²): 0.1046027094387486
2025-06-09 11:31:36 - Cafd - INFO - Processing search space: <SearchSpace_bit.SearchSpace object at 0x000002A9801769D0>
2025-06-09 11:31:36 - SearchSpace_bit - INFO - 从全局结论表中命中缓存: column1->column5
2025-06-09 11:31:36 - SearchSpace_bit - INFO - 从全局结论表中命中缓存: column2->column5
2025-06-09 11:31:36 - SearchSpace_bit - INFO - 从全局结论表中命中缓存: column3->column5
2025-06-09 11:31:36 - SearchSpace_bit - INFO - 从全局结论表中命中缓存: column4->column5
2025-06-09 11:31:36 - rule_mining.Correlation_utils - INFO - 计算列 ['column6'] 和列 column5 之间的φ²: 0.0036190244792689156
2025-06-09 11:31:36 - rule_mining.Correlation_utils - INFO - 计算列 ['column6'] 和列 column5 之间的相关性 (φ²): 0.0
2025-06-09 11:31:36 - rule_mining.Correlation_utils - INFO - 计算列 ['column7'] 和列 column5 之间的φ²: 0.07929731811450241
2025-06-09 11:31:36 - rule_mining.Correlation_utils - INFO - 计算列 ['column7'] 和列 column5 之间的相关性 (φ²): 0.07490200380399377
2025-06-09 11:31:36 - rule_mining.Correlation_utils - INFO - 计算列 ['column8'] 和列 column5 之间的φ²: 0.004955845746735178
2025-06-09 11:31:36 - rule_mining.Correlation_utils - INFO - 计算列 ['column8'] 和列 column5 之间的相关性 (φ²): 0.0002056349600989898
2025-06-09 11:31:36 - rule_mining.Correlation_utils - INFO - 计算列 ['column9'] 和列 column5 之间的φ²: 0.0032362241550422366
2025-06-09 11:31:36 - rule_mining.Correlation_utils - INFO - 计算列 ['column9'] 和列 column5 之间的相关性 (φ²): 0.0
2025-06-09 11:31:36 - rule_mining.Correlation_utils - INFO - 计算列 ['column10'] 和列 column5 之间的φ²: 0.004904743472124096
2025-06-09 11:31:36 - rule_mining.Correlation_utils - INFO - 计算列 ['column10'] 和列 column5 之间的相关性 (φ²): 0.00015428872990559352
2025-06-09 11:31:36 - rule_mining.Correlation_utils - INFO - 计算列 ['column11'] 和列 column5 之间的φ²: 0.005046283991992096
2025-06-09 11:31:36 - rule_mining.Correlation_utils - INFO - 计算列 ['column11'] 和列 column5 之间的相关性 (φ²): 0.00029650494572271136
2025-06-09 11:31:36 - rule_mining.Correlation_utils - INFO - 计算列 ['column12'] 和列 column5 之间的φ²: 0.004712381153228961
2025-06-09 11:31:36 - rule_mining.Correlation_utils - INFO - 计算列 ['column12'] 和列 column5 之间的相关性 (φ²): 0.0
2025-06-09 11:31:36 - rule_mining.Correlation_utils - INFO - 计算列 ['column13'] 和列 column5 之间的φ²: 0.007717694710939838
2025-06-09 11:31:36 - rule_mining.Correlation_utils - INFO - 计算列 ['column13'] 和列 column5 之间的相关性 (φ²): 0.002980668630414174
2025-06-09 11:31:36 - rule_mining.Correlation_utils - INFO - 计算列 ['column14'] 和列 column5 之间的φ²: 0.0046489719180060835
2025-06-09 11:31:36 - rule_mining.Correlation_utils - INFO - 计算列 ['column14'] 和列 column5 之间的相关性 (φ²): 0.0
2025-06-09 11:31:36 - rule_mining.Correlation_utils - INFO - 计算列 ['column15'] 和列 column5 之间的φ²: 0.006252650704873816
2025-06-09 11:31:36 - rule_mining.Correlation_utils - INFO - 计算列 ['column15'] 和列 column5 之间的相关性 (φ²): 0.0015086306956759775
2025-06-09 11:31:36 - rule_mining.Correlation_utils - INFO - 计算列 ['column16'] 和列 column5 之间的φ²: 0.019353494384021643
2025-06-09 11:31:36 - rule_mining.Correlation_utils - INFO - 计算列 ['column16'] 和列 column5 之间的相关性 (φ²): 0.01467201609088004
2025-06-09 11:31:36 - rule_mining.Correlation_utils - INFO - 计算列 ['column17'] 和列 column5 之间的φ²: 0.028058128819712407
2025-06-09 11:31:36 - rule_mining.Correlation_utils - INFO - 计算列 ['column17'] 和列 column5 之间的相关性 (φ²): 0.02341820531407787
2025-06-09 11:31:36 - rule_mining.Correlation_utils - INFO - 计算列 ['column18'] 和列 column5 之间的φ²: 0.005133682245059532
2025-06-09 11:31:36 - rule_mining.Correlation_utils - INFO - 计算列 ['column18'] 和列 column5 之间的相关性 (φ²): 0.0003843204266314247
2025-06-09 11:31:36 - rule_mining.Correlation_utils - INFO - 计算列 ['column19'] 和列 column5 之间的φ²: 0.005630672626695372
2025-06-09 11:31:36 - rule_mining.Correlation_utils - INFO - 计算列 ['column19'] 和列 column5 之间的相关性 (φ²): 0.0008836833754157768
2025-06-09 11:31:36 - rule_mining.Correlation_utils - INFO - 计算列 ['column20'] 和列 column5 之间的φ²: 0.004531478707164126
2025-06-09 11:31:36 - rule_mining.Correlation_utils - INFO - 计算列 ['column20'] 和列 column5 之间的相关性 (φ²): 0.0
2025-06-09 11:31:36 - rule_mining.Correlation_utils - INFO - 计算列 ['column7', 'column16'] 和列 column5 之间的φ²: 0.01646057812842161
2025-06-09 11:31:36 - rule_mining.Correlation_utils - INFO - 计算列 ['column7', 'column16'] 和列 column5 之间的相关性 (φ²): 0.01176528943104473
2025-06-09 11:31:36 - rule_mining.Correlation_utils - INFO - 计算列 ['column7', 'column17'] 和列 column5 之间的φ²: 0.01672786241761154
2025-06-09 11:31:36 - rule_mining.Correlation_utils - INFO - 计算列 ['column7', 'column17'] 和列 column5 之间的相关性 (φ²): 0.012033849700509686
2025-06-09 11:31:36 - rule_mining.Correlation_utils - INFO - 计算列 ['column16', 'column17'] 和列 column5 之间的φ²: 0.012474425482561736
2025-06-09 11:31:36 - rule_mining.Correlation_utils - INFO - 计算列 ['column16', 'column17'] 和列 column5 之间的相关性 (φ²): 0.00651200691943758
2025-06-09 11:31:36 - Cafd - INFO - Processing search space: <SearchSpace_bit.SearchSpace object at 0x000002A980176160>
2025-06-09 11:31:36 - SearchSpace_bit - INFO - 从全局结论表中命中缓存: column1->column6
2025-06-09 11:31:36 - SearchSpace_bit - INFO - 从全局结论表中命中缓存: column2->column6
2025-06-09 11:31:36 - SearchSpace_bit - INFO - 从全局结论表中命中缓存: column3->column6
2025-06-09 11:31:36 - SearchSpace_bit - INFO - 从全局结论表中命中缓存: column4->column6
2025-06-09 11:31:36 - SearchSpace_bit - INFO - 从全局结论表中命中缓存: column5->column6
2025-06-09 11:31:36 - rule_mining.Correlation_utils - INFO - 计算列 ['column7'] 和列 column6 之间的φ²: 0.07406106022510979
2025-06-09 11:31:36 - rule_mining.Correlation_utils - INFO - 计算列 ['column7'] 和列 column6 之间的相关性 (φ²): 0.07313396241306985
2025-06-09 11:31:36 - rule_mining.Correlation_utils - INFO - 计算列 ['column8'] 和列 column6 之间的φ²: 0.000780136693113235
2025-06-09 11:31:36 - rule_mining.Correlation_utils - INFO - 计算列 ['column8'] 和列 column6 之间的相关性 (φ²): 0.0
2025-06-09 11:31:36 - rule_mining.Correlation_utils - INFO - 计算列 ['column9'] 和列 column6 之间的φ²: 0.0010430938066497977
2025-06-09 11:31:36 - rule_mining.Correlation_utils - INFO - 计算列 ['column9'] 和列 column6 之间的相关性 (φ²): 4.2886641500010124e-05
2025-06-09 11:31:36 - rule_mining.Correlation_utils - INFO - 计算列 ['column10'] 和列 column6 之间的φ²: 0.0004976914586920032
2025-06-09 11:31:36 - rule_mining.Correlation_utils - INFO - 计算列 ['column10'] 和列 column6 之间的相关性 (φ²): 0.0
2025-06-09 11:31:36 - rule_mining.Correlation_utils - INFO - 计算列 ['column11'] 和列 column6 之间的φ²: 0.0013564513761978674
2025-06-09 11:31:36 - rule_mining.Correlation_utils - INFO - 计算列 ['column11'] 和列 column6 之间的相关性 (φ²): 0.00010627167086010813
2025-06-09 11:31:36 - rule_mining.Correlation_utils - INFO - 计算列 ['column12'] 和列 column6 之间的φ²: 0.0004558203482673093
2025-06-09 11:31:36 - rule_mining.Correlation_utils - INFO - 计算列 ['column12'] 和列 column6 之间的相关性 (φ²): 0.0
2025-06-09 11:31:36 - rule_mining.Correlation_utils - INFO - 计算列 ['column13'] 和列 column6 之间的φ²: 0.0009927830618840971
2025-06-09 11:31:36 - rule_mining.Correlation_utils - INFO - 计算列 ['column13'] 和列 column6 之间的相关性 (φ²): 0.0
2025-06-09 11:31:36 - rule_mining.Correlation_utils - INFO - 计算列 ['column14'] 和列 column6 之间的φ²: 0.000910959791390269
2025-06-09 11:31:36 - rule_mining.Correlation_utils - INFO - 计算列 ['column14'] 和列 column6 之间的相关性 (φ²): 0.0
2025-06-09 11:31:36 - rule_mining.Correlation_utils - INFO - 计算列 ['column15'] 和列 column6 之间的φ²: 0.0006892731182928174
2025-06-09 11:31:36 - rule_mining.Correlation_utils - INFO - 计算列 ['column15'] 和列 column6 之间的相关性 (φ²): 0.0
2025-06-09 11:31:36 - rule_mining.Correlation_utils - INFO - 计算列 ['column16'] 和列 column6 之间的φ²: 0.020497306805111293
2025-06-09 11:31:36 - rule_mining.Correlation_utils - INFO - 计算列 ['column16'] 和列 column6 之间的相关性 (φ²): 0.019516578201161466
2025-06-09 11:31:36 - rule_mining.Correlation_utils - INFO - 计算列 ['column17'] 和列 column6 之间的φ²: 0.01862834393229457
2025-06-09 11:31:36 - rule_mining.Correlation_utils - INFO - 计算列 ['column17'] 和列 column6 之间的相关性 (φ²): 0.017645744026344425
2025-06-09 11:31:36 - rule_mining.Correlation_utils - INFO - 计算列 ['column18'] 和列 column6 之间的φ²: 0.00126490380400827
2025-06-09 11:31:36 - rule_mining.Correlation_utils - INFO - 计算列 ['column18'] 和列 column6 之间的相关性 (φ²): 0.0002649187264653496
2025-06-09 11:31:36 - rule_mining.Correlation_utils - INFO - 计算列 ['column19'] 和列 column6 之间的φ²: 0.0020786740192917535
2025-06-09 11:31:36 - rule_mining.Correlation_utils - INFO - 计算列 ['column19'] 和列 column6 之间的相关性 (φ²): 0.001079503730449993
2025-06-09 11:31:36 - rule_mining.Correlation_utils - INFO - 计算列 ['column20'] 和列 column6 之间的φ²: 0.0008268317841154271
2025-06-09 11:31:36 - rule_mining.Correlation_utils - INFO - 计算列 ['column20'] 和列 column6 之间的相关性 (φ²): 0.0
2025-06-09 11:31:36 - rule_mining.Correlation_utils - INFO - 计算列 ['column7', 'column16'] 和列 column6 之间的φ²: 0.05914315376945677
2025-06-09 11:31:36 - rule_mining.Correlation_utils - INFO - 计算列 ['column7', 'column16'] 和列 column6 之间的相关性 (φ²): 0.05465162611157227
2025-06-09 11:31:36 - rule_mining.Correlation_utils - INFO - 计算列 ['column7', 'column17'] 和列 column6 之间的φ²: 0.060386735497863754
2025-06-09 11:31:36 - rule_mining.Correlation_utils - INFO - 计算列 ['column7', 'column17'] 和列 column6 之间的相关性 (φ²): 0.05590114453667265
2025-06-09 11:31:36 - rule_mining.Correlation_utils - INFO - 计算列 ['column16', 'column17'] 和列 column6 之间的φ²: 0.035944790664386515
2025-06-09 11:31:36 - rule_mining.Correlation_utils - INFO - 计算列 ['column16', 'column17'] 和列 column6 之间的相关性 (φ²): 0.03012407996651111
2025-06-09 11:31:36 - rule_mining.Correlation_utils - WARNING - 期望分布频数表不符合要求，无法计算相关性。
2025-06-09 11:31:36 - Cafd - INFO - Processing search space: <SearchSpace_bit.SearchSpace object at 0x000002A9801769A0>
2025-06-09 11:31:36 - SearchSpace_bit - INFO - 从全局结论表中命中缓存: column1->column7
2025-06-09 11:31:36 - SearchSpace_bit - INFO - 从全局结论表中命中缓存: column2->column7
2025-06-09 11:31:36 - SearchSpace_bit - INFO - 从全局结论表中命中缓存: column3->column7
2025-06-09 11:31:36 - SearchSpace_bit - INFO - 从全局结论表中命中缓存: column4->column7
2025-06-09 11:31:36 - SearchSpace_bit - INFO - 从全局结论表中命中缓存: column5->column7
2025-06-09 11:31:36 - SearchSpace_bit - INFO - 从全局结论表中命中缓存: column6->column7
2025-06-09 11:31:36 - rule_mining.Correlation_utils - INFO - 计算列 ['column8'] 和列 column7 之间的φ²: 0.0013539269644772959
2025-06-09 11:31:36 - rule_mining.Correlation_utils - INFO - 计算列 ['column8'] 和列 column7 之间的相关性 (φ²): 0.00035403102151306773
2025-06-09 11:31:36 - rule_mining.Correlation_utils - INFO - 计算列 ['column9'] 和列 column7 之间的φ²: 0.0008736451410239472
2025-06-09 11:31:36 - rule_mining.Correlation_utils - INFO - 计算列 ['column9'] 和列 column7 之间的相关性 (φ²): 0.00012355028001870993
2025-06-09 11:31:36 - rule_mining.Correlation_utils - INFO - 计算列 ['column10'] 和列 column7 之间的φ²: 0.000808458231744756
2025-06-09 11:31:36 - rule_mining.Correlation_utils - INFO - 计算列 ['column10'] 和列 column7 之间的相关性 (φ²): 0.0
2025-06-09 11:31:36 - rule_mining.Correlation_utils - INFO - 计算列 ['column11'] 和列 column7 之间的φ²: 0.0008263004070472561
2025-06-09 11:31:36 - rule_mining.Correlation_utils - INFO - 计算列 ['column11'] 和列 column7 之间的相关性 (φ²): 0.0
2025-06-09 11:31:36 - rule_mining.Correlation_utils - INFO - 计算列 ['column12'] 和列 column7 之间的φ²: 0.0004612043753091939
2025-06-09 11:31:36 - rule_mining.Correlation_utils - INFO - 计算列 ['column12'] 和列 column7 之间的相关性 (φ²): 0.0
2025-06-09 11:31:36 - rule_mining.Correlation_utils - INFO - 计算列 ['column13'] 和列 column7 之间的φ²: 0.0007411448425926892
2025-06-09 11:31:36 - rule_mining.Correlation_utils - INFO - 计算列 ['column13'] 和列 column7 之间的相关性 (φ²): 0.0
2025-06-09 11:31:36 - rule_mining.Correlation_utils - INFO - 计算列 ['column14'] 和列 column7 之间的φ²: 0.0008771519446270304
2025-06-09 11:31:36 - rule_mining.Correlation_utils - INFO - 计算列 ['column14'] 和列 column7 之间的相关性 (φ²): 0.0
2025-06-09 11:31:36 - rule_mining.Correlation_utils - INFO - 计算列 ['column15'] 和列 column7 之间的φ²: 0.0003993047444329629
2025-06-09 11:31:36 - rule_mining.Correlation_utils - INFO - 计算列 ['column15'] 和列 column7 之间的相关性 (φ²): 0.0
2025-06-09 11:31:36 - rule_mining.Correlation_utils - INFO - 计算列 ['column16'] 和列 column7 之间的φ²: 0.3060081594927288
2025-06-09 11:31:36 - rule_mining.Correlation_utils - INFO - 计算列 ['column16'] 和列 column7 之间的相关性 (φ²): 0.30531329907670146
2025-06-09 11:31:36 - rule_mining.Correlation_utils - INFO - 计算列 ['column17'] 和列 column7 之间的φ²: 0.2961665249841656
2025-06-09 11:31:36 - rule_mining.Correlation_utils - INFO - 计算列 ['column17'] 和列 column7 之间的相关性 (φ²): 0.2954618106161898
2025-06-09 11:31:36 - rule_mining.Correlation_utils - INFO - 计算列 ['column18'] 和列 column7 之间的φ²: 0.0008796088675621074
2025-06-09 11:31:36 - rule_mining.Correlation_utils - INFO - 计算列 ['column18'] 和列 column7 之间的相关性 (φ²): 0.0
2025-06-09 11:31:36 - rule_mining.Correlation_utils - INFO - 计算列 ['column19'] 和列 column7 之间的φ²: 0.0007076092104240767
2025-06-09 11:31:36 - rule_mining.Correlation_utils - INFO - 计算列 ['column19'] 和列 column7 之间的相关性 (φ²): 0.0
2025-06-09 11:31:36 - rule_mining.Correlation_utils - INFO - 计算列 ['column20'] 和列 column7 之间的φ²: 0.0010804900977526965
2025-06-09 11:31:36 - rule_mining.Correlation_utils - INFO - 计算列 ['column20'] 和列 column7 之间的相关性 (φ²): 8.032037569788055e-05
2025-06-09 11:31:36 - rule_mining.Correlation_utils - INFO - 计算列 ['column5', 'column6'] 和列 column7 之间的φ²: 0.757418029995501
2025-06-09 11:31:36 - rule_mining.Correlation_utils - INFO - 计算列 ['column5', 'column6'] 和列 column7 之间的相关性 (φ²): 0.7512601799876945
2025-06-09 11:31:36 - SearchSpace_bit - INFO - 发现函数依赖: ['column5', 'column6'] -> column7
2025-06-09 11:31:36 - rule_mining.Correlation_utils - INFO - 计算列 ['column5', 'column16'] 和列 column7 之间的φ²: 0.3841562303080985
2025-06-09 11:31:36 - rule_mining.Correlation_utils - INFO - 计算列 ['column5', 'column16'] 和列 column7 之间的相关性 (φ²): 0.3685232730774579
2025-06-09 11:31:36 - rule_mining.Correlation_utils - INFO - 计算列 ['column6', 'column16'] 和列 column7 之间的φ²: 0.3615390463111559
2025-06-09 11:31:36 - rule_mining.Correlation_utils - INFO - 计算列 ['column6', 'column16'] 和列 column7 之间的相关性 (φ²): 0.3576841877228459
2025-06-09 11:31:36 - rule_mining.Correlation_utils - INFO - 计算列 ['column5', 'column17'] 和列 column7 之间的φ²: 0.35851694940853956
2025-06-09 11:31:36 - rule_mining.Correlation_utils - INFO - 计算列 ['column5', 'column17'] 和列 column7 之间的相关性 (φ²): 0.34223314889352563
2025-06-09 11:31:36 - rule_mining.Correlation_utils - INFO - 计算列 ['column6', 'column17'] 和列 column7 之间的φ²: 0.35300488742201663
2025-06-09 11:31:36 - rule_mining.Correlation_utils - INFO - 计算列 ['column6', 'column17'] 和列 column7 之间的相关性 (φ²): 0.3490985018366401
2025-06-09 11:31:36 - rule_mining.Correlation_utils - INFO - 计算列 ['column16', 'column17'] 和列 column7 之间的φ²: 0.5294804462726399
2025-06-09 11:31:36 - rule_mining.Correlation_utils - INFO - 计算列 ['column16', 'column17'] 和列 column7 之间的相关性 (φ²): 0.5266395734954181
2025-06-09 11:31:36 - rule_mining.Correlation_utils - WARNING - 期望分布频数表不符合要求，无法计算相关性。
2025-06-09 11:31:36 - rule_mining.Correlation_utils - WARNING - 期望分布频数表不符合要求，无法计算相关性。
2025-06-09 11:31:36 - Cafd - INFO - Processing search space: <SearchSpace_bit.SearchSpace object at 0x000002A980176A30>
2025-06-09 11:31:36 - SearchSpace_bit - INFO - 从全局结论表中命中缓存: column1->column8
2025-06-09 11:31:36 - SearchSpace_bit - INFO - 从全局结论表中命中缓存: column2->column8
2025-06-09 11:31:36 - SearchSpace_bit - INFO - 从全局结论表中命中缓存: column3->column8
2025-06-09 11:31:36 - SearchSpace_bit - INFO - 从全局结论表中命中缓存: column4->column8
2025-06-09 11:31:36 - SearchSpace_bit - INFO - 从全局结论表中命中缓存: column5->column8
2025-06-09 11:31:36 - SearchSpace_bit - INFO - 从全局结论表中命中缓存: column6->column8
2025-06-09 11:31:36 - SearchSpace_bit - INFO - 从全局结论表中命中缓存: column7->column8
2025-06-09 11:31:36 - rule_mining.Correlation_utils - INFO - 计算列 ['column9'] 和列 column8 之间的φ²: 0.0006389565968819397
2025-06-09 11:31:36 - rule_mining.Correlation_utils - INFO - 计算列 ['column9'] 和列 column8 之间的相关性 (φ²): 0.0
2025-06-09 11:31:36 - rule_mining.Correlation_utils - INFO - 计算列 ['column10'] 和列 column8 之间的φ²: 0.0010050326918623967
2025-06-09 11:31:36 - rule_mining.Correlation_utils - INFO - 计算列 ['column10'] 和列 column8 之间的相关性 (φ²): 4.787417961883337e-06
2025-06-09 11:31:36 - rule_mining.Correlation_utils - INFO - 计算列 ['column11'] 和列 column8 之间的φ²: 0.005563458433899541
2025-06-09 11:31:36 - rule_mining.Correlation_utils - INFO - 计算列 ['column11'] 和列 column8 之间的相关性 (φ²): 0.004318545387372124
2025-06-09 11:31:36 - rule_mining.Correlation_utils - INFO - 计算列 ['column12'] 和列 column8 之间的φ²: 0.0012191399791125265
2025-06-09 11:31:36 - rule_mining.Correlation_utils - INFO - 计算列 ['column12'] 和列 column8 之间的相关性 (φ²): 0.00021910908046833362
2025-06-09 11:31:36 - rule_mining.Correlation_utils - INFO - 计算列 ['column13'] 和列 column8 之间的φ²: 0.001935329106628444
2025-06-09 11:31:36 - rule_mining.Correlation_utils - INFO - 计算列 ['column13'] 和列 column8 之间的相关性 (φ²): 0.0009360152934686226
2025-06-09 11:31:36 - rule_mining.Correlation_utils - INFO - 计算列 ['column14'] 和列 column8 之间的φ²: 0.0006880766779009093
2025-06-09 11:31:36 - rule_mining.Correlation_utils - INFO - 计算列 ['column14'] 和列 column8 之间的相关性 (φ²): 0.0
2025-06-09 11:31:36 - rule_mining.Correlation_utils - INFO - 计算列 ['column15'] 和列 column8 之间的φ²: 0.0007411258961497253
2025-06-09 11:31:36 - rule_mining.Correlation_utils - INFO - 计算列 ['column15'] 和列 column8 之间的相关性 (φ²): 0.0
2025-06-09 11:31:36 - rule_mining.Correlation_utils - INFO - 计算列 ['column16'] 和列 column8 之间的φ²: 0.0010808720286472635
2025-06-09 11:31:36 - rule_mining.Correlation_utils - INFO - 计算列 ['column16'] 和列 column8 之间的相关性 (φ²): 8.070268900135323e-05
2025-06-09 11:31:36 - rule_mining.Correlation_utils - INFO - 计算列 ['column17'] 和列 column8 之间的φ²: 0.0005172126938363988
2025-06-09 11:31:36 - rule_mining.Correlation_utils - INFO - 计算列 ['column17'] 和列 column8 之间的相关性 (φ²): 0.0
2025-06-09 11:31:36 - rule_mining.Correlation_utils - INFO - 计算列 ['column18'] 和列 column8 之间的φ²: 0.0009085347778346602
2025-06-09 11:31:36 - rule_mining.Correlation_utils - INFO - 计算列 ['column18'] 和列 column8 之间的相关性 (φ²): 0.0
2025-06-09 11:31:36 - rule_mining.Correlation_utils - INFO - 计算列 ['column19'] 和列 column8 之间的φ²: 0.0008929060409735428
2025-06-09 11:31:36 - rule_mining.Correlation_utils - INFO - 计算列 ['column19'] 和列 column8 之间的相关性 (φ²): 0.0
2025-06-09 11:31:36 - rule_mining.Correlation_utils - INFO - 计算列 ['column20'] 和列 column8 之间的φ²: 0.0014273162990622837
2025-06-09 11:31:36 - rule_mining.Correlation_utils - INFO - 计算列 ['column20'] 和列 column8 之间的相关性 (φ²): 0.00042749383728412315
2025-06-09 11:31:36 - Cafd - INFO - Processing search space: <SearchSpace_bit.SearchSpace object at 0x000002A980176B20>
2025-06-09 11:31:36 - SearchSpace_bit - INFO - 从全局结论表中命中缓存: column1->column9
2025-06-09 11:31:36 - SearchSpace_bit - INFO - 从全局结论表中命中缓存: column2->column9
2025-06-09 11:31:36 - SearchSpace_bit - INFO - 从全局结论表中命中缓存: column3->column9
2025-06-09 11:31:36 - SearchSpace_bit - INFO - 从全局结论表中命中缓存: column4->column9
2025-06-09 11:31:36 - SearchSpace_bit - INFO - 从全局结论表中命中缓存: column5->column9
2025-06-09 11:31:36 - SearchSpace_bit - INFO - 从全局结论表中命中缓存: column6->column9
2025-06-09 11:31:36 - SearchSpace_bit - INFO - 从全局结论表中命中缓存: column7->column9
2025-06-09 11:31:36 - SearchSpace_bit - INFO - 从全局结论表中命中缓存: column8->column9
2025-06-09 11:31:36 - rule_mining.Correlation_utils - INFO - 计算列 ['column10'] 和列 column9 之间的φ²: 0.0010136604094933166
2025-06-09 11:31:36 - rule_mining.Correlation_utils - INFO - 计算列 ['column10'] 和列 column9 之间的相关性 (φ²): 1.3423774108578926e-05
2025-06-09 11:31:36 - rule_mining.Correlation_utils - INFO - 计算列 ['column11'] 和列 column9 之间的φ²: 0.03545918639867849
2025-06-09 11:31:36 - rule_mining.Correlation_utils - INFO - 计算列 ['column11'] 和列 column9 之间的相关性 (φ²): 0.03425169915080503
2025-06-09 11:31:36 - rule_mining.Correlation_utils - INFO - 计算列 ['column12'] 和列 column9 之间的φ²: 0.006327926827653035
2025-06-09 11:31:36 - rule_mining.Correlation_utils - INFO - 计算列 ['column12'] 和列 column9 之间的相关性 (φ²): 0.005333011109833413
2025-06-09 11:31:36 - rule_mining.Correlation_utils - INFO - 计算列 ['column13'] 和列 column9 之间的φ²: 0.0059645895471513765
2025-06-09 11:31:36 - rule_mining.Correlation_utils - INFO - 计算列 ['column13'] 和列 column9 之间的相关性 (φ²): 0.004969310037311227
2025-06-09 11:31:36 - rule_mining.Correlation_utils - INFO - 计算列 ['column14'] 和列 column9 之间的φ²: 0.000521195664297314
2025-06-09 11:31:36 - rule_mining.Correlation_utils - INFO - 计算列 ['column14'] 和列 column9 之间的相关性 (φ²): 0.0
2025-06-09 11:31:36 - rule_mining.Correlation_utils - INFO - 计算列 ['column15'] 和列 column9 之间的φ²: 0.0021903019723799842
2025-06-09 11:31:36 - rule_mining.Correlation_utils - INFO - 计算列 ['column15'] 和列 column9 之间的相关性 (φ²): 0.0011912434512008903
2025-06-09 11:31:36 - rule_mining.Correlation_utils - INFO - 计算列 ['column16'] 和列 column9 之间的φ²: 0.002711904486419068
2025-06-09 11:31:36 - rule_mining.Correlation_utils - INFO - 计算列 ['column16'] 和列 column9 之间的相关性 (φ²): 0.0017133682205731796
2025-06-09 11:31:36 - rule_mining.Correlation_utils - INFO - 计算列 ['column17'] 和列 column9 之间的φ²: 0.0007474567851903279
2025-06-09 11:31:36 - rule_mining.Correlation_utils - INFO - 计算列 ['column17'] 和列 column9 之间的相关性 (φ²): 0.0
2025-06-09 11:31:36 - rule_mining.Correlation_utils - INFO - 计算列 ['column18'] 和列 column9 之间的φ²: 0.0004708661854107656
2025-06-09 11:31:36 - rule_mining.Correlation_utils - INFO - 计算列 ['column18'] 和列 column9 之间的相关性 (φ²): 0.0
2025-06-09 11:31:36 - rule_mining.Correlation_utils - INFO - 计算列 ['column19'] 和列 column9 之间的φ²: 0.001191467564784792
2025-06-09 11:31:36 - rule_mining.Correlation_utils - INFO - 计算列 ['column19'] 和列 column9 之间的相关性 (φ²): 0.00019140895909246122
2025-06-09 11:31:36 - rule_mining.Correlation_utils - INFO - 计算列 ['column20'] 和列 column9 之间的φ²: 0.000721308848447696
2025-06-09 11:31:36 - rule_mining.Correlation_utils - INFO - 计算列 ['column20'] 和列 column9 之间的相关性 (φ²): 0.0
2025-06-09 11:31:36 - Cafd - INFO - Processing search space: <SearchSpace_bit.SearchSpace object at 0x000002A980176AF0>
2025-06-09 11:31:36 - SearchSpace_bit - INFO - 从全局结论表中命中缓存: column1->column10
2025-06-09 11:31:36 - SearchSpace_bit - INFO - 从全局结论表中命中缓存: column2->column10
2025-06-09 11:31:36 - SearchSpace_bit - INFO - 从全局结论表中命中缓存: column3->column10
2025-06-09 11:31:36 - SearchSpace_bit - INFO - 从全局结论表中命中缓存: column4->column10
2025-06-09 11:31:36 - SearchSpace_bit - INFO - 从全局结论表中命中缓存: column5->column10
2025-06-09 11:31:36 - SearchSpace_bit - INFO - 从全局结论表中命中缓存: column6->column10
2025-06-09 11:31:36 - SearchSpace_bit - INFO - 从全局结论表中命中缓存: column7->column10
2025-06-09 11:31:36 - SearchSpace_bit - INFO - 从全局结论表中命中缓存: column8->column10
2025-06-09 11:31:36 - SearchSpace_bit - INFO - 从全局结论表中命中缓存: column9->column10
2025-06-09 11:31:36 - rule_mining.Correlation_utils - INFO - 计算列 ['column11'] 和列 column10 之间的φ²: 0.04488687545878491
2025-06-09 11:31:36 - rule_mining.Correlation_utils - INFO - 计算列 ['column11'] 和列 column10 之间的相关性 (φ²): 0.04369119052570878
2025-06-09 11:31:36 - rule_mining.Correlation_utils - INFO - 计算列 ['column12'] 和列 column10 之间的φ²: 0.0070289902541717875
2025-06-09 11:31:36 - rule_mining.Correlation_utils - INFO - 计算列 ['column12'] 和列 column10 之间的相关性 (φ²): 0.00603477647720475
2025-06-09 11:31:36 - rule_mining.Correlation_utils - INFO - 计算列 ['column13'] 和列 column10 之间的φ²: 0.008260486194549117
2025-06-09 11:31:36 - rule_mining.Correlation_utils - INFO - 计算列 ['column13'] 和列 column10 之间的相关性 (φ²): 0.007267505454819003
2025-06-09 11:31:36 - rule_mining.Correlation_utils - INFO - 计算列 ['column14'] 和列 column10 之间的φ²: 0.0004933542876547676
2025-06-09 11:31:36 - rule_mining.Correlation_utils - INFO - 计算列 ['column14'] 和列 column10 之间的相关性 (φ²): 0.0
2025-06-09 11:31:36 - rule_mining.Correlation_utils - INFO - 计算列 ['column15'] 和列 column10 之间的φ²: 0.0007015247594231653
2025-06-09 11:31:36 - rule_mining.Correlation_utils - INFO - 计算列 ['column15'] 和列 column10 之间的相关性 (φ²): 0.0
2025-06-09 11:31:36 - rule_mining.Correlation_utils - INFO - 计算列 ['column16'] 和列 column10 之间的φ²: 0.000849455449476892
2025-06-09 11:31:36 - rule_mining.Correlation_utils - INFO - 计算列 ['column16'] 和列 column10 之间的相关性 (φ²): 0.0
2025-06-09 11:31:36 - rule_mining.Correlation_utils - INFO - 计算列 ['column17'] 和列 column10 之间的φ²: 0.0010264446780025764
2025-06-09 11:31:36 - rule_mining.Correlation_utils - INFO - 计算列 ['column17'] 和列 column10 之间的相关性 (φ²): 2.622084288668405e-05
2025-06-09 11:31:36 - rule_mining.Correlation_utils - INFO - 计算列 ['column18'] 和列 column10 之间的φ²: 0.0010237641626524407
2025-06-09 11:31:36 - rule_mining.Correlation_utils - INFO - 计算列 ['column18'] 和列 column10 之间的相关性 (φ²): 2.3537643666360437e-05
2025-06-09 11:31:36 - rule_mining.Correlation_utils - INFO - 计算列 ['column19'] 和列 column10 之间的φ²: 0.0005528567270691837
2025-06-09 11:31:36 - rule_mining.Correlation_utils - INFO - 计算列 ['column19'] 和列 column10 之间的相关性 (φ²): 0.0
2025-06-09 11:31:36 - rule_mining.Correlation_utils - INFO - 计算列 ['column20'] 和列 column10 之间的φ²: 0.0012371535477079191
2025-06-09 11:31:36 - rule_mining.Correlation_utils - INFO - 计算列 ['column20'] 和列 column10 之间的相关性 (φ²): 0.00023714068517746386
2025-06-09 11:31:36 - Cafd - INFO - Processing search space: <SearchSpace_bit.SearchSpace object at 0x000002A980176A90>
2025-06-09 11:31:36 - SearchSpace_bit - INFO - 从全局结论表中命中缓存: column1->column11
2025-06-09 11:31:36 - SearchSpace_bit - INFO - 从全局结论表中命中缓存: column2->column11
2025-06-09 11:31:36 - SearchSpace_bit - INFO - 从全局结论表中命中缓存: column3->column11
2025-06-09 11:31:36 - SearchSpace_bit - INFO - 从全局结论表中命中缓存: column4->column11
2025-06-09 11:31:36 - SearchSpace_bit - INFO - 从全局结论表中命中缓存: column5->column11
2025-06-09 11:31:36 - SearchSpace_bit - INFO - 从全局结论表中命中缓存: column6->column11
2025-06-09 11:31:36 - SearchSpace_bit - INFO - 从全局结论表中命中缓存: column7->column11
2025-06-09 11:31:36 - SearchSpace_bit - INFO - 从全局结论表中命中缓存: column8->column11
2025-06-09 11:31:36 - SearchSpace_bit - INFO - 从全局结论表中命中缓存: column9->column11
2025-06-09 11:31:36 - SearchSpace_bit - INFO - 从全局结论表中命中缓存: column10->column11
2025-06-09 11:31:36 - rule_mining.Correlation_utils - INFO - 计算列 ['column12'] 和列 column11 之间的φ²: 0.241381099465763
2025-06-09 11:31:36 - rule_mining.Correlation_utils - INFO - 计算列 ['column12'] 和列 column11 之间的相关性 (φ²): 0.24043140129283583
2025-06-09 11:31:36 - rule_mining.Correlation_utils - INFO - 计算列 ['column13'] 和列 column11 之间的φ²: 0.2048879243823763
2025-06-09 11:31:36 - rule_mining.Correlation_utils - INFO - 计算列 ['column13'] 和列 column11 之间的相关性 (φ²): 0.20389254121310035
2025-06-09 11:31:36 - rule_mining.Correlation_utils - INFO - 计算列 ['column14'] 和列 column11 之间的φ²: 0.0015232310957027267
2025-06-09 11:31:36 - rule_mining.Correlation_utils - INFO - 计算列 ['column14'] 和列 column11 之间的相关性 (φ²): 0.0002732601781960952
2025-06-09 11:31:36 - rule_mining.Correlation_utils - INFO - 计算列 ['column15'] 和列 column11 之间的φ²: 0.0011782962427666632
2025-06-09 11:31:36 - rule_mining.Correlation_utils - INFO - 计算列 ['column15'] 和列 column11 之间的相关性 (φ²): 0.0
2025-06-09 11:31:36 - rule_mining.Correlation_utils - INFO - 计算列 ['column16'] 和列 column11 之间的φ²: 0.001128127338008966
2025-06-09 11:31:36 - rule_mining.Correlation_utils - INFO - 计算列 ['column16'] 和列 column11 之间的相关性 (φ²): 0.0
2025-06-09 11:31:36 - rule_mining.Correlation_utils - INFO - 计算列 ['column17'] 和列 column11 之间的φ²: 0.0007313553069238594
2025-06-09 11:31:36 - rule_mining.Correlation_utils - INFO - 计算列 ['column17'] 和列 column11 之间的相关性 (φ²): 0.0
2025-06-09 11:31:36 - rule_mining.Correlation_utils - INFO - 计算列 ['column18'] 和列 column11 之间的φ²: 0.001637162463954894
2025-06-09 11:31:36 - rule_mining.Correlation_utils - INFO - 计算列 ['column18'] 和列 column11 之间的相关性 (φ²): 0.0003873341746008065
2025-06-09 11:31:36 - rule_mining.Correlation_utils - INFO - 计算列 ['column19'] 和列 column11 之间的φ²: 0.0007929056747199184
2025-06-09 11:31:36 - rule_mining.Correlation_utils - INFO - 计算列 ['column19'] 和列 column11 之间的相关性 (φ²): 0.0
2025-06-09 11:31:36 - rule_mining.Correlation_utils - INFO - 计算列 ['column20'] 和列 column11 之间的φ²: 0.001633528315285389
2025-06-09 11:31:36 - rule_mining.Correlation_utils - INFO - 计算列 ['column20'] 和列 column11 之间的相关性 (φ²): 0.0003836954764211994
2025-06-09 11:31:36 - rule_mining.Correlation_utils - INFO - 计算列 ['column9', 'column10'] 和列 column11 之间的φ²: 0.16652530458031148
2025-06-09 11:31:36 - rule_mining.Correlation_utils - INFO - 计算列 ['column9', 'column10'] 和列 column11 之间的相关性 (φ²): 0.16254640528056924
2025-06-09 11:31:36 - rule_mining.Correlation_utils - INFO - 计算列 ['column9', 'column12'] 和列 column11 之间的φ²: 0.22778125494881005
2025-06-09 11:31:36 - rule_mining.Correlation_utils - INFO - 计算列 ['column9', 'column12'] 和列 column11 之间的相关性 (φ²): 0.22409478355283702
2025-06-09 11:31:36 - rule_mining.Correlation_utils - INFO - 计算列 ['column10', 'column12'] 和列 column11 之间的φ²: 0.2403500559673873
2025-06-09 11:31:36 - rule_mining.Correlation_utils - INFO - 计算列 ['column10', 'column12'] 和列 column11 之间的相关性 (φ²): 0.2357634902675677
2025-06-09 11:31:36 - rule_mining.Correlation_utils - INFO - 计算列 ['column9', 'column13'] 和列 column11 之间的φ²: 0.19202378043465623
2025-06-09 11:31:36 - rule_mining.Correlation_utils - INFO - 计算列 ['column9', 'column13'] 和列 column11 之间的相关性 (φ²): 0.18816660752718348
2025-06-09 11:31:36 - rule_mining.Correlation_utils - INFO - 计算列 ['column10', 'column13'] 和列 column11 之间的φ²: 0.21051984845858104
2025-06-09 11:31:36 - rule_mining.Correlation_utils - INFO - 计算列 ['column10', 'column13'] 和列 column11 之间的相关性 (φ²): 0.20575317584550076
2025-06-09 11:31:36 - rule_mining.Correlation_utils - INFO - 计算列 ['column12', 'column13'] 和列 column11 之间的φ²: 0.3861654859524328
2025-06-09 11:31:36 - rule_mining.Correlation_utils - INFO - 计算列 ['column12', 'column13'] 和列 column11 之间的相关性 (φ²): 0.3824593153015795
2025-06-09 11:31:36 - rule_mining.Correlation_utils - WARNING - 期望分布频数表不符合要求，无法计算相关性。
2025-06-09 11:31:36 - rule_mining.Correlation_utils - WARNING - 期望分布频数表不符合要求，无法计算相关性。
2025-06-09 11:31:36 - rule_mining.Correlation_utils - WARNING - 期望分布频数表不符合要求，无法计算相关性。
2025-06-09 11:31:36 - rule_mining.Correlation_utils - WARNING - 期望分布频数表不符合要求，无法计算相关性。
2025-06-09 11:31:36 - Cafd - INFO - Processing search space: <SearchSpace_bit.SearchSpace object at 0x000002A980176C10>
2025-06-09 11:31:36 - SearchSpace_bit - INFO - 从全局结论表中命中缓存: column1->column12
2025-06-09 11:31:36 - SearchSpace_bit - INFO - 从全局结论表中命中缓存: column2->column12
2025-06-09 11:31:36 - SearchSpace_bit - INFO - 从全局结论表中命中缓存: column3->column12
2025-06-09 11:31:36 - SearchSpace_bit - INFO - 从全局结论表中命中缓存: column4->column12
2025-06-09 11:31:36 - SearchSpace_bit - INFO - 从全局结论表中命中缓存: column5->column12
2025-06-09 11:31:36 - SearchSpace_bit - INFO - 从全局结论表中命中缓存: column6->column12
2025-06-09 11:31:36 - SearchSpace_bit - INFO - 从全局结论表中命中缓存: column7->column12
2025-06-09 11:31:36 - SearchSpace_bit - INFO - 从全局结论表中命中缓存: column8->column12
2025-06-09 11:31:36 - SearchSpace_bit - INFO - 从全局结论表中命中缓存: column9->column12
2025-06-09 11:31:36 - SearchSpace_bit - INFO - 从全局结论表中命中缓存: column10->column12
2025-06-09 11:31:36 - SearchSpace_bit - INFO - 从全局结论表中命中缓存: column11->column12
2025-06-09 11:31:36 - rule_mining.Correlation_utils - INFO - 计算列 ['column13'] 和列 column12 之间的φ²: 0.0438811208205438
2025-06-09 11:31:36 - rule_mining.Correlation_utils - INFO - 计算列 ['column13'] 和列 column12 之间的相关性 (φ²): 0.04292380529695987
2025-06-09 11:31:36 - rule_mining.Correlation_utils - INFO - 计算列 ['column14'] 和列 column12 之间的φ²: 0.0012068439776255673
2025-06-09 11:31:36 - rule_mining.Correlation_utils - INFO - 计算列 ['column14'] 和列 column12 之间的相关性 (φ²): 0.0002068007675906491
2025-06-09 11:31:36 - rule_mining.Correlation_utils - INFO - 计算列 ['column15'] 和列 column12 之间的φ²: 0.0009888768908031694
2025-06-09 11:31:36 - rule_mining.Correlation_utils - INFO - 计算列 ['column15'] 和列 column12 之间的相关性 (φ²): 0.0
2025-06-09 11:31:36 - rule_mining.Correlation_utils - INFO - 计算列 ['column16'] 和列 column12 之间的φ²: 0.0006697194287371246
2025-06-09 11:31:36 - rule_mining.Correlation_utils - INFO - 计算列 ['column16'] 和列 column12 之间的相关性 (φ²): 0.0
2025-06-09 11:31:36 - rule_mining.Correlation_utils - INFO - 计算列 ['column17'] 和列 column12 之间的φ²: 0.000582534918529035
2025-06-09 11:31:36 - rule_mining.Correlation_utils - INFO - 计算列 ['column17'] 和列 column12 之间的相关性 (φ²): 0.0
2025-06-09 11:31:36 - rule_mining.Correlation_utils - INFO - 计算列 ['column18'] 和列 column12 之间的φ²: 0.000642531521604667
2025-06-09 11:31:36 - rule_mining.Correlation_utils - INFO - 计算列 ['column18'] 和列 column12 之间的相关性 (φ²): 0.0
2025-06-09 11:31:36 - rule_mining.Correlation_utils - INFO - 计算列 ['column19'] 和列 column12 之间的φ²: 0.000686833425658591
2025-06-09 11:31:36 - rule_mining.Correlation_utils - INFO - 计算列 ['column19'] 和列 column12 之间的相关性 (φ²): 0.0
2025-06-09 11:31:36 - rule_mining.Correlation_utils - INFO - 计算列 ['column20'] 和列 column12 之间的φ²: 0.0007999689002634795
2025-06-09 11:31:36 - rule_mining.Correlation_utils - INFO - 计算列 ['column20'] 和列 column12 之间的相关性 (φ²): 0.0
2025-06-09 11:31:36 - rule_mining.Correlation_utils - INFO - 计算列 ['column11', 'column13'] 和列 column12 之间的φ²: 0.24715205697106227
2025-06-09 11:31:36 - rule_mining.Correlation_utils - INFO - 计算列 ['column11', 'column13'] 和列 column12 之间的相关性 (φ²): 0.2418436353128376
2025-06-09 11:31:36 - Cafd - INFO - Processing search space: <SearchSpace_bit.SearchSpace object at 0x000002A980176CD0>
2025-06-09 11:31:36 - SearchSpace_bit - INFO - 从全局结论表中命中缓存: column1->column13
2025-06-09 11:31:36 - SearchSpace_bit - INFO - 从全局结论表中命中缓存: column2->column13
2025-06-09 11:31:36 - SearchSpace_bit - INFO - 从全局结论表中命中缓存: column3->column13
2025-06-09 11:31:36 - SearchSpace_bit - INFO - 从全局结论表中命中缓存: column4->column13
2025-06-09 11:31:36 - SearchSpace_bit - INFO - 从全局结论表中命中缓存: column5->column13
2025-06-09 11:31:36 - SearchSpace_bit - INFO - 从全局结论表中命中缓存: column6->column13
2025-06-09 11:31:36 - SearchSpace_bit - INFO - 从全局结论表中命中缓存: column7->column13
2025-06-09 11:31:36 - SearchSpace_bit - INFO - 从全局结论表中命中缓存: column8->column13
2025-06-09 11:31:36 - SearchSpace_bit - INFO - 从全局结论表中命中缓存: column9->column13
2025-06-09 11:31:36 - SearchSpace_bit - INFO - 从全局结论表中命中缓存: column10->column13
2025-06-09 11:31:36 - SearchSpace_bit - INFO - 从全局结论表中命中缓存: column11->column13
2025-06-09 11:31:36 - SearchSpace_bit - INFO - 从全局结论表中命中缓存: column12->column13
2025-06-09 11:31:36 - rule_mining.Correlation_utils - INFO - 计算列 ['column14'] 和列 column13 之间的φ²: 0.0008287879255010467
2025-06-09 11:31:36 - rule_mining.Correlation_utils - INFO - 计算列 ['column14'] 和列 column13 之间的相关性 (φ²): 0.0
2025-06-09 11:31:36 - rule_mining.Correlation_utils - INFO - 计算列 ['column15'] 和列 column13 之间的φ²: 0.0010406807049983798
2025-06-09 11:31:36 - rule_mining.Correlation_utils - INFO - 计算列 ['column15'] 和列 column13 之间的相关性 (φ²): 4.0471123726788546e-05
2025-06-09 11:31:36 - rule_mining.Correlation_utils - INFO - 计算列 ['column16'] 和列 column13 之间的φ²: 0.0008560929268101063
2025-06-09 11:31:36 - rule_mining.Correlation_utils - INFO - 计算列 ['column16'] 和列 column13 之间的相关性 (φ²): 0.0
2025-06-09 11:31:36 - rule_mining.Correlation_utils - INFO - 计算列 ['column17'] 和列 column13 之间的φ²: 0.0007287288887857812
2025-06-09 11:31:36 - rule_mining.Correlation_utils - INFO - 计算列 ['column17'] 和列 column13 之间的相关性 (φ²): 0.0
2025-06-09 11:31:36 - rule_mining.Correlation_utils - INFO - 计算列 ['column18'] 和列 column13 之间的φ²: 0.0007859049286077777
2025-06-09 11:31:36 - rule_mining.Correlation_utils - INFO - 计算列 ['column18'] 和列 column13 之间的相关性 (φ²): 0.0
2025-06-09 11:31:36 - rule_mining.Correlation_utils - INFO - 计算列 ['column19'] 和列 column13 之间的φ²: 0.0006190640673542873
2025-06-09 11:31:36 - rule_mining.Correlation_utils - INFO - 计算列 ['column19'] 和列 column13 之间的相关性 (φ²): 0.0
2025-06-09 11:31:36 - rule_mining.Correlation_utils - INFO - 计算列 ['column20'] 和列 column13 之间的φ²: 0.0008982352050403221
2025-06-09 11:31:36 - rule_mining.Correlation_utils - INFO - 计算列 ['column20'] 和列 column13 之间的相关性 (φ²): 0.0
2025-06-09 11:31:36 - rule_mining.Correlation_utils - INFO - 计算列 ['column11', 'column12'] 和列 column13 之间的φ²: 0.20954511480139706
2025-06-09 11:31:36 - rule_mining.Correlation_utils - INFO - 计算列 ['column11', 'column12'] 和列 column13 之间的相关性 (φ²): 0.20437224115046232
2025-06-09 11:31:36 - Cafd - INFO - Processing search space: <SearchSpace_bit.SearchSpace object at 0x000002A980176D60>
2025-06-09 11:31:36 - SearchSpace_bit - INFO - 从全局结论表中命中缓存: column1->column14
2025-06-09 11:31:36 - SearchSpace_bit - INFO - 从全局结论表中命中缓存: column2->column14
2025-06-09 11:31:36 - SearchSpace_bit - INFO - 从全局结论表中命中缓存: column3->column14
2025-06-09 11:31:36 - SearchSpace_bit - INFO - 从全局结论表中命中缓存: column4->column14
2025-06-09 11:31:36 - SearchSpace_bit - INFO - 从全局结论表中命中缓存: column5->column14
2025-06-09 11:31:36 - SearchSpace_bit - INFO - 从全局结论表中命中缓存: column6->column14
2025-06-09 11:31:36 - SearchSpace_bit - INFO - 从全局结论表中命中缓存: column7->column14
2025-06-09 11:31:36 - SearchSpace_bit - INFO - 从全局结论表中命中缓存: column8->column14
2025-06-09 11:31:36 - SearchSpace_bit - INFO - 从全局结论表中命中缓存: column9->column14
2025-06-09 11:31:36 - SearchSpace_bit - INFO - 从全局结论表中命中缓存: column10->column14
2025-06-09 11:31:36 - SearchSpace_bit - INFO - 从全局结论表中命中缓存: column11->column14
2025-06-09 11:31:36 - SearchSpace_bit - INFO - 从全局结论表中命中缓存: column12->column14
2025-06-09 11:31:36 - SearchSpace_bit - INFO - 从全局结论表中命中缓存: column13->column14
2025-06-09 11:31:36 - rule_mining.Correlation_utils - INFO - 计算列 ['column15'] 和列 column14 之间的φ²: 0.03666643593661598
2025-06-09 11:31:36 - rule_mining.Correlation_utils - INFO - 计算列 ['column15'] 和列 column14 之间的相关性 (φ²): 0.03570189669850496
2025-06-09 11:31:36 - rule_mining.Correlation_utils - INFO - 计算列 ['column16'] 和列 column14 之间的φ²: 0.0008960748313780016
2025-06-09 11:31:36 - rule_mining.Correlation_utils - INFO - 计算列 ['column16'] 和列 column14 之间的相关性 (φ²): 0.0
2025-06-09 11:31:36 - rule_mining.Correlation_utils - INFO - 计算列 ['column17'] 和列 column14 之间的φ²: 0.0008607370552808504
2025-06-09 11:31:36 - rule_mining.Correlation_utils - INFO - 计算列 ['column17'] 和列 column14 之间的相关性 (φ²): 0.0
2025-06-09 11:31:36 - rule_mining.Correlation_utils - INFO - 计算列 ['column18'] 和列 column14 之间的φ²: 0.0008451269922290408
2025-06-09 11:31:36 - rule_mining.Correlation_utils - INFO - 计算列 ['column18'] 和列 column14 之间的相关性 (φ²): 0.0
2025-06-09 11:31:36 - rule_mining.Correlation_utils - INFO - 计算列 ['column19'] 和列 column14 之间的φ²: 0.0006118622396289197
2025-06-09 11:31:36 - rule_mining.Correlation_utils - INFO - 计算列 ['column19'] 和列 column14 之间的相关性 (φ²): 0.0
2025-06-09 11:31:36 - rule_mining.Correlation_utils - INFO - 计算列 ['column20'] 和列 column14 之间的φ²: 0.0006396647302923952
2025-06-09 11:31:36 - rule_mining.Correlation_utils - INFO - 计算列 ['column20'] 和列 column14 之间的相关性 (φ²): 0.0
2025-06-09 11:31:36 - rule_mining.Correlation_utils - INFO - 计算列 ['column1', 'column2'] 和列 column14 之间的φ²: 0.2716747428110466
2025-06-09 11:31:36 - rule_mining.Correlation_utils - INFO - 计算列 ['column1', 'column2'] 和列 column14 之间的相关性 (φ²): 0.21831113701056773
2025-06-09 11:31:36 - rule_mining.Correlation_utils - INFO - 计算列 ['column1', 'column15'] 和列 column14 之间的φ²: 0.2708257308505757
2025-06-09 11:31:36 - rule_mining.Correlation_utils - INFO - 计算列 ['column1', 'column15'] 和列 column14 之间的相关性 (φ²): 0.18274442199312002
2025-06-09 11:31:36 - rule_mining.Correlation_utils - INFO - 计算列 ['column2', 'column15'] 和列 column14 之间的φ²: 0.22490962156306898
2025-06-09 11:31:36 - rule_mining.Correlation_utils - INFO - 计算列 ['column2', 'column15'] 和列 column14 之间的相关性 (φ²): 0.21885422798153045
2025-06-09 11:31:36 - rule_mining.Correlation_utils - WARNING - 期望分布频数表不符合要求，无法计算相关性。
2025-06-09 11:31:36 - Cafd - INFO - Processing search space: <SearchSpace_bit.SearchSpace object at 0x000002A980176DF0>
2025-06-09 11:31:36 - SearchSpace_bit - INFO - 从全局结论表中命中缓存: column1->column15
2025-06-09 11:31:36 - SearchSpace_bit - INFO - 从全局结论表中命中缓存: column2->column15
2025-06-09 11:31:36 - SearchSpace_bit - INFO - 从全局结论表中命中缓存: column3->column15
2025-06-09 11:31:36 - SearchSpace_bit - INFO - 从全局结论表中命中缓存: column4->column15
2025-06-09 11:31:36 - SearchSpace_bit - INFO - 从全局结论表中命中缓存: column5->column15
2025-06-09 11:31:36 - SearchSpace_bit - INFO - 从全局结论表中命中缓存: column6->column15
2025-06-09 11:31:36 - SearchSpace_bit - INFO - 从全局结论表中命中缓存: column7->column15
2025-06-09 11:31:36 - SearchSpace_bit - INFO - 从全局结论表中命中缓存: column8->column15
2025-06-09 11:31:36 - SearchSpace_bit - INFO - 从全局结论表中命中缓存: column9->column15
2025-06-09 11:31:36 - SearchSpace_bit - INFO - 从全局结论表中命中缓存: column10->column15
2025-06-09 11:31:36 - SearchSpace_bit - INFO - 从全局结论表中命中缓存: column11->column15
2025-06-09 11:31:36 - SearchSpace_bit - INFO - 从全局结论表中命中缓存: column12->column15
2025-06-09 11:31:36 - SearchSpace_bit - INFO - 从全局结论表中命中缓存: column13->column15
2025-06-09 11:31:36 - SearchSpace_bit - INFO - 从全局结论表中命中缓存: column14->column15
2025-06-09 11:31:36 - rule_mining.Correlation_utils - INFO - 计算列 ['column16'] 和列 column15 之间的φ²: 0.0005849255037721548
2025-06-09 11:31:36 - rule_mining.Correlation_utils - INFO - 计算列 ['column16'] 和列 column15 之间的相关性 (φ²): 0.0
2025-06-09 11:31:36 - rule_mining.Correlation_utils - INFO - 计算列 ['column17'] 和列 column15 之间的φ²: 0.001125842570362778
2025-06-09 11:31:36 - rule_mining.Correlation_utils - INFO - 计算列 ['column17'] 和列 column15 之间的相关性 (φ²): 0.00012571825754211484
2025-06-09 11:31:36 - rule_mining.Correlation_utils - INFO - 计算列 ['column18'] 和列 column15 之间的φ²: 0.0008910795654218475
2025-06-09 11:31:36 - rule_mining.Correlation_utils - INFO - 计算列 ['column18'] 和列 column15 之间的相关性 (φ²): 0.0
2025-06-09 11:31:36 - rule_mining.Correlation_utils - INFO - 计算列 ['column19'] 和列 column15 之间的φ²: 0.000604914368363751
2025-06-09 11:31:36 - rule_mining.Correlation_utils - INFO - 计算列 ['column19'] 和列 column15 之间的相关性 (φ²): 0.0
2025-06-09 11:31:36 - rule_mining.Correlation_utils - INFO - 计算列 ['column20'] 和列 column15 之间的φ²: 0.0008041156346348828
2025-06-09 11:31:36 - rule_mining.Correlation_utils - INFO - 计算列 ['column20'] 和列 column15 之间的相关性 (φ²): 0.0
2025-06-09 11:31:36 - rule_mining.Correlation_utils - INFO - 计算列 ['column1', 'column2'] 和列 column15 之间的φ²: 0.2530834943050818
2025-06-09 11:31:36 - rule_mining.Correlation_utils - INFO - 计算列 ['column1', 'column2'] 和列 column15 之间的相关性 (φ²): 0.19835772778476174
2025-06-09 11:31:36 - rule_mining.Correlation_utils - INFO - 计算列 ['column1', 'column14'] 和列 column15 之间的φ²: 0.25671498792172126
2025-06-09 11:31:36 - rule_mining.Correlation_utils - INFO - 计算列 ['column1', 'column14'] 和列 column15 之间的相关性 (φ²): 0.16786204834797405
2025-06-09 11:31:36 - rule_mining.Correlation_utils - INFO - 计算列 ['column2', 'column14'] 和列 column15 之间的φ²: 0.21018719334004896
2025-06-09 11:31:36 - rule_mining.Correlation_utils - INFO - 计算列 ['column2', 'column14'] 和列 column15 之间的相关性 (φ²): 0.2036153772483247
2025-06-09 11:31:36 - rule_mining.Correlation_utils - WARNING - 期望分布频数表不符合要求，无法计算相关性。
2025-06-09 11:31:36 - Cafd - INFO - Processing search space: <SearchSpace_bit.SearchSpace object at 0x000002A980176E80>
2025-06-09 11:31:36 - SearchSpace_bit - INFO - 从全局结论表中命中缓存: column1->column16
2025-06-09 11:31:36 - SearchSpace_bit - INFO - 从全局结论表中命中缓存: column2->column16
2025-06-09 11:31:36 - SearchSpace_bit - INFO - 从全局结论表中命中缓存: column3->column16
2025-06-09 11:31:36 - SearchSpace_bit - INFO - 从全局结论表中命中缓存: column4->column16
2025-06-09 11:31:36 - SearchSpace_bit - INFO - 从全局结论表中命中缓存: column5->column16
2025-06-09 11:31:36 - SearchSpace_bit - INFO - 从全局结论表中命中缓存: column6->column16
2025-06-09 11:31:36 - SearchSpace_bit - INFO - 从全局结论表中命中缓存: column7->column16
2025-06-09 11:31:36 - SearchSpace_bit - INFO - 从全局结论表中命中缓存: column8->column16
2025-06-09 11:31:36 - SearchSpace_bit - INFO - 从全局结论表中命中缓存: column9->column16
2025-06-09 11:31:36 - SearchSpace_bit - INFO - 从全局结论表中命中缓存: column10->column16
2025-06-09 11:31:36 - SearchSpace_bit - INFO - 从全局结论表中命中缓存: column11->column16
2025-06-09 11:31:36 - SearchSpace_bit - INFO - 从全局结论表中命中缓存: column12->column16
2025-06-09 11:31:36 - SearchSpace_bit - INFO - 从全局结论表中命中缓存: column13->column16
2025-06-09 11:31:36 - SearchSpace_bit - INFO - 从全局结论表中命中缓存: column14->column16
2025-06-09 11:31:36 - SearchSpace_bit - INFO - 从全局结论表中命中缓存: column15->column16
2025-06-09 11:31:36 - rule_mining.Correlation_utils - INFO - 计算列 ['column17'] 和列 column16 之间的φ²: 0.07198747182677977
2025-06-09 11:31:36 - rule_mining.Correlation_utils - INFO - 计算列 ['column17'] 和列 column16 之间的相关性 (φ²): 0.07105829783111196
2025-06-09 11:31:36 - rule_mining.Correlation_utils - INFO - 计算列 ['column18'] 和列 column16 之间的φ²: 0.00036931986127993355
2025-06-09 11:31:36 - rule_mining.Correlation_utils - INFO - 计算列 ['column18'] 和列 column16 之间的相关性 (φ²): 0.0
2025-06-09 11:31:36 - rule_mining.Correlation_utils - INFO - 计算列 ['column19'] 和列 column16 之间的φ²: 0.0007969503260142119
2025-06-09 11:31:36 - rule_mining.Correlation_utils - INFO - 计算列 ['column19'] 和列 column16 之间的相关性 (φ²): 0.0
2025-06-09 11:31:36 - rule_mining.Correlation_utils - INFO - 计算列 ['column20'] 和列 column16 之间的φ²: 0.0017724184301647198
2025-06-09 11:31:36 - rule_mining.Correlation_utils - INFO - 计算列 ['column20'] 和列 column16 之间的相关性 (φ²): 0.0007729415024352225
2025-06-09 11:31:36 - rule_mining.Correlation_utils - INFO - 计算列 ['column5', 'column6'] 和列 column16 之间的φ²: 0.19077882125530896
2025-06-09 11:31:36 - rule_mining.Correlation_utils - INFO - 计算列 ['column5', 'column6'] 和列 column16 之间的相关性 (φ²): 0.1702370528717899
2025-06-09 11:31:36 - rule_mining.Correlation_utils - INFO - 计算列 ['column5', 'column7'] 和列 column16 之间的φ²: 0.2426149797961639
2025-06-09 11:31:36 - rule_mining.Correlation_utils - INFO - 计算列 ['column5', 'column7'] 和列 column16 之间的相关性 (φ²): 0.22735135311348453
2025-06-09 11:31:36 - rule_mining.Correlation_utils - INFO - 计算列 ['column6', 'column7'] 和列 column16 之间的φ²: 0.2316197108630051
2025-06-09 11:31:36 - rule_mining.Correlation_utils - INFO - 计算列 ['column6', 'column7'] 和列 column16 之间的相关性 (φ²): 0.22795156375405964
2025-06-09 11:31:36 - rule_mining.Correlation_utils - INFO - 计算列 ['column5', 'column17'] 和列 column16 之间的φ²: 0.10185365468591942
2025-06-09 11:31:36 - rule_mining.Correlation_utils - INFO - 计算列 ['column5', 'column17'] 和列 column16 之间的相关性 (φ²): 0.07905455515102353
2025-06-09 11:31:36 - rule_mining.Correlation_utils - INFO - 计算列 ['column6', 'column17'] 和列 column16 之间的φ²: 0.08778901359752916
2025-06-09 11:31:36 - rule_mining.Correlation_utils - INFO - 计算列 ['column6', 'column17'] 和列 column16 之间的相关性 (φ²): 0.08228132462302368
2025-06-09 11:31:36 - rule_mining.Correlation_utils - INFO - 计算列 ['column7', 'column17'] 和列 column16 之间的φ²: 0.2320794738825366
2025-06-09 11:31:36 - rule_mining.Correlation_utils - INFO - 计算列 ['column7', 'column17'] 和列 column16 之间的相关性 (φ²): 0.22841352162217685
2025-06-09 11:31:36 - rule_mining.Correlation_utils - WARNING - 期望分布频数表不符合要求，无法计算相关性。
2025-06-09 11:31:36 - rule_mining.Correlation_utils - WARNING - 期望分布频数表不符合要求，无法计算相关性。
2025-06-09 11:31:36 - rule_mining.Correlation_utils - WARNING - 期望分布频数表不符合要求，无法计算相关性。
2025-06-09 11:31:36 - rule_mining.Correlation_utils - WARNING - 期望分布频数表不符合要求，无法计算相关性。
2025-06-09 11:31:36 - Cafd - INFO - Processing search space: <SearchSpace_bit.SearchSpace object at 0x000002A980176F10>
2025-06-09 11:31:36 - SearchSpace_bit - INFO - 从全局结论表中命中缓存: column1->column17
2025-06-09 11:31:36 - SearchSpace_bit - INFO - 从全局结论表中命中缓存: column2->column17
2025-06-09 11:31:36 - SearchSpace_bit - INFO - 从全局结论表中命中缓存: column3->column17
2025-06-09 11:31:36 - SearchSpace_bit - INFO - 从全局结论表中命中缓存: column4->column17
2025-06-09 11:31:36 - SearchSpace_bit - INFO - 从全局结论表中命中缓存: column5->column17
2025-06-09 11:31:36 - SearchSpace_bit - INFO - 从全局结论表中命中缓存: column6->column17
2025-06-09 11:31:36 - SearchSpace_bit - INFO - 从全局结论表中命中缓存: column7->column17
2025-06-09 11:31:36 - SearchSpace_bit - INFO - 从全局结论表中命中缓存: column8->column17
2025-06-09 11:31:36 - SearchSpace_bit - INFO - 从全局结论表中命中缓存: column9->column17
2025-06-09 11:31:36 - SearchSpace_bit - INFO - 从全局结论表中命中缓存: column10->column17
2025-06-09 11:31:36 - SearchSpace_bit - INFO - 从全局结论表中命中缓存: column11->column17
2025-06-09 11:31:36 - SearchSpace_bit - INFO - 从全局结论表中命中缓存: column12->column17
2025-06-09 11:31:36 - SearchSpace_bit - INFO - 从全局结论表中命中缓存: column13->column17
2025-06-09 11:31:36 - SearchSpace_bit - INFO - 从全局结论表中命中缓存: column14->column17
2025-06-09 11:31:36 - SearchSpace_bit - INFO - 从全局结论表中命中缓存: column15->column17
2025-06-09 11:31:36 - SearchSpace_bit - INFO - 从全局结论表中命中缓存: column16->column17
2025-06-09 11:31:36 - rule_mining.Correlation_utils - INFO - 计算列 ['column18'] 和列 column17 之间的φ²: 0.0006255465717340201
2025-06-09 11:31:36 - rule_mining.Correlation_utils - INFO - 计算列 ['column18'] 和列 column17 之间的相关性 (φ²): 0.0
2025-06-09 11:31:36 - rule_mining.Correlation_utils - INFO - 计算列 ['column19'] 和列 column17 之间的φ²: 0.001180281632887926
2025-06-09 11:31:36 - rule_mining.Correlation_utils - INFO - 计算列 ['column19'] 和列 column17 之间的相关性 (φ²): 0.00018021182726378354
2025-06-09 11:31:36 - rule_mining.Correlation_utils - INFO - 计算列 ['column20'] 和列 column17 之间的φ²: 0.0008894830480199403
2025-06-09 11:31:36 - rule_mining.Correlation_utils - INFO - 计算列 ['column20'] 和列 column17 之间的相关性 (φ²): 0.0
2025-06-09 11:31:37 - rule_mining.Correlation_utils - INFO - 计算列 ['column5', 'column6'] 和列 column17 之间的φ²: 0.19237124113474885
2025-06-09 11:31:37 - rule_mining.Correlation_utils - INFO - 计算列 ['column5', 'column6'] 和列 column17 之间的相关性 (φ²): 0.17186989571740016
2025-06-09 11:31:37 - rule_mining.Correlation_utils - INFO - 计算列 ['column5', 'column7'] 和列 column17 之间的φ²: 0.2385897173584642
2025-06-09 11:31:37 - rule_mining.Correlation_utils - INFO - 计算列 ['column5', 'column7'] 和列 column17 之间的相关性 (φ²): 0.22324496931543325
2025-06-09 11:31:37 - rule_mining.Correlation_utils - INFO - 计算列 ['column6', 'column7'] 和列 column17 之间的φ²: 0.22622377792329132
2025-06-09 11:31:37 - rule_mining.Correlation_utils - INFO - 计算列 ['column6', 'column7'] 和列 column17 之间的相关性 (φ²): 0.22252987133548793
2025-06-09 11:31:37 - rule_mining.Correlation_utils - INFO - 计算列 ['column5', 'column16'] 和列 column17 之间的φ²: 0.11226313664206122
2025-06-09 11:31:37 - rule_mining.Correlation_utils - INFO - 计算列 ['column5', 'column16'] 和列 column17 之间的相关性 (φ²): 0.08972827780297508
2025-06-09 11:31:37 - rule_mining.Correlation_utils - INFO - 计算列 ['column6', 'column16'] 和列 column17 之间的φ²: 0.08639199663331083
2025-06-09 11:31:37 - rule_mining.Correlation_utils - INFO - 计算列 ['column6', 'column16'] 和列 column17 之间的相关性 (φ²): 0.08087587283939875
2025-06-09 11:31:37 - rule_mining.Correlation_utils - INFO - 计算列 ['column7', 'column16'] 和列 column17 之间的φ²: 0.22527018674435714
2025-06-09 11:31:37 - rule_mining.Correlation_utils - INFO - 计算列 ['column7', 'column16'] 和列 column17 之间的相关性 (φ²): 0.22157172783685533
2025-06-09 11:31:37 - rule_mining.Correlation_utils - WARNING - 期望分布频数表不符合要求，无法计算相关性。
2025-06-09 11:31:37 - rule_mining.Correlation_utils - WARNING - 期望分布频数表不符合要求，无法计算相关性。
2025-06-09 11:31:37 - rule_mining.Correlation_utils - WARNING - 期望分布频数表不符合要求，无法计算相关性。
2025-06-09 11:31:37 - rule_mining.Correlation_utils - WARNING - 期望分布频数表不符合要求，无法计算相关性。
2025-06-09 11:31:37 - Cafd - INFO - Processing search space: <SearchSpace_bit.SearchSpace object at 0x000002A980176FA0>
2025-06-09 11:31:37 - SearchSpace_bit - INFO - 从全局结论表中命中缓存: column1->column18
2025-06-09 11:31:37 - SearchSpace_bit - INFO - 从全局结论表中命中缓存: column2->column18
2025-06-09 11:31:37 - SearchSpace_bit - INFO - 从全局结论表中命中缓存: column3->column18
2025-06-09 11:31:37 - SearchSpace_bit - INFO - 从全局结论表中命中缓存: column4->column18
2025-06-09 11:31:37 - SearchSpace_bit - INFO - 从全局结论表中命中缓存: column5->column18
2025-06-09 11:31:37 - SearchSpace_bit - INFO - 从全局结论表中命中缓存: column6->column18
2025-06-09 11:31:37 - SearchSpace_bit - INFO - 从全局结论表中命中缓存: column7->column18
2025-06-09 11:31:37 - SearchSpace_bit - INFO - 从全局结论表中命中缓存: column8->column18
2025-06-09 11:31:37 - SearchSpace_bit - INFO - 从全局结论表中命中缓存: column9->column18
2025-06-09 11:31:37 - SearchSpace_bit - INFO - 从全局结论表中命中缓存: column10->column18
2025-06-09 11:31:37 - SearchSpace_bit - INFO - 从全局结论表中命中缓存: column11->column18
2025-06-09 11:31:37 - SearchSpace_bit - INFO - 从全局结论表中命中缓存: column12->column18
2025-06-09 11:31:37 - SearchSpace_bit - INFO - 从全局结论表中命中缓存: column13->column18
2025-06-09 11:31:37 - SearchSpace_bit - INFO - 从全局结论表中命中缓存: column14->column18
2025-06-09 11:31:37 - SearchSpace_bit - INFO - 从全局结论表中命中缓存: column15->column18
2025-06-09 11:31:37 - SearchSpace_bit - INFO - 从全局结论表中命中缓存: column16->column18
2025-06-09 11:31:37 - SearchSpace_bit - INFO - 从全局结论表中命中缓存: column17->column18
2025-06-09 11:31:37 - rule_mining.Correlation_utils - INFO - 计算列 ['column19'] 和列 column18 之间的φ²: 0.004919877873079486
2025-06-09 11:31:37 - rule_mining.Correlation_utils - INFO - 计算列 ['column19'] 和列 column18 之间的相关性 (φ²): 0.003923552344041267
2025-06-09 11:31:37 - rule_mining.Correlation_utils - INFO - 计算列 ['column20'] 和列 column18 之间的φ²: 0.0015695403422120932
2025-06-09 11:31:37 - rule_mining.Correlation_utils - INFO - 计算列 ['column20'] 和列 column18 之间的相关性 (φ²): 0.0005698602824796396
2025-06-09 11:31:37 - rule_mining.Correlation_utils - INFO - 计算列 ['column3', 'column4'] 和列 column18 之间的φ²: 0.2827781296822341
2025-06-09 11:31:37 - rule_mining.Correlation_utils - INFO - 计算列 ['column3', 'column4'] 和列 column18 之间的相关性 (φ²): 0.2235597565238912
2025-06-09 11:31:37 - Cafd - INFO - Processing search space: <SearchSpace_bit.SearchSpace object at 0x000002A980405070>
2025-06-09 11:31:37 - SearchSpace_bit - INFO - 从全局结论表中命中缓存: column1->column19
2025-06-09 11:31:37 - SearchSpace_bit - INFO - 从全局结论表中命中缓存: column2->column19
2025-06-09 11:31:37 - SearchSpace_bit - INFO - 从全局结论表中命中缓存: column3->column19
2025-06-09 11:31:37 - SearchSpace_bit - INFO - 从全局结论表中命中缓存: column4->column19
2025-06-09 11:31:37 - SearchSpace_bit - INFO - 从全局结论表中命中缓存: column5->column19
2025-06-09 11:31:37 - SearchSpace_bit - INFO - 从全局结论表中命中缓存: column6->column19
2025-06-09 11:31:37 - SearchSpace_bit - INFO - 从全局结论表中命中缓存: column7->column19
2025-06-09 11:31:37 - SearchSpace_bit - INFO - 从全局结论表中命中缓存: column8->column19
2025-06-09 11:31:37 - SearchSpace_bit - INFO - 从全局结论表中命中缓存: column9->column19
2025-06-09 11:31:37 - SearchSpace_bit - INFO - 从全局结论表中命中缓存: column10->column19
2025-06-09 11:31:37 - SearchSpace_bit - INFO - 从全局结论表中命中缓存: column11->column19
2025-06-09 11:31:37 - SearchSpace_bit - INFO - 从全局结论表中命中缓存: column12->column19
2025-06-09 11:31:37 - SearchSpace_bit - INFO - 从全局结论表中命中缓存: column13->column19
2025-06-09 11:31:37 - SearchSpace_bit - INFO - 从全局结论表中命中缓存: column14->column19
2025-06-09 11:31:37 - SearchSpace_bit - INFO - 从全局结论表中命中缓存: column15->column19
2025-06-09 11:31:37 - SearchSpace_bit - INFO - 从全局结论表中命中缓存: column16->column19
2025-06-09 11:31:37 - SearchSpace_bit - INFO - 从全局结论表中命中缓存: column17->column19
2025-06-09 11:31:37 - SearchSpace_bit - INFO - 从全局结论表中命中缓存: column18->column19
2025-06-09 11:31:37 - rule_mining.Correlation_utils - INFO - 计算列 ['column20'] 和列 column19 之间的φ²: 0.0011654550805044153
2025-06-09 11:31:37 - rule_mining.Correlation_utils - INFO - 计算列 ['column20'] 和列 column19 之间的相关性 (φ²): 0.0001653704297715035
2025-06-09 11:31:37 - rule_mining.Correlation_utils - INFO - 计算列 ['column3', 'column4'] 和列 column19 之间的φ²: 0.27735961572479345
2025-06-09 11:31:37 - rule_mining.Correlation_utils - INFO - 计算列 ['column3', 'column4'] 和列 column19 之间的相关性 (φ²): 0.21769385578869763
2025-06-09 11:31:37 - Cafd - INFO - Processing search space: <SearchSpace_bit.SearchSpace object at 0x000002A980405100>
2025-06-09 11:31:37 - SearchSpace_bit - INFO - 从全局结论表中命中缓存: column1->column20
2025-06-09 11:31:37 - SearchSpace_bit - INFO - 从全局结论表中命中缓存: column2->column20
2025-06-09 11:31:37 - SearchSpace_bit - INFO - 从全局结论表中命中缓存: column3->column20
2025-06-09 11:31:37 - SearchSpace_bit - INFO - 从全局结论表中命中缓存: column4->column20
2025-06-09 11:31:37 - SearchSpace_bit - INFO - 从全局结论表中命中缓存: column5->column20
2025-06-09 11:31:37 - SearchSpace_bit - INFO - 从全局结论表中命中缓存: column6->column20
2025-06-09 11:31:37 - SearchSpace_bit - INFO - 从全局结论表中命中缓存: column7->column20
2025-06-09 11:31:37 - SearchSpace_bit - INFO - 从全局结论表中命中缓存: column8->column20
2025-06-09 11:31:37 - SearchSpace_bit - INFO - 从全局结论表中命中缓存: column9->column20
2025-06-09 11:31:37 - SearchSpace_bit - INFO - 从全局结论表中命中缓存: column10->column20
2025-06-09 11:31:37 - SearchSpace_bit - INFO - 从全局结论表中命中缓存: column11->column20
2025-06-09 11:31:37 - SearchSpace_bit - INFO - 从全局结论表中命中缓存: column12->column20
2025-06-09 11:31:37 - SearchSpace_bit - INFO - 从全局结论表中命中缓存: column13->column20
2025-06-09 11:31:37 - SearchSpace_bit - INFO - 从全局结论表中命中缓存: column14->column20
2025-06-09 11:31:37 - SearchSpace_bit - INFO - 从全局结论表中命中缓存: column15->column20
2025-06-09 11:31:37 - SearchSpace_bit - INFO - 从全局结论表中命中缓存: column16->column20
2025-06-09 11:31:37 - SearchSpace_bit - INFO - 从全局结论表中命中缓存: column17->column20
2025-06-09 11:31:37 - SearchSpace_bit - INFO - 从全局结论表中命中缓存: column18->column20
2025-06-09 11:31:37 - SearchSpace_bit - INFO - 从全局结论表中命中缓存: column19->column20
2025-06-09 11:31:37 - Cafd - INFO - Total dependencies found: 4
2025-06-09 11:31:37 - root - INFO - 发现的函数依赖如下：
2025-06-09 11:31:37 - root - INFO - ['column1'] -> column2
2025-06-09 11:31:37 - root - INFO - ['column4'] -> column3
2025-06-09 11:31:37 - root - INFO - ['column3'] -> column4
2025-06-09 11:31:37 - root - INFO - ['column5', 'column6'] -> column7
2025-06-09 11:31:37 - Evaluate_fd - INFO - 评估结果: TP=4, FP=0, FN=1
2025-06-09 11:31:37 - Evaluate_fd - WARNING - 漏报 FD (1 个):
column10,column8,column9->column11
2025-06-09 11:31:37 - root - INFO - Precision: 1.00, Recall: 0.80, F1: 0.89
2025-06-09 11:31:37 - root - INFO - 总运行时长: 1134 ms
2025-06-09 11:31:37 - root - INFO - 结果已保存至: rule_mining\discovered_fd\data_t5k_discovered.txt
