2025-06-09 11:21:56 - root - INFO - 日志配置完成。
2025-06-09 11:21:56 - root - INFO - Config: dataset=data_e10.csv, sample_size=4000, null_equal_null=True
2025-06-09 11:21:56 - root - INFO - 开始执行 CAFD...
2025-06-09 11:21:56 - Cafd - INFO - Executing CAFD on: E:\资料\C-AFD\rule_mining\data\synthetic_data\error\data_e10.csv
2025-06-09 11:21:56 - Cafd - INFO - Using ground truth: E:\资料\C-AFD\rule_mining\groundtruth\synthetic_data\error\data_e10.txt
2025-06-09 11:21:56 - Sampler - INFO - Reading dataset from: E:\资料\C-AFD\rule_mining\data\synthetic_data\error\data_e10.csv
2025-06-09 11:21:56 - Sampler - INFO - 移除全空列：0 / 20
2025-06-09 11:21:56 - Sampler - INFO - 移除单一值列：0 个
2025-06-09 11:21:56 - Sampler - INFO - 移除大于数据集行数 (5000) 的不现实样本量：48 个
2025-06-09 11:21:56 - Sampler - INFO - 最终采样方式 'mode_bin_2000'，样本量: 4000
2025-06-09 11:21:56 - Sampler - INFO - 抽样 4000 行，随机种子：293209130
2025-06-09 11:21:56 - Sampler - INFO - 抽样结果已保存至: rule_mining/data/sample_data/sample_data.csv
2025-06-09 11:21:56 - rule_mining.Incorporate_into - INFO - 所有列的 PLI 更新完成。
2025-06-09 11:21:56 - Cafd - INFO - Processing search space: <SearchSpace_bit.SearchSpace object at 0x000001E912374D60>
2025-06-09 11:21:56 - rule_mining.Correlation_utils - INFO - 计算列 ['column2'] 和列 column1 之间的φ²: 0.773044696509245
2025-06-09 11:21:56 - rule_mining.Correlation_utils - INFO - 计算列 ['column2'] 和列 column1 之间的相关性 (φ²): 0.7672835234206336
2025-06-09 11:21:56 - rule_mining.Correlation_utils - INFO - 行方向得分: 0.0995, 列方向得分: 0.9000
2025-06-09 11:21:56 - rule_mining.Correlation_utils - INFO - 计算列 ['column3'] 和列 column1 之间的φ²: 0.02423310396802537
2025-06-09 11:21:56 - rule_mining.Correlation_utils - INFO - 计算列 ['column3'] 和列 column1 之间的相关性 (φ²): 0.0
2025-06-09 11:21:56 - rule_mining.Correlation_utils - INFO - 计算列 ['column4'] 和列 column1 之间的φ²: 0.02430435171125757
2025-06-09 11:21:56 - rule_mining.Correlation_utils - INFO - 计算列 ['column4'] 和列 column1 之间的相关性 (φ²): 0.0
2025-06-09 11:21:56 - rule_mining.Correlation_utils - INFO - 计算列 ['column5'] 和列 column1 之间的φ²: 0.025352200069070237
2025-06-09 11:21:56 - rule_mining.Correlation_utils - INFO - 计算列 ['column5'] 和列 column1 之间的相关性 (φ²): 0.000611140532362022
2025-06-09 11:21:56 - rule_mining.Correlation_utils - INFO - 计算列 ['column6'] 和列 column1 之间的φ²: 0.023174014695213827
2025-06-09 11:21:56 - rule_mining.Correlation_utils - INFO - 计算列 ['column6'] 和列 column1 之间的相关性 (φ²): 0.0
2025-06-09 11:21:56 - rule_mining.Correlation_utils - INFO - 计算列 ['column7'] 和列 column1 之间的φ²: 0.026111287883917537
2025-06-09 11:21:56 - rule_mining.Correlation_utils - INFO - 计算列 ['column7'] 和列 column1 之间的相关性 (φ²): 0.0013894974994323682
2025-06-09 11:21:56 - rule_mining.Correlation_utils - INFO - 计算列 ['column8'] 和列 column1 之间的φ²: 0.025929995797421612
2025-06-09 11:21:56 - rule_mining.Correlation_utils - INFO - 计算列 ['column8'] 和列 column1 之间的相关性 (φ²): 0.0012036033830484703
2025-06-09 11:21:56 - rule_mining.Correlation_utils - INFO - 计算列 ['column9'] 和列 column1 之间的φ²: 0.027278440224398463
2025-06-09 11:21:56 - rule_mining.Correlation_utils - INFO - 计算列 ['column9'] 和列 column1 之间的相关性 (φ²): 0.002586277553171656
2025-06-09 11:21:56 - rule_mining.Correlation_utils - INFO - 计算列 ['column10'] 和列 column1 之间的φ²: 0.0259310755819331
2025-06-09 11:21:56 - rule_mining.Correlation_utils - INFO - 计算列 ['column10'] 和列 column1 之间的相关性 (φ²): 0.0012047105774744807
2025-06-09 11:21:56 - rule_mining.Correlation_utils - INFO - 计算列 ['column11'] 和列 column1 之间的φ²: 0.0251117511905627
2025-06-09 11:21:56 - rule_mining.Correlation_utils - INFO - 计算列 ['column11'] 和列 column1 之间的相关性 (φ²): 0.00036458795155390776
2025-06-09 11:21:56 - rule_mining.Correlation_utils - INFO - 计算列 ['column12'] 和列 column1 之间的φ²: 0.18706543846660156
2025-06-09 11:21:56 - rule_mining.Correlation_utils - INFO - 计算列 ['column12'] 和列 column1 之间的相关性 (φ²): 0.1664294072892153
2025-06-09 11:21:56 - rule_mining.Correlation_utils - INFO - 计算列 ['column13'] 和列 column1 之间的φ²: 0.177830304571494
2025-06-09 11:21:56 - rule_mining.Correlation_utils - INFO - 计算列 ['column13'] 和列 column1 之间的相关性 (φ²): 0.15695984307215502
2025-06-09 11:21:56 - rule_mining.Correlation_utils - INFO - 计算列 ['column14'] 和列 column1 之间的φ²: 0.024554352954814705
2025-06-09 11:21:56 - rule_mining.Correlation_utils - INFO - 计算列 ['column14'] 和列 column1 之间的相关性 (φ²): 0.0
2025-06-09 11:21:56 - rule_mining.Correlation_utils - INFO - 计算列 ['column15'] 和列 column1 之间的φ²: 0.025629099132854948
2025-06-09 11:21:56 - rule_mining.Correlation_utils - INFO - 计算列 ['column15'] 和列 column1 之间的相关性 (φ²): 0.0008950685723812678
2025-06-09 11:21:56 - rule_mining.Correlation_utils - INFO - 计算列 ['column16'] 和列 column1 之间的φ²: 0.024717411203544145
2025-06-09 11:21:56 - rule_mining.Correlation_utils - INFO - 计算列 ['column16'] 和列 column1 之间的相关性 (φ²): 0.0
2025-06-09 11:21:56 - rule_mining.Correlation_utils - INFO - 计算列 ['column17'] 和列 column1 之间的φ²: 0.024845678235402544
2025-06-09 11:21:56 - rule_mining.Correlation_utils - INFO - 计算列 ['column17'] 和列 column1 之间的相关性 (φ²): 9.176083676276424e-05
2025-06-09 11:21:56 - rule_mining.Correlation_utils - INFO - 计算列 ['column18'] 和列 column1 之间的φ²: 0.022683372806472393
2025-06-09 11:21:56 - rule_mining.Correlation_utils - INFO - 计算列 ['column18'] 和列 column1 之间的相关性 (φ²): 0.0
2025-06-09 11:21:56 - rule_mining.Correlation_utils - INFO - 计算列 ['column19'] 和列 column1 之间的φ²: 0.025144789150530755
2025-06-09 11:21:56 - rule_mining.Correlation_utils - INFO - 计算列 ['column19'] 和列 column1 之间的相关性 (φ²): 0.0003984645674288453
2025-06-09 11:21:56 - rule_mining.Correlation_utils - INFO - 计算列 ['column20'] 和列 column1 之间的φ²: 0.028451968591213073
2025-06-09 11:21:56 - rule_mining.Correlation_utils - INFO - 计算列 ['column20'] 和列 column1 之间的相关性 (φ²): 0.003789595486220791
2025-06-09 11:21:56 - rule_mining.Correlation_utils - INFO - 计算列 ['column12', 'column13'] 和列 column1 之间的φ²: 0.0758768751184989
2025-06-09 11:21:56 - rule_mining.Correlation_utils - INFO - 计算列 ['column12', 'column13'] 和列 column1 之间的相关性 (φ²): 0.0524183650253531
2025-06-09 11:21:56 - Cafd - INFO - Processing search space: <SearchSpace_bit.SearchSpace object at 0x000001E912374FD0>
2025-06-09 11:21:56 - SearchSpace_bit - INFO - 从全局结论表中命中缓存: column1->column2
2025-06-09 11:21:56 - SearchSpace_bit - INFO - 发现函数依赖: ['column1'] -> column2
2025-06-09 11:21:56 - rule_mining.Correlation_utils - INFO - 计算列 ['column3'] 和列 column2 之间的φ²: 0.023310768893488786
2025-06-09 11:21:56 - rule_mining.Correlation_utils - INFO - 计算列 ['column3'] 和列 column2 之间的相关性 (φ²): 0.0
2025-06-09 11:21:56 - rule_mining.Correlation_utils - INFO - 计算列 ['column4'] 和列 column2 之间的φ²: 0.024164506836164775
2025-06-09 11:21:56 - rule_mining.Correlation_utils - INFO - 计算列 ['column4'] 和列 column2 之间的相关性 (φ²): 0.0
2025-06-09 11:21:56 - rule_mining.Correlation_utils - INFO - 计算列 ['column5'] 和列 column2 之间的φ²: 0.004439850015075138
2025-06-09 11:21:56 - rule_mining.Correlation_utils - INFO - 计算列 ['column5'] 和列 column2 之间的相关性 (φ²): 0.0
2025-06-09 11:21:56 - rule_mining.Correlation_utils - INFO - 计算列 ['column6'] 和列 column2 之间的φ²: 0.0007209970283162477
2025-06-09 11:21:56 - rule_mining.Correlation_utils - INFO - 计算列 ['column6'] 和列 column2 之间的相关性 (φ²): 0.0
2025-06-09 11:21:56 - rule_mining.Correlation_utils - INFO - 计算列 ['column7'] 和列 column2 之间的φ²: 0.0009313095683371557
2025-06-09 11:21:56 - rule_mining.Correlation_utils - INFO - 计算列 ['column7'] 和列 column2 之间的相关性 (φ²): 0.0
2025-06-09 11:21:56 - rule_mining.Correlation_utils - INFO - 计算列 ['column8'] 和列 column2 之间的φ²: 0.0008994704625850432
2025-06-09 11:21:56 - rule_mining.Correlation_utils - INFO - 计算列 ['column8'] 和列 column2 之间的相关性 (φ²): 0.0
2025-06-09 11:21:56 - rule_mining.Correlation_utils - INFO - 计算列 ['column9'] 和列 column2 之间的φ²: 0.0006910551025594789
2025-06-09 11:21:56 - rule_mining.Correlation_utils - INFO - 计算列 ['column9'] 和列 column2 之间的相关性 (φ²): 0.0
2025-06-09 11:21:56 - rule_mining.Correlation_utils - INFO - 计算列 ['column10'] 和列 column2 之间的φ²: 0.0010004633053910083
2025-06-09 11:21:56 - rule_mining.Correlation_utils - INFO - 计算列 ['column10'] 和列 column2 之间的相关性 (φ²): 2.1345638514188866e-07
2025-06-09 11:21:56 - rule_mining.Correlation_utils - INFO - 计算列 ['column11'] 和列 column2 之间的φ²: 0.0018003778576118918
2025-06-09 11:21:56 - rule_mining.Correlation_utils - INFO - 计算列 ['column11'] 和列 column2 之间的相关性 (φ²): 0.0005507538939884715
2025-06-09 11:21:56 - rule_mining.Correlation_utils - INFO - 计算列 ['column12'] 和列 column2 之间的φ²: 0.22223800145649766
2025-06-09 11:21:56 - rule_mining.Correlation_utils - INFO - 计算列 ['column12'] 和列 column2 之间的相关性 (φ²): 0.22145926603868188
2025-06-09 11:21:56 - rule_mining.Correlation_utils - INFO - 计算列 ['column13'] 和列 column2 之间的φ²: 0.20767505487375582
2025-06-09 11:21:56 - rule_mining.Correlation_utils - INFO - 计算列 ['column13'] 和列 column2 之间的相关性 (φ²): 0.20688173828289097
2025-06-09 11:21:56 - rule_mining.Correlation_utils - INFO - 计算列 ['column14'] 和列 column2 之间的φ²: 0.0012543602744219129
2025-06-09 11:21:56 - rule_mining.Correlation_utils - INFO - 计算列 ['column14'] 和列 column2 之间的相关性 (φ²): 0.00025436464015349914
2025-06-09 11:21:56 - rule_mining.Correlation_utils - INFO - 计算列 ['column15'] 和列 column2 之间的φ²: 0.0007297914423662064
2025-06-09 11:21:56 - rule_mining.Correlation_utils - INFO - 计算列 ['column15'] 和列 column2 之间的相关性 (φ²): 0.0
2025-06-09 11:21:56 - rule_mining.Correlation_utils - INFO - 计算列 ['column16'] 和列 column2 之间的φ²: 0.0008193288125249296
2025-06-09 11:21:56 - rule_mining.Correlation_utils - INFO - 计算列 ['column16'] 和列 column2 之间的相关性 (φ²): 0.0
2025-06-09 11:21:56 - rule_mining.Correlation_utils - INFO - 计算列 ['column17'] 和列 column2 之间的φ²: 0.0011639752376035517
2025-06-09 11:21:56 - rule_mining.Correlation_utils - INFO - 计算列 ['column17'] 和列 column2 之间的相关性 (φ²): 0.00016388910517562018
2025-06-09 11:21:56 - rule_mining.Correlation_utils - INFO - 计算列 ['column18'] 和列 column2 之间的φ²: 0.0007297299393021888
2025-06-09 11:21:56 - rule_mining.Correlation_utils - INFO - 计算列 ['column18'] 和列 column2 之间的相关性 (φ²): 0.0
2025-06-09 11:21:56 - rule_mining.Correlation_utils - INFO - 计算列 ['column19'] 和列 column2 之间的φ²: 0.0008968795766602966
2025-06-09 11:21:56 - rule_mining.Correlation_utils - INFO - 计算列 ['column19'] 和列 column2 之间的相关性 (φ²): 0.0
2025-06-09 11:21:56 - rule_mining.Correlation_utils - INFO - 计算列 ['column20'] 和列 column2 之间的φ²: 0.0023125841613832565
2025-06-09 11:21:56 - rule_mining.Correlation_utils - INFO - 计算列 ['column20'] 和列 column2 之间的相关性 (φ²): 0.001313648075437207
2025-06-09 11:21:56 - rule_mining.Correlation_utils - INFO - 计算列 ['column12', 'column13'] 和列 column2 之间的φ²: 0.4195518313229487
2025-06-09 11:21:56 - rule_mining.Correlation_utils - INFO - 计算列 ['column12', 'column13'] 和列 column2 之间的相关性 (φ²): 0.416047238606408
2025-06-09 11:21:56 - Cafd - INFO - Processing search space: <SearchSpace_bit.SearchSpace object at 0x000001E9123740A0>
2025-06-09 11:21:56 - SearchSpace_bit - INFO - 从全局结论表中命中缓存: column1->column3
2025-06-09 11:21:56 - SearchSpace_bit - INFO - 从全局结论表中命中缓存: column2->column3
2025-06-09 11:21:56 - rule_mining.Correlation_utils - INFO - 计算列 ['column4'] 和列 column3 之间的φ²: 0.874655211642385
2025-06-09 11:21:56 - rule_mining.Correlation_utils - INFO - 计算列 ['column4'] 和列 column3 之间的相关性 (φ²): 0.8714733823994609
2025-06-09 11:21:56 - rule_mining.Correlation_utils - INFO - 行方向得分: 0.9058, 列方向得分: 0.9058
2025-06-09 11:21:56 - SearchSpace_bit - INFO - 发现函数依赖: ['column4'] -> column3
2025-06-09 11:21:56 - rule_mining.Correlation_utils - INFO - 计算列 ['column5'] 和列 column3 之间的φ²: 0.02549611612920207
2025-06-09 11:21:56 - rule_mining.Correlation_utils - INFO - 计算列 ['column5'] 和列 column3 之间的相关性 (φ²): 0.0007587098463279687
2025-06-09 11:21:56 - rule_mining.Correlation_utils - INFO - 计算列 ['column6'] 和列 column3 之间的φ²: 0.02389297408557121
2025-06-09 11:21:56 - rule_mining.Correlation_utils - INFO - 计算列 ['column6'] 和列 column3 之间的相关性 (φ²): 0.0
2025-06-09 11:21:56 - rule_mining.Correlation_utils - INFO - 计算列 ['column7'] 和列 column3 之间的φ²: 0.02353325165436354
2025-06-09 11:21:56 - rule_mining.Correlation_utils - INFO - 计算列 ['column7'] 和列 column3 之间的相关性 (φ²): 0.0
2025-06-09 11:21:56 - rule_mining.Correlation_utils - INFO - 计算列 ['column8'] 和列 column3 之间的φ²: 0.026178181907901377
2025-06-09 11:21:56 - rule_mining.Correlation_utils - INFO - 计算列 ['column8'] 和列 column3 之间的相关性 (φ²): 0.0014580896024865679
2025-06-09 11:21:56 - rule_mining.Correlation_utils - INFO - 计算列 ['column9'] 和列 column3 之间的φ²: 0.025972557348791118
2025-06-09 11:21:56 - rule_mining.Correlation_utils - INFO - 计算列 ['column9'] 和列 column3 之间的相关性 (φ²): 0.0012472453430296632
2025-06-09 11:21:56 - rule_mining.Correlation_utils - INFO - 计算列 ['column10'] 和列 column3 之间的φ²: 0.024461294335536763
2025-06-09 11:21:56 - rule_mining.Correlation_utils - INFO - 计算列 ['column10'] 和列 column3 之间的相关性 (φ²): 0.0
2025-06-09 11:21:56 - rule_mining.Correlation_utils - INFO - 计算列 ['column11'] 和列 column3 之间的φ²: 0.024114397655021866
2025-06-09 11:21:56 - rule_mining.Correlation_utils - INFO - 计算列 ['column11'] 和列 column3 之间的相关性 (φ²): 0.0
2025-06-09 11:21:56 - rule_mining.Correlation_utils - INFO - 计算列 ['column12'] 和列 column3 之间的φ²: 0.023044699689249284
2025-06-09 11:21:56 - rule_mining.Correlation_utils - INFO - 计算列 ['column12'] 和列 column3 之间的相关性 (φ²): 0.0
2025-06-09 11:21:56 - rule_mining.Correlation_utils - INFO - 计算列 ['column13'] 和列 column3 之间的φ²: 0.02359879857940774
2025-06-09 11:21:56 - rule_mining.Correlation_utils - INFO - 计算列 ['column13'] 和列 column3 之间的相关性 (φ²): 0.0
2025-06-09 11:21:56 - rule_mining.Correlation_utils - INFO - 计算列 ['column14'] 和列 column3 之间的φ²: 0.025727785470735398
2025-06-09 11:21:56 - rule_mining.Correlation_utils - INFO - 计算列 ['column14'] 和列 column3 之间的相关性 (φ²): 0.0009962600249925292
2025-06-09 11:21:56 - rule_mining.Correlation_utils - INFO - 计算列 ['column15'] 和列 column3 之间的φ²: 0.02452954947593486
2025-06-09 11:21:56 - rule_mining.Correlation_utils - INFO - 计算列 ['column15'] 和列 column3 之间的相关性 (φ²): 0.0
2025-06-09 11:21:56 - rule_mining.Correlation_utils - INFO - 计算列 ['column16'] 和列 column3 之间的φ²: 0.22064853889853628
2025-06-09 11:21:56 - rule_mining.Correlation_utils - INFO - 计算列 ['column16'] 和列 column3 之间的相关性 (φ²): 0.20086500180903757
2025-06-09 11:21:56 - rule_mining.Correlation_utils - INFO - 计算列 ['column17'] 和列 column3 之间的φ²: 0.19183447617373048
2025-06-09 11:21:56 - rule_mining.Correlation_utils - INFO - 计算列 ['column17'] 和列 column3 之间的相关性 (φ²): 0.1713195051842944
2025-06-09 11:21:56 - rule_mining.Correlation_utils - INFO - 计算列 ['column18'] 和列 column3 之间的φ²: 0.02306414778077584
2025-06-09 11:21:56 - rule_mining.Correlation_utils - INFO - 计算列 ['column18'] 和列 column3 之间的相关性 (φ²): 0.0
2025-06-09 11:21:56 - rule_mining.Correlation_utils - INFO - 计算列 ['column19'] 和列 column3 之间的φ²: 0.026473458480421413
2025-06-09 11:21:56 - rule_mining.Correlation_utils - INFO - 计算列 ['column19'] 和列 column3 之间的相关性 (φ²): 0.001760861657232112
2025-06-09 11:21:56 - rule_mining.Correlation_utils - INFO - 计算列 ['column20'] 和列 column3 之间的φ²: 0.02329337291641457
2025-06-09 11:21:56 - rule_mining.Correlation_utils - INFO - 计算列 ['column20'] 和列 column3 之间的相关性 (φ²): 0.0
2025-06-09 11:21:56 - rule_mining.Correlation_utils - INFO - 计算列 ['column16', 'column17'] 和列 column3 之间的φ²: 0.10864492093143706
2025-06-09 11:21:56 - rule_mining.Correlation_utils - INFO - 计算列 ['column16', 'column17'] 和列 column3 之间的相关性 (φ²): 0.08601821507815816
2025-06-09 11:21:56 - Cafd - INFO - Processing search space: <SearchSpace_bit.SearchSpace object at 0x000001E912374070>
2025-06-09 11:21:56 - SearchSpace_bit - INFO - 从全局结论表中命中缓存: column1->column4
2025-06-09 11:21:56 - SearchSpace_bit - INFO - 从全局结论表中命中缓存: column2->column4
2025-06-09 11:21:56 - SearchSpace_bit - INFO - 从全局结论表中命中缓存: column3->column4
2025-06-09 11:21:56 - SearchSpace_bit - INFO - 发现函数依赖: ['column3'] -> column4
2025-06-09 11:21:56 - rule_mining.Correlation_utils - INFO - 计算列 ['column5'] 和列 column4 之间的φ²: 0.026152360185566725
2025-06-09 11:21:56 - rule_mining.Correlation_utils - INFO - 计算列 ['column5'] 和列 column4 之间的相关性 (φ²): 0.0014316124056618815
2025-06-09 11:21:56 - rule_mining.Correlation_utils - INFO - 计算列 ['column6'] 和列 column4 之间的φ²: 0.023399899010970216
2025-06-09 11:21:56 - rule_mining.Correlation_utils - INFO - 计算列 ['column6'] 和列 column4 之间的相关性 (φ²): 0.0
2025-06-09 11:21:56 - rule_mining.Correlation_utils - INFO - 计算列 ['column7'] 和列 column4 之间的φ²: 0.023864020716377277
2025-06-09 11:21:56 - rule_mining.Correlation_utils - INFO - 计算列 ['column7'] 和列 column4 之间的相关性 (φ²): 0.0
2025-06-09 11:21:56 - rule_mining.Correlation_utils - INFO - 计算列 ['column8'] 和列 column4 之间的φ²: 0.02705891412610947
2025-06-09 11:21:56 - rule_mining.Correlation_utils - INFO - 计算列 ['column8'] 和列 column4 之间的相关性 (φ²): 0.002361178869310712
2025-06-09 11:21:56 - rule_mining.Correlation_utils - INFO - 计算列 ['column9'] 和列 column4 之间的φ²: 0.025461986143888452
2025-06-09 11:21:56 - rule_mining.Correlation_utils - INFO - 计算列 ['column9'] 和列 column4 之间的相关性 (φ²): 0.0007237134844640837
2025-06-09 11:21:56 - rule_mining.Correlation_utils - INFO - 计算列 ['column10'] 和列 column4 之间的φ²: 0.025263668386310428
2025-06-09 11:21:56 - rule_mining.Correlation_utils - INFO - 计算列 ['column10'] 和列 column4 之间的相关性 (φ²): 0.0005203615068860017
2025-06-09 11:21:56 - rule_mining.Correlation_utils - INFO - 计算列 ['column11'] 和列 column4 之间的φ²: 0.02423682445476461
2025-06-09 11:21:56 - rule_mining.Correlation_utils - INFO - 计算列 ['column11'] 和列 column4 之间的相关性 (φ²): 0.0
2025-06-09 11:21:56 - rule_mining.Correlation_utils - INFO - 计算列 ['column12'] 和列 column4 之间的φ²: 0.02337367386475887
2025-06-09 11:21:56 - rule_mining.Correlation_utils - INFO - 计算列 ['column12'] 和列 column4 之间的相关性 (φ²): 0.0
2025-06-09 11:21:56 - rule_mining.Correlation_utils - INFO - 计算列 ['column13'] 和列 column4 之间的φ²: 0.024978787329470606
2025-06-09 11:21:56 - rule_mining.Correlation_utils - INFO - 计算列 ['column13'] 和列 column4 之间的相关性 (φ²): 0.00022824885398793827
2025-06-09 11:21:56 - rule_mining.Correlation_utils - INFO - 计算列 ['column14'] 和列 column4 之间的φ²: 0.024668678167293706
2025-06-09 11:21:56 - rule_mining.Correlation_utils - INFO - 计算列 ['column14'] 和列 column4 之间的相关性 (φ²): 0.0
2025-06-09 11:21:56 - rule_mining.Correlation_utils - INFO - 计算列 ['column15'] 和列 column4 之间的φ²: 0.025647957524573543
2025-06-09 11:21:56 - rule_mining.Correlation_utils - INFO - 计算列 ['column15'] 和列 column4 之间的相关性 (φ²): 0.0009144056771204118
2025-06-09 11:21:56 - rule_mining.Correlation_utils - INFO - 计算列 ['column16'] 和列 column4 之间的φ²: 0.26138874567350445
2025-06-09 11:21:56 - rule_mining.Correlation_utils - INFO - 计算列 ['column16'] 和列 column4 之间的相关性 (φ²): 0.24263938306367802
2025-06-09 11:21:56 - rule_mining.Correlation_utils - INFO - 计算列 ['column17'] 和列 column4 之间的φ²: 0.23465066921772978
2025-06-09 11:21:56 - rule_mining.Correlation_utils - INFO - 计算列 ['column17'] 和列 column4 之间的相关性 (φ²): 0.2152225708209491
2025-06-09 11:21:56 - rule_mining.Correlation_utils - INFO - 计算列 ['column18'] 和列 column4 之间的φ²: 0.02218384842589421
2025-06-09 11:21:56 - rule_mining.Correlation_utils - INFO - 计算列 ['column18'] 和列 column4 之间的相关性 (φ²): 0.0
2025-06-09 11:21:56 - rule_mining.Correlation_utils - INFO - 计算列 ['column19'] 和列 column4 之间的φ²: 0.025882476700066548
2025-06-09 11:21:56 - rule_mining.Correlation_utils - INFO - 计算列 ['column19'] 和列 column4 之间的相关性 (φ²): 0.0011548780316836234
2025-06-09 11:21:56 - rule_mining.Correlation_utils - INFO - 计算列 ['column20'] 和列 column4 之间的φ²: 0.02279062657374584
2025-06-09 11:21:56 - rule_mining.Correlation_utils - INFO - 计算列 ['column20'] 和列 column4 之间的相关性 (φ²): 0.0
2025-06-09 11:21:56 - rule_mining.Correlation_utils - INFO - 计算列 ['column16', 'column17'] 和列 column4 之间的φ²: 0.12687398240457362
2025-06-09 11:21:56 - rule_mining.Correlation_utils - INFO - 计算列 ['column16', 'column17'] 和列 column4 之间的相关性 (φ²): 0.1047100142656128
2025-06-09 11:21:56 - Cafd - INFO - Processing search space: <SearchSpace_bit.SearchSpace object at 0x000001E9123860A0>
2025-06-09 11:21:56 - SearchSpace_bit - INFO - 从全局结论表中命中缓存: column1->column5
2025-06-09 11:21:56 - SearchSpace_bit - INFO - 从全局结论表中命中缓存: column2->column5
2025-06-09 11:21:56 - SearchSpace_bit - INFO - 从全局结论表中命中缓存: column3->column5
2025-06-09 11:21:56 - SearchSpace_bit - INFO - 从全局结论表中命中缓存: column4->column5
2025-06-09 11:21:56 - rule_mining.Correlation_utils - INFO - 计算列 ['column6'] 和列 column5 之间的φ²: 0.0035605595109329613
2025-06-09 11:21:56 - rule_mining.Correlation_utils - INFO - 计算列 ['column6'] 和列 column5 之间的相关性 (φ²): 0.0
2025-06-09 11:21:56 - rule_mining.Correlation_utils - INFO - 计算列 ['column7'] 和列 column5 之间的φ²: 0.0795085298217103
2025-06-09 11:21:56 - rule_mining.Correlation_utils - INFO - 计算列 ['column7'] 和列 column5 之间的相关性 (φ²): 0.07511422380829637
2025-06-09 11:21:56 - rule_mining.Correlation_utils - INFO - 计算列 ['column8'] 和列 column5 之间的φ²: 0.0042850166873242305
2025-06-09 11:21:56 - rule_mining.Correlation_utils - INFO - 计算列 ['column8'] 和列 column5 之间的相关性 (φ²): 0.0
2025-06-09 11:21:56 - rule_mining.Correlation_utils - INFO - 计算列 ['column9'] 和列 column5 之间的φ²: 0.0037706999377809703
2025-06-09 11:21:56 - rule_mining.Correlation_utils - INFO - 计算列 ['column9'] 和列 column5 之间的相关性 (φ²): 0.0
2025-06-09 11:21:56 - rule_mining.Correlation_utils - INFO - 计算列 ['column10'] 和列 column5 之间的φ²: 0.0054324537386761735
2025-06-09 11:21:56 - rule_mining.Correlation_utils - INFO - 计算列 ['column10'] 和列 column5 之间的相关性 (φ²): 0.0006845182163231203
2025-06-09 11:21:56 - rule_mining.Correlation_utils - INFO - 计算列 ['column11'] 和列 column5 之间的φ²: 0.0053317526038588765
2025-06-09 11:21:56 - rule_mining.Correlation_utils - INFO - 计算列 ['column11'] 和列 column5 之间的相关性 (φ²): 0.0005833363474451377
2025-06-09 11:21:56 - rule_mining.Correlation_utils - INFO - 计算列 ['column12'] 和列 column5 之间的φ²: 0.003904119534231171
2025-06-09 11:21:56 - rule_mining.Correlation_utils - INFO - 计算列 ['column12'] 和列 column5 之间的相关性 (φ²): 0.0
2025-06-09 11:21:56 - rule_mining.Correlation_utils - INFO - 计算列 ['column13'] 和列 column5 之间的φ²: 0.0046649023836309025
2025-06-09 11:21:56 - rule_mining.Correlation_utils - INFO - 计算列 ['column13'] 和列 column5 之间的相关性 (φ²): 0.0
2025-06-09 11:21:56 - rule_mining.Correlation_utils - INFO - 计算列 ['column14'] 和列 column5 之间的φ²: 0.012656014831180755
2025-06-09 11:21:56 - rule_mining.Correlation_utils - INFO - 计算列 ['column14'] 和列 column5 之间的相关性 (φ²): 0.007942563645701466
2025-06-09 11:21:56 - rule_mining.Correlation_utils - INFO - 计算列 ['column15'] 和列 column5 之间的φ²: 0.014822052549332455
2025-06-09 11:21:56 - rule_mining.Correlation_utils - INFO - 计算列 ['column15'] 和列 column5 之间的相关性 (φ²): 0.01011894174491972
2025-06-09 11:21:56 - rule_mining.Correlation_utils - INFO - 计算列 ['column16'] 和列 column5 之间的φ²: 0.0055761993088939334
2025-06-09 11:21:56 - rule_mining.Correlation_utils - INFO - 计算列 ['column16'] 和列 column5 之间的相关性 (φ²): 0.0008289500091122715
2025-06-09 11:21:56 - rule_mining.Correlation_utils - INFO - 计算列 ['column17'] 和列 column5 之间的φ²: 0.003641601991824132
2025-06-09 11:21:56 - rule_mining.Correlation_utils - INFO - 计算列 ['column17'] 和列 column5 之间的相关性 (φ²): 0.0
2025-06-09 11:21:56 - rule_mining.Correlation_utils - INFO - 计算列 ['column18'] 和列 column5 之间的φ²: 0.0041262902084601765
2025-06-09 11:21:56 - rule_mining.Correlation_utils - INFO - 计算列 ['column18'] 和列 column5 之间的相关性 (φ²): 0.0
2025-06-09 11:21:56 - rule_mining.Correlation_utils - INFO - 计算列 ['column19'] 和列 column5 之间的φ²: 0.005350766067357
2025-06-09 11:21:56 - rule_mining.Correlation_utils - INFO - 计算列 ['column19'] 和列 column5 之间的相关性 (φ²): 0.0006024405787338302
2025-06-09 11:21:56 - rule_mining.Correlation_utils - INFO - 计算列 ['column20'] 和列 column5 之间的φ²: 0.0038343363465159824
2025-06-09 11:21:56 - rule_mining.Correlation_utils - INFO - 计算列 ['column20'] 和列 column5 之间的相关性 (φ²): 0.0
2025-06-09 11:21:56 - rule_mining.Correlation_utils - INFO - 计算列 ['column7', 'column15'] 和列 column5 之间的φ²: 0.017112205400815976
2025-06-09 11:21:56 - rule_mining.Correlation_utils - INFO - 计算列 ['column7', 'column15'] 和列 column5 之间的相关性 (φ²): 0.012420027486900275
2025-06-09 11:21:56 - Cafd - INFO - Processing search space: <SearchSpace_bit.SearchSpace object at 0x000001E9123860D0>
2025-06-09 11:21:56 - SearchSpace_bit - INFO - 从全局结论表中命中缓存: column1->column6
2025-06-09 11:21:56 - SearchSpace_bit - INFO - 从全局结论表中命中缓存: column2->column6
2025-06-09 11:21:56 - SearchSpace_bit - INFO - 从全局结论表中命中缓存: column3->column6
2025-06-09 11:21:56 - SearchSpace_bit - INFO - 从全局结论表中命中缓存: column4->column6
2025-06-09 11:21:56 - SearchSpace_bit - INFO - 从全局结论表中命中缓存: column5->column6
2025-06-09 11:21:56 - rule_mining.Correlation_utils - INFO - 计算列 ['column7'] 和列 column6 之间的φ²: 0.01651675451829548
2025-06-09 11:21:56 - rule_mining.Correlation_utils - INFO - 计算列 ['column7'] 和列 column6 之间的相关性 (φ²): 0.015532040380141082
2025-06-09 11:21:56 - rule_mining.Correlation_utils - INFO - 计算列 ['column8'] 和列 column6 之间的φ²: 0.0010717016709707536
2025-06-09 11:21:56 - rule_mining.Correlation_utils - INFO - 计算列 ['column8'] 和列 column6 之间的相关性 (φ²): 7.15231494898731e-05
2025-06-09 11:21:56 - rule_mining.Correlation_utils - INFO - 计算列 ['column9'] 和列 column6 之间的φ²: 0.0019106800247730385
2025-06-09 11:21:56 - rule_mining.Correlation_utils - INFO - 计算列 ['column9'] 和列 column6 之间的相关性 (φ²): 0.000911341531681447
2025-06-09 11:21:56 - rule_mining.Correlation_utils - INFO - 计算列 ['column10'] 和列 column6 之间的φ²: 0.001383812902815606
2025-06-09 11:21:56 - rule_mining.Correlation_utils - INFO - 计算列 ['column10'] 和列 column6 之间的相关性 (φ²): 0.00038394688319389435
2025-06-09 11:21:56 - rule_mining.Correlation_utils - INFO - 计算列 ['column11'] 和列 column6 之间的φ²: 0.0010503532977734268
2025-06-09 11:21:56 - rule_mining.Correlation_utils - INFO - 计算列 ['column11'] 和列 column6 之间的相关性 (φ²): 0.0
2025-06-09 11:21:56 - rule_mining.Correlation_utils - INFO - 计算列 ['column12'] 和列 column6 之间的φ²: 0.0007633241571707003
2025-06-09 11:21:56 - rule_mining.Correlation_utils - INFO - 计算列 ['column12'] 和列 column6 之间的相关性 (φ²): 0.0
2025-06-09 11:21:56 - rule_mining.Correlation_utils - INFO - 计算列 ['column13'] 和列 column6 之间的φ²: 0.0012013938041792187
2025-06-09 11:21:56 - rule_mining.Correlation_utils - INFO - 计算列 ['column13'] 和列 column6 之间的相关性 (φ²): 0.00020134513714961078
2025-06-09 11:21:56 - rule_mining.Correlation_utils - INFO - 计算列 ['column14'] 和列 column6 之间的φ²: 0.0032806650640181657
2025-06-09 11:21:56 - rule_mining.Correlation_utils - INFO - 计算列 ['column14'] 和列 column6 之间的相关性 (φ²): 0.002282698270590399
2025-06-09 11:21:56 - rule_mining.Correlation_utils - INFO - 计算列 ['column15'] 和列 column6 之间的φ²: 0.0035800034225545404
2025-06-09 11:21:56 - rule_mining.Correlation_utils - INFO - 计算列 ['column15'] 和列 column6 之间的相关性 (φ²): 0.00258233634212656
2025-06-09 11:21:56 - rule_mining.Correlation_utils - INFO - 计算列 ['column16'] 和列 column6 之间的φ²: 0.0008852647945601006
2025-06-09 11:21:56 - rule_mining.Correlation_utils - INFO - 计算列 ['column16'] 和列 column6 之间的相关性 (φ²): 0.0
2025-06-09 11:21:56 - rule_mining.Correlation_utils - INFO - 计算列 ['column17'] 和列 column6 之间的φ²: 0.0008345692427824076
2025-06-09 11:21:56 - rule_mining.Correlation_utils - INFO - 计算列 ['column17'] 和列 column6 之间的相关性 (φ²): 0.0
2025-06-09 11:21:56 - rule_mining.Correlation_utils - INFO - 计算列 ['column18'] 和列 column6 之间的φ²: 0.0009126548935964536
2025-06-09 11:21:56 - rule_mining.Correlation_utils - INFO - 计算列 ['column18'] 和列 column6 之间的相关性 (φ²): 0.0
2025-06-09 11:21:56 - rule_mining.Correlation_utils - INFO - 计算列 ['column19'] 和列 column6 之间的φ²: 0.0006304603773737654
2025-06-09 11:21:56 - rule_mining.Correlation_utils - INFO - 计算列 ['column19'] 和列 column6 之间的相关性 (φ²): 0.0
2025-06-09 11:21:57 - rule_mining.Correlation_utils - INFO - 计算列 ['column20'] 和列 column6 之间的φ²: 0.000949446439474741
2025-06-09 11:21:57 - rule_mining.Correlation_utils - INFO - 计算列 ['column20'] 和列 column6 之间的相关性 (φ²): 0.0
2025-06-09 11:21:57 - Cafd - INFO - Processing search space: <SearchSpace_bit.SearchSpace object at 0x000001E912386160>
2025-06-09 11:21:57 - SearchSpace_bit - INFO - 从全局结论表中命中缓存: column1->column7
2025-06-09 11:21:57 - SearchSpace_bit - INFO - 从全局结论表中命中缓存: column2->column7
2025-06-09 11:21:57 - SearchSpace_bit - INFO - 从全局结论表中命中缓存: column3->column7
2025-06-09 11:21:57 - SearchSpace_bit - INFO - 从全局结论表中命中缓存: column4->column7
2025-06-09 11:21:57 - SearchSpace_bit - INFO - 从全局结论表中命中缓存: column5->column7
2025-06-09 11:21:57 - SearchSpace_bit - INFO - 从全局结论表中命中缓存: column6->column7
2025-06-09 11:21:57 - rule_mining.Correlation_utils - INFO - 计算列 ['column8'] 和列 column7 之间的φ²: 0.0007326133185042636
2025-06-09 11:21:57 - rule_mining.Correlation_utils - INFO - 计算列 ['column8'] 和列 column7 之间的相关性 (φ²): 0.0
2025-06-09 11:21:57 - rule_mining.Correlation_utils - INFO - 计算列 ['column9'] 和列 column7 之间的φ²: 0.0006592823209530631
2025-06-09 11:21:57 - rule_mining.Correlation_utils - INFO - 计算列 ['column9'] 和列 column7 之间的相关性 (φ²): 0.0
2025-06-09 11:21:57 - rule_mining.Correlation_utils - INFO - 计算列 ['column10'] 和列 column7 之间的φ²: 0.0017672644747455783
2025-06-09 11:21:57 - rule_mining.Correlation_utils - INFO - 计算列 ['column10'] 和列 column7 之间的相关性 (φ²): 0.0007677823866101544
2025-06-09 11:21:57 - rule_mining.Correlation_utils - INFO - 计算列 ['column11'] 和列 column7 之间的φ²: 0.001466936126790794
2025-06-09 11:21:57 - rule_mining.Correlation_utils - INFO - 计算列 ['column11'] 和列 column7 之间的相关性 (φ²): 0.00021689473486138848
2025-06-09 11:21:57 - rule_mining.Correlation_utils - INFO - 计算列 ['column12'] 和列 column7 之间的φ²: 0.0007300695663640226
2025-06-09 11:21:57 - rule_mining.Correlation_utils - INFO - 计算列 ['column12'] 和列 column7 之间的相关性 (φ²): 0.0
2025-06-09 11:21:57 - rule_mining.Correlation_utils - INFO - 计算列 ['column13'] 和列 column7 之间的φ²: 0.0007319374130335822
2025-06-09 11:21:57 - rule_mining.Correlation_utils - INFO - 计算列 ['column13'] 和列 column7 之间的相关性 (φ²): 0.0
2025-06-09 11:21:57 - rule_mining.Correlation_utils - INFO - 计算列 ['column14'] 和列 column7 之间的φ²: 0.22289072769744825
2025-06-09 11:21:57 - rule_mining.Correlation_utils - INFO - 计算列 ['column14'] 和列 column7 之间的相关性 (φ²): 0.22211264582280238
2025-06-09 11:21:57 - rule_mining.Correlation_utils - INFO - 计算列 ['column15'] 和列 column7 之间的φ²: 0.2042677646663187
2025-06-09 11:21:57 - rule_mining.Correlation_utils - INFO - 计算列 ['column15'] 和列 column7 之间的相关性 (φ²): 0.20347103652080312
2025-06-09 11:21:57 - rule_mining.Correlation_utils - INFO - 计算列 ['column16'] 和列 column7 之间的φ²: 0.0014811208824958536
2025-06-09 11:21:57 - rule_mining.Correlation_utils - INFO - 计算列 ['column16'] 和列 column7 之间的相关性 (φ²): 0.00048135229264103076
2025-06-09 11:21:57 - rule_mining.Correlation_utils - INFO - 计算列 ['column17'] 和列 column7 之间的φ²: 0.0010687290405742638
2025-06-09 11:21:57 - rule_mining.Correlation_utils - INFO - 计算列 ['column17'] 和列 column7 之间的相关性 (φ²): 6.854754274254833e-05
2025-06-09 11:21:57 - rule_mining.Correlation_utils - INFO - 计算列 ['column18'] 和列 column7 之间的φ²: 0.0006016417810341561
2025-06-09 11:21:57 - rule_mining.Correlation_utils - INFO - 计算列 ['column18'] 和列 column7 之间的相关性 (φ²): 0.0
2025-06-09 11:21:57 - rule_mining.Correlation_utils - INFO - 计算列 ['column19'] 和列 column7 之间的φ²: 0.0009321691208810989
2025-06-09 11:21:57 - rule_mining.Correlation_utils - INFO - 计算列 ['column19'] 和列 column7 之间的相关性 (φ²): 0.0
2025-06-09 11:21:57 - rule_mining.Correlation_utils - INFO - 计算列 ['column20'] 和列 column7 之间的φ²: 0.0011292028522083607
2025-06-09 11:21:57 - rule_mining.Correlation_utils - INFO - 计算列 ['column20'] 和列 column7 之间的相关性 (φ²): 0.00012908190387515242
2025-06-09 11:21:57 - rule_mining.Correlation_utils - INFO - 计算列 ['column5', 'column6'] 和列 column7 之间的φ²: 0.7544619477882438
2025-06-09 11:21:57 - rule_mining.Correlation_utils - INFO - 计算列 ['column5', 'column6'] 和列 column7 之间的相关性 (φ²): 0.7482290587705608
2025-06-09 11:21:57 - SearchSpace_bit - INFO - 发现函数依赖: ['column5', 'column6'] -> column7
2025-06-09 11:21:57 - rule_mining.Correlation_utils - INFO - 计算列 ['column5', 'column14'] 和列 column7 之间的φ²: 0.3189692510502671
2025-06-09 11:21:57 - rule_mining.Correlation_utils - INFO - 计算列 ['column5', 'column14'] 和列 column7 之间的相关性 (φ²): 0.30168154742308156
2025-06-09 11:21:57 - rule_mining.Correlation_utils - INFO - 计算列 ['column6', 'column14'] 和列 column7 之间的φ²: 0.2393881286932364
2025-06-09 11:21:57 - rule_mining.Correlation_utils - INFO - 计算列 ['column6', 'column14'] 和列 column7 之间的相关性 (φ²): 0.2347957551306295
2025-06-09 11:21:57 - rule_mining.Correlation_utils - INFO - 计算列 ['column5', 'column15'] 和列 column7 之间的φ²: 0.29726918142886083
2025-06-09 11:21:57 - rule_mining.Correlation_utils - INFO - 计算列 ['column5', 'column15'] 和列 column7 之间的相关性 (φ²): 0.27961534389490245
2025-06-09 11:21:57 - rule_mining.Correlation_utils - INFO - 计算列 ['column6', 'column15'] 和列 column7 之间的φ²: 0.22320022707768528
2025-06-09 11:21:57 - rule_mining.Correlation_utils - INFO - 计算列 ['column6', 'column15'] 和列 column7 之间的相关性 (φ²): 0.21851011524117317
2025-06-09 11:21:57 - rule_mining.Correlation_utils - INFO - 计算列 ['column14', 'column15'] 和列 column7 之间的φ²: 0.3720950607017964
2025-06-09 11:21:57 - rule_mining.Correlation_utils - INFO - 计算列 ['column14', 'column15'] 和列 column7 之间的相关性 (φ²): 0.3683039365399959
2025-06-09 11:21:57 - rule_mining.Correlation_utils - WARNING - 期望分布频数表不符合要求，无法计算相关性。
2025-06-09 11:21:57 - rule_mining.Correlation_utils - WARNING - 期望分布频数表不符合要求，无法计算相关性。
2025-06-09 11:21:57 - Cafd - INFO - Processing search space: <SearchSpace_bit.SearchSpace object at 0x000001E912386C10>
2025-06-09 11:21:57 - SearchSpace_bit - INFO - 从全局结论表中命中缓存: column1->column8
2025-06-09 11:21:57 - SearchSpace_bit - INFO - 从全局结论表中命中缓存: column2->column8
2025-06-09 11:21:57 - SearchSpace_bit - INFO - 从全局结论表中命中缓存: column3->column8
2025-06-09 11:21:57 - SearchSpace_bit - INFO - 从全局结论表中命中缓存: column4->column8
2025-06-09 11:21:57 - SearchSpace_bit - INFO - 从全局结论表中命中缓存: column5->column8
2025-06-09 11:21:57 - SearchSpace_bit - INFO - 从全局结论表中命中缓存: column6->column8
2025-06-09 11:21:57 - SearchSpace_bit - INFO - 从全局结论表中命中缓存: column7->column8
2025-06-09 11:21:57 - rule_mining.Correlation_utils - INFO - 计算列 ['column9'] 和列 column8 之间的φ²: 0.001143182654327461
2025-06-09 11:21:57 - rule_mining.Correlation_utils - INFO - 计算列 ['column9'] 和列 column8 之间的相关性 (φ²): 0.00014307570329299537
2025-06-09 11:21:57 - rule_mining.Correlation_utils - INFO - 计算列 ['column10'] 和列 column8 之间的φ²: 0.0006551374587582473
2025-06-09 11:21:57 - rule_mining.Correlation_utils - INFO - 计算列 ['column10'] 和列 column8 之间的相关性 (φ²): 0.0
2025-06-09 11:21:57 - rule_mining.Correlation_utils - INFO - 计算列 ['column11'] 和列 column8 之间的φ²: 0.012176363986736362
2025-06-09 11:21:57 - rule_mining.Correlation_utils - INFO - 计算列 ['column11'] 和列 column8 之间的相关性 (φ²): 0.010939729489974641
2025-06-09 11:21:57 - rule_mining.Correlation_utils - INFO - 计算列 ['column12'] 和列 column8 之间的φ²: 0.0014194835367834743
2025-06-09 11:21:57 - rule_mining.Correlation_utils - INFO - 计算列 ['column12'] 和列 column8 之间的相关性 (φ²): 0.00041965323243982805
2025-06-09 11:21:57 - rule_mining.Correlation_utils - INFO - 计算列 ['column13'] 和列 column8 之间的φ²: 0.0010971685559553635
2025-06-09 11:21:57 - rule_mining.Correlation_utils - INFO - 计算列 ['column13'] 和列 column8 之间的相关性 (φ²): 9.701553323291569e-05
2025-06-09 11:21:57 - rule_mining.Correlation_utils - INFO - 计算列 ['column14'] 和列 column8 之间的φ²: 0.0004860104864575021
2025-06-09 11:21:57 - rule_mining.Correlation_utils - INFO - 计算列 ['column14'] 和列 column8 之间的相关性 (φ²): 0.0
2025-06-09 11:21:57 - rule_mining.Correlation_utils - INFO - 计算列 ['column15'] 和列 column8 之间的φ²: 0.0008577654943144068
2025-06-09 11:21:57 - rule_mining.Correlation_utils - INFO - 计算列 ['column15'] 和列 column8 之间的相关性 (φ²): 0.0
2025-06-09 11:21:57 - rule_mining.Correlation_utils - INFO - 计算列 ['column16'] 和列 column8 之间的φ²: 0.0012959996354041153
2025-06-09 11:21:57 - rule_mining.Correlation_utils - INFO - 计算列 ['column16'] 和列 column8 之间的相关性 (φ²): 0.000296045692611028
2025-06-09 11:21:57 - rule_mining.Correlation_utils - INFO - 计算列 ['column17'] 和列 column8 之间的φ²: 0.001266060238807853
2025-06-09 11:21:57 - rule_mining.Correlation_utils - INFO - 计算列 ['column17'] 和列 column8 之间的相关性 (φ²): 0.00026607631914708486
2025-06-09 11:21:57 - rule_mining.Correlation_utils - INFO - 计算列 ['column18'] 和列 column8 之间的φ²: 0.0038301261117998707
2025-06-09 11:21:57 - rule_mining.Correlation_utils - INFO - 计算列 ['column18'] 和列 column8 之间的相关性 (φ²): 0.002832709467105803
2025-06-09 11:21:57 - rule_mining.Correlation_utils - INFO - 计算列 ['column19'] 和列 column8 之间的φ²: 0.0028818638778450633
2025-06-09 11:21:57 - rule_mining.Correlation_utils - INFO - 计算列 ['column19'] 和列 column8 之间的相关性 (φ²): 0.001883497784105734
2025-06-09 11:21:57 - rule_mining.Correlation_utils - INFO - 计算列 ['column20'] 和列 column8 之间的φ²: 0.0006191473649390389
2025-06-09 11:21:57 - rule_mining.Correlation_utils - INFO - 计算列 ['column20'] 和列 column8 之间的相关性 (φ²): 0.0
2025-06-09 11:21:57 - Cafd - INFO - Processing search space: <SearchSpace_bit.SearchSpace object at 0x000001E912386B20>
2025-06-09 11:21:57 - SearchSpace_bit - INFO - 从全局结论表中命中缓存: column1->column9
2025-06-09 11:21:57 - SearchSpace_bit - INFO - 从全局结论表中命中缓存: column2->column9
2025-06-09 11:21:57 - SearchSpace_bit - INFO - 从全局结论表中命中缓存: column3->column9
2025-06-09 11:21:57 - SearchSpace_bit - INFO - 从全局结论表中命中缓存: column4->column9
2025-06-09 11:21:57 - SearchSpace_bit - INFO - 从全局结论表中命中缓存: column5->column9
2025-06-09 11:21:57 - SearchSpace_bit - INFO - 从全局结论表中命中缓存: column6->column9
2025-06-09 11:21:57 - SearchSpace_bit - INFO - 从全局结论表中命中缓存: column7->column9
2025-06-09 11:21:57 - SearchSpace_bit - INFO - 从全局结论表中命中缓存: column8->column9
2025-06-09 11:21:57 - rule_mining.Correlation_utils - INFO - 计算列 ['column10'] 和列 column9 之间的φ²: 0.0011277212461377152
2025-06-09 11:21:57 - rule_mining.Correlation_utils - INFO - 计算列 ['column10'] 和列 column9 之间的相关性 (φ²): 0.0001275988143441108
2025-06-09 11:21:57 - rule_mining.Correlation_utils - INFO - 计算列 ['column11'] 和列 column9 之间的φ²: 0.028962245164583008
2025-06-09 11:21:57 - rule_mining.Correlation_utils - INFO - 计算列 ['column11'] 和列 column9 之间的相关性 (φ²): 0.027746624540102016
2025-06-09 11:21:57 - rule_mining.Correlation_utils - INFO - 计算列 ['column12'] 和列 column9 之间的φ²: 0.0008851083292347918
2025-06-09 11:21:57 - rule_mining.Correlation_utils - INFO - 计算列 ['column12'] 和列 column9 之间的相关性 (φ²): 0.0
2025-06-09 11:21:57 - rule_mining.Correlation_utils - INFO - 计算列 ['column13'] 和列 column9 之间的φ²: 0.0009283462666725579
2025-06-09 11:21:57 - rule_mining.Correlation_utils - INFO - 计算列 ['column13'] 和列 column9 之间的相关性 (φ²): 0.0
2025-06-09 11:21:57 - rule_mining.Correlation_utils - INFO - 计算列 ['column14'] 和列 column9 之间的φ²: 0.0007030515142695701
2025-06-09 11:21:57 - rule_mining.Correlation_utils - INFO - 计算列 ['column14'] 和列 column9 之间的相关性 (φ²): 0.0
2025-06-09 11:21:57 - rule_mining.Correlation_utils - INFO - 计算列 ['column15'] 和列 column9 之间的φ²: 0.0011360772601301885
2025-06-09 11:21:57 - rule_mining.Correlation_utils - INFO - 计算列 ['column15'] 和列 column9 之间的相关性 (φ²): 0.00013596319480866672
2025-06-09 11:21:57 - rule_mining.Correlation_utils - INFO - 计算列 ['column16'] 和列 column9 之间的φ²: 0.001394131441519259
2025-06-09 11:21:57 - rule_mining.Correlation_utils - INFO - 计算列 ['column16'] 和列 column9 之间的相关性 (φ²): 0.0003942757533505672
2025-06-09 11:21:57 - rule_mining.Correlation_utils - INFO - 计算列 ['column17'] 和列 column9 之间的φ²: 0.0014009580294223269
2025-06-09 11:21:57 - rule_mining.Correlation_utils - INFO - 计算列 ['column17'] 和列 column9 之间的相关性 (φ²): 0.000401109176385453
2025-06-09 11:21:57 - rule_mining.Correlation_utils - INFO - 计算列 ['column18'] 和列 column9 之间的φ²: 0.005050700341903696
2025-06-09 11:21:57 - rule_mining.Correlation_utils - INFO - 计算列 ['column18'] 和列 column9 之间的相关性 (φ²): 0.004054505799067054
2025-06-09 11:21:57 - rule_mining.Correlation_utils - INFO - 计算列 ['column19'] 和列 column9 之间的φ²: 0.009297284858758758
2025-06-09 11:21:57 - rule_mining.Correlation_utils - INFO - 计算列 ['column19'] 和列 column9 之间的相关性 (φ²): 0.008305342215313209
2025-06-09 11:21:57 - rule_mining.Correlation_utils - INFO - 计算列 ['column20'] 和列 column9 之间的φ²: 0.00043602393411621657
2025-06-09 11:21:57 - rule_mining.Correlation_utils - INFO - 计算列 ['column20'] 和列 column9 之间的相关性 (φ²): 0.0
2025-06-09 11:21:57 - Cafd - INFO - Processing search space: <SearchSpace_bit.SearchSpace object at 0x000001E912386A90>
2025-06-09 11:21:57 - SearchSpace_bit - INFO - 从全局结论表中命中缓存: column1->column10
2025-06-09 11:21:57 - SearchSpace_bit - INFO - 从全局结论表中命中缓存: column2->column10
2025-06-09 11:21:57 - SearchSpace_bit - INFO - 从全局结论表中命中缓存: column3->column10
2025-06-09 11:21:57 - SearchSpace_bit - INFO - 从全局结论表中命中缓存: column4->column10
2025-06-09 11:21:57 - SearchSpace_bit - INFO - 从全局结论表中命中缓存: column5->column10
2025-06-09 11:21:57 - SearchSpace_bit - INFO - 从全局结论表中命中缓存: column6->column10
2025-06-09 11:21:57 - SearchSpace_bit - INFO - 从全局结论表中命中缓存: column7->column10
2025-06-09 11:21:57 - SearchSpace_bit - INFO - 从全局结论表中命中缓存: column8->column10
2025-06-09 11:21:57 - SearchSpace_bit - INFO - 从全局结论表中命中缓存: column9->column10
2025-06-09 11:21:57 - rule_mining.Correlation_utils - INFO - 计算列 ['column11'] 和列 column10 之间的φ²: 0.055921508508848146
2025-06-09 11:21:57 - rule_mining.Correlation_utils - INFO - 计算列 ['column11'] 和列 column10 之间的相关性 (φ²): 0.05473963758810309
2025-06-09 11:21:57 - rule_mining.Correlation_utils - INFO - 计算列 ['column12'] 和列 column10 之间的φ²: 0.0012253325866451803
2025-06-09 11:21:57 - rule_mining.Correlation_utils - INFO - 计算列 ['column12'] 和列 column10 之间的相关性 (φ²): 0.00022530788835896764
2025-06-09 11:21:57 - rule_mining.Correlation_utils - INFO - 计算列 ['column13'] 和列 column10 之间的φ²: 0.0012231596017696518
2025-06-09 11:21:57 - rule_mining.Correlation_utils - INFO - 计算列 ['column13'] 和列 column10 之间的相关性 (φ²): 0.00022313272777893298
2025-06-09 11:21:57 - rule_mining.Correlation_utils - INFO - 计算列 ['column14'] 和列 column10 之间的φ²: 0.0010481883517012135
2025-06-09 11:21:57 - rule_mining.Correlation_utils - INFO - 计算列 ['column14'] 和列 column10 之间的相关性 (φ²): 4.798628747262891e-05
2025-06-09 11:21:57 - rule_mining.Correlation_utils - INFO - 计算列 ['column15'] 和列 column10 之间的φ²: 0.001095578969898071
2025-06-09 11:21:57 - rule_mining.Correlation_utils - INFO - 计算列 ['column15'] 和列 column10 之间的相关性 (φ²): 9.542435560009647e-05
2025-06-09 11:21:57 - rule_mining.Correlation_utils - INFO - 计算列 ['column16'] 和列 column10 之间的φ²: 0.0013164277952269004
2025-06-09 11:21:57 - rule_mining.Correlation_utils - INFO - 计算列 ['column16'] 和列 column10 之间的相关性 (φ²): 0.00031649430616079453
2025-06-09 11:21:57 - rule_mining.Correlation_utils - INFO - 计算列 ['column17'] 和列 column10 之间的φ²: 0.0008056001590104245
2025-06-09 11:21:57 - rule_mining.Correlation_utils - INFO - 计算列 ['column17'] 和列 column10 之间的相关性 (φ²): 0.0
2025-06-09 11:21:57 - rule_mining.Correlation_utils - INFO - 计算列 ['column18'] 和列 column10 之间的φ²: 0.01674867775152427
2025-06-09 11:21:57 - rule_mining.Correlation_utils - INFO - 计算列 ['column18'] 和列 column10 之间的相关性 (φ²): 0.015764195826869977
2025-06-09 11:21:57 - rule_mining.Correlation_utils - INFO - 计算列 ['column19'] 和列 column10 之间的φ²: 0.012745123929831606
2025-06-09 11:21:57 - rule_mining.Correlation_utils - INFO - 计算列 ['column19'] 和列 column10 之间的相关性 (φ²): 0.01175663344064996
2025-06-09 11:21:57 - rule_mining.Correlation_utils - INFO - 计算列 ['column20'] 和列 column10 之间的φ²: 0.00030291629929587316
2025-06-09 11:21:57 - rule_mining.Correlation_utils - INFO - 计算列 ['column20'] 和列 column10 之间的相关性 (φ²): 0.0
2025-06-09 11:21:57 - rule_mining.Correlation_utils - INFO - 计算列 ['column11', 'column18'] 和列 column10 之间的φ²: 0.06139803082224966
2025-06-09 11:21:57 - rule_mining.Correlation_utils - INFO - 计算列 ['column11', 'column18'] 和列 column10 之间的相关性 (φ²): 0.05501780595623776
2025-06-09 11:21:57 - rule_mining.Correlation_utils - INFO - 计算列 ['column11', 'column19'] 和列 column10 之间的φ²: 0.06171939324839229
2025-06-09 11:21:57 - rule_mining.Correlation_utils - INFO - 计算列 ['column11', 'column19'] 和列 column10 之间的相关性 (φ²): 0.05486545430738558
2025-06-09 11:21:57 - rule_mining.Correlation_utils - INFO - 计算列 ['column18', 'column19'] 和列 column10 之间的φ²: 0.02739965143769996
2025-06-09 11:21:57 - rule_mining.Correlation_utils - INFO - 计算列 ['column18', 'column19'] 和列 column10 之间的相关性 (φ²): 0.021527347446380414
2025-06-09 11:21:57 - rule_mining.Correlation_utils - WARNING - 期望分布频数表不符合要求，无法计算相关性。
2025-06-09 11:21:57 - Cafd - INFO - Processing search space: <SearchSpace_bit.SearchSpace object at 0x000001E912386B80>
2025-06-09 11:21:57 - SearchSpace_bit - INFO - 从全局结论表中命中缓存: column1->column11
2025-06-09 11:21:57 - SearchSpace_bit - INFO - 从全局结论表中命中缓存: column2->column11
2025-06-09 11:21:57 - SearchSpace_bit - INFO - 从全局结论表中命中缓存: column3->column11
2025-06-09 11:21:57 - SearchSpace_bit - INFO - 从全局结论表中命中缓存: column4->column11
2025-06-09 11:21:57 - SearchSpace_bit - INFO - 从全局结论表中命中缓存: column5->column11
2025-06-09 11:21:57 - SearchSpace_bit - INFO - 从全局结论表中命中缓存: column6->column11
2025-06-09 11:21:57 - SearchSpace_bit - INFO - 从全局结论表中命中缓存: column7->column11
2025-06-09 11:21:57 - SearchSpace_bit - INFO - 从全局结论表中命中缓存: column8->column11
2025-06-09 11:21:57 - SearchSpace_bit - INFO - 从全局结论表中命中缓存: column9->column11
2025-06-09 11:21:57 - SearchSpace_bit - INFO - 从全局结论表中命中缓存: column10->column11
2025-06-09 11:21:57 - rule_mining.Correlation_utils - INFO - 计算列 ['column12'] 和列 column11 之间的φ²: 0.0010630024788825666
2025-06-09 11:21:57 - rule_mining.Correlation_utils - INFO - 计算列 ['column12'] 和列 column11 之间的相关性 (φ²): 0.0
2025-06-09 11:21:57 - rule_mining.Correlation_utils - INFO - 计算列 ['column13'] 和列 column11 之间的φ²: 0.001133417027135124
2025-06-09 11:21:57 - rule_mining.Correlation_utils - INFO - 计算列 ['column13'] 和列 column11 之间的相关性 (φ²): 0.0
2025-06-09 11:21:57 - rule_mining.Correlation_utils - INFO - 计算列 ['column14'] 和列 column11 之间的φ²: 0.0017575422740027306
2025-06-09 11:21:57 - rule_mining.Correlation_utils - INFO - 计算列 ['column14'] 和列 column11 之间的相关性 (φ²): 0.0005078646854624236
2025-06-09 11:21:57 - rule_mining.Correlation_utils - INFO - 计算列 ['column15'] 和列 column11 之间的φ²: 0.0013836436780041482
2025-06-09 11:21:57 - rule_mining.Correlation_utils - INFO - 计算列 ['column15'] 和列 column11 之间的相关性 (φ²): 0.00013349801410580592
2025-06-09 11:21:57 - rule_mining.Correlation_utils - INFO - 计算列 ['column16'] 和列 column11 之间的φ²: 0.0010683950744832772
2025-06-09 11:21:57 - rule_mining.Correlation_utils - INFO - 计算列 ['column16'] 和列 column11 之间的相关性 (φ²): 0.0
2025-06-09 11:21:57 - rule_mining.Correlation_utils - INFO - 计算列 ['column17'] 和列 column11 之间的φ²: 0.0011099585589928723
2025-06-09 11:21:57 - rule_mining.Correlation_utils - INFO - 计算列 ['column17'] 和列 column11 之间的相关性 (φ²): 0.0
2025-06-09 11:21:57 - rule_mining.Correlation_utils - INFO - 计算列 ['column18'] 和列 column11 之间的φ²: 0.26528048920113495
2025-06-09 11:21:57 - rule_mining.Correlation_utils - INFO - 计算列 ['column18'] 和列 column11 之间的相关性 (φ²): 0.2643607101440507
2025-06-09 11:21:57 - rule_mining.Correlation_utils - INFO - 计算列 ['column19'] 和列 column11 之间的φ²: 0.22800308149165785
2025-06-09 11:21:57 - rule_mining.Correlation_utils - INFO - 计算列 ['column19'] 和列 column11 之间的相关性 (φ²): 0.22703663567479715
2025-06-09 11:21:57 - rule_mining.Correlation_utils - INFO - 计算列 ['column20'] 和列 column11 之间的φ²: 0.0013796963785318041
2025-06-09 11:21:57 - rule_mining.Correlation_utils - INFO - 计算列 ['column20'] 和列 column11 之间的相关性 (φ²): 0.00012954577309681644
2025-06-09 11:21:57 - rule_mining.Correlation_utils - INFO - 计算列 ['column8', 'column9'] 和列 column11 之间的φ²: 0.0856663578844587
2025-06-09 11:21:57 - rule_mining.Correlation_utils - INFO - 计算列 ['column8', 'column9'] 和列 column11 之间的相关性 (φ²): 0.08130144853767597
2025-06-09 11:21:57 - rule_mining.Correlation_utils - INFO - 计算列 ['column8', 'column10'] 和列 column11 之间的φ²: 0.24070478922064786
2025-06-09 11:21:57 - rule_mining.Correlation_utils - INFO - 计算列 ['column8', 'column10'] 和列 column11 之间的相关性 (φ²): 0.23612036530650835
2025-06-09 11:21:57 - rule_mining.Correlation_utils - INFO - 计算列 ['column9', 'column10'] 和列 column11 之间的φ²: 0.16628278814162722
2025-06-09 11:21:57 - rule_mining.Correlation_utils - INFO - 计算列 ['column9', 'column10'] 和列 column11 之间的相关性 (φ²): 0.16230273110009227
2025-06-09 11:21:57 - rule_mining.Correlation_utils - INFO - 计算列 ['column8', 'column18'] 和列 column11 之间的φ²: 0.22177816350971472
2025-06-09 11:21:57 - rule_mining.Correlation_utils - INFO - 计算列 ['column8', 'column18'] 和列 column11 之间的相关性 (φ²): 0.21707946562901864
2025-06-09 11:21:57 - rule_mining.Correlation_utils - INFO - 计算列 ['column9', 'column18'] 和列 column11 之间的φ²: 0.2341208528880882
2025-06-09 11:21:57 - rule_mining.Correlation_utils - INFO - 计算列 ['column9', 'column18'] 和列 column11 之间的相关性 (φ²): 0.23046464590438812
2025-06-09 11:21:57 - rule_mining.Correlation_utils - INFO - 计算列 ['column10', 'column18'] 和列 column11 之间的φ²: 0.25306286544028106
2025-06-09 11:21:57 - rule_mining.Correlation_utils - INFO - 计算列 ['column10', 'column18'] 和列 column11 之间的相关性 (φ²): 0.2485530563259582
2025-06-09 11:21:57 - rule_mining.Correlation_utils - INFO - 计算列 ['column8', 'column19'] 和列 column11 之间的φ²: 0.19398428921308014
2025-06-09 11:21:57 - rule_mining.Correlation_utils - INFO - 计算列 ['column8', 'column19'] 和列 column11 之间的相关性 (φ²): 0.1891177792611591
2025-06-09 11:21:57 - rule_mining.Correlation_utils - INFO - 计算列 ['column9', 'column19'] 和列 column11 之间的φ²: 0.20047953952839875
2025-06-09 11:21:57 - rule_mining.Correlation_utils - INFO - 计算列 ['column9', 'column19'] 和列 column11 之间的相关性 (φ²): 0.19666273331006698
2025-06-09 11:21:57 - rule_mining.Correlation_utils - INFO - 计算列 ['column10', 'column19'] 和列 column11 之间的φ²: 0.23036567860175738
2025-06-09 11:21:57 - rule_mining.Correlation_utils - INFO - 计算列 ['column10', 'column19'] 和列 column11 之间的相关性 (φ²): 0.22571882986878683
2025-06-09 11:21:57 - rule_mining.Correlation_utils - INFO - 计算列 ['column18', 'column19'] 和列 column11 之间的φ²: 0.3774287918176019
2025-06-09 11:21:57 - rule_mining.Correlation_utils - INFO - 计算列 ['column18', 'column19'] 和列 column11 之间的相关性 (φ²): 0.37366987131536855
2025-06-09 11:21:57 - rule_mining.Correlation_utils - WARNING - 期望分布频数表不符合要求，无法计算相关性。
2025-06-09 11:21:57 - rule_mining.Correlation_utils - WARNING - 期望分布频数表不符合要求，无法计算相关性。
2025-06-09 11:21:57 - rule_mining.Correlation_utils - WARNING - 期望分布频数表不符合要求，无法计算相关性。
2025-06-09 11:21:57 - rule_mining.Correlation_utils - WARNING - 期望分布频数表不符合要求，无法计算相关性。
2025-06-09 11:21:57 - rule_mining.Correlation_utils - WARNING - 期望分布频数表不符合要求，无法计算相关性。
2025-06-09 11:21:57 - rule_mining.Correlation_utils - WARNING - 期望分布频数表不符合要求，无法计算相关性。
2025-06-09 11:21:57 - rule_mining.Correlation_utils - WARNING - 期望分布频数表不符合要求，无法计算相关性。
2025-06-09 11:21:57 - rule_mining.Correlation_utils - WARNING - 期望分布频数表不符合要求，无法计算相关性。
2025-06-09 11:21:57 - rule_mining.Correlation_utils - WARNING - 期望分布频数表不符合要求，无法计算相关性。
2025-06-09 11:21:57 - rule_mining.Correlation_utils - WARNING - 期望分布频数表不符合要求，无法计算相关性。
2025-06-09 11:21:57 - Cafd - INFO - Processing search space: <SearchSpace_bit.SearchSpace object at 0x000001E912386C40>
2025-06-09 11:21:57 - SearchSpace_bit - INFO - 从全局结论表中命中缓存: column1->column12
2025-06-09 11:21:57 - SearchSpace_bit - INFO - 从全局结论表中命中缓存: column2->column12
2025-06-09 11:21:57 - SearchSpace_bit - INFO - 从全局结论表中命中缓存: column3->column12
2025-06-09 11:21:57 - SearchSpace_bit - INFO - 从全局结论表中命中缓存: column4->column12
2025-06-09 11:21:57 - SearchSpace_bit - INFO - 从全局结论表中命中缓存: column5->column12
2025-06-09 11:21:57 - SearchSpace_bit - INFO - 从全局结论表中命中缓存: column6->column12
2025-06-09 11:21:57 - SearchSpace_bit - INFO - 从全局结论表中命中缓存: column7->column12
2025-06-09 11:21:57 - SearchSpace_bit - INFO - 从全局结论表中命中缓存: column8->column12
2025-06-09 11:21:57 - SearchSpace_bit - INFO - 从全局结论表中命中缓存: column9->column12
2025-06-09 11:21:57 - SearchSpace_bit - INFO - 从全局结论表中命中缓存: column10->column12
2025-06-09 11:21:57 - SearchSpace_bit - INFO - 从全局结论表中命中缓存: column11->column12
2025-06-09 11:21:57 - rule_mining.Correlation_utils - INFO - 计算列 ['column13'] 和列 column12 之间的φ²: 0.03951305049330131
2025-06-09 11:21:57 - rule_mining.Correlation_utils - INFO - 计算列 ['column13'] 和列 column12 之间的相关性 (φ²): 0.038551361432468574
2025-06-09 11:21:57 - rule_mining.Correlation_utils - INFO - 计算列 ['column14'] 和列 column12 之间的φ²: 0.0005234662431576567
2025-06-09 11:21:57 - rule_mining.Correlation_utils - INFO - 计算列 ['column14'] 和列 column12 之间的相关性 (φ²): 0.0
2025-06-09 11:21:57 - rule_mining.Correlation_utils - INFO - 计算列 ['column15'] 和列 column12 之间的φ²: 0.00041584910136219835
2025-06-09 11:21:57 - rule_mining.Correlation_utils - INFO - 计算列 ['column15'] 和列 column12 之间的相关性 (φ²): 0.0
2025-06-09 11:21:57 - rule_mining.Correlation_utils - INFO - 计算列 ['column16'] 和列 column12 之间的φ²: 0.000720901484420807
2025-06-09 11:21:57 - rule_mining.Correlation_utils - INFO - 计算列 ['column16'] 和列 column12 之间的相关性 (φ²): 0.0
2025-06-09 11:21:57 - rule_mining.Correlation_utils - INFO - 计算列 ['column17'] 和列 column12 之间的φ²: 0.001102823020686344
2025-06-09 11:21:57 - rule_mining.Correlation_utils - INFO - 计算列 ['column17'] 和列 column12 之间的相关性 (φ²): 0.00010267565950555434
2025-06-09 11:21:57 - rule_mining.Correlation_utils - INFO - 计算列 ['column18'] 和列 column12 之间的φ²: 0.0006571719105554053
2025-06-09 11:21:57 - rule_mining.Correlation_utils - INFO - 计算列 ['column18'] 和列 column12 之间的相关性 (φ²): 0.0
2025-06-09 11:21:57 - rule_mining.Correlation_utils - INFO - 计算列 ['column19'] 和列 column12 之间的φ²: 0.0008202054559167777
2025-06-09 11:21:57 - rule_mining.Correlation_utils - INFO - 计算列 ['column19'] 和列 column12 之间的相关性 (φ²): 0.0
2025-06-09 11:21:57 - rule_mining.Correlation_utils - INFO - 计算列 ['column20'] 和列 column12 之间的φ²: 0.001937243196434224
2025-06-09 11:21:57 - rule_mining.Correlation_utils - INFO - 计算列 ['column20'] 和列 column12 之间的相关性 (φ²): 0.0009379312997598152
2025-06-09 11:21:57 - rule_mining.Correlation_utils - INFO - 计算列 ['column1', 'column2'] 和列 column12 之间的φ²: 0.278635271278969
2025-06-09 11:21:57 - rule_mining.Correlation_utils - INFO - 计算列 ['column1', 'column2'] 和列 column12 之间的相关性 (φ²): 0.22223306817055727
2025-06-09 11:21:57 - rule_mining.Correlation_utils - INFO - 计算列 ['column1', 'column13'] 和列 column12 之间的φ²: 0.2742915202959658
2025-06-09 11:21:57 - rule_mining.Correlation_utils - INFO - 计算列 ['column1', 'column13'] 和列 column12 之间的相关性 (φ²): 0.18296503087375204
2025-06-09 11:21:57 - rule_mining.Correlation_utils - INFO - 计算列 ['column2', 'column13'] 和列 column12 之间的φ²: 0.22713657152115554
2025-06-09 11:21:57 - rule_mining.Correlation_utils - INFO - 计算列 ['column2', 'column13'] 和列 column12 之间的相关性 (φ²): 0.22247022629260402
2025-06-09 11:21:57 - rule_mining.Correlation_utils - WARNING - 期望分布频数表不符合要求，无法计算相关性。
2025-06-09 11:21:57 - Cafd - INFO - Processing search space: <SearchSpace_bit.SearchSpace object at 0x000001E912386CD0>
2025-06-09 11:21:57 - SearchSpace_bit - INFO - 从全局结论表中命中缓存: column1->column13
2025-06-09 11:21:57 - SearchSpace_bit - INFO - 从全局结论表中命中缓存: column2->column13
2025-06-09 11:21:57 - SearchSpace_bit - INFO - 从全局结论表中命中缓存: column3->column13
2025-06-09 11:21:57 - SearchSpace_bit - INFO - 从全局结论表中命中缓存: column4->column13
2025-06-09 11:21:57 - SearchSpace_bit - INFO - 从全局结论表中命中缓存: column5->column13
2025-06-09 11:21:57 - SearchSpace_bit - INFO - 从全局结论表中命中缓存: column6->column13
2025-06-09 11:21:57 - SearchSpace_bit - INFO - 从全局结论表中命中缓存: column7->column13
2025-06-09 11:21:57 - SearchSpace_bit - INFO - 从全局结论表中命中缓存: column8->column13
2025-06-09 11:21:57 - SearchSpace_bit - INFO - 从全局结论表中命中缓存: column9->column13
2025-06-09 11:21:57 - SearchSpace_bit - INFO - 从全局结论表中命中缓存: column10->column13
2025-06-09 11:21:57 - SearchSpace_bit - INFO - 从全局结论表中命中缓存: column11->column13
2025-06-09 11:21:57 - SearchSpace_bit - INFO - 从全局结论表中命中缓存: column12->column13
2025-06-09 11:21:57 - rule_mining.Correlation_utils - INFO - 计算列 ['column14'] 和列 column13 之间的φ²: 0.0014073891179474743
2025-06-09 11:21:57 - rule_mining.Correlation_utils - INFO - 计算列 ['column14'] 和列 column13 之间的相关性 (φ²): 0.00040754670404804735
2025-06-09 11:21:57 - rule_mining.Correlation_utils - INFO - 计算列 ['column15'] 和列 column13 之间的φ²: 0.0014386273713119522
2025-06-09 11:21:57 - rule_mining.Correlation_utils - INFO - 计算列 ['column15'] 和列 column13 之间的相关性 (φ²): 0.00043881623476257724
2025-06-09 11:21:57 - rule_mining.Correlation_utils - INFO - 计算列 ['column16'] 和列 column13 之间的φ²: 0.0006503778506048547
2025-06-09 11:21:57 - rule_mining.Correlation_utils - INFO - 计算列 ['column16'] 和列 column13 之间的相关性 (φ²): 0.0
2025-06-09 11:21:57 - rule_mining.Correlation_utils - INFO - 计算列 ['column17'] 和列 column13 之间的φ²: 0.0005479724908571484
2025-06-09 11:21:57 - rule_mining.Correlation_utils - INFO - 计算列 ['column17'] 和列 column13 之间的相关性 (φ²): 0.0
2025-06-09 11:21:57 - rule_mining.Correlation_utils - INFO - 计算列 ['column18'] 和列 column13 之间的φ²: 0.000879744726639899
2025-06-09 11:21:57 - rule_mining.Correlation_utils - INFO - 计算列 ['column18'] 和列 column13 之间的相关性 (φ²): 0.0
2025-06-09 11:21:57 - rule_mining.Correlation_utils - INFO - 计算列 ['column19'] 和列 column13 之间的φ²: 0.0009791194980226124
2025-06-09 11:21:57 - rule_mining.Correlation_utils - INFO - 计算列 ['column19'] 和列 column13 之间的相关性 (φ²): 0.0
2025-06-09 11:21:57 - rule_mining.Correlation_utils - INFO - 计算列 ['column20'] 和列 column13 之间的φ²: 0.0019903992709878935
2025-06-09 11:21:57 - rule_mining.Correlation_utils - INFO - 计算列 ['column20'] 和列 column13 之间的相关性 (φ²): 0.0009911405969162917
2025-06-09 11:21:57 - rule_mining.Correlation_utils - INFO - 计算列 ['column1', 'column2'] 和列 column13 之间的φ²: 0.2626371384823384
2025-06-09 11:21:57 - rule_mining.Correlation_utils - INFO - 计算列 ['column1', 'column2'] 和列 column13 之间的相关性 (φ²): 0.20498407031298765
2025-06-09 11:21:57 - rule_mining.Correlation_utils - INFO - 计算列 ['column1', 'column12'] 和列 column13 之间的φ²: 0.26544858309991914
2025-06-09 11:21:57 - rule_mining.Correlation_utils - INFO - 计算列 ['column1', 'column12'] 和列 column13 之间的相关性 (φ²): 0.1732420162726081
2025-06-09 11:21:57 - rule_mining.Correlation_utils - INFO - 计算列 ['column2', 'column12'] 和列 column13 之间的φ²: 0.21288687475528764
2025-06-09 11:21:57 - rule_mining.Correlation_utils - INFO - 计算列 ['column2', 'column12'] 和列 column13 之间的相关性 (φ²): 0.20813449362173464
2025-06-09 11:21:57 - rule_mining.Correlation_utils - WARNING - 期望分布频数表不符合要求，无法计算相关性。
2025-06-09 11:21:57 - Cafd - INFO - Processing search space: <SearchSpace_bit.SearchSpace object at 0x000001E912386D60>
2025-06-09 11:21:57 - SearchSpace_bit - INFO - 从全局结论表中命中缓存: column1->column14
2025-06-09 11:21:57 - SearchSpace_bit - INFO - 从全局结论表中命中缓存: column2->column14
2025-06-09 11:21:57 - SearchSpace_bit - INFO - 从全局结论表中命中缓存: column3->column14
2025-06-09 11:21:57 - SearchSpace_bit - INFO - 从全局结论表中命中缓存: column4->column14
2025-06-09 11:21:57 - SearchSpace_bit - INFO - 从全局结论表中命中缓存: column5->column14
2025-06-09 11:21:57 - SearchSpace_bit - INFO - 从全局结论表中命中缓存: column6->column14
2025-06-09 11:21:57 - SearchSpace_bit - INFO - 从全局结论表中命中缓存: column7->column14
2025-06-09 11:21:57 - SearchSpace_bit - INFO - 从全局结论表中命中缓存: column8->column14
2025-06-09 11:21:57 - SearchSpace_bit - INFO - 从全局结论表中命中缓存: column9->column14
2025-06-09 11:21:57 - SearchSpace_bit - INFO - 从全局结论表中命中缓存: column10->column14
2025-06-09 11:21:57 - SearchSpace_bit - INFO - 从全局结论表中命中缓存: column11->column14
2025-06-09 11:21:57 - SearchSpace_bit - INFO - 从全局结论表中命中缓存: column12->column14
2025-06-09 11:21:57 - SearchSpace_bit - INFO - 从全局结论表中命中缓存: column13->column14
2025-06-09 11:21:57 - rule_mining.Correlation_utils - INFO - 计算列 ['column15'] 和列 column14 之间的φ²: 0.04641139664023188
2025-06-09 11:21:57 - rule_mining.Correlation_utils - INFO - 计算列 ['column15'] 和列 column14 之间的相关性 (φ²): 0.045456614559270914
2025-06-09 11:21:57 - rule_mining.Correlation_utils - INFO - 计算列 ['column16'] 和列 column14 之间的φ²: 0.0012196036902251705
2025-06-09 11:21:57 - rule_mining.Correlation_utils - INFO - 计算列 ['column16'] 和列 column14 之间的相关性 (φ²): 0.0002195732558724547
2025-06-09 11:21:57 - rule_mining.Correlation_utils - INFO - 计算列 ['column17'] 和列 column14 之间的φ²: 0.0006119000705655822
2025-06-09 11:21:57 - rule_mining.Correlation_utils - INFO - 计算列 ['column17'] 和列 column14 之间的相关性 (φ²): 0.0
2025-06-09 11:21:57 - rule_mining.Correlation_utils - INFO - 计算列 ['column18'] 和列 column14 之间的φ²: 0.0013763304592002044
2025-06-09 11:21:57 - rule_mining.Correlation_utils - INFO - 计算列 ['column18'] 和列 column14 之间的相关性 (φ²): 0.00037645694777011684
2025-06-09 11:21:57 - rule_mining.Correlation_utils - INFO - 计算列 ['column19'] 和列 column14 之间的φ²: 0.00036071598097362314
2025-06-09 11:21:57 - rule_mining.Correlation_utils - INFO - 计算列 ['column19'] 和列 column14 之间的相关性 (φ²): 0.0
2025-06-09 11:21:57 - rule_mining.Correlation_utils - INFO - 计算列 ['column20'] 和列 column14 之间的φ²: 0.0007836269527322486
2025-06-09 11:21:57 - rule_mining.Correlation_utils - INFO - 计算列 ['column20'] 和列 column14 之间的相关性 (φ²): 0.0
2025-06-09 11:21:57 - rule_mining.Correlation_utils - INFO - 计算列 ['column7', 'column15'] 和列 column14 之间的φ²: 0.17070636446634443
2025-06-09 11:21:57 - rule_mining.Correlation_utils - INFO - 计算列 ['column7', 'column15'] 和列 column14 之间的相关性 (φ²): 0.16695673235390893
2025-06-09 11:21:57 - Cafd - INFO - Processing search space: <SearchSpace_bit.SearchSpace object at 0x000001E912386DF0>
2025-06-09 11:21:57 - SearchSpace_bit - INFO - 从全局结论表中命中缓存: column1->column15
2025-06-09 11:21:57 - SearchSpace_bit - INFO - 从全局结论表中命中缓存: column2->column15
2025-06-09 11:21:57 - SearchSpace_bit - INFO - 从全局结论表中命中缓存: column3->column15
2025-06-09 11:21:57 - SearchSpace_bit - INFO - 从全局结论表中命中缓存: column4->column15
2025-06-09 11:21:57 - SearchSpace_bit - INFO - 从全局结论表中命中缓存: column5->column15
2025-06-09 11:21:57 - SearchSpace_bit - INFO - 从全局结论表中命中缓存: column6->column15
2025-06-09 11:21:57 - SearchSpace_bit - INFO - 从全局结论表中命中缓存: column7->column15
2025-06-09 11:21:57 - SearchSpace_bit - INFO - 从全局结论表中命中缓存: column8->column15
2025-06-09 11:21:57 - SearchSpace_bit - INFO - 从全局结论表中命中缓存: column9->column15
2025-06-09 11:21:57 - SearchSpace_bit - INFO - 从全局结论表中命中缓存: column10->column15
2025-06-09 11:21:57 - SearchSpace_bit - INFO - 从全局结论表中命中缓存: column11->column15
2025-06-09 11:21:57 - SearchSpace_bit - INFO - 从全局结论表中命中缓存: column12->column15
2025-06-09 11:21:57 - SearchSpace_bit - INFO - 从全局结论表中命中缓存: column13->column15
2025-06-09 11:21:57 - SearchSpace_bit - INFO - 从全局结论表中命中缓存: column14->column15
2025-06-09 11:21:57 - rule_mining.Correlation_utils - INFO - 计算列 ['column16'] 和列 column15 之间的φ²: 0.0009663872930488253
2025-06-09 11:21:57 - rule_mining.Correlation_utils - INFO - 计算列 ['column16'] 和列 column15 之间的相关性 (φ²): 0.0
2025-06-09 11:21:57 - rule_mining.Correlation_utils - INFO - 计算列 ['column17'] 和列 column15 之间的φ²: 0.0009077549788812576
2025-06-09 11:21:57 - rule_mining.Correlation_utils - INFO - 计算列 ['column17'] 和列 column15 之间的相关性 (φ²): 0.0
2025-06-09 11:21:57 - rule_mining.Correlation_utils - INFO - 计算列 ['column18'] 和列 column15 之间的φ²: 0.0005725903308410238
2025-06-09 11:21:57 - rule_mining.Correlation_utils - INFO - 计算列 ['column18'] 和列 column15 之间的相关性 (φ²): 0.0
2025-06-09 11:21:57 - rule_mining.Correlation_utils - INFO - 计算列 ['column19'] 和列 column15 之间的φ²: 0.0008179334156322113
2025-06-09 11:21:57 - rule_mining.Correlation_utils - INFO - 计算列 ['column19'] 和列 column15 之间的相关性 (φ²): 0.0
2025-06-09 11:21:57 - rule_mining.Correlation_utils - INFO - 计算列 ['column20'] 和列 column15 之间的φ²: 0.0010847598944672824
2025-06-09 11:21:57 - rule_mining.Correlation_utils - INFO - 计算列 ['column20'] 和列 column15 之间的相关性 (φ²): 8.459444755310684e-05
2025-06-09 11:21:57 - rule_mining.Correlation_utils - INFO - 计算列 ['column5', 'column7'] 和列 column15 之间的φ²: 0.1689477102977383
2025-06-09 11:21:57 - rule_mining.Correlation_utils - INFO - 计算列 ['column5', 'column7'] 和列 column15 之间的相关性 (φ²): 0.1521994626226162
2025-06-09 11:21:57 - rule_mining.Correlation_utils - INFO - 计算列 ['column5', 'column14'] 和列 column15 之间的φ²: 0.07743281462969441
2025-06-09 11:21:57 - rule_mining.Correlation_utils - INFO - 计算列 ['column5', 'column14'] 和列 column15 之间的相关性 (φ²): 0.05401380146260204
2025-06-09 11:21:57 - rule_mining.Correlation_utils - INFO - 计算列 ['column7', 'column14'] 和列 column15 之间的φ²: 0.15720713930611874
2025-06-09 11:21:57 - rule_mining.Correlation_utils - INFO - 计算列 ['column7', 'column14'] 和列 column15 之间的相关性 (φ²): 0.15318375630280623
2025-06-09 11:21:57 - rule_mining.Correlation_utils - WARNING - 期望分布频数表不符合要求，无法计算相关性。
2025-06-09 11:21:57 - Cafd - INFO - Processing search space: <SearchSpace_bit.SearchSpace object at 0x000001E912386E80>
2025-06-09 11:21:57 - SearchSpace_bit - INFO - 从全局结论表中命中缓存: column1->column16
2025-06-09 11:21:57 - SearchSpace_bit - INFO - 从全局结论表中命中缓存: column2->column16
2025-06-09 11:21:57 - SearchSpace_bit - INFO - 从全局结论表中命中缓存: column3->column16
2025-06-09 11:21:57 - SearchSpace_bit - INFO - 从全局结论表中命中缓存: column4->column16
2025-06-09 11:21:57 - SearchSpace_bit - INFO - 从全局结论表中命中缓存: column5->column16
2025-06-09 11:21:57 - SearchSpace_bit - INFO - 从全局结论表中命中缓存: column6->column16
2025-06-09 11:21:57 - SearchSpace_bit - INFO - 从全局结论表中命中缓存: column7->column16
2025-06-09 11:21:57 - SearchSpace_bit - INFO - 从全局结论表中命中缓存: column8->column16
2025-06-09 11:21:57 - SearchSpace_bit - INFO - 从全局结论表中命中缓存: column9->column16
2025-06-09 11:21:57 - SearchSpace_bit - INFO - 从全局结论表中命中缓存: column10->column16
2025-06-09 11:21:57 - SearchSpace_bit - INFO - 从全局结论表中命中缓存: column11->column16
2025-06-09 11:21:57 - SearchSpace_bit - INFO - 从全局结论表中命中缓存: column12->column16
2025-06-09 11:21:57 - SearchSpace_bit - INFO - 从全局结论表中命中缓存: column13->column16
2025-06-09 11:21:57 - SearchSpace_bit - INFO - 从全局结论表中命中缓存: column14->column16
2025-06-09 11:21:57 - SearchSpace_bit - INFO - 从全局结论表中命中缓存: column15->column16
2025-06-09 11:21:57 - rule_mining.Correlation_utils - INFO - 计算列 ['column17'] 和列 column16 之间的φ²: 0.004514025469502855
2025-06-09 11:21:57 - rule_mining.Correlation_utils - INFO - 计算列 ['column17'] 和列 column16 之间的相关性 (φ²): 0.0035172935801106166
2025-06-09 11:21:57 - rule_mining.Correlation_utils - INFO - 计算列 ['column18'] 和列 column16 之间的φ²: 0.001287661759541635
2025-06-09 11:21:57 - rule_mining.Correlation_utils - INFO - 计算列 ['column18'] 和列 column16 之间的相关性 (φ²): 0.00028769946843729604
2025-06-09 11:21:57 - rule_mining.Correlation_utils - INFO - 计算列 ['column19'] 和列 column16 之间的φ²: 0.001311169528210769
2025-06-09 11:21:57 - rule_mining.Correlation_utils - INFO - 计算列 ['column19'] 和列 column16 之间的相关性 (φ²): 0.00031123077429658693
2025-06-09 11:21:57 - rule_mining.Correlation_utils - INFO - 计算列 ['column20'] 和列 column16 之间的φ²: 0.001155778221302171
2025-06-09 11:21:57 - rule_mining.Correlation_utils - INFO - 计算列 ['column20'] 和列 column16 之间的相关性 (φ²): 0.0001556838815988438
2025-06-09 11:21:57 - rule_mining.Correlation_utils - INFO - 计算列 ['column3', 'column4'] 和列 column16 之间的φ²: 0.29783281737107303
2025-06-09 11:21:57 - rule_mining.Correlation_utils - INFO - 计算列 ['column3', 'column4'] 和列 column16 之间的相关性 (φ²): 0.24456105371722384
2025-06-09 11:21:57 - Cafd - INFO - Processing search space: <SearchSpace_bit.SearchSpace object at 0x000001E912386F10>
2025-06-09 11:21:57 - SearchSpace_bit - INFO - 从全局结论表中命中缓存: column1->column17
2025-06-09 11:21:57 - SearchSpace_bit - INFO - 从全局结论表中命中缓存: column2->column17
2025-06-09 11:21:57 - SearchSpace_bit - INFO - 从全局结论表中命中缓存: column3->column17
2025-06-09 11:21:57 - SearchSpace_bit - INFO - 从全局结论表中命中缓存: column4->column17
2025-06-09 11:21:57 - SearchSpace_bit - INFO - 从全局结论表中命中缓存: column5->column17
2025-06-09 11:21:57 - SearchSpace_bit - INFO - 从全局结论表中命中缓存: column6->column17
2025-06-09 11:21:57 - SearchSpace_bit - INFO - 从全局结论表中命中缓存: column7->column17
2025-06-09 11:21:57 - SearchSpace_bit - INFO - 从全局结论表中命中缓存: column8->column17
2025-06-09 11:21:57 - SearchSpace_bit - INFO - 从全局结论表中命中缓存: column9->column17
2025-06-09 11:21:57 - SearchSpace_bit - INFO - 从全局结论表中命中缓存: column10->column17
2025-06-09 11:21:57 - SearchSpace_bit - INFO - 从全局结论表中命中缓存: column11->column17
2025-06-09 11:21:57 - SearchSpace_bit - INFO - 从全局结论表中命中缓存: column12->column17
2025-06-09 11:21:57 - SearchSpace_bit - INFO - 从全局结论表中命中缓存: column13->column17
2025-06-09 11:21:57 - SearchSpace_bit - INFO - 从全局结论表中命中缓存: column14->column17
2025-06-09 11:21:57 - SearchSpace_bit - INFO - 从全局结论表中命中缓存: column15->column17
2025-06-09 11:21:57 - SearchSpace_bit - INFO - 从全局结论表中命中缓存: column16->column17
2025-06-09 11:21:57 - rule_mining.Correlation_utils - INFO - 计算列 ['column18'] 和列 column17 之间的φ²: 0.0005926634338120493
2025-06-09 11:21:57 - rule_mining.Correlation_utils - INFO - 计算列 ['column18'] 和列 column17 之间的相关性 (φ²): 0.0
2025-06-09 11:21:57 - rule_mining.Correlation_utils - INFO - 计算列 ['column19'] 和列 column17 之间的φ²: 0.00047913173130433506
2025-06-09 11:21:57 - rule_mining.Correlation_utils - INFO - 计算列 ['column19'] 和列 column17 之间的相关性 (φ²): 0.0
2025-06-09 11:21:57 - rule_mining.Correlation_utils - INFO - 计算列 ['column20'] 和列 column17 之间的φ²: 0.0008072929052667064
2025-06-09 11:21:57 - rule_mining.Correlation_utils - INFO - 计算列 ['column20'] 和列 column17 之间的相关性 (φ²): 0.0
2025-06-09 11:21:57 - rule_mining.Correlation_utils - INFO - 计算列 ['column3', 'column4'] 和列 column17 之间的φ²: 0.26721714699134747
2025-06-09 11:21:57 - rule_mining.Correlation_utils - INFO - 计算列 ['column3', 'column4'] 和列 column17 之间的相关性 (φ²): 0.2116226448260421
2025-06-09 11:21:57 - Cafd - INFO - Processing search space: <SearchSpace_bit.SearchSpace object at 0x000001E912386FA0>
2025-06-09 11:21:57 - SearchSpace_bit - INFO - 从全局结论表中命中缓存: column1->column18
2025-06-09 11:21:57 - SearchSpace_bit - INFO - 从全局结论表中命中缓存: column2->column18
2025-06-09 11:21:57 - SearchSpace_bit - INFO - 从全局结论表中命中缓存: column3->column18
2025-06-09 11:21:57 - SearchSpace_bit - INFO - 从全局结论表中命中缓存: column4->column18
2025-06-09 11:21:57 - SearchSpace_bit - INFO - 从全局结论表中命中缓存: column5->column18
2025-06-09 11:21:57 - SearchSpace_bit - INFO - 从全局结论表中命中缓存: column6->column18
2025-06-09 11:21:57 - SearchSpace_bit - INFO - 从全局结论表中命中缓存: column7->column18
2025-06-09 11:21:57 - SearchSpace_bit - INFO - 从全局结论表中命中缓存: column8->column18
2025-06-09 11:21:57 - SearchSpace_bit - INFO - 从全局结论表中命中缓存: column9->column18
2025-06-09 11:21:57 - SearchSpace_bit - INFO - 从全局结论表中命中缓存: column10->column18
2025-06-09 11:21:57 - SearchSpace_bit - INFO - 从全局结论表中命中缓存: column11->column18
2025-06-09 11:21:57 - SearchSpace_bit - INFO - 从全局结论表中命中缓存: column12->column18
2025-06-09 11:21:57 - SearchSpace_bit - INFO - 从全局结论表中命中缓存: column13->column18
2025-06-09 11:21:57 - SearchSpace_bit - INFO - 从全局结论表中命中缓存: column14->column18
2025-06-09 11:21:57 - SearchSpace_bit - INFO - 从全局结论表中命中缓存: column15->column18
2025-06-09 11:21:57 - SearchSpace_bit - INFO - 从全局结论表中命中缓存: column16->column18
2025-06-09 11:21:57 - SearchSpace_bit - INFO - 从全局结论表中命中缓存: column17->column18
2025-06-09 11:21:57 - rule_mining.Correlation_utils - INFO - 计算列 ['column19'] 和列 column18 之间的φ²: 0.053383802510554516
2025-06-09 11:21:57 - rule_mining.Correlation_utils - INFO - 计算列 ['column19'] 和列 column18 之间的相关性 (φ²): 0.05243600156187923
2025-06-09 11:21:57 - rule_mining.Correlation_utils - INFO - 计算列 ['column20'] 和列 column18 之间的φ²: 0.0010484155208690992
2025-06-09 11:21:57 - rule_mining.Correlation_utils - INFO - 计算列 ['column20'] 和列 column18 之间的相关性 (φ²): 4.82136840939993e-05
2025-06-09 11:21:57 - rule_mining.Correlation_utils - INFO - 计算列 ['column10', 'column11'] 和列 column18 之间的φ²: 0.2677520813038915
2025-06-09 11:21:57 - rule_mining.Correlation_utils - INFO - 计算列 ['column10', 'column11'] 和列 column18 之间的相关性 (φ²): 0.2624031670363381
2025-06-09 11:21:57 - rule_mining.Correlation_utils - INFO - 计算列 ['column10', 'column19'] 和列 column18 之间的φ²: 0.06986189808645855
2025-06-09 11:21:57 - rule_mining.Correlation_utils - INFO - 计算列 ['column10', 'column19'] 和列 column18 之间的相关性 (φ²): 0.0642459699239617
2025-06-09 11:21:57 - rule_mining.Correlation_utils - INFO - 计算列 ['column11', 'column19'] 和列 column18 之间的φ²: 0.2691731832047644
2025-06-09 11:21:57 - rule_mining.Correlation_utils - INFO - 计算列 ['column11', 'column19'] 和列 column18 之间的相关性 (φ²): 0.26383464978233073
2025-06-09 11:21:57 - rule_mining.Correlation_utils - WARNING - 期望分布频数表不符合要求，无法计算相关性。
2025-06-09 11:21:57 - Cafd - INFO - Processing search space: <SearchSpace_bit.SearchSpace object at 0x000001E912619070>
2025-06-09 11:21:57 - SearchSpace_bit - INFO - 从全局结论表中命中缓存: column1->column19
2025-06-09 11:21:57 - SearchSpace_bit - INFO - 从全局结论表中命中缓存: column2->column19
2025-06-09 11:21:57 - SearchSpace_bit - INFO - 从全局结论表中命中缓存: column3->column19
2025-06-09 11:21:57 - SearchSpace_bit - INFO - 从全局结论表中命中缓存: column4->column19
2025-06-09 11:21:57 - SearchSpace_bit - INFO - 从全局结论表中命中缓存: column5->column19
2025-06-09 11:21:57 - SearchSpace_bit - INFO - 从全局结论表中命中缓存: column6->column19
2025-06-09 11:21:57 - SearchSpace_bit - INFO - 从全局结论表中命中缓存: column7->column19
2025-06-09 11:21:57 - SearchSpace_bit - INFO - 从全局结论表中命中缓存: column8->column19
2025-06-09 11:21:57 - SearchSpace_bit - INFO - 从全局结论表中命中缓存: column9->column19
2025-06-09 11:21:57 - SearchSpace_bit - INFO - 从全局结论表中命中缓存: column10->column19
2025-06-09 11:21:57 - SearchSpace_bit - INFO - 从全局结论表中命中缓存: column11->column19
2025-06-09 11:21:57 - SearchSpace_bit - INFO - 从全局结论表中命中缓存: column12->column19
2025-06-09 11:21:57 - SearchSpace_bit - INFO - 从全局结论表中命中缓存: column13->column19
2025-06-09 11:21:57 - SearchSpace_bit - INFO - 从全局结论表中命中缓存: column14->column19
2025-06-09 11:21:57 - SearchSpace_bit - INFO - 从全局结论表中命中缓存: column15->column19
2025-06-09 11:21:57 - SearchSpace_bit - INFO - 从全局结论表中命中缓存: column16->column19
2025-06-09 11:21:57 - SearchSpace_bit - INFO - 从全局结论表中命中缓存: column17->column19
2025-06-09 11:21:57 - SearchSpace_bit - INFO - 从全局结论表中命中缓存: column18->column19
2025-06-09 11:21:57 - rule_mining.Correlation_utils - INFO - 计算列 ['column20'] 和列 column19 之间的φ²: 0.0006043279077437944
2025-06-09 11:21:57 - rule_mining.Correlation_utils - INFO - 计算列 ['column20'] 和列 column19 之间的相关性 (φ²): 0.0
2025-06-09 11:21:57 - rule_mining.Correlation_utils - INFO - 计算列 ['column10', 'column11'] 和列 column19 之间的φ²: 0.2319477027245323
2025-06-09 11:21:57 - rule_mining.Correlation_utils - INFO - 计算列 ['column10', 'column11'] 和列 column19 之间的相关性 (φ²): 0.22633724513738152
2025-06-09 11:21:57 - rule_mining.Correlation_utils - INFO - 计算列 ['column10', 'column18'] 和列 column19 之间的φ²: 0.06573434915176107
2025-06-09 11:21:57 - rule_mining.Correlation_utils - INFO - 计算列 ['column10', 'column18'] 和列 column19 之间的相关性 (φ²): 0.06009349993909246
2025-06-09 11:21:57 - rule_mining.Correlation_utils - INFO - 计算列 ['column11', 'column18'] 和列 column19 之间的φ²: 0.232006399648885
2025-06-09 11:21:57 - rule_mining.Correlation_utils - INFO - 计算列 ['column11', 'column18'] 和列 column19 之间的相关性 (φ²): 0.22678589934438345
2025-06-09 11:21:57 - rule_mining.Correlation_utils - WARNING - 期望分布频数表不符合要求，无法计算相关性。
2025-06-09 11:21:57 - Cafd - INFO - Processing search space: <SearchSpace_bit.SearchSpace object at 0x000001E912619100>
2025-06-09 11:21:57 - SearchSpace_bit - INFO - 从全局结论表中命中缓存: column1->column20
2025-06-09 11:21:57 - SearchSpace_bit - INFO - 从全局结论表中命中缓存: column2->column20
2025-06-09 11:21:57 - SearchSpace_bit - INFO - 从全局结论表中命中缓存: column3->column20
2025-06-09 11:21:57 - SearchSpace_bit - INFO - 从全局结论表中命中缓存: column4->column20
2025-06-09 11:21:57 - SearchSpace_bit - INFO - 从全局结论表中命中缓存: column5->column20
2025-06-09 11:21:57 - SearchSpace_bit - INFO - 从全局结论表中命中缓存: column6->column20
2025-06-09 11:21:57 - SearchSpace_bit - INFO - 从全局结论表中命中缓存: column7->column20
2025-06-09 11:21:57 - SearchSpace_bit - INFO - 从全局结论表中命中缓存: column8->column20
2025-06-09 11:21:57 - SearchSpace_bit - INFO - 从全局结论表中命中缓存: column9->column20
2025-06-09 11:21:57 - SearchSpace_bit - INFO - 从全局结论表中命中缓存: column10->column20
2025-06-09 11:21:57 - SearchSpace_bit - INFO - 从全局结论表中命中缓存: column11->column20
2025-06-09 11:21:57 - SearchSpace_bit - INFO - 从全局结论表中命中缓存: column12->column20
2025-06-09 11:21:57 - SearchSpace_bit - INFO - 从全局结论表中命中缓存: column13->column20
2025-06-09 11:21:57 - SearchSpace_bit - INFO - 从全局结论表中命中缓存: column14->column20
2025-06-09 11:21:57 - SearchSpace_bit - INFO - 从全局结论表中命中缓存: column15->column20
2025-06-09 11:21:57 - SearchSpace_bit - INFO - 从全局结论表中命中缓存: column16->column20
2025-06-09 11:21:57 - SearchSpace_bit - INFO - 从全局结论表中命中缓存: column17->column20
2025-06-09 11:21:57 - SearchSpace_bit - INFO - 从全局结论表中命中缓存: column18->column20
2025-06-09 11:21:57 - SearchSpace_bit - INFO - 从全局结论表中命中缓存: column19->column20
2025-06-09 11:21:57 - Cafd - INFO - Total dependencies found: 4
2025-06-09 11:21:57 - root - INFO - 发现的函数依赖如下：
2025-06-09 11:21:57 - root - INFO - ['column1'] -> column2
2025-06-09 11:21:57 - root - INFO - ['column4'] -> column3
2025-06-09 11:21:57 - root - INFO - ['column3'] -> column4
2025-06-09 11:21:57 - root - INFO - ['column5', 'column6'] -> column7
2025-06-09 11:21:57 - Evaluate_fd - INFO - 评估结果: TP=4, FP=0, FN=1
2025-06-09 11:21:57 - Evaluate_fd - WARNING - 漏报 FD (1 个):
column10,column8,column9->column11
2025-06-09 11:21:57 - root - INFO - Precision: 1.00, Recall: 0.80, F1: 0.89
2025-06-09 11:21:57 - root - INFO - 总运行时长: 1108 ms
2025-06-09 11:21:57 - root - INFO - 结果已保存至: rule_mining\discovered_fd\data_e10_discovered.txt
