2025-06-09 11:52:08 - root - INFO - 日志配置完成。
2025-06-09 11:52:08 - root - INFO - Config: dataset=data_d200.csv, sample_size=4000, null_equal_null=True
2025-06-09 11:52:08 - root - INFO - 开始执行 CAFD...
2025-06-09 11:52:08 - Cafd - INFO - Executing CAFD on: E:\资料\C-AFD\rule_mining\data\synthetic_data\domain\data_d200.csv
2025-06-09 11:52:08 - Cafd - INFO - Using ground truth: E:\资料\C-AFD\rule_mining\groundtruth\synthetic_data\domain\data_d200.txt
2025-06-09 11:52:08 - Sampler - INFO - Reading dataset from: E:\资料\C-AFD\rule_mining\data\synthetic_data\domain\data_d200.csv
2025-06-09 11:52:08 - Sampler - INFO - 移除全空列：0 / 20
2025-06-09 11:52:08 - Sampler - INFO - 移除单一值列：0 个
2025-06-09 11:52:08 - Sampler - INFO - 移除大于数据集行数 (5000) 的不现实样本量：51 个
2025-06-09 11:52:08 - Sampler - INFO - 最终采样方式 'mode_bin_2000'，样本量: 4000
2025-06-09 11:52:08 - Sampler - INFO - 抽样 4000 行，随机种子：3650849930
2025-06-09 11:52:08 - Sampler - INFO - 抽样结果已保存至: rule_mining/data/sample_data/sample_data.csv
2025-06-09 11:52:09 - rule_mining.Incorporate_into - INFO - 所有列的 PLI 更新完成。
2025-06-09 11:52:09 - Cafd - INFO - Processing search space: <SearchSpace_bit.SearchSpace object at 0x0000021717AF4D60>
2025-06-09 11:52:09 - rule_mining.Correlation_utils - INFO - 计算列 ['column2'] 和列 column1 之间的φ²: 0.7998736256841167
2025-06-09 11:52:09 - rule_mining.Correlation_utils - INFO - 计算列 ['column2'] 和列 column1 之间的相关性 (φ²): 0.789393323450206
2025-06-09 11:52:09 - rule_mining.Correlation_utils - INFO - 行方向得分: 0.0710, 列方向得分: 0.8995
2025-06-09 11:52:09 - rule_mining.Correlation_utils - INFO - 计算列 ['column3'] 和列 column1 之间的φ²: 0.04993290689111146
2025-06-09 11:52:09 - rule_mining.Correlation_utils - INFO - 计算列 ['column3'] 和列 column1 之间的相关性 (φ²): 0.00017939333093545698
2025-06-09 11:52:09 - rule_mining.Correlation_utils - INFO - 计算列 ['column4'] 和列 column1 之间的φ²: 0.050071551818294265
2025-06-09 11:52:09 - rule_mining.Correlation_utils - INFO - 计算列 ['column4'] 和列 column1 之间的相关性 (φ²): 0.0003252988740417805
2025-06-09 11:52:09 - rule_mining.Correlation_utils - INFO - 计算列 ['column5'] 和列 column1 之间的φ²: 0.0494984321323845
2025-06-09 11:52:09 - rule_mining.Correlation_utils - INFO - 计算列 ['column5'] 和列 column1 之间的相关性 (φ²): 0.0
2025-06-09 11:52:09 - rule_mining.Correlation_utils - INFO - 计算列 ['column6'] 和列 column1 之间的φ²: 0.049031119240314336
2025-06-09 11:52:09 - rule_mining.Correlation_utils - INFO - 计算列 ['column6'] 和列 column1 之间的相关性 (φ²): 0.0
2025-06-09 11:52:09 - rule_mining.Correlation_utils - INFO - 计算列 ['column7'] 和列 column1 之间的φ²: 0.04723557675973284
2025-06-09 11:52:09 - rule_mining.Correlation_utils - INFO - 计算列 ['column7'] 和列 column1 之间的相关性 (φ²): 0.0
2025-06-09 11:52:09 - rule_mining.Correlation_utils - INFO - 计算列 ['column8'] 和列 column1 之间的φ²: 0.0458025828941898
2025-06-09 11:52:09 - rule_mining.Correlation_utils - INFO - 计算列 ['column8'] 和列 column1 之间的相关性 (φ²): 0.0
2025-06-09 11:52:09 - rule_mining.Correlation_utils - INFO - 计算列 ['column9'] 和列 column1 之间的φ²: 0.05065532310777388
2025-06-09 11:52:09 - rule_mining.Correlation_utils - INFO - 计算列 ['column9'] 和列 column1 之间的相关性 (φ²): 0.0009396413442073044
2025-06-09 11:52:09 - rule_mining.Correlation_utils - INFO - 计算列 ['column10'] 和列 column1 之间的φ²: 0.05176115844662597
2025-06-09 11:52:09 - rule_mining.Correlation_utils - INFO - 计算列 ['column10'] 和列 column1 之间的相关性 (φ²): 0.002103387533699275
2025-06-09 11:52:09 - rule_mining.Correlation_utils - INFO - 计算列 ['column11'] 和列 column1 之间的φ²: 0.05513741558359421
2025-06-09 11:52:09 - rule_mining.Correlation_utils - INFO - 计算列 ['column11'] 和列 column1 之间的相关性 (φ²): 0.005656453925998223
2025-06-09 11:52:09 - rule_mining.Correlation_utils - INFO - 计算列 ['column12'] 和列 column1 之间的φ²: 0.05303858240705512
2025-06-09 11:52:09 - rule_mining.Correlation_utils - INFO - 计算列 ['column12'] 和列 column1 之间的相关性 (φ²): 0.0034477081699509013
2025-06-09 11:52:09 - rule_mining.Correlation_utils - INFO - 计算列 ['column13'] 和列 column1 之间的φ²: 0.052702859003169865
2025-06-09 11:52:09 - rule_mining.Correlation_utils - INFO - 计算列 ['column13'] 和列 column1 之间的相关性 (φ²): 0.003094403461493761
2025-06-09 11:52:09 - rule_mining.Correlation_utils - INFO - 计算列 ['column14'] 和列 column1 之间的φ²: 0.2101405407308561
2025-06-09 11:52:09 - rule_mining.Correlation_utils - INFO - 计算列 ['column14'] 和列 column1 之间的相关性 (φ²): 0.1687768479954457
2025-06-09 11:52:09 - rule_mining.Correlation_utils - INFO - 计算列 ['column15'] 和列 column1 之间的φ²: 0.22375514267633645
2025-06-09 11:52:09 - rule_mining.Correlation_utils - INFO - 计算列 ['column15'] 和列 column1 之间的相关性 (φ²): 0.18310442514807093
2025-06-09 11:52:09 - rule_mining.Correlation_utils - INFO - 计算列 ['column16'] 和列 column1 之间的φ²: 0.050430216817055507
2025-06-09 11:52:09 - rule_mining.Correlation_utils - INFO - 计算列 ['column16'] 和列 column1 之间的相关性 (φ²): 0.0007027465924749928
2025-06-09 11:52:09 - rule_mining.Correlation_utils - INFO - 计算列 ['column17'] 和列 column1 之间的φ²: 0.04859035676902761
2025-06-09 11:52:09 - rule_mining.Correlation_utils - INFO - 计算列 ['column17'] 和列 column1 之间的相关性 (φ²): 0.0
2025-06-09 11:52:09 - rule_mining.Correlation_utils - INFO - 计算列 ['column18'] 和列 column1 之间的φ²: 0.05341431770943046
2025-06-09 11:52:09 - rule_mining.Correlation_utils - INFO - 计算列 ['column18'] 和列 column1 之间的相关性 (φ²): 0.0038431201368453734
2025-06-09 11:52:09 - rule_mining.Correlation_utils - INFO - 计算列 ['column19'] 和列 column1 之间的φ²: 0.049248744010739184
2025-06-09 11:52:09 - rule_mining.Correlation_utils - INFO - 计算列 ['column19'] 和列 column1 之间的相关性 (φ²): 0.0
2025-06-09 11:52:09 - rule_mining.Correlation_utils - INFO - 计算列 ['column20'] 和列 column1 之间的φ²: 0.04925646162720665
2025-06-09 11:52:09 - rule_mining.Correlation_utils - INFO - 计算列 ['column20'] 和列 column1 之间的相关性 (φ²): 0.0
2025-06-09 11:52:09 - rule_mining.Correlation_utils - INFO - 计算列 ['column14', 'column15'] 和列 column1 之间的φ²: 0.1081873183275059
2025-06-09 11:52:09 - rule_mining.Correlation_utils - INFO - 计算列 ['column14', 'column15'] 和列 column1 之间的相关性 (φ²): 0.06148449631360424
2025-06-09 11:52:09 - Cafd - INFO - Processing search space: <SearchSpace_bit.SearchSpace object at 0x0000021717AF4FD0>
2025-06-09 11:52:09 - SearchSpace_bit - INFO - 从全局结论表中命中缓存: column1->column2
2025-06-09 11:52:09 - SearchSpace_bit - INFO - 发现函数依赖: ['column1'] -> column2
2025-06-09 11:52:09 - rule_mining.Correlation_utils - INFO - 计算列 ['column3'] 和列 column2 之间的φ²: 0.025578726574973263
2025-06-09 11:52:09 - rule_mining.Correlation_utils - INFO - 计算列 ['column3'] 和列 column2 之间的相关性 (φ²): 0.0008434173264918167
2025-06-09 11:52:09 - rule_mining.Correlation_utils - INFO - 计算列 ['column4'] 和列 column2 之间的φ²: 0.02554472876598144
2025-06-09 11:52:09 - rule_mining.Correlation_utils - INFO - 计算列 ['column4'] 和列 column2 之间的相关性 (φ²): 0.0008085564961948173
2025-06-09 11:52:09 - rule_mining.Correlation_utils - INFO - 计算列 ['column5'] 和列 column2 之间的φ²: 0.002251525062254321
2025-06-09 11:52:09 - rule_mining.Correlation_utils - INFO - 计算列 ['column5'] 和列 column2 之间的相关性 (φ²): 9.645924699323302e-07
2025-06-09 11:52:09 - rule_mining.Correlation_utils - INFO - 计算列 ['column6'] 和列 column2 之间的φ²: 0.0025703738509189975
2025-06-09 11:52:09 - rule_mining.Correlation_utils - INFO - 计算列 ['column6'] 和列 column2 之间的相关性 (φ²): 0.0003205325889285894
2025-06-09 11:52:09 - rule_mining.Correlation_utils - INFO - 计算列 ['column7'] 和列 column2 之间的φ²: 0.002162611238801742
2025-06-09 11:52:09 - rule_mining.Correlation_utils - INFO - 计算列 ['column7'] 和列 column2 之间的相关性 (φ²): 0.000663231240663202
2025-06-09 11:52:09 - rule_mining.Correlation_utils - INFO - 计算列 ['column8'] 和列 column2 之间的φ²: 0.0010083514406169797
2025-06-09 11:52:09 - rule_mining.Correlation_utils - INFO - 计算列 ['column8'] 和列 column2 之间的相关性 (φ²): 0.0
2025-06-09 11:52:09 - rule_mining.Correlation_utils - INFO - 计算列 ['column9'] 和列 column2 之间的φ²: 0.001860120131027486
2025-06-09 11:52:09 - rule_mining.Correlation_utils - INFO - 计算列 ['column9'] 和列 column2 之间的相关性 (φ²): 0.0003602856007961223
2025-06-09 11:52:09 - rule_mining.Correlation_utils - INFO - 计算列 ['column10'] 和列 column2 之间的φ²: 0.0017291502786883938
2025-06-09 11:52:09 - rule_mining.Correlation_utils - INFO - 计算列 ['column10'] 和列 column2 之间的相关性 (φ²): 0.00022911894927996157
2025-06-09 11:52:09 - rule_mining.Correlation_utils - INFO - 计算列 ['column11'] 和列 column2 之间的φ²: 0.001815695002985251
2025-06-09 11:52:09 - rule_mining.Correlation_utils - INFO - 计算列 ['column11'] 和列 column2 之间的相关性 (φ²): 0.00031579371824142703
2025-06-09 11:52:09 - rule_mining.Correlation_utils - INFO - 计算列 ['column12'] 和列 column2 之间的φ²: 0.001848831702513337
2025-06-09 11:52:09 - rule_mining.Correlation_utils - INFO - 计算列 ['column12'] 和列 column2 之间的相关性 (φ²): 0.0003489802099551301
2025-06-09 11:52:09 - rule_mining.Correlation_utils - INFO - 计算列 ['column13'] 和列 column2 之间的φ²: 0.0011358521385043331
2025-06-09 11:52:09 - rule_mining.Correlation_utils - INFO - 计算列 ['column13'] 和列 column2 之间的相关性 (φ²): 0.0
2025-06-09 11:52:09 - rule_mining.Correlation_utils - INFO - 计算列 ['column14'] 和列 column2 之间的φ²: 0.22164674873967727
2025-06-09 11:52:09 - rule_mining.Correlation_utils - INFO - 计算列 ['column14'] 和列 column2 之间的相关性 (φ²): 0.2204771721036738
2025-06-09 11:52:09 - rule_mining.Correlation_utils - INFO - 计算列 ['column15'] 和列 column2 之间的φ²: 0.24000841918111734
2025-06-09 11:52:09 - rule_mining.Correlation_utils - INFO - 计算列 ['column15'] 和列 column2 之间的相关性 (φ²): 0.23886643333465774
2025-06-09 11:52:09 - rule_mining.Correlation_utils - INFO - 计算列 ['column16'] 和列 column2 之间的φ²: 0.0014315713635167243
2025-06-09 11:52:09 - rule_mining.Correlation_utils - INFO - 计算列 ['column16'] 和列 column2 之间的相关性 (φ²): 0.0
2025-06-09 11:52:09 - rule_mining.Correlation_utils - INFO - 计算列 ['column17'] 和列 column2 之间的φ²: 0.0016485228132831367
2025-06-09 11:52:09 - rule_mining.Correlation_utils - INFO - 计算列 ['column17'] 和列 column2 之间的相关性 (φ²): 0.0001483703306584682
2025-06-09 11:52:09 - rule_mining.Correlation_utils - INFO - 计算列 ['column18'] 和列 column2 之间的φ²: 0.0012518672020519546
2025-06-09 11:52:09 - rule_mining.Correlation_utils - INFO - 计算列 ['column18'] 和列 column2 之间的相关性 (φ²): 0.0
2025-06-09 11:52:09 - rule_mining.Correlation_utils - INFO - 计算列 ['column19'] 和列 column2 之间的φ²: 0.002443943542381021
2025-06-09 11:52:09 - rule_mining.Correlation_utils - INFO - 计算列 ['column19'] 和列 column2 之间的相关性 (φ²): 0.0009449862824897826
2025-06-09 11:52:09 - rule_mining.Correlation_utils - INFO - 计算列 ['column20'] 和列 column2 之间的φ²: 0.002195865616152389
2025-06-09 11:52:09 - rule_mining.Correlation_utils - INFO - 计算列 ['column20'] 和列 column2 之间的相关性 (φ²): 0.0006965355870256458
2025-06-09 11:52:09 - rule_mining.Correlation_utils - INFO - 计算列 ['column14', 'column15'] 和列 column2 之间的φ²: 0.32694862324438867
2025-06-09 11:52:09 - rule_mining.Correlation_utils - INFO - 计算列 ['column14', 'column15'] 和列 column2 之间的相关性 (φ²): 0.3228849168186944
2025-06-09 11:52:09 - Cafd - INFO - Processing search space: <SearchSpace_bit.SearchSpace object at 0x0000021717AF4F40>
2025-06-09 11:52:09 - SearchSpace_bit - INFO - 从全局结论表中命中缓存: column1->column3
2025-06-09 11:52:09 - SearchSpace_bit - INFO - 从全局结论表中命中缓存: column2->column3
2025-06-09 11:52:09 - rule_mining.Correlation_utils - INFO - 计算列 ['column4'] 和列 column3 之间的φ²: 0.8720846777157883
2025-06-09 11:52:09 - rule_mining.Correlation_utils - INFO - 计算列 ['column4'] 和列 column3 之间的相关性 (φ²): 0.8688375964578046
2025-06-09 11:52:09 - rule_mining.Correlation_utils - INFO - 行方向得分: 0.8972, 列方向得分: 0.8972
2025-06-09 11:52:09 - SearchSpace_bit - INFO - 发现函数依赖: ['column4'] -> column3
2025-06-09 11:52:09 - rule_mining.Correlation_utils - INFO - 计算列 ['column5'] 和列 column3 之间的φ²: 0.024773299415254264
2025-06-09 11:52:09 - rule_mining.Correlation_utils - INFO - 计算列 ['column5'] 和列 column3 之间的相关性 (φ²): 1.754470810302732e-05
2025-06-09 11:52:09 - rule_mining.Correlation_utils - INFO - 计算列 ['column6'] 和列 column3 之间的φ²: 0.024125514572447174
2025-06-09 11:52:09 - rule_mining.Correlation_utils - INFO - 计算列 ['column6'] 和列 column3 之间的相关性 (φ²): 0.0
2025-06-09 11:52:09 - rule_mining.Correlation_utils - INFO - 计算列 ['column7'] 和列 column3 之间的φ²: 0.02457877237797643
2025-06-09 11:52:09 - rule_mining.Correlation_utils - INFO - 计算列 ['column7'] 和列 column3 之间的相关性 (φ²): 0.0
2025-06-09 11:52:09 - rule_mining.Correlation_utils - INFO - 计算列 ['column8'] 和列 column3 之间的φ²: 0.022588863166779584
2025-06-09 11:52:09 - rule_mining.Correlation_utils - INFO - 计算列 ['column8'] 和列 column3 之间的相关性 (φ²): 0.0
2025-06-09 11:52:09 - rule_mining.Correlation_utils - INFO - 计算列 ['column9'] 和列 column3 之间的φ²: 0.022270669965223477
2025-06-09 11:52:09 - rule_mining.Correlation_utils - INFO - 计算列 ['column9'] 和列 column3 之间的相关性 (φ²): 0.0
2025-06-09 11:52:09 - rule_mining.Correlation_utils - INFO - 计算列 ['column10'] 和列 column3 之间的φ²: 0.025675927513619173
2025-06-09 11:52:09 - rule_mining.Correlation_utils - INFO - 计算列 ['column10'] 和列 column3 之间的相关性 (φ²): 0.0009430856735802764
2025-06-09 11:52:09 - rule_mining.Correlation_utils - INFO - 计算列 ['column11'] 和列 column3 之间的φ²: 0.02575939672953598
2025-06-09 11:52:09 - rule_mining.Correlation_utils - INFO - 计算列 ['column11'] 和列 column3 之间的相关性 (φ²): 0.0010286737234395879
2025-06-09 11:52:09 - rule_mining.Correlation_utils - INFO - 计算列 ['column12'] 和列 column3 之间的φ²: 0.197072017098905
2025-06-09 11:52:09 - rule_mining.Correlation_utils - INFO - 计算列 ['column12'] 和列 column3 之间的相关性 (φ²): 0.1766899990714157
2025-06-09 11:52:09 - rule_mining.Correlation_utils - INFO - 计算列 ['column13'] 和列 column3 之间的φ²: 0.19983370997046432
2025-06-09 11:52:09 - rule_mining.Correlation_utils - INFO - 计算列 ['column13'] 和列 column3 之间的相关性 (φ²): 0.17952179645432995
2025-06-09 11:52:09 - rule_mining.Correlation_utils - INFO - 计算列 ['column14'] 和列 column3 之间的φ²: 0.027035186367674557
2025-06-09 11:52:09 - rule_mining.Correlation_utils - INFO - 计算列 ['column14'] 和列 column3 之间的相关性 (φ²): 0.0023368487908539894
2025-06-09 11:52:09 - rule_mining.Correlation_utils - INFO - 计算列 ['column15'] 和列 column3 之间的φ²: 0.02487958301800427
2025-06-09 11:52:09 - rule_mining.Correlation_utils - INFO - 计算列 ['column15'] 和列 column3 之间的相关性 (φ²): 0.0001265262792305323
2025-06-09 11:52:09 - rule_mining.Correlation_utils - INFO - 计算列 ['column16'] 和列 column3 之间的φ²: 0.024542340655200803
2025-06-09 11:52:09 - rule_mining.Correlation_utils - INFO - 计算列 ['column16'] 和列 column3 之间的相关性 (φ²): 0.0
2025-06-09 11:52:09 - rule_mining.Correlation_utils - INFO - 计算列 ['column17'] 和列 column3 之间的φ²: 0.025011428559641443
2025-06-09 11:52:09 - rule_mining.Correlation_utils - INFO - 计算列 ['column17'] 和列 column3 之间的相关性 (φ²): 0.00026171866923234286
2025-06-09 11:52:09 - rule_mining.Correlation_utils - INFO - 计算列 ['column18'] 和列 column3 之间的φ²: 0.028044743176884764
2025-06-09 11:52:09 - rule_mining.Correlation_utils - INFO - 计算列 ['column18'] 和列 column3 之间的相关性 (φ²): 0.003372032811374918
2025-06-09 11:52:09 - rule_mining.Correlation_utils - INFO - 计算列 ['column19'] 和列 column3 之间的φ²: 0.023251336412073387
2025-06-09 11:52:09 - rule_mining.Correlation_utils - INFO - 计算列 ['column19'] 和列 column3 之间的相关性 (φ²): 0.0
2025-06-09 11:52:09 - rule_mining.Correlation_utils - INFO - 计算列 ['column20'] 和列 column3 之间的φ²: 0.026032987911302315
2025-06-09 11:52:09 - rule_mining.Correlation_utils - INFO - 计算列 ['column20'] 和列 column3 之间的相关性 (φ²): 0.0013092099121276835
2025-06-09 11:52:09 - rule_mining.Correlation_utils - INFO - 计算列 ['column12', 'column13'] 和列 column3 之间的φ²: 0.10318595866944602
2025-06-09 11:52:09 - rule_mining.Correlation_utils - INFO - 计算列 ['column12', 'column13'] 和列 column3 之间的相关性 (φ²): 0.08042067915874734
2025-06-09 11:52:09 - Cafd - INFO - Processing search space: <SearchSpace_bit.SearchSpace object at 0x0000021717AF4EB0>
2025-06-09 11:52:09 - SearchSpace_bit - INFO - 从全局结论表中命中缓存: column1->column4
2025-06-09 11:52:09 - SearchSpace_bit - INFO - 从全局结论表中命中缓存: column2->column4
2025-06-09 11:52:09 - SearchSpace_bit - INFO - 从全局结论表中命中缓存: column3->column4
2025-06-09 11:52:09 - SearchSpace_bit - INFO - 发现函数依赖: ['column3'] -> column4
2025-06-09 11:52:09 - rule_mining.Correlation_utils - INFO - 计算列 ['column5'] 和列 column4 之间的φ²: 0.024472214720426034
2025-06-09 11:52:09 - rule_mining.Correlation_utils - INFO - 计算列 ['column5'] 和列 column4 之间的相关性 (φ²): 0.0
2025-06-09 11:52:09 - rule_mining.Correlation_utils - INFO - 计算列 ['column6'] 和列 column4 之间的φ²: 0.0243319615691618
2025-06-09 11:52:09 - rule_mining.Correlation_utils - INFO - 计算列 ['column6'] 和列 column4 之间的相关性 (φ²): 0.0
2025-06-09 11:52:09 - rule_mining.Correlation_utils - INFO - 计算列 ['column7'] 和列 column4 之间的φ²: 0.025127711734357808
2025-06-09 11:52:09 - rule_mining.Correlation_utils - INFO - 计算列 ['column7'] 和列 column4 之间的相关性 (φ²): 0.0003809536476145844
2025-06-09 11:52:09 - rule_mining.Correlation_utils - INFO - 计算列 ['column8'] 和列 column4 之间的φ²: 0.02234046436764879
2025-06-09 11:52:09 - rule_mining.Correlation_utils - INFO - 计算列 ['column8'] 和列 column4 之间的相关性 (φ²): 0.0
2025-06-09 11:52:09 - rule_mining.Correlation_utils - INFO - 计算列 ['column9'] 和列 column4 之间的φ²: 0.02447509774933127
2025-06-09 11:52:09 - rule_mining.Correlation_utils - INFO - 计算列 ['column9'] 和列 column4 之间的相关性 (φ²): 0.0
2025-06-09 11:52:09 - rule_mining.Correlation_utils - INFO - 计算列 ['column10'] 和列 column4 之间的φ²: 0.025730544946393062
2025-06-09 11:52:09 - rule_mining.Correlation_utils - INFO - 计算列 ['column10'] 和列 column4 之间的相关性 (φ²): 0.000999089548878426
2025-06-09 11:52:09 - rule_mining.Correlation_utils - INFO - 计算列 ['column11'] 和列 column4 之间的φ²: 0.025547252291626743
2025-06-09 11:52:09 - rule_mining.Correlation_utils - INFO - 计算列 ['column11'] 和列 column4 之间的相关性 (φ²): 0.000811144080568039
2025-06-09 11:52:09 - rule_mining.Correlation_utils - INFO - 计算列 ['column12'] 和列 column4 之间的φ²: 0.229285465139756
2025-06-09 11:52:09 - rule_mining.Correlation_utils - INFO - 计算列 ['column12'] 和列 column4 之间的相关性 (φ²): 0.20972117310099597
2025-06-09 11:52:09 - rule_mining.Correlation_utils - INFO - 计算列 ['column13'] 和列 column4 之间的φ²: 0.2468136316535119
2025-06-09 11:52:09 - rule_mining.Correlation_utils - INFO - 计算列 ['column13'] 和列 column4 之间的相关性 (φ²): 0.22769428538010103
2025-06-09 11:52:09 - rule_mining.Correlation_utils - INFO - 计算列 ['column14'] 和列 column4 之间的φ²: 0.025907560284906424
2025-06-09 11:52:09 - rule_mining.Correlation_utils - INFO - 计算列 ['column14'] 和列 column4 之间的相关性 (φ²): 0.0011805983536771277
2025-06-09 11:52:09 - rule_mining.Correlation_utils - INFO - 计算列 ['column15'] 和列 column4 之间的φ²: 0.024350364369750025
2025-06-09 11:52:09 - rule_mining.Correlation_utils - INFO - 计算列 ['column15'] 和列 column4 之间的相关性 (φ²): 0.0
2025-06-09 11:52:09 - rule_mining.Correlation_utils - INFO - 计算列 ['column16'] 和列 column4 之间的φ²: 0.0248415235747147
2025-06-09 11:52:09 - rule_mining.Correlation_utils - INFO - 计算列 ['column16'] 和列 column4 之间的相关性 (φ²): 8.750071161130576e-05
2025-06-09 11:52:09 - rule_mining.Correlation_utils - INFO - 计算列 ['column17'] 和列 column4 之间的φ²: 0.024830601241565376
2025-06-09 11:52:09 - rule_mining.Correlation_utils - INFO - 计算列 ['column17'] 和列 column4 之间的相关性 (φ²): 7.630111923588341e-05
2025-06-09 11:52:09 - rule_mining.Correlation_utils - INFO - 计算列 ['column18'] 和列 column4 之间的φ²: 0.02688020799833231
2025-06-09 11:52:09 - rule_mining.Correlation_utils - INFO - 计算列 ['column18'] 和列 column4 之间的相关性 (φ²): 0.002177936355213054
2025-06-09 11:52:09 - rule_mining.Correlation_utils - INFO - 计算列 ['column19'] 和列 column4 之间的φ²: 0.022473897564917536
2025-06-09 11:52:09 - rule_mining.Correlation_utils - INFO - 计算列 ['column19'] 和列 column4 之间的相关性 (φ²): 0.0
2025-06-09 11:52:09 - rule_mining.Correlation_utils - INFO - 计算列 ['column20'] 和列 column4 之间的φ²: 0.02624524757103933
2025-06-09 11:52:09 - rule_mining.Correlation_utils - INFO - 计算列 ['column20'] 和列 column4 之间的相关性 (φ²): 0.0015268577016887912
2025-06-09 11:52:09 - rule_mining.Correlation_utils - INFO - 计算列 ['column12', 'column13'] 和列 column4 之间的φ²: 0.12113916561741948
2025-06-09 11:52:09 - rule_mining.Correlation_utils - INFO - 计算列 ['column12', 'column13'] 和列 column4 之间的相关性 (φ²): 0.09882962136001552
2025-06-09 11:52:09 - Cafd - INFO - Processing search space: <SearchSpace_bit.SearchSpace object at 0x0000021717B069D0>
2025-06-09 11:52:09 - SearchSpace_bit - INFO - 从全局结论表中命中缓存: column1->column5
2025-06-09 11:52:09 - SearchSpace_bit - INFO - 从全局结论表中命中缓存: column2->column5
2025-06-09 11:52:09 - SearchSpace_bit - INFO - 从全局结论表中命中缓存: column3->column5
2025-06-09 11:52:09 - SearchSpace_bit - INFO - 从全局结论表中命中缓存: column4->column5
2025-06-09 11:52:09 - rule_mining.Correlation_utils - INFO - 计算列 ['column6'] 和列 column5 之间的φ²: 0.0020246317944814284
2025-06-09 11:52:09 - rule_mining.Correlation_utils - INFO - 计算列 ['column6'] 和列 column5 之间的相关性 (φ²): 0.0
2025-06-09 11:52:09 - rule_mining.Correlation_utils - INFO - 计算列 ['column7'] 和列 column5 之间的φ²: 0.032662904628758906
2025-06-09 11:52:09 - rule_mining.Correlation_utils - INFO - 计算列 ['column7'] 和列 column5 之间的相关性 (φ²): 0.030480941255741068
2025-06-09 11:52:09 - rule_mining.Correlation_utils - INFO - 计算列 ['column8'] 和列 column5 之间的φ²: 0.0020382127368329295
2025-06-09 11:52:09 - rule_mining.Correlation_utils - INFO - 计算列 ['column8'] 和列 column5 之间的相关性 (φ²): 0.0
2025-06-09 11:52:09 - rule_mining.Correlation_utils - INFO - 计算列 ['column9'] 和列 column5 之间的φ²: 0.0018145315234492046
2025-06-09 11:52:09 - rule_mining.Correlation_utils - INFO - 计算列 ['column9'] 和列 column5 之间的相关性 (φ²): 0.0
2025-06-09 11:52:09 - rule_mining.Correlation_utils - INFO - 计算列 ['column10'] 和列 column5 之间的φ²: 0.0023130866797739223
2025-06-09 11:52:09 - rule_mining.Correlation_utils - INFO - 计算列 ['column10'] 和列 column5 之间的相关性 (φ²): 6.266507078093126e-05
2025-06-09 11:52:09 - rule_mining.Correlation_utils - INFO - 计算列 ['column11'] 和列 column5 之间的φ²: 0.001990114861702864
2025-06-09 11:52:09 - rule_mining.Correlation_utils - INFO - 计算列 ['column11'] 和列 column5 之间的相关性 (φ²): 0.0
2025-06-09 11:52:09 - rule_mining.Correlation_utils - INFO - 计算列 ['column12'] 和列 column5 之间的φ²: 0.0014680431345927617
2025-06-09 11:52:09 - rule_mining.Correlation_utils - INFO - 计算列 ['column12'] 和列 column5 之间的相关性 (φ²): 0.0
2025-06-09 11:52:09 - rule_mining.Correlation_utils - INFO - 计算列 ['column13'] 和列 column5 之间的φ²: 0.0017007827506482726
2025-06-09 11:52:09 - rule_mining.Correlation_utils - INFO - 计算列 ['column13'] 和列 column5 之间的相关性 (φ²): 0.0
2025-06-09 11:52:09 - rule_mining.Correlation_utils - INFO - 计算列 ['column14'] 和列 column5 之间的φ²: 0.002065938118109443
2025-06-09 11:52:09 - rule_mining.Correlation_utils - INFO - 计算列 ['column14'] 和列 column5 之间的相关性 (φ²): 0.0
2025-06-09 11:52:09 - rule_mining.Correlation_utils - INFO - 计算列 ['column15'] 和列 column5 之间的φ²: 0.0017508292537307569
2025-06-09 11:52:09 - rule_mining.Correlation_utils - INFO - 计算列 ['column15'] 和列 column5 之间的相关性 (φ²): 0.0
2025-06-09 11:52:09 - rule_mining.Correlation_utils - INFO - 计算列 ['column16'] 和列 column5 之间的φ²: 0.011131724808874878
2025-06-09 11:52:09 - rule_mining.Correlation_utils - INFO - 计算列 ['column16'] 和列 column5 之间的相关性 (φ²): 0.008901194864834745
2025-06-09 11:52:09 - rule_mining.Correlation_utils - INFO - 计算列 ['column17'] 和列 column5 之间的φ²: 0.012245151015781688
2025-06-09 11:52:09 - rule_mining.Correlation_utils - INFO - 计算列 ['column17'] 和列 column5 之间的相关性 (φ²): 0.010017132559426309
2025-06-09 11:52:09 - rule_mining.Correlation_utils - INFO - 计算列 ['column18'] 和列 column5 之间的φ²: 0.003264134691604738
2025-06-09 11:52:09 - rule_mining.Correlation_utils - INFO - 计算列 ['column18'] 和列 column5 之间的相关性 (φ²): 0.0010158583036910646
2025-06-09 11:52:09 - rule_mining.Correlation_utils - INFO - 计算列 ['column19'] 和列 column5 之间的φ²: 0.0022557763364152096
2025-06-09 11:52:09 - rule_mining.Correlation_utils - INFO - 计算列 ['column19'] 和列 column5 之间的相关性 (φ²): 5.225455971033552e-06
2025-06-09 11:52:09 - rule_mining.Correlation_utils - INFO - 计算列 ['column20'] 和列 column5 之间的φ²: 0.002612415637150093
2025-06-09 11:52:09 - rule_mining.Correlation_utils - INFO - 计算列 ['column20'] 和列 column5 之间的相关性 (φ²): 0.0003626692062564467
2025-06-09 11:52:09 - rule_mining.Correlation_utils - INFO - 计算列 ['column7', 'column17'] 和列 column5 之间的φ²: 0.024562938417102134
2025-06-09 11:52:09 - rule_mining.Correlation_utils - INFO - 计算列 ['column7', 'column17'] 和列 column5 之间的相关性 (φ²): 0.0174375795289651
2025-06-09 11:52:09 - Cafd - INFO - Processing search space: <SearchSpace_bit.SearchSpace object at 0x0000021717B06160>
2025-06-09 11:52:09 - SearchSpace_bit - INFO - 从全局结论表中命中缓存: column1->column6
2025-06-09 11:52:09 - SearchSpace_bit - INFO - 从全局结论表中命中缓存: column2->column6
2025-06-09 11:52:09 - SearchSpace_bit - INFO - 从全局结论表中命中缓存: column3->column6
2025-06-09 11:52:09 - SearchSpace_bit - INFO - 从全局结论表中命中缓存: column4->column6
2025-06-09 11:52:09 - SearchSpace_bit - INFO - 从全局结论表中命中缓存: column5->column6
2025-06-09 11:52:09 - rule_mining.Correlation_utils - INFO - 计算列 ['column7'] 和列 column6 之间的φ²: 0.08343112595146876
2025-06-09 11:52:09 - rule_mining.Correlation_utils - INFO - 计算列 ['column7'] 和列 column6 之间的相关性 (φ²): 0.08136367736338937
2025-06-09 11:52:09 - rule_mining.Correlation_utils - INFO - 计算列 ['column8'] 和列 column6 之间的φ²: 0.0021052990665359856
2025-06-09 11:52:09 - rule_mining.Correlation_utils - INFO - 计算列 ['column8'] 和列 column6 之间的相关性 (φ²): 0.0
2025-06-09 11:52:09 - rule_mining.Correlation_utils - INFO - 计算列 ['column9'] 和列 column6 之间的φ²: 0.002039808933739124
2025-06-09 11:52:09 - rule_mining.Correlation_utils - INFO - 计算列 ['column9'] 和列 column6 之间的相关性 (φ²): 0.0
2025-06-09 11:52:09 - rule_mining.Correlation_utils - INFO - 计算列 ['column10'] 和列 column6 之间的φ²: 0.001366869541351472
2025-06-09 11:52:09 - rule_mining.Correlation_utils - INFO - 计算列 ['column10'] 和列 column6 之间的相关性 (φ²): 0.0
2025-06-09 11:52:09 - rule_mining.Correlation_utils - INFO - 计算列 ['column11'] 和列 column6 之间的φ²: 0.0017511374610556345
2025-06-09 11:52:09 - rule_mining.Correlation_utils - INFO - 计算列 ['column11'] 和列 column6 之间的相关性 (φ²): 0.0
2025-06-09 11:52:09 - rule_mining.Correlation_utils - INFO - 计算列 ['column12'] 和列 column6 之间的φ²: 0.0019315713919880295
2025-06-09 11:52:09 - rule_mining.Correlation_utils - INFO - 计算列 ['column12'] 和列 column6 之间的相关性 (φ²): 0.0
2025-06-09 11:52:09 - rule_mining.Correlation_utils - INFO - 计算列 ['column13'] 和列 column6 之间的φ²: 0.00171002692974281
2025-06-09 11:52:09 - rule_mining.Correlation_utils - INFO - 计算列 ['column13'] 和列 column6 之间的相关性 (φ²): 0.0
2025-06-09 11:52:09 - rule_mining.Correlation_utils - INFO - 计算列 ['column14'] 和列 column6 之间的φ²: 0.0022878622729527367
2025-06-09 11:52:09 - rule_mining.Correlation_utils - INFO - 计算列 ['column14'] 和列 column6 之间的相关性 (φ²): 3.73837668015024e-05
2025-06-09 11:52:09 - rule_mining.Correlation_utils - INFO - 计算列 ['column15'] 和列 column6 之间的φ²: 0.0019514662908560467
2025-06-09 11:52:09 - rule_mining.Correlation_utils - INFO - 计算列 ['column15'] 和列 column6 之间的相关性 (φ²): 0.0
2025-06-09 11:52:09 - rule_mining.Correlation_utils - INFO - 计算列 ['column16'] 和列 column6 之间的φ²: 0.022282553119835995
2025-06-09 11:52:09 - rule_mining.Correlation_utils - INFO - 计算列 ['column16'] 和列 column6 之间的相关性 (φ²): 0.020077175420106303
2025-06-09 11:52:09 - rule_mining.Correlation_utils - INFO - 计算列 ['column17'] 和列 column6 之间的φ²: 0.020018229266863672
2025-06-09 11:52:09 - rule_mining.Correlation_utils - INFO - 计算列 ['column17'] 和列 column6 之间的相关性 (φ²): 0.01780774406972126
2025-06-09 11:52:09 - rule_mining.Correlation_utils - INFO - 计算列 ['column18'] 和列 column6 之间的φ²: 0.001954529942111577
2025-06-09 11:52:09 - rule_mining.Correlation_utils - INFO - 计算列 ['column18'] 和列 column6 之间的相关性 (φ²): 0.0
2025-06-09 11:52:09 - rule_mining.Correlation_utils - INFO - 计算列 ['column19'] 和列 column6 之间的φ²: 0.0021403077737549552
2025-06-09 11:52:09 - rule_mining.Correlation_utils - INFO - 计算列 ['column19'] 和列 column6 之间的相关性 (φ²): 0.0
2025-06-09 11:52:09 - rule_mining.Correlation_utils - INFO - 计算列 ['column20'] 和列 column6 之间的φ²: 0.003077591862801938
2025-06-09 11:52:09 - rule_mining.Correlation_utils - INFO - 计算列 ['column20'] 和列 column6 之间的相关性 (φ²): 0.0008288947015902133
2025-06-09 11:52:09 - rule_mining.Correlation_utils - INFO - 计算列 ['column7', 'column16'] 和列 column6 之间的φ²: 0.0515753616242922
2025-06-09 11:52:09 - rule_mining.Correlation_utils - INFO - 计算列 ['column7', 'column16'] 和列 column6 之间的相关性 (φ²): 0.04464732270416738
2025-06-09 11:52:09 - rule_mining.Correlation_utils - INFO - 计算列 ['column7', 'column17'] 和列 column6 之间的φ²: 0.051531055985571936
2025-06-09 11:52:09 - rule_mining.Correlation_utils - INFO - 计算列 ['column7', 'column17'] 和列 column6 之间的相关性 (φ²): 0.04460269342224236
2025-06-09 11:52:09 - rule_mining.Correlation_utils - INFO - 计算列 ['column16', 'column17'] 和列 column6 之间的φ²: 0.02231828135071262
2025-06-09 11:52:09 - rule_mining.Correlation_utils - INFO - 计算列 ['column16', 'column17'] 和列 column6 之间的相关性 (φ²): 0.016415297389056543
2025-06-09 11:52:09 - rule_mining.Correlation_utils - WARNING - 期望分布频数表不符合要求，无法计算相关性。
2025-06-09 11:52:09 - Cafd - INFO - Processing search space: <SearchSpace_bit.SearchSpace object at 0x0000021717B069A0>
2025-06-09 11:52:09 - SearchSpace_bit - INFO - 从全局结论表中命中缓存: column1->column7
2025-06-09 11:52:09 - SearchSpace_bit - INFO - 从全局结论表中命中缓存: column2->column7
2025-06-09 11:52:09 - SearchSpace_bit - INFO - 从全局结论表中命中缓存: column3->column7
2025-06-09 11:52:09 - SearchSpace_bit - INFO - 从全局结论表中命中缓存: column4->column7
2025-06-09 11:52:09 - SearchSpace_bit - INFO - 从全局结论表中命中缓存: column5->column7
2025-06-09 11:52:09 - SearchSpace_bit - INFO - 从全局结论表中命中缓存: column6->column7
2025-06-09 11:52:09 - rule_mining.Correlation_utils - INFO - 计算列 ['column8'] 和列 column7 之间的φ²: 0.000971817908488174
2025-06-09 11:52:09 - rule_mining.Correlation_utils - INFO - 计算列 ['column8'] 和列 column7 之间的相关性 (φ²): 0.0
2025-06-09 11:52:09 - rule_mining.Correlation_utils - INFO - 计算列 ['column9'] 和列 column7 之间的φ²: 0.001107397344703287
2025-06-09 11:52:09 - rule_mining.Correlation_utils - INFO - 计算列 ['column9'] 和列 column7 之间的相关性 (φ²): 0.0
2025-06-09 11:52:09 - rule_mining.Correlation_utils - INFO - 计算列 ['column10'] 和列 column7 之间的φ²: 0.0008941468471637867
2025-06-09 11:52:09 - rule_mining.Correlation_utils - INFO - 计算列 ['column10'] 和列 column7 之间的相关性 (φ²): 0.0
2025-06-09 11:52:09 - rule_mining.Correlation_utils - INFO - 计算列 ['column11'] 和列 column7 之间的φ²: 0.0015635424742502437
2025-06-09 11:52:09 - rule_mining.Correlation_utils - INFO - 计算列 ['column11'] 和列 column7 之间的相关性 (φ²): 6.326229765257309e-05
2025-06-09 11:52:09 - rule_mining.Correlation_utils - INFO - 计算列 ['column12'] 和列 column7 之间的φ²: 0.0013963736604725057
2025-06-09 11:52:09 - rule_mining.Correlation_utils - INFO - 计算列 ['column12'] 和列 column7 之间的相关性 (φ²): 0.00014624393295682283
2025-06-09 11:52:09 - rule_mining.Correlation_utils - INFO - 计算列 ['column13'] 和列 column7 之间的φ²: 0.0018100016086652318
2025-06-09 11:52:09 - rule_mining.Correlation_utils - INFO - 计算列 ['column13'] 和列 column7 之间的相关性 (φ²): 0.000560389692802269
2025-06-09 11:52:09 - rule_mining.Correlation_utils - INFO - 计算列 ['column14'] 和列 column7 之间的φ²: 0.0013013884638526179
2025-06-09 11:52:09 - rule_mining.Correlation_utils - INFO - 计算列 ['column14'] 和列 column7 之间的相关性 (φ²): 5.1139826476369316e-05
2025-06-09 11:52:09 - rule_mining.Correlation_utils - INFO - 计算列 ['column15'] 和列 column7 之间的φ²: 0.0022180504824303284
2025-06-09 11:52:09 - rule_mining.Correlation_utils - INFO - 计算列 ['column15'] 和列 column7 之间的相关性 (φ²): 0.0009689493939005718
2025-06-09 11:52:09 - rule_mining.Correlation_utils - INFO - 计算列 ['column16'] 和列 column7 之间的φ²: 0.20147507701454742
2025-06-09 11:52:09 - rule_mining.Correlation_utils - INFO - 计算列 ['column16'] 和列 column7 之间的相关性 (φ²): 0.20047542137735982
2025-06-09 11:52:09 - rule_mining.Correlation_utils - INFO - 计算列 ['column17'] 和列 column7 之间的φ²: 0.21732322010794594
2025-06-09 11:52:09 - rule_mining.Correlation_utils - INFO - 计算列 ['column17'] 和列 column7 之间的相关性 (φ²): 0.21634340440953326
2025-06-09 11:52:09 - rule_mining.Correlation_utils - INFO - 计算列 ['column18'] 和列 column7 之间的φ²: 0.0006767945394611843
2025-06-09 11:52:09 - rule_mining.Correlation_utils - INFO - 计算列 ['column18'] 和列 column7 之间的相关性 (φ²): 0.0
2025-06-09 11:52:09 - rule_mining.Correlation_utils - INFO - 计算列 ['column19'] 和列 column7 之间的φ²: 0.0007992172591503391
2025-06-09 11:52:09 - rule_mining.Correlation_utils - INFO - 计算列 ['column19'] 和列 column7 之间的相关性 (φ²): 0.0
2025-06-09 11:52:09 - rule_mining.Correlation_utils - INFO - 计算列 ['column20'] 和列 column7 之间的φ²: 0.0009978651024283353
2025-06-09 11:52:09 - rule_mining.Correlation_utils - INFO - 计算列 ['column20'] 和列 column7 之间的相关性 (φ²): 0.0
2025-06-09 11:52:09 - rule_mining.Correlation_utils - INFO - 计算列 ['column5', 'column6'] 和列 column7 之间的φ²: 0.7888681212300349
2025-06-09 11:52:09 - rule_mining.Correlation_utils - INFO - 计算列 ['column5', 'column6'] 和列 column7 之间的相关性 (φ²): 0.7835086196920281
2025-06-09 11:52:09 - SearchSpace_bit - INFO - 发现函数依赖: ['column5', 'column6'] -> column7
2025-06-09 11:52:09 - rule_mining.Correlation_utils - INFO - 计算列 ['column5', 'column16'] 和列 column7 之间的φ²: 0.2029917149345943
2025-06-09 11:52:09 - rule_mining.Correlation_utils - INFO - 计算列 ['column5', 'column16'] 和列 column7 之间的相关性 (φ²): 0.1931047767147956
2025-06-09 11:52:09 - rule_mining.Correlation_utils - INFO - 计算列 ['column6', 'column16'] 和列 column7 之间的φ²: 0.25421035485136756
2025-06-09 11:52:09 - rule_mining.Correlation_utils - INFO - 计算列 ['column6', 'column16'] 和列 column7 之间的相关性 (φ²): 0.2449587871014225
2025-06-09 11:52:09 - rule_mining.Correlation_utils - INFO - 计算列 ['column5', 'column17'] 和列 column7 之间的φ²: 0.21670811888110503
2025-06-09 11:52:09 - rule_mining.Correlation_utils - INFO - 计算列 ['column5', 'column17'] 和列 column7 之间的相关性 (φ²): 0.20699133352038962
2025-06-09 11:52:09 - rule_mining.Correlation_utils - INFO - 计算列 ['column6', 'column17'] 和列 column7 之间的φ²: 0.28679515034256803
2025-06-09 11:52:09 - rule_mining.Correlation_utils - INFO - 计算列 ['column6', 'column17'] 和列 column7 之间的相关性 (φ²): 0.27794779904302014
2025-06-09 11:52:09 - rule_mining.Correlation_utils - INFO - 计算列 ['column16', 'column17'] 和列 column7 之间的φ²: 0.34705442213805743
2025-06-09 11:52:09 - rule_mining.Correlation_utils - INFO - 计算列 ['column16', 'column17'] 和列 column7 之间的相关性 (φ²): 0.34311210921511737
2025-06-09 11:52:09 - rule_mining.Correlation_utils - WARNING - 期望分布频数表不符合要求，无法计算相关性。
2025-06-09 11:52:09 - rule_mining.Correlation_utils - WARNING - 期望分布频数表不符合要求，无法计算相关性。
2025-06-09 11:52:09 - Cafd - INFO - Processing search space: <SearchSpace_bit.SearchSpace object at 0x0000021717B06A30>
2025-06-09 11:52:09 - SearchSpace_bit - INFO - 从全局结论表中命中缓存: column1->column8
2025-06-09 11:52:09 - SearchSpace_bit - INFO - 从全局结论表中命中缓存: column2->column8
2025-06-09 11:52:09 - SearchSpace_bit - INFO - 从全局结论表中命中缓存: column3->column8
2025-06-09 11:52:09 - SearchSpace_bit - INFO - 从全局结论表中命中缓存: column4->column8
2025-06-09 11:52:09 - SearchSpace_bit - INFO - 从全局结论表中命中缓存: column5->column8
2025-06-09 11:52:09 - SearchSpace_bit - INFO - 从全局结论表中命中缓存: column6->column8
2025-06-09 11:52:09 - SearchSpace_bit - INFO - 从全局结论表中命中缓存: column7->column8
2025-06-09 11:52:09 - rule_mining.Correlation_utils - INFO - 计算列 ['column9'] 和列 column8 之间的φ²: 0.0018568468062767636
2025-06-09 11:52:09 - rule_mining.Correlation_utils - INFO - 计算列 ['column9'] 和列 column8 之间的相关性 (φ²): 0.0006072935348775107
2025-06-09 11:52:09 - rule_mining.Correlation_utils - INFO - 计算列 ['column10'] 和列 column8 之间的φ²: 0.0011981453530609846
2025-06-09 11:52:09 - rule_mining.Correlation_utils - INFO - 计算列 ['column10'] 和列 column8 之间的相关性 (φ²): 0.0
2025-06-09 11:52:09 - rule_mining.Correlation_utils - INFO - 计算列 ['column11'] 和列 column8 之间的φ²: 0.02285320958434063
2025-06-09 11:52:09 - rule_mining.Correlation_utils - INFO - 计算列 ['column11'] 和列 column8 之间的相关性 (φ²): 0.021384919891755116
2025-06-09 11:52:09 - rule_mining.Correlation_utils - INFO - 计算列 ['column12'] 和列 column8 之间的φ²: 0.0006848624822744398
2025-06-09 11:52:09 - rule_mining.Correlation_utils - INFO - 计算列 ['column12'] 和列 column8 之间的相关性 (φ²): 0.0
2025-06-09 11:52:09 - rule_mining.Correlation_utils - INFO - 计算列 ['column13'] 和列 column8 之间的φ²: 0.0010379161608865103
2025-06-09 11:52:09 - rule_mining.Correlation_utils - INFO - 计算列 ['column13'] 和列 column8 之间的相关性 (φ²): 0.0
2025-06-09 11:52:09 - rule_mining.Correlation_utils - INFO - 计算列 ['column14'] 和列 column8 之间的φ²: 0.0015256107284031372
2025-06-09 11:52:09 - rule_mining.Correlation_utils - INFO - 计算列 ['column14'] 和列 column8 之间的相关性 (φ²): 0.00027564278990589535
2025-06-09 11:52:09 - rule_mining.Correlation_utils - INFO - 计算列 ['column15'] 和列 column8 之间的φ²: 0.0009686996683526274
2025-06-09 11:52:09 - rule_mining.Correlation_utils - INFO - 计算列 ['column15'] 和列 column8 之间的相关性 (φ²): 0.0
2025-06-09 11:52:09 - rule_mining.Correlation_utils - INFO - 计算列 ['column16'] 和列 column8 之间的φ²: 0.0017027386480956467
2025-06-09 11:52:09 - rule_mining.Correlation_utils - INFO - 计算列 ['column16'] 和列 column8 之间的相关性 (φ²): 0.0004529924521117905
2025-06-09 11:52:09 - rule_mining.Correlation_utils - INFO - 计算列 ['column17'] 和列 column8 之间的φ²: 0.0013109656829259108
2025-06-09 11:52:09 - rule_mining.Correlation_utils - INFO - 计算列 ['column17'] 和列 column8 之间的相关性 (φ²): 6.0729035057766e-05
2025-06-09 11:52:09 - rule_mining.Correlation_utils - INFO - 计算列 ['column18'] 和列 column8 之间的φ²: 0.0021088247994797767
2025-06-09 11:52:09 - rule_mining.Correlation_utils - INFO - 计算列 ['column18'] 和列 column8 之间的相关性 (φ²): 0.0008595869737405175
2025-06-09 11:52:09 - rule_mining.Correlation_utils - INFO - 计算列 ['column19'] 和列 column8 之间的φ²: 0.006349907049737851
2025-06-09 11:52:09 - rule_mining.Correlation_utils - INFO - 计算列 ['column19'] 和列 column8 之间的相关性 (φ²): 0.0051059785407865975
2025-06-09 11:52:09 - rule_mining.Correlation_utils - INFO - 计算列 ['column20'] 和列 column8 之间的φ²: 0.0012588204383534105
2025-06-09 11:52:09 - rule_mining.Correlation_utils - INFO - 计算列 ['column20'] 和列 column8 之间的相关性 (φ²): 8.518511010337734e-06
2025-06-09 11:52:09 - Cafd - INFO - Processing search space: <SearchSpace_bit.SearchSpace object at 0x0000021717B06B20>
2025-06-09 11:52:09 - SearchSpace_bit - INFO - 从全局结论表中命中缓存: column1->column9
2025-06-09 11:52:09 - SearchSpace_bit - INFO - 从全局结论表中命中缓存: column2->column9
2025-06-09 11:52:09 - SearchSpace_bit - INFO - 从全局结论表中命中缓存: column3->column9
2025-06-09 11:52:09 - SearchSpace_bit - INFO - 从全局结论表中命中缓存: column4->column9
2025-06-09 11:52:09 - SearchSpace_bit - INFO - 从全局结论表中命中缓存: column5->column9
2025-06-09 11:52:09 - SearchSpace_bit - INFO - 从全局结论表中命中缓存: column6->column9
2025-06-09 11:52:09 - SearchSpace_bit - INFO - 从全局结论表中命中缓存: column7->column9
2025-06-09 11:52:09 - SearchSpace_bit - INFO - 从全局结论表中命中缓存: column8->column9
2025-06-09 11:52:09 - rule_mining.Correlation_utils - INFO - 计算列 ['column10'] 和列 column9 之间的φ²: 0.0007808545653387758
2025-06-09 11:52:09 - rule_mining.Correlation_utils - INFO - 计算列 ['column10'] 和列 column9 之间的相关性 (φ²): 0.0
2025-06-09 11:52:09 - rule_mining.Correlation_utils - INFO - 计算列 ['column11'] 和列 column9 之间的φ²: 0.04342865895237185
2025-06-09 11:52:09 - rule_mining.Correlation_utils - INFO - 计算列 ['column11'] 和列 column9 之间的相关性 (φ²): 0.04199128653907714
2025-06-09 11:52:09 - rule_mining.Correlation_utils - INFO - 计算列 ['column12'] 和列 column9 之间的φ²: 0.0004765012031548963
2025-06-09 11:52:09 - rule_mining.Correlation_utils - INFO - 计算列 ['column12'] 和列 column9 之间的相关性 (φ²): 0.0
2025-06-09 11:52:09 - rule_mining.Correlation_utils - INFO - 计算列 ['column13'] 和列 column9 之间的φ²: 0.0009147694866487654
2025-06-09 11:52:09 - rule_mining.Correlation_utils - INFO - 计算列 ['column13'] 和列 column9 之间的相关性 (φ²): 0.0
2025-06-09 11:52:09 - rule_mining.Correlation_utils - INFO - 计算列 ['column14'] 和列 column9 之间的φ²: 0.0010105677127038746
2025-06-09 11:52:09 - rule_mining.Correlation_utils - INFO - 计算列 ['column14'] 和列 column9 之间的相关性 (φ²): 1.0327980751638098e-05
2025-06-09 11:52:09 - rule_mining.Correlation_utils - INFO - 计算列 ['column15'] 和列 column9 之间的φ²: 0.0010817184752901596
2025-06-09 11:52:09 - rule_mining.Correlation_utils - INFO - 计算列 ['column15'] 和列 column9 之间的相关性 (φ²): 8.154998315027482e-05
2025-06-09 11:52:09 - rule_mining.Correlation_utils - INFO - 计算列 ['column16'] 和列 column9 之间的φ²: 0.001012762347620935
2025-06-09 11:52:09 - rule_mining.Correlation_utils - INFO - 计算列 ['column16'] 和列 column9 之间的相关性 (φ²): 1.2524813050342615e-05
2025-06-09 11:52:09 - rule_mining.Correlation_utils - INFO - 计算列 ['column17'] 和列 column9 之间的φ²: 0.0010514907715244704
2025-06-09 11:52:09 - rule_mining.Correlation_utils - INFO - 计算列 ['column17'] 和列 column9 之间的相关性 (φ²): 5.1292013848900274e-05
2025-06-09 11:52:09 - rule_mining.Correlation_utils - INFO - 计算列 ['column18'] 和列 column9 之间的φ²: 0.006555038300689375
2025-06-09 11:52:09 - rule_mining.Correlation_utils - INFO - 计算列 ['column18'] 和列 column9 之间的相关性 (φ²): 0.005560349978587437
2025-06-09 11:52:09 - rule_mining.Correlation_utils - INFO - 计算列 ['column19'] 和列 column9 之间的φ²: 0.0031176000761288947
2025-06-09 11:52:09 - rule_mining.Correlation_utils - INFO - 计算列 ['column19'] 和列 column9 之间的相关性 (φ²): 0.0021194700136268957
2025-06-09 11:52:09 - rule_mining.Correlation_utils - INFO - 计算列 ['column20'] 和列 column9 之间的φ²: 0.001024715794701251
2025-06-09 11:52:09 - rule_mining.Correlation_utils - INFO - 计算列 ['column20'] 和列 column9 之间的相关性 (φ²): 2.4490228538248423e-05
2025-06-09 11:52:09 - Cafd - INFO - Processing search space: <SearchSpace_bit.SearchSpace object at 0x0000021717B06AF0>
2025-06-09 11:52:09 - SearchSpace_bit - INFO - 从全局结论表中命中缓存: column1->column10
2025-06-09 11:52:09 - SearchSpace_bit - INFO - 从全局结论表中命中缓存: column2->column10
2025-06-09 11:52:09 - SearchSpace_bit - INFO - 从全局结论表中命中缓存: column3->column10
2025-06-09 11:52:09 - SearchSpace_bit - INFO - 从全局结论表中命中缓存: column4->column10
2025-06-09 11:52:09 - SearchSpace_bit - INFO - 从全局结论表中命中缓存: column5->column10
2025-06-09 11:52:09 - SearchSpace_bit - INFO - 从全局结论表中命中缓存: column6->column10
2025-06-09 11:52:09 - SearchSpace_bit - INFO - 从全局结论表中命中缓存: column7->column10
2025-06-09 11:52:09 - SearchSpace_bit - INFO - 从全局结论表中命中缓存: column8->column10
2025-06-09 11:52:09 - SearchSpace_bit - INFO - 从全局结论表中命中缓存: column9->column10
2025-06-09 11:52:09 - rule_mining.Correlation_utils - INFO - 计算列 ['column11'] 和列 column10 之间的φ²: 0.07903237625436418
2025-06-09 11:52:09 - rule_mining.Correlation_utils - INFO - 计算列 ['column11'] 和列 column10 之间的相关性 (φ²): 0.07764850304062168
2025-06-09 11:52:09 - rule_mining.Correlation_utils - INFO - 计算列 ['column12'] 和列 column10 之间的φ²: 0.0014040650579920187
2025-06-09 11:52:09 - rule_mining.Correlation_utils - INFO - 计算列 ['column12'] 和列 column10 之间的相关性 (φ²): 0.00040421931587236097
2025-06-09 11:52:09 - rule_mining.Correlation_utils - INFO - 计算列 ['column13'] 和列 column10 之间的φ²: 0.0007531121587937075
2025-06-09 11:52:09 - rule_mining.Correlation_utils - INFO - 计算列 ['column13'] 和列 column10 之间的相关性 (φ²): 0.0
2025-06-09 11:52:09 - rule_mining.Correlation_utils - INFO - 计算列 ['column14'] 和列 column10 之间的φ²: 0.0012455837178141564
2025-06-09 11:52:09 - rule_mining.Correlation_utils - INFO - 计算列 ['column14'] 和列 column10 之间的相关性 (φ²): 0.00024557929600470865
2025-06-09 11:52:09 - rule_mining.Correlation_utils - INFO - 计算列 ['column15'] 和列 column10 之间的φ²: 0.0007764373734542384
2025-06-09 11:52:09 - rule_mining.Correlation_utils - INFO - 计算列 ['column15'] 和列 column10 之间的相关性 (φ²): 0.0
2025-06-09 11:52:09 - rule_mining.Correlation_utils - INFO - 计算列 ['column16'] 和列 column10 之间的φ²: 0.001372216363276228
2025-06-09 11:52:09 - rule_mining.Correlation_utils - INFO - 计算列 ['column16'] 和列 column10 之间的相关性 (φ²): 0.0003723387326011603
2025-06-09 11:52:09 - rule_mining.Correlation_utils - INFO - 计算列 ['column17'] 和列 column10 之间的φ²: 0.000613782951482411
2025-06-09 11:52:09 - rule_mining.Correlation_utils - INFO - 计算列 ['column17'] 和列 column10 之间的相关性 (φ²): 0.0
2025-06-09 11:52:09 - rule_mining.Correlation_utils - INFO - 计算列 ['column18'] 和列 column10 之间的φ²: 0.01587172832118214
2025-06-09 11:52:09 - rule_mining.Correlation_utils - INFO - 计算列 ['column18'] 和列 column10 之间的相关性 (φ²): 0.014886368349538768
2025-06-09 11:52:09 - rule_mining.Correlation_utils - INFO - 计算列 ['column19'] 和列 column10 之间的φ²: 0.010328246413103974
2025-06-09 11:52:09 - rule_mining.Correlation_utils - INFO - 计算列 ['column19'] 和列 column10 之间的相关性 (φ²): 0.009337336021527606
2025-06-09 11:52:09 - rule_mining.Correlation_utils - INFO - 计算列 ['column20'] 和列 column10 之间的φ²: 0.0006231315655476616
2025-06-09 11:52:09 - rule_mining.Correlation_utils - INFO - 计算列 ['column20'] 和列 column10 之间的相关性 (φ²): 0.0
2025-06-09 11:52:09 - rule_mining.Correlation_utils - INFO - 计算列 ['column11', 'column18'] 和列 column10 之间的φ²: 0.0858727861698704
2025-06-09 11:52:09 - rule_mining.Correlation_utils - INFO - 计算列 ['column11', 'column18'] 和列 column10 之间的相关性 (φ²): 0.07826658393679066
2025-06-09 11:52:09 - Cafd - INFO - Processing search space: <SearchSpace_bit.SearchSpace object at 0x0000021717B06A90>
2025-06-09 11:52:09 - SearchSpace_bit - INFO - 从全局结论表中命中缓存: column1->column11
2025-06-09 11:52:09 - SearchSpace_bit - INFO - 从全局结论表中命中缓存: column2->column11
2025-06-09 11:52:09 - SearchSpace_bit - INFO - 从全局结论表中命中缓存: column3->column11
2025-06-09 11:52:09 - SearchSpace_bit - INFO - 从全局结论表中命中缓存: column4->column11
2025-06-09 11:52:09 - SearchSpace_bit - INFO - 从全局结论表中命中缓存: column5->column11
2025-06-09 11:52:09 - SearchSpace_bit - INFO - 从全局结论表中命中缓存: column6->column11
2025-06-09 11:52:09 - SearchSpace_bit - INFO - 从全局结论表中命中缓存: column7->column11
2025-06-09 11:52:09 - SearchSpace_bit - INFO - 从全局结论表中命中缓存: column8->column11
2025-06-09 11:52:09 - SearchSpace_bit - INFO - 从全局结论表中命中缓存: column9->column11
2025-06-09 11:52:09 - SearchSpace_bit - INFO - 从全局结论表中命中缓存: column10->column11
2025-06-09 11:52:09 - rule_mining.Correlation_utils - INFO - 计算列 ['column12'] 和列 column11 之间的φ²: 0.0018661312942585937
2025-06-09 11:52:09 - rule_mining.Correlation_utils - INFO - 计算列 ['column12'] 和列 column11 之间的相关性 (φ²): 0.0003663057965790423
2025-06-09 11:52:09 - rule_mining.Correlation_utils - INFO - 计算列 ['column13'] 和列 column11 之间的φ²: 0.001252800897532751
2025-06-09 11:52:09 - rule_mining.Correlation_utils - INFO - 计算列 ['column13'] 和列 column11 之间的相关性 (φ²): 0.0
2025-06-09 11:52:09 - rule_mining.Correlation_utils - INFO - 计算列 ['column14'] 和列 column11 之间的φ²: 0.0013071765767684838
2025-06-09 11:52:09 - rule_mining.Correlation_utils - INFO - 计算列 ['column14'] 和列 column11 之间的相关性 (φ²): 0.0
2025-06-09 11:52:09 - rule_mining.Correlation_utils - INFO - 计算列 ['column15'] 和列 column11 之间的φ²: 0.0007612532962007208
2025-06-09 11:52:09 - rule_mining.Correlation_utils - INFO - 计算列 ['column15'] 和列 column11 之间的相关性 (φ²): 0.0
2025-06-09 11:52:09 - rule_mining.Correlation_utils - INFO - 计算列 ['column16'] 和列 column11 之间的φ²: 0.0015065835056217907
2025-06-09 11:52:09 - rule_mining.Correlation_utils - INFO - 计算列 ['column16'] 和列 column11 之间的相关性 (φ²): 6.217740791770773e-06
2025-06-09 11:52:09 - rule_mining.Correlation_utils - INFO - 计算列 ['column17'] 和列 column11 之间的φ²: 0.001006687064764037
2025-06-09 11:52:09 - rule_mining.Correlation_utils - INFO - 计算列 ['column17'] 和列 column11 之间的相关性 (φ²): 0.0
2025-06-09 11:52:09 - rule_mining.Correlation_utils - INFO - 计算列 ['column18'] 和列 column11 之间的φ²: 0.19320723156826444
2025-06-09 11:52:09 - rule_mining.Correlation_utils - INFO - 计算列 ['column18'] 和列 column11 之间的相关性 (φ²): 0.1919949208718982
2025-06-09 11:52:09 - rule_mining.Correlation_utils - INFO - 计算列 ['column19'] 和列 column11 之间的φ²: 0.2132505051976342
2025-06-09 11:52:09 - rule_mining.Correlation_utils - INFO - 计算列 ['column19'] 和列 column11 之间的相关性 (φ²): 0.2120683121175405
2025-06-09 11:52:09 - rule_mining.Correlation_utils - INFO - 计算列 ['column20'] 和列 column11 之间的φ²: 0.001668721984346007
2025-06-09 11:52:09 - rule_mining.Correlation_utils - INFO - 计算列 ['column20'] 和列 column11 之间的相关性 (φ²): 0.00016859985359370946
2025-06-09 11:52:09 - rule_mining.Correlation_utils - INFO - 计算列 ['column8', 'column9'] 和列 column11 之间的φ²: 0.17366188460305224
2025-06-09 11:52:09 - rule_mining.Correlation_utils - INFO - 计算列 ['column8', 'column9'] 和列 column11 之间的相关性 (φ²): 0.16762566159385536
2025-06-09 11:52:09 - rule_mining.Correlation_utils - INFO - 计算列 ['column8', 'column10'] 和列 column11 之间的φ²: 0.19154668041568032
2025-06-09 11:52:09 - rule_mining.Correlation_utils - INFO - 计算列 ['column8', 'column10'] 和列 column11 之间的相关性 (φ²): 0.1868700138285477
2025-06-09 11:52:09 - rule_mining.Correlation_utils - INFO - 计算列 ['column9', 'column10'] 和列 column11 之间的φ²: 0.1795959223096338
2025-06-09 11:52:09 - rule_mining.Correlation_utils - INFO - 计算列 ['column9', 'column10'] 和列 column11 之间的相关性 (φ²): 0.17567942043121246
2025-06-09 11:52:09 - rule_mining.Correlation_utils - INFO - 计算列 ['column8', 'column18'] 和列 column11 之间的φ²: 0.16074030255743615
2025-06-09 11:52:09 - rule_mining.Correlation_utils - INFO - 计算列 ['column8', 'column18'] 和列 column11 之间的相关性 (φ²): 0.15460969015798165
2025-06-09 11:52:09 - rule_mining.Correlation_utils - INFO - 计算列 ['column9', 'column18'] 和列 column11 之间的φ²: 0.1702796034673941
2025-06-09 11:52:09 - rule_mining.Correlation_utils - INFO - 计算列 ['column9', 'column18'] 和列 column11 之间的相关性 (φ²): 0.1652699708845557
2025-06-09 11:52:09 - rule_mining.Correlation_utils - INFO - 计算列 ['column10', 'column18'] 和列 column11 之间的φ²: 0.17192121608313754
2025-06-09 11:52:09 - rule_mining.Correlation_utils - INFO - 计算列 ['column10', 'column18'] 和列 column11 之间的相关性 (φ²): 0.16796807615991632
2025-06-09 11:52:09 - rule_mining.Correlation_utils - INFO - 计算列 ['column8', 'column19'] 和列 column11 之间的φ²: 0.16856711395019924
2025-06-09 11:52:09 - rule_mining.Correlation_utils - INFO - 计算列 ['column8', 'column19'] 和列 column11 之间的相关性 (φ²): 0.16249367473220322
2025-06-09 11:52:09 - rule_mining.Correlation_utils - INFO - 计算列 ['column9', 'column19'] 和列 column11 之间的φ²: 0.18692565712187018
2025-06-09 11:52:09 - rule_mining.Correlation_utils - INFO - 计算列 ['column9', 'column19'] 和列 column11 之间的相关性 (φ²): 0.18201652901392673
2025-06-09 11:52:09 - rule_mining.Correlation_utils - INFO - 计算列 ['column10', 'column19'] 和列 column11 之间的φ²: 0.19190575374229782
2025-06-09 11:52:09 - rule_mining.Correlation_utils - INFO - 计算列 ['column10', 'column19'] 和列 column11 之间的相关性 (φ²): 0.18804801739081634
2025-06-09 11:52:09 - rule_mining.Correlation_utils - INFO - 计算列 ['column18', 'column19'] 和列 column11 之间的φ²: 0.2811326591123709
2025-06-09 11:52:09 - rule_mining.Correlation_utils - INFO - 计算列 ['column18', 'column19'] 和列 column11 之间的相关性 (φ²): 0.27679232799757764
2025-06-09 11:52:09 - rule_mining.Correlation_utils - WARNING - 期望分布频数表不符合要求，无法计算相关性。
2025-06-09 11:52:09 - rule_mining.Correlation_utils - WARNING - 期望分布频数表不符合要求，无法计算相关性。
2025-06-09 11:52:09 - rule_mining.Correlation_utils - WARNING - 期望分布频数表不符合要求，无法计算相关性。
2025-06-09 11:52:09 - rule_mining.Correlation_utils - WARNING - 期望分布频数表不符合要求，无法计算相关性。
2025-06-09 11:52:09 - rule_mining.Correlation_utils - WARNING - 期望分布频数表不符合要求，无法计算相关性。
2025-06-09 11:52:09 - rule_mining.Correlation_utils - WARNING - 期望分布频数表不符合要求，无法计算相关性。
2025-06-09 11:52:09 - rule_mining.Correlation_utils - WARNING - 期望分布频数表不符合要求，无法计算相关性。
2025-06-09 11:52:09 - rule_mining.Correlation_utils - WARNING - 期望分布频数表不符合要求，无法计算相关性。
2025-06-09 11:52:09 - rule_mining.Correlation_utils - WARNING - 期望分布频数表不符合要求，无法计算相关性。
2025-06-09 11:52:09 - rule_mining.Correlation_utils - WARNING - 期望分布频数表不符合要求，无法计算相关性。
2025-06-09 11:52:09 - Cafd - INFO - Processing search space: <SearchSpace_bit.SearchSpace object at 0x0000021717B06C10>
2025-06-09 11:52:09 - SearchSpace_bit - INFO - 从全局结论表中命中缓存: column1->column12
2025-06-09 11:52:09 - SearchSpace_bit - INFO - 从全局结论表中命中缓存: column2->column12
2025-06-09 11:52:09 - SearchSpace_bit - INFO - 从全局结论表中命中缓存: column3->column12
2025-06-09 11:52:09 - SearchSpace_bit - INFO - 从全局结论表中命中缓存: column4->column12
2025-06-09 11:52:09 - SearchSpace_bit - INFO - 从全局结论表中命中缓存: column5->column12
2025-06-09 11:52:09 - SearchSpace_bit - INFO - 从全局结论表中命中缓存: column6->column12
2025-06-09 11:52:09 - SearchSpace_bit - INFO - 从全局结论表中命中缓存: column7->column12
2025-06-09 11:52:09 - SearchSpace_bit - INFO - 从全局结论表中命中缓存: column8->column12
2025-06-09 11:52:09 - SearchSpace_bit - INFO - 从全局结论表中命中缓存: column9->column12
2025-06-09 11:52:09 - SearchSpace_bit - INFO - 从全局结论表中命中缓存: column10->column12
2025-06-09 11:52:09 - SearchSpace_bit - INFO - 从全局结论表中命中缓存: column11->column12
2025-06-09 11:52:09 - rule_mining.Correlation_utils - INFO - 计算列 ['column13'] 和列 column12 之间的φ²: 0.005591189623115412
2025-06-09 11:52:09 - rule_mining.Correlation_utils - INFO - 计算列 ['column13'] 和列 column12 之间的相关性 (φ²): 0.004595536246017154
2025-06-09 11:52:09 - rule_mining.Correlation_utils - INFO - 计算列 ['column14'] 和列 column12 之间的φ²: 0.0008000323285868945
2025-06-09 11:52:09 - rule_mining.Correlation_utils - INFO - 计算列 ['column14'] 和列 column12 之间的相关性 (φ²): 0.0
2025-06-09 11:52:09 - rule_mining.Correlation_utils - INFO - 计算列 ['column15'] 和列 column12 之间的φ²: 0.0009918746685387133
2025-06-09 11:52:09 - rule_mining.Correlation_utils - INFO - 计算列 ['column15'] 和列 column12 之间的相关性 (φ²): 0.0
2025-06-09 11:52:09 - rule_mining.Correlation_utils - INFO - 计算列 ['column16'] 和列 column12 之间的φ²: 0.0012560524992121032
2025-06-09 11:52:09 - rule_mining.Correlation_utils - INFO - 计算列 ['column16'] 和列 column12 之间的相关性 (φ²): 0.0002560585592864081
2025-06-09 11:52:09 - rule_mining.Correlation_utils - INFO - 计算列 ['column17'] 和列 column12 之间的φ²: 0.0007444226853691873
2025-06-09 11:52:09 - rule_mining.Correlation_utils - INFO - 计算列 ['column17'] 和列 column12 之间的相关性 (φ²): 0.0
2025-06-09 11:52:09 - rule_mining.Correlation_utils - INFO - 计算列 ['column18'] 和列 column12 之间的φ²: 0.0014628020415351558
2025-06-09 11:52:09 - rule_mining.Correlation_utils - INFO - 计算列 ['column18'] 和列 column12 之间的相关性 (φ²): 0.00046301510991216205
2025-06-09 11:52:09 - rule_mining.Correlation_utils - INFO - 计算列 ['column19'] 和列 column12 之间的φ²: 0.0009124019858929273
2025-06-09 11:52:09 - rule_mining.Correlation_utils - INFO - 计算列 ['column19'] 和列 column12 之间的相关性 (φ²): 0.0
2025-06-09 11:52:09 - rule_mining.Correlation_utils - INFO - 计算列 ['column20'] 和列 column12 之间的φ²: 0.0012503026529693385
2025-06-09 11:52:09 - rule_mining.Correlation_utils - INFO - 计算列 ['column20'] 和列 column12 之间的相关性 (φ²): 0.00025030295600109745
2025-06-09 11:52:09 - rule_mining.Correlation_utils - INFO - 计算列 ['column3', 'column4'] 和列 column12 之间的φ²: 0.2652199129055638
2025-06-09 11:52:09 - rule_mining.Correlation_utils - INFO - 计算列 ['column3', 'column4'] 和列 column12 之间的相关性 (φ²): 0.21011140637348108
2025-06-09 11:52:09 - Cafd - INFO - Processing search space: <SearchSpace_bit.SearchSpace object at 0x0000021717B06CD0>
2025-06-09 11:52:09 - SearchSpace_bit - INFO - 从全局结论表中命中缓存: column1->column13
2025-06-09 11:52:09 - SearchSpace_bit - INFO - 从全局结论表中命中缓存: column2->column13
2025-06-09 11:52:09 - SearchSpace_bit - INFO - 从全局结论表中命中缓存: column3->column13
2025-06-09 11:52:09 - SearchSpace_bit - INFO - 从全局结论表中命中缓存: column4->column13
2025-06-09 11:52:09 - SearchSpace_bit - INFO - 从全局结论表中命中缓存: column5->column13
2025-06-09 11:52:09 - SearchSpace_bit - INFO - 从全局结论表中命中缓存: column6->column13
2025-06-09 11:52:09 - SearchSpace_bit - INFO - 从全局结论表中命中缓存: column7->column13
2025-06-09 11:52:09 - SearchSpace_bit - INFO - 从全局结论表中命中缓存: column8->column13
2025-06-09 11:52:09 - SearchSpace_bit - INFO - 从全局结论表中命中缓存: column9->column13
2025-06-09 11:52:09 - SearchSpace_bit - INFO - 从全局结论表中命中缓存: column10->column13
2025-06-09 11:52:09 - SearchSpace_bit - INFO - 从全局结论表中命中缓存: column11->column13
2025-06-09 11:52:09 - SearchSpace_bit - INFO - 从全局结论表中命中缓存: column12->column13
2025-06-09 11:52:09 - rule_mining.Correlation_utils - INFO - 计算列 ['column14'] 和列 column13 之间的φ²: 0.0012756901749158942
2025-06-09 11:52:09 - rule_mining.Correlation_utils - INFO - 计算列 ['column14'] 和列 column13 之间的相关性 (φ²): 0.00027571589724371975
2025-06-09 11:52:09 - rule_mining.Correlation_utils - INFO - 计算列 ['column15'] 和列 column13 之间的φ²: 0.0011682500923716078
2025-06-09 11:52:09 - rule_mining.Correlation_utils - INFO - 计算列 ['column15'] 和列 column13 之间的相关性 (φ²): 0.00016816824014870063
2025-06-09 11:52:09 - rule_mining.Correlation_utils - INFO - 计算列 ['column16'] 和列 column13 之间的φ²: 0.0008235265588783704
2025-06-09 11:52:09 - rule_mining.Correlation_utils - INFO - 计算列 ['column16'] 和列 column13 之间的相关性 (φ²): 0.0
2025-06-09 11:52:09 - rule_mining.Correlation_utils - INFO - 计算列 ['column17'] 和列 column13 之间的φ²: 0.0009463592130438485
2025-06-09 11:52:09 - rule_mining.Correlation_utils - INFO - 计算列 ['column17'] 和列 column13 之间的相关性 (φ²): 0.0
2025-06-09 11:52:09 - rule_mining.Correlation_utils - INFO - 计算列 ['column18'] 和列 column13 之间的φ²: 0.0010502141088010717
2025-06-09 11:52:09 - rule_mining.Correlation_utils - INFO - 计算列 ['column18'] 和列 column13 之间的相关性 (φ²): 5.0014072864952535e-05
2025-06-09 11:52:09 - rule_mining.Correlation_utils - INFO - 计算列 ['column19'] 和列 column13 之间的φ²: 0.0010787943469819368
2025-06-09 11:52:09 - rule_mining.Correlation_utils - INFO - 计算列 ['column19'] 和列 column13 之间的相关性 (φ²): 7.86229270540087e-05
2025-06-09 11:52:09 - rule_mining.Correlation_utils - INFO - 计算列 ['column20'] 和列 column13 之间的φ²: 0.0016132914565127124
2025-06-09 11:52:09 - rule_mining.Correlation_utils - INFO - 计算列 ['column20'] 和列 column13 之间的相关性 (φ²): 0.0006136552026518989
2025-06-09 11:52:09 - rule_mining.Correlation_utils - INFO - 计算列 ['column3', 'column4'] 和列 column13 之间的φ²: 0.2832189473034789
2025-06-09 11:52:09 - rule_mining.Correlation_utils - INFO - 计算列 ['column3', 'column4'] 和列 column13 之间的相关性 (φ²): 0.2294603683512398
2025-06-09 11:52:09 - Cafd - INFO - Processing search space: <SearchSpace_bit.SearchSpace object at 0x0000021717B06D60>
2025-06-09 11:52:09 - SearchSpace_bit - INFO - 从全局结论表中命中缓存: column1->column14
2025-06-09 11:52:09 - SearchSpace_bit - INFO - 从全局结论表中命中缓存: column2->column14
2025-06-09 11:52:09 - SearchSpace_bit - INFO - 从全局结论表中命中缓存: column3->column14
2025-06-09 11:52:09 - SearchSpace_bit - INFO - 从全局结论表中命中缓存: column4->column14
2025-06-09 11:52:09 - SearchSpace_bit - INFO - 从全局结论表中命中缓存: column5->column14
2025-06-09 11:52:09 - SearchSpace_bit - INFO - 从全局结论表中命中缓存: column6->column14
2025-06-09 11:52:09 - SearchSpace_bit - INFO - 从全局结论表中命中缓存: column7->column14
2025-06-09 11:52:09 - SearchSpace_bit - INFO - 从全局结论表中命中缓存: column8->column14
2025-06-09 11:52:09 - SearchSpace_bit - INFO - 从全局结论表中命中缓存: column9->column14
2025-06-09 11:52:09 - SearchSpace_bit - INFO - 从全局结论表中命中缓存: column10->column14
2025-06-09 11:52:09 - SearchSpace_bit - INFO - 从全局结论表中命中缓存: column11->column14
2025-06-09 11:52:09 - SearchSpace_bit - INFO - 从全局结论表中命中缓存: column12->column14
2025-06-09 11:52:09 - SearchSpace_bit - INFO - 从全局结论表中命中缓存: column13->column14
2025-06-09 11:52:09 - rule_mining.Correlation_utils - INFO - 计算列 ['column15'] 和列 column14 之间的φ²: 0.03677856496792538
2025-06-09 11:52:09 - rule_mining.Correlation_utils - INFO - 计算列 ['column15'] 和列 column14 之间的相关性 (φ²): 0.03581413799918238
2025-06-09 11:52:09 - rule_mining.Correlation_utils - INFO - 计算列 ['column16'] 和列 column14 之间的φ²: 0.0008712632034471141
2025-06-09 11:52:09 - rule_mining.Correlation_utils - INFO - 计算列 ['column16'] 和列 column14 之间的相关性 (φ²): 0.0
2025-06-09 11:52:09 - rule_mining.Correlation_utils - INFO - 计算列 ['column17'] 和列 column14 之间的φ²: 0.0006865041281922117
2025-06-09 11:52:09 - rule_mining.Correlation_utils - INFO - 计算列 ['column17'] 和列 column14 之间的相关性 (φ²): 0.0
2025-06-09 11:52:09 - rule_mining.Correlation_utils - INFO - 计算列 ['column18'] 和列 column14 之间的φ²: 0.0004977600836297426
2025-06-09 11:52:09 - rule_mining.Correlation_utils - INFO - 计算列 ['column18'] 和列 column14 之间的相关性 (φ²): 0.0
2025-06-09 11:52:09 - rule_mining.Correlation_utils - INFO - 计算列 ['column19'] 和列 column14 之间的φ²: 0.0007585389587501084
2025-06-09 11:52:09 - rule_mining.Correlation_utils - INFO - 计算列 ['column19'] 和列 column14 之间的相关性 (φ²): 0.0
2025-06-09 11:52:09 - rule_mining.Correlation_utils - INFO - 计算列 ['column20'] 和列 column14 之间的φ²: 0.000996080746096993
2025-06-09 11:52:09 - rule_mining.Correlation_utils - INFO - 计算列 ['column20'] 和列 column14 之间的相关性 (φ²): 0.0
2025-06-09 11:52:09 - rule_mining.Correlation_utils - INFO - 计算列 ['column1', 'column2'] 和列 column14 之间的φ²: 0.31033824947798566
2025-06-09 11:52:09 - rule_mining.Correlation_utils - INFO - 计算列 ['column1', 'column2'] 和列 column14 之间的相关性 (φ²): 0.2228917046104437
2025-06-09 11:52:09 - rule_mining.Correlation_utils - INFO - 计算列 ['column1', 'column15'] 和列 column14 之间的φ²: 0.34713569902882774
2025-06-09 11:52:09 - rule_mining.Correlation_utils - INFO - 计算列 ['column1', 'column15'] 和列 column14 之间的相关性 (φ²): 0.19667558782039452
2025-06-09 11:52:09 - rule_mining.Correlation_utils - INFO - 计算列 ['column2', 'column15'] 和列 column14 之间的φ²: 0.22829103503535264
2025-06-09 11:52:09 - rule_mining.Correlation_utils - INFO - 计算列 ['column2', 'column15'] 和列 column14 之间的相关性 (φ²): 0.22167360633199878
2025-06-09 11:52:09 - rule_mining.Correlation_utils - WARNING - 期望分布频数表不符合要求，无法计算相关性。
2025-06-09 11:52:09 - Cafd - INFO - Processing search space: <SearchSpace_bit.SearchSpace object at 0x0000021717B06DF0>
2025-06-09 11:52:09 - SearchSpace_bit - INFO - 从全局结论表中命中缓存: column1->column15
2025-06-09 11:52:09 - SearchSpace_bit - INFO - 从全局结论表中命中缓存: column2->column15
2025-06-09 11:52:09 - SearchSpace_bit - INFO - 从全局结论表中命中缓存: column3->column15
2025-06-09 11:52:09 - SearchSpace_bit - INFO - 从全局结论表中命中缓存: column4->column15
2025-06-09 11:52:09 - SearchSpace_bit - INFO - 从全局结论表中命中缓存: column5->column15
2025-06-09 11:52:09 - SearchSpace_bit - INFO - 从全局结论表中命中缓存: column6->column15
2025-06-09 11:52:09 - SearchSpace_bit - INFO - 从全局结论表中命中缓存: column7->column15
2025-06-09 11:52:09 - SearchSpace_bit - INFO - 从全局结论表中命中缓存: column8->column15
2025-06-09 11:52:09 - SearchSpace_bit - INFO - 从全局结论表中命中缓存: column9->column15
2025-06-09 11:52:09 - SearchSpace_bit - INFO - 从全局结论表中命中缓存: column10->column15
2025-06-09 11:52:09 - SearchSpace_bit - INFO - 从全局结论表中命中缓存: column11->column15
2025-06-09 11:52:09 - SearchSpace_bit - INFO - 从全局结论表中命中缓存: column12->column15
2025-06-09 11:52:09 - SearchSpace_bit - INFO - 从全局结论表中命中缓存: column13->column15
2025-06-09 11:52:09 - SearchSpace_bit - INFO - 从全局结论表中命中缓存: column14->column15
2025-06-09 11:52:09 - rule_mining.Correlation_utils - INFO - 计算列 ['column16'] 和列 column15 之间的φ²: 0.0009272424279053836
2025-06-09 11:52:09 - rule_mining.Correlation_utils - INFO - 计算列 ['column16'] 和列 column15 之间的相关性 (φ²): 0.0
2025-06-09 11:52:09 - rule_mining.Correlation_utils - INFO - 计算列 ['column17'] 和列 column15 之间的φ²: 0.0013627392262606577
2025-06-09 11:52:09 - rule_mining.Correlation_utils - INFO - 计算列 ['column17'] 和列 column15 之间的相关性 (φ²): 0.0003628521065873266
2025-06-09 11:52:09 - rule_mining.Correlation_utils - INFO - 计算列 ['column18'] 和列 column15 之间的φ²: 0.001417989999035342
2025-06-09 11:52:09 - rule_mining.Correlation_utils - INFO - 计算列 ['column18'] 和列 column15 之间的相关性 (φ²): 0.0004181581992846889
2025-06-09 11:52:09 - rule_mining.Correlation_utils - INFO - 计算列 ['column19'] 和列 column15 之间的φ²: 0.0010505930160640844
2025-06-09 11:52:09 - rule_mining.Correlation_utils - INFO - 计算列 ['column19'] 和列 column15 之间的相关性 (φ²): 5.039335950945505e-05
2025-06-09 11:52:09 - rule_mining.Correlation_utils - INFO - 计算列 ['column20'] 和列 column15 之间的φ²: 0.00105632557949383
2025-06-09 11:52:09 - rule_mining.Correlation_utils - INFO - 计算列 ['column20'] 和列 column15 之间的相关性 (φ²): 5.613166267730304e-05
2025-06-09 11:52:09 - rule_mining.Correlation_utils - INFO - 计算列 ['column1', 'column2'] 和列 column15 之间的φ²: 0.3303427429447667
2025-06-09 11:52:09 - rule_mining.Correlation_utils - INFO - 计算列 ['column1', 'column2'] 和列 column15 之间的相关性 (φ²): 0.24543269344494842
2025-06-09 11:52:09 - rule_mining.Correlation_utils - INFO - 计算列 ['column1', 'column14'] 和列 column15 之间的φ²: 0.36154109970995263
2025-06-09 11:52:09 - rule_mining.Correlation_utils - INFO - 计算列 ['column1', 'column14'] 和列 column15 之间的相关性 (φ²): 0.21051417988252955
2025-06-09 11:52:09 - rule_mining.Correlation_utils - INFO - 计算列 ['column2', 'column14'] 和列 column15 之间的φ²: 0.24578049844034125
2025-06-09 11:52:09 - rule_mining.Correlation_utils - INFO - 计算列 ['column2', 'column14'] 和列 column15 之间的相关性 (φ²): 0.2395048444939296
2025-06-09 11:52:09 - rule_mining.Correlation_utils - WARNING - 期望分布频数表不符合要求，无法计算相关性。
2025-06-09 11:52:09 - Cafd - INFO - Processing search space: <SearchSpace_bit.SearchSpace object at 0x0000021717B06E80>
2025-06-09 11:52:09 - SearchSpace_bit - INFO - 从全局结论表中命中缓存: column1->column16
2025-06-09 11:52:09 - SearchSpace_bit - INFO - 从全局结论表中命中缓存: column2->column16
2025-06-09 11:52:09 - SearchSpace_bit - INFO - 从全局结论表中命中缓存: column3->column16
2025-06-09 11:52:09 - SearchSpace_bit - INFO - 从全局结论表中命中缓存: column4->column16
2025-06-09 11:52:09 - SearchSpace_bit - INFO - 从全局结论表中命中缓存: column5->column16
2025-06-09 11:52:09 - SearchSpace_bit - INFO - 从全局结论表中命中缓存: column6->column16
2025-06-09 11:52:09 - SearchSpace_bit - INFO - 从全局结论表中命中缓存: column7->column16
2025-06-09 11:52:09 - SearchSpace_bit - INFO - 从全局结论表中命中缓存: column8->column16
2025-06-09 11:52:09 - SearchSpace_bit - INFO - 从全局结论表中命中缓存: column9->column16
2025-06-09 11:52:09 - SearchSpace_bit - INFO - 从全局结论表中命中缓存: column10->column16
2025-06-09 11:52:09 - SearchSpace_bit - INFO - 从全局结论表中命中缓存: column11->column16
2025-06-09 11:52:09 - SearchSpace_bit - INFO - 从全局结论表中命中缓存: column12->column16
2025-06-09 11:52:09 - SearchSpace_bit - INFO - 从全局结论表中命中缓存: column13->column16
2025-06-09 11:52:09 - SearchSpace_bit - INFO - 从全局结论表中命中缓存: column14->column16
2025-06-09 11:52:09 - SearchSpace_bit - INFO - 从全局结论表中命中缓存: column15->column16
2025-06-09 11:52:09 - rule_mining.Correlation_utils - INFO - 计算列 ['column17'] 和列 column16 之间的φ²: 0.042650676468869844
2025-06-09 11:52:09 - rule_mining.Correlation_utils - INFO - 计算列 ['column17'] 和列 column16 之间的相关性 (φ²): 0.04169212896095382
2025-06-09 11:52:09 - rule_mining.Correlation_utils - INFO - 计算列 ['column18'] 和列 column16 之间的φ²: 0.0016144412319763148
2025-06-09 11:52:09 - rule_mining.Correlation_utils - INFO - 计算列 ['column18'] 和列 column16 之间的相关性 (φ²): 0.000614806129329983
2025-06-09 11:52:09 - rule_mining.Correlation_utils - INFO - 计算列 ['column19'] 和列 column16 之间的φ²: 0.0010097260918467156
2025-06-09 11:52:09 - rule_mining.Correlation_utils - INFO - 计算列 ['column19'] 和列 column16 之间的相关性 (φ²): 9.485517220279198e-06
2025-06-09 11:52:09 - rule_mining.Correlation_utils - INFO - 计算列 ['column20'] 和列 column16 之间的φ²: 0.000711024234031612
2025-06-09 11:52:09 - rule_mining.Correlation_utils - INFO - 计算列 ['column20'] 和列 column16 之间的相关性 (φ²): 0.0
2025-06-09 11:52:09 - rule_mining.Correlation_utils - INFO - 计算列 ['column6', 'column7'] 和列 column16 之间的φ²: 0.20962694232652632
2025-06-09 11:52:09 - rule_mining.Correlation_utils - INFO - 计算列 ['column6', 'column7'] 和列 column16 之间的相关性 (φ²): 0.1977914066913144
2025-06-09 11:52:09 - rule_mining.Correlation_utils - INFO - 计算列 ['column6', 'column17'] 和列 column16 之间的φ²: 0.07505310316714378
2025-06-09 11:52:09 - rule_mining.Correlation_utils - INFO - 计算列 ['column6', 'column17'] 和列 column16 之间的相关性 (φ²): 0.06357907837098935
2025-06-09 11:52:09 - rule_mining.Correlation_utils - INFO - 计算列 ['column7', 'column17'] 和列 column16 之间的φ²: 0.20807968845024397
2025-06-09 11:52:09 - rule_mining.Correlation_utils - INFO - 计算列 ['column7', 'column17'] 和列 column16 之间的相关性 (φ²): 0.20229488012909963
2025-06-09 11:52:09 - rule_mining.Correlation_utils - WARNING - 期望分布频数表不符合要求，无法计算相关性。
2025-06-09 11:52:09 - Cafd - INFO - Processing search space: <SearchSpace_bit.SearchSpace object at 0x0000021717B06F10>
2025-06-09 11:52:09 - SearchSpace_bit - INFO - 从全局结论表中命中缓存: column1->column17
2025-06-09 11:52:09 - SearchSpace_bit - INFO - 从全局结论表中命中缓存: column2->column17
2025-06-09 11:52:09 - SearchSpace_bit - INFO - 从全局结论表中命中缓存: column3->column17
2025-06-09 11:52:09 - SearchSpace_bit - INFO - 从全局结论表中命中缓存: column4->column17
2025-06-09 11:52:09 - SearchSpace_bit - INFO - 从全局结论表中命中缓存: column5->column17
2025-06-09 11:52:09 - SearchSpace_bit - INFO - 从全局结论表中命中缓存: column6->column17
2025-06-09 11:52:09 - SearchSpace_bit - INFO - 从全局结论表中命中缓存: column7->column17
2025-06-09 11:52:09 - SearchSpace_bit - INFO - 从全局结论表中命中缓存: column8->column17
2025-06-09 11:52:09 - SearchSpace_bit - INFO - 从全局结论表中命中缓存: column9->column17
2025-06-09 11:52:09 - SearchSpace_bit - INFO - 从全局结论表中命中缓存: column10->column17
2025-06-09 11:52:09 - SearchSpace_bit - INFO - 从全局结论表中命中缓存: column11->column17
2025-06-09 11:52:09 - SearchSpace_bit - INFO - 从全局结论表中命中缓存: column12->column17
2025-06-09 11:52:09 - SearchSpace_bit - INFO - 从全局结论表中命中缓存: column13->column17
2025-06-09 11:52:09 - SearchSpace_bit - INFO - 从全局结论表中命中缓存: column14->column17
2025-06-09 11:52:09 - SearchSpace_bit - INFO - 从全局结论表中命中缓存: column15->column17
2025-06-09 11:52:09 - SearchSpace_bit - INFO - 从全局结论表中命中缓存: column16->column17
2025-06-09 11:52:09 - rule_mining.Correlation_utils - INFO - 计算列 ['column18'] 和列 column17 之间的φ²: 0.000789099469860588
2025-06-09 11:52:09 - rule_mining.Correlation_utils - INFO - 计算列 ['column18'] 和列 column17 之间的相关性 (φ²): 0.0
2025-06-09 11:52:09 - rule_mining.Correlation_utils - INFO - 计算列 ['column19'] 和列 column17 之间的φ²: 0.001147325528682046
2025-06-09 11:52:09 - rule_mining.Correlation_utils - INFO - 计算列 ['column19'] 和列 column17 之间的相关性 (φ²): 0.00014722272570700924
2025-06-09 11:52:09 - rule_mining.Correlation_utils - INFO - 计算列 ['column20'] 和列 column17 之间的φ²: 0.0011075168468355513
2025-06-09 11:52:09 - rule_mining.Correlation_utils - INFO - 计算列 ['column20'] 和列 column17 之间的相关性 (φ²): 0.00010737418535553677
2025-06-09 11:52:09 - rule_mining.Correlation_utils - INFO - 计算列 ['column5', 'column6'] 和列 column17 之间的φ²: 0.1829543171565616
2025-06-09 11:52:09 - rule_mining.Correlation_utils - INFO - 计算列 ['column5', 'column6'] 和列 column17 之间的相关性 (φ²): 0.16221392674592047
2025-06-09 11:52:09 - rule_mining.Correlation_utils - INFO - 计算列 ['column5', 'column7'] 和列 column17 之间的φ²: 0.22918309306047935
2025-06-09 11:52:09 - rule_mining.Correlation_utils - INFO - 计算列 ['column5', 'column7'] 和列 column17 之间的相关性 (φ²): 0.21764040333727333
2025-06-09 11:52:09 - rule_mining.Correlation_utils - INFO - 计算列 ['column6', 'column7'] 和列 column17 之间的φ²: 0.22760646984109462
2025-06-09 11:52:09 - rule_mining.Correlation_utils - INFO - 计算列 ['column6', 'column7'] 和列 column17 之间的相关性 (φ²): 0.21604017078541557
2025-06-09 11:52:09 - rule_mining.Correlation_utils - INFO - 计算列 ['column5', 'column16'] 和列 column17 之间的φ²: 0.06537755904244721
2025-06-09 11:52:09 - rule_mining.Correlation_utils - INFO - 计算列 ['column5', 'column16'] 和列 column17 之间的相关性 (φ²): 0.05378350850904972
2025-06-09 11:52:09 - rule_mining.Correlation_utils - INFO - 计算列 ['column6', 'column16'] 和列 column17 之间的φ²: 0.06916847402846435
2025-06-09 11:52:09 - rule_mining.Correlation_utils - INFO - 计算列 ['column6', 'column16'] 和列 column17 之间的相关性 (φ²): 0.05762145003539973
2025-06-09 11:52:09 - rule_mining.Correlation_utils - INFO - 计算列 ['column7', 'column16'] 和列 column17 之间的φ²: 0.2235549796292474
2025-06-09 11:52:09 - rule_mining.Correlation_utils - INFO - 计算列 ['column7', 'column16'] 和列 column17 之间的相关性 (φ²): 0.21788321499681618
2025-06-09 11:52:09 - rule_mining.Correlation_utils - WARNING - 期望分布频数表不符合要求，无法计算相关性。
2025-06-09 11:52:09 - rule_mining.Correlation_utils - WARNING - 期望分布频数表不符合要求，无法计算相关性。
2025-06-09 11:52:09 - rule_mining.Correlation_utils - WARNING - 期望分布频数表不符合要求，无法计算相关性。
2025-06-09 11:52:09 - rule_mining.Correlation_utils - WARNING - 期望分布频数表不符合要求，无法计算相关性。
2025-06-09 11:52:09 - Cafd - INFO - Processing search space: <SearchSpace_bit.SearchSpace object at 0x0000021717B06FA0>
2025-06-09 11:52:09 - SearchSpace_bit - INFO - 从全局结论表中命中缓存: column1->column18
2025-06-09 11:52:09 - SearchSpace_bit - INFO - 从全局结论表中命中缓存: column2->column18
2025-06-09 11:52:09 - SearchSpace_bit - INFO - 从全局结论表中命中缓存: column3->column18
2025-06-09 11:52:09 - SearchSpace_bit - INFO - 从全局结论表中命中缓存: column4->column18
2025-06-09 11:52:09 - SearchSpace_bit - INFO - 从全局结论表中命中缓存: column5->column18
2025-06-09 11:52:09 - SearchSpace_bit - INFO - 从全局结论表中命中缓存: column6->column18
2025-06-09 11:52:09 - SearchSpace_bit - INFO - 从全局结论表中命中缓存: column7->column18
2025-06-09 11:52:09 - SearchSpace_bit - INFO - 从全局结论表中命中缓存: column8->column18
2025-06-09 11:52:09 - SearchSpace_bit - INFO - 从全局结论表中命中缓存: column9->column18
2025-06-09 11:52:09 - SearchSpace_bit - INFO - 从全局结论表中命中缓存: column10->column18
2025-06-09 11:52:09 - SearchSpace_bit - INFO - 从全局结论表中命中缓存: column11->column18
2025-06-09 11:52:09 - SearchSpace_bit - INFO - 从全局结论表中命中缓存: column12->column18
2025-06-09 11:52:09 - SearchSpace_bit - INFO - 从全局结论表中命中缓存: column13->column18
2025-06-09 11:52:09 - SearchSpace_bit - INFO - 从全局结论表中命中缓存: column14->column18
2025-06-09 11:52:09 - SearchSpace_bit - INFO - 从全局结论表中命中缓存: column15->column18
2025-06-09 11:52:09 - SearchSpace_bit - INFO - 从全局结论表中命中缓存: column16->column18
2025-06-09 11:52:09 - SearchSpace_bit - INFO - 从全局结论表中命中缓存: column17->column18
2025-06-09 11:52:09 - rule_mining.Correlation_utils - INFO - 计算列 ['column19'] 和列 column18 之间的φ²: 0.03359827958940451
2025-06-09 11:52:09 - rule_mining.Correlation_utils - INFO - 计算列 ['column19'] 和列 column18 之间的相关性 (φ²): 0.032630668354950855
2025-06-09 11:52:09 - rule_mining.Correlation_utils - INFO - 计算列 ['column20'] 和列 column18 之间的φ²: 0.0013496001031711273
2025-06-09 11:52:09 - rule_mining.Correlation_utils - INFO - 计算列 ['column20'] 和列 column18 之间的相关性 (φ²): 0.00034969982793024723
2025-06-09 11:52:09 - rule_mining.Correlation_utils - INFO - 计算列 ['column10', 'column11'] 和列 column18 之间的φ²: 0.19745681844939422
2025-06-09 11:52:09 - rule_mining.Correlation_utils - INFO - 计算列 ['column10', 'column11'] 和列 column18 之间的相关性 (φ²): 0.19200146449625566
2025-06-09 11:52:09 - rule_mining.Correlation_utils - INFO - 计算列 ['column10', 'column19'] 和列 column18 之间的φ²: 0.04931958701971018
2025-06-09 11:52:09 - rule_mining.Correlation_utils - INFO - 计算列 ['column10', 'column19'] 和列 column18 之间的相关性 (φ²): 0.04478116293764347
2025-06-09 11:52:09 - rule_mining.Correlation_utils - INFO - 计算列 ['column11', 'column19'] 和列 column18 之间的φ²: 0.19811989253800538
2025-06-09 11:52:09 - rule_mining.Correlation_utils - INFO - 计算列 ['column11', 'column19'] 和列 column18 之间的相关性 (φ²): 0.19124374533656582
2025-06-09 11:52:09 - rule_mining.Correlation_utils - WARNING - 期望分布频数表不符合要求，无法计算相关性。
2025-06-09 11:52:09 - Cafd - INFO - Processing search space: <SearchSpace_bit.SearchSpace object at 0x0000021718D6C070>
2025-06-09 11:52:09 - SearchSpace_bit - INFO - 从全局结论表中命中缓存: column1->column19
2025-06-09 11:52:09 - SearchSpace_bit - INFO - 从全局结论表中命中缓存: column2->column19
2025-06-09 11:52:09 - SearchSpace_bit - INFO - 从全局结论表中命中缓存: column3->column19
2025-06-09 11:52:09 - SearchSpace_bit - INFO - 从全局结论表中命中缓存: column4->column19
2025-06-09 11:52:09 - SearchSpace_bit - INFO - 从全局结论表中命中缓存: column5->column19
2025-06-09 11:52:09 - SearchSpace_bit - INFO - 从全局结论表中命中缓存: column6->column19
2025-06-09 11:52:09 - SearchSpace_bit - INFO - 从全局结论表中命中缓存: column7->column19
2025-06-09 11:52:09 - SearchSpace_bit - INFO - 从全局结论表中命中缓存: column8->column19
2025-06-09 11:52:09 - SearchSpace_bit - INFO - 从全局结论表中命中缓存: column9->column19
2025-06-09 11:52:09 - SearchSpace_bit - INFO - 从全局结论表中命中缓存: column10->column19
2025-06-09 11:52:09 - SearchSpace_bit - INFO - 从全局结论表中命中缓存: column11->column19
2025-06-09 11:52:09 - SearchSpace_bit - INFO - 从全局结论表中命中缓存: column12->column19
2025-06-09 11:52:09 - SearchSpace_bit - INFO - 从全局结论表中命中缓存: column13->column19
2025-06-09 11:52:09 - SearchSpace_bit - INFO - 从全局结论表中命中缓存: column14->column19
2025-06-09 11:52:09 - SearchSpace_bit - INFO - 从全局结论表中命中缓存: column15->column19
2025-06-09 11:52:09 - SearchSpace_bit - INFO - 从全局结论表中命中缓存: column16->column19
2025-06-09 11:52:09 - SearchSpace_bit - INFO - 从全局结论表中命中缓存: column17->column19
2025-06-09 11:52:09 - SearchSpace_bit - INFO - 从全局结论表中命中缓存: column18->column19
2025-06-09 11:52:09 - rule_mining.Correlation_utils - INFO - 计算列 ['column20'] 和列 column19 之间的φ²: 0.0006252081664881359
2025-06-09 11:52:09 - rule_mining.Correlation_utils - INFO - 计算列 ['column20'] 和列 column19 之间的相关性 (φ²): 0.0
2025-06-09 11:52:09 - rule_mining.Correlation_utils - INFO - 计算列 ['column11', 'column18'] 和列 column19 之间的φ²: 0.2188407555773466
2025-06-09 11:52:09 - rule_mining.Correlation_utils - INFO - 计算列 ['column11', 'column18'] 和列 column19 之间的相关性 (φ²): 0.21234094340741533
2025-06-09 11:52:09 - Cafd - INFO - Processing search space: <SearchSpace_bit.SearchSpace object at 0x0000021718D6C100>
2025-06-09 11:52:09 - SearchSpace_bit - INFO - 从全局结论表中命中缓存: column1->column20
2025-06-09 11:52:09 - SearchSpace_bit - INFO - 从全局结论表中命中缓存: column2->column20
2025-06-09 11:52:09 - SearchSpace_bit - INFO - 从全局结论表中命中缓存: column3->column20
2025-06-09 11:52:09 - SearchSpace_bit - INFO - 从全局结论表中命中缓存: column4->column20
2025-06-09 11:52:09 - SearchSpace_bit - INFO - 从全局结论表中命中缓存: column5->column20
2025-06-09 11:52:09 - SearchSpace_bit - INFO - 从全局结论表中命中缓存: column6->column20
2025-06-09 11:52:09 - SearchSpace_bit - INFO - 从全局结论表中命中缓存: column7->column20
2025-06-09 11:52:09 - SearchSpace_bit - INFO - 从全局结论表中命中缓存: column8->column20
2025-06-09 11:52:09 - SearchSpace_bit - INFO - 从全局结论表中命中缓存: column9->column20
2025-06-09 11:52:09 - SearchSpace_bit - INFO - 从全局结论表中命中缓存: column10->column20
2025-06-09 11:52:09 - SearchSpace_bit - INFO - 从全局结论表中命中缓存: column11->column20
2025-06-09 11:52:09 - SearchSpace_bit - INFO - 从全局结论表中命中缓存: column12->column20
2025-06-09 11:52:09 - SearchSpace_bit - INFO - 从全局结论表中命中缓存: column13->column20
2025-06-09 11:52:09 - SearchSpace_bit - INFO - 从全局结论表中命中缓存: column14->column20
2025-06-09 11:52:09 - SearchSpace_bit - INFO - 从全局结论表中命中缓存: column15->column20
2025-06-09 11:52:09 - SearchSpace_bit - INFO - 从全局结论表中命中缓存: column16->column20
2025-06-09 11:52:09 - SearchSpace_bit - INFO - 从全局结论表中命中缓存: column17->column20
2025-06-09 11:52:09 - SearchSpace_bit - INFO - 从全局结论表中命中缓存: column18->column20
2025-06-09 11:52:09 - SearchSpace_bit - INFO - 从全局结论表中命中缓存: column19->column20
2025-06-09 11:52:09 - Cafd - INFO - Total dependencies found: 4
2025-06-09 11:52:09 - root - INFO - 发现的函数依赖如下：
2025-06-09 11:52:09 - root - INFO - ['column1'] -> column2
2025-06-09 11:52:09 - root - INFO - ['column4'] -> column3
2025-06-09 11:52:09 - root - INFO - ['column3'] -> column4
2025-06-09 11:52:09 - root - INFO - ['column5', 'column6'] -> column7
2025-06-09 11:52:09 - Evaluate_fd - INFO - 评估结果: TP=4, FP=0, FN=1
2025-06-09 11:52:09 - Evaluate_fd - WARNING - 漏报 FD (1 个):
column10,column8,column9->column11
2025-06-09 11:52:09 - root - INFO - Precision: 1.00, Recall: 0.80, F1: 0.89
2025-06-09 11:52:09 - root - INFO - 总运行时长: 1483 ms
2025-06-09 11:52:09 - root - INFO - 结果已保存至: rule_mining\discovered_fd\data_d200_discovered.txt
