2025-06-10 19:22:55 - root - INFO - 日志配置完成。
2025-06-10 19:22:55 - root - INFO - Config: dataset=t_biocase_gathering_agent_r72738_c18.csv, sample_size=4000, null_equal_null=True
2025-06-10 19:22:55 - root - INFO - 开始执行 CAFD...
2025-06-10 19:22:55 - Cafd - INFO - Executing CAFD on: E:\资料\C-AFD\rule_mining\data\real_world_data\t_biocase_gathering_agent_r72738_c18.csv
2025-06-10 19:22:55 - Cafd - INFO - Using ground truth: E:\资料\C-AFD\rule_mining\groundtruth\real_world_data\t_biocase_gathering_agent_r72738_c18.txt
2025-06-10 19:22:55 - Sampler - INFO - Reading dataset from: E:\资料\C-AFD\rule_mining\data\real_world_data\t_biocase_gathering_agent_r72738_c18.csv
2025-06-10 19:22:56 - Sampler - INFO - 移除全空列：8 / 18
2025-06-10 19:22:56 - Sampler - INFO - 移除单一值列：2 个
2025-06-10 19:22:56 - Sampler - INFO - 使用用户指定的抽样数: 8000
2025-06-10 19:22:56 - Sampler - INFO - 抽样 8000 行，随机种子：2705273517
2025-06-10 19:22:56 - Sampler - INFO - 抽样结果已保存至: rule_mining/data/sample_data/sample_data.csv
2025-06-10 19:22:56 - rule_mining.Incorporate_into - INFO - 所有列的 PLI 更新完成。
2025-06-10 19:22:56 - Cafd - INFO - Processing search space: <SearchSpace_bit.SearchSpace object at 0x000001D369EC28B0>
2025-06-10 19:22:56 - rule_mining.Correlation_utils - INFO - 计算列 ['_unitguid'] 和列 _datasetguid 之间的φ²: 0.9999999999999989
2025-06-10 19:22:56 - rule_mining.Correlation_utils - INFO - 计算列 ['_unitguid'] 和列 _datasetguid 之间的相关性 (φ²): 0.9999999999999978
2025-06-10 19:22:56 - rule_mining.Correlation_utils - INFO - 行方向得分: 1.0000, 列方向得分: 0.0513
2025-06-10 19:22:56 - SearchSpace_bit - INFO - 发现函数依赖: ['_unitguid'] -> _datasetguid
2025-06-10 19:22:56 - rule_mining.Correlation_utils - WARNING - 列联表为空，返回 invalid
2025-06-10 19:22:56 - rule_mining.Correlation_utils - INFO - 计算列 ['AgentText'] 和列 _datasetguid 之间的φ²: 0.0
2025-06-10 19:22:56 - rule_mining.Correlation_utils - INFO - 计算列 ['AgentText'] 和列 _datasetguid 之间的相关性 (φ²): 0.0
2025-06-10 19:22:56 - rule_mining.Correlation_utils - INFO - 计算列 ['PersonFullName'] 和列 _datasetguid 之间的φ²: 0.9829532363903036
2025-06-10 19:22:56 - rule_mining.Correlation_utils - INFO - 计算列 ['PersonFullName'] 和列 _datasetguid 之间的相关性 (φ²): 0.9813565078727727
2025-06-10 19:22:56 - rule_mining.Correlation_utils - INFO - 行方向得分: 0.9987, 列方向得分: 0.0732
2025-06-10 19:22:56 - SearchSpace_bit - INFO - 发现函数依赖: ['PersonFullName'] -> _datasetguid
2025-06-10 19:22:56 - rule_mining.Correlation_utils - INFO - 计算列 ['PersonInheritedName'] 和列 _datasetguid 之间的φ²: 0.6138089663279663
2025-06-10 19:22:56 - rule_mining.Correlation_utils - INFO - 计算列 ['PersonInheritedName'] 和列 _datasetguid 之间的相关性 (φ²): 0.5825485173272932
2025-06-10 19:22:56 - rule_mining.Correlation_utils - INFO - 计算列 ['PersonGivenNames'] 和列 _datasetguid 之间的φ²: 0.516432855126342
2025-06-10 19:22:56 - rule_mining.Correlation_utils - INFO - 计算列 ['PersonGivenNames'] 和列 _datasetguid 之间的相关性 (φ²): 0.4935373717902226
2025-06-10 19:22:56 - rule_mining.Correlation_utils - INFO - 计算列 ['Sequence'] 和列 _datasetguid 之间的φ²: 0.00023226723432173913
2025-06-10 19:22:56 - rule_mining.Correlation_utils - INFO - 计算列 ['Sequence'] 和列 _datasetguid 之间的相关性 (φ²): 0.00010726501717174184
2025-06-10 19:22:56 - rule_mining.Correlation_utils - INFO - 计算列 ['PersonInheritedName', 'PersonGivenNames'] 和列 _datasetguid 之间的φ²: 0.9770903687245177
2025-06-10 19:22:56 - rule_mining.Correlation_utils - INFO - 计算列 ['PersonInheritedName', 'PersonGivenNames'] 和列 _datasetguid 之间的相关性 (φ²): 0.974714282040153
2025-06-10 19:22:56 - SearchSpace_bit - INFO - 发现函数依赖: ['PersonInheritedName', 'PersonGivenNames'] -> _datasetguid
2025-06-10 19:22:56 - Cafd - INFO - Processing search space: <SearchSpace_bit.SearchSpace object at 0x000001D369EC2940>
2025-06-10 19:22:56 - SearchSpace_bit - INFO - 从全局结论表中命中缓存: _datasetguid->_unitguid
2025-06-10 19:22:56 - rule_mining.Correlation_utils - WARNING - 列联表为空，返回 invalid
2025-06-10 19:22:56 - rule_mining.Correlation_utils - INFO - 计算列 ['AgentText'] 和列 _unitguid 之间的φ²: 1.0
2025-06-10 19:22:56 - rule_mining.Correlation_utils - INFO - 计算列 ['AgentText'] 和列 _unitguid 之间的相关性 (φ²): 0.0
2025-06-10 19:22:56 - rule_mining.Correlation_utils - INFO - 计算列 ['PersonFullName'] 和列 _unitguid 之间的φ²: 0.9941285047712684
2025-06-10 19:22:56 - rule_mining.Correlation_utils - INFO - 计算列 ['PersonFullName'] 和列 _unitguid 之间的相关性 (φ²): 0.0
2025-06-10 19:22:56 - rule_mining.Correlation_utils - INFO - 计算列 ['PersonInheritedName'] 和列 _unitguid 之间的φ²: 0.9940294595493662
2025-06-10 19:22:56 - rule_mining.Correlation_utils - INFO - 计算列 ['PersonInheritedName'] 和列 _unitguid 之间的相关性 (φ²): 0.0
2025-06-10 19:22:56 - rule_mining.Correlation_utils - INFO - 计算列 ['PersonGivenNames'] 和列 _unitguid 之间的φ²: 0.9947252018949393
2025-06-10 19:22:56 - rule_mining.Correlation_utils - INFO - 计算列 ['PersonGivenNames'] 和列 _unitguid 之间的相关性 (φ²): 0.0
2025-06-10 19:22:56 - rule_mining.Correlation_utils - INFO - 计算列 ['Sequence'] 和列 _unitguid 之间的φ²: 0.9244446317185641
2025-06-10 19:22:56 - rule_mining.Correlation_utils - INFO - 计算列 ['Sequence'] 和列 _unitguid 之间的相关性 (φ²): 0.0
2025-06-10 19:22:56 - Cafd - INFO - Processing search space: <SearchSpace_bit.SearchSpace object at 0x000001D369EC29A0>
2025-06-10 19:22:56 - SearchSpace_bit - INFO - 从全局结论表中命中缓存: _datasetguid->_gatheringagentguid
2025-06-10 19:22:56 - SearchSpace_bit - INFO - 从全局结论表中命中缓存: _unitguid->_gatheringagentguid
2025-06-10 19:22:56 - rule_mining.Correlation_utils - INFO - 计算列 ['AgentText'] 和列 _gatheringagentguid 之间的φ²: 1.0
2025-06-10 19:22:56 - rule_mining.Correlation_utils - INFO - 计算列 ['AgentText'] 和列 _gatheringagentguid 之间的相关性 (φ²): 0.0
2025-06-10 19:22:56 - rule_mining.Correlation_utils - INFO - 计算列 ['PersonFullName'] 和列 _gatheringagentguid 之间的φ²: 0.9999999999999841
2025-06-10 19:22:56 - rule_mining.Correlation_utils - INFO - 计算列 ['PersonFullName'] 和列 _gatheringagentguid 之间的相关性 (φ²): 0.0
2025-06-10 19:22:56 - rule_mining.Correlation_utils - INFO - 计算列 ['PersonInheritedName'] 和列 _gatheringagentguid 之间的φ²: 1.0000000000000133
2025-06-10 19:22:56 - rule_mining.Correlation_utils - INFO - 计算列 ['PersonInheritedName'] 和列 _gatheringagentguid 之间的相关性 (φ²): 0.0
2025-06-10 19:22:56 - rule_mining.Correlation_utils - INFO - 计算列 ['PersonGivenNames'] 和列 _gatheringagentguid 之间的φ²: 0.9999999999999986
2025-06-10 19:22:56 - rule_mining.Correlation_utils - INFO - 计算列 ['PersonGivenNames'] 和列 _gatheringagentguid 之间的相关性 (φ²): 0.0
2025-06-10 19:22:56 - rule_mining.Correlation_utils - INFO - 计算列 ['Sequence'] 和列 _gatheringagentguid 之间的φ²: 1.000000000000135
2025-06-10 19:22:56 - rule_mining.Correlation_utils - INFO - 计算列 ['Sequence'] 和列 _gatheringagentguid 之间的相关性 (φ²): 0.0
2025-06-10 19:22:56 - Cafd - INFO - Processing search space: <SearchSpace_bit.SearchSpace object at 0x000001D369EC2A30>
2025-06-10 19:22:56 - SearchSpace_bit - INFO - 从全局结论表中命中缓存: _datasetguid->AgentText
2025-06-10 19:22:56 - SearchSpace_bit - INFO - 从全局结论表中命中缓存: _unitguid->AgentText
2025-06-10 19:22:56 - SearchSpace_bit - INFO - 从全局结论表中命中缓存: _gatheringagentguid->AgentText
2025-06-10 19:22:56 - rule_mining.Correlation_utils - INFO - 计算列 ['PersonFullName'] 和列 AgentText 之间的φ²: 1.0
2025-06-10 19:22:56 - rule_mining.Correlation_utils - INFO - 计算列 ['PersonFullName'] 和列 AgentText 之间的相关性 (φ²): 1.0
2025-06-10 19:22:56 - rule_mining.Correlation_utils - INFO - 行方向得分: 1.0000, 列方向得分: 1.0000
2025-06-10 19:22:56 - SearchSpace_bit - INFO - 发现函数依赖: ['PersonFullName'] -> AgentText
2025-06-10 19:22:56 - rule_mining.Correlation_utils - INFO - 计算列 ['PersonInheritedName'] 和列 AgentText 之间的φ²: 1.0
2025-06-10 19:22:56 - rule_mining.Correlation_utils - INFO - 计算列 ['PersonInheritedName'] 和列 AgentText 之间的相关性 (φ²): 1.0
2025-06-10 19:22:56 - rule_mining.Correlation_utils - INFO - 行方向得分: 1.0000, 列方向得分: 1.0000
2025-06-10 19:22:56 - SearchSpace_bit - INFO - 发现函数依赖: ['PersonInheritedName'] -> AgentText
2025-06-10 19:22:56 - rule_mining.Correlation_utils - INFO - 计算列 ['PersonGivenNames'] 和列 AgentText 之间的φ²: 1.0
2025-06-10 19:22:56 - rule_mining.Correlation_utils - INFO - 计算列 ['PersonGivenNames'] 和列 AgentText 之间的相关性 (φ²): 1.0
2025-06-10 19:22:56 - rule_mining.Correlation_utils - INFO - 行方向得分: 0.8889, 列方向得分: 1.0000
2025-06-10 19:22:56 - rule_mining.Correlation_utils - INFO - 计算列 ['Sequence'] 和列 AgentText 之间的φ²: 0.0
2025-06-10 19:22:56 - rule_mining.Correlation_utils - INFO - 计算列 ['Sequence'] 和列 AgentText 之间的相关性 (φ²): 0.0
2025-06-10 19:22:56 - Cafd - INFO - Processing search space: <SearchSpace_bit.SearchSpace object at 0x000001D369EC2AC0>
2025-06-10 19:22:56 - SearchSpace_bit - INFO - 从全局结论表中命中缓存: _datasetguid->PersonFullName
2025-06-10 19:22:56 - SearchSpace_bit - INFO - 从全局结论表中命中缓存: _unitguid->PersonFullName
2025-06-10 19:22:56 - SearchSpace_bit - INFO - 从全局结论表中命中缓存: _gatheringagentguid->PersonFullName
2025-06-10 19:22:56 - SearchSpace_bit - INFO - 从全局结论表中命中缓存: AgentText->PersonFullName
2025-06-10 19:22:56 - SearchSpace_bit - INFO - 发现函数依赖: ['AgentText'] -> PersonFullName
2025-06-10 19:22:56 - rule_mining.Correlation_utils - INFO - 计算列 ['PersonInheritedName'] 和列 PersonFullName 之间的φ²: 1.0000000000000002
2025-06-10 19:22:56 - rule_mining.Correlation_utils - INFO - 计算列 ['PersonInheritedName'] 和列 PersonFullName 之间的相关性 (φ²): 1.0000000000000002
2025-06-10 19:22:56 - rule_mining.Correlation_utils - INFO - 行方向得分: 0.9193, 列方向得分: 1.0000
2025-06-10 19:22:56 - rule_mining.Correlation_utils - INFO - 计算列 ['PersonGivenNames'] 和列 PersonFullName 之间的φ²: 0.9999999999999996
2025-06-10 19:22:56 - rule_mining.Correlation_utils - INFO - 计算列 ['PersonGivenNames'] 和列 PersonFullName 之间的相关性 (φ²): 0.9999999999999996
2025-06-10 19:22:56 - rule_mining.Correlation_utils - INFO - 行方向得分: 0.7543, 列方向得分: 1.0000
2025-06-10 19:22:56 - rule_mining.Correlation_utils - INFO - 计算列 ['Sequence'] 和列 PersonFullName 之间的φ²: 0.5981279496466545
2025-06-10 19:22:56 - rule_mining.Correlation_utils - INFO - 计算列 ['Sequence'] 和列 PersonFullName 之间的相关性 (φ²): 0.5287929447703884
2025-06-10 19:22:56 - Cafd - INFO - Processing search space: <SearchSpace_bit.SearchSpace object at 0x000001D369EC2B50>
2025-06-10 19:22:56 - SearchSpace_bit - INFO - 从全局结论表中命中缓存: _datasetguid->PersonInheritedName
2025-06-10 19:22:56 - SearchSpace_bit - INFO - 从全局结论表中命中缓存: _unitguid->PersonInheritedName
2025-06-10 19:22:56 - SearchSpace_bit - INFO - 从全局结论表中命中缓存: _gatheringagentguid->PersonInheritedName
2025-06-10 19:22:56 - SearchSpace_bit - INFO - 从全局结论表中命中缓存: AgentText->PersonInheritedName
2025-06-10 19:22:56 - SearchSpace_bit - INFO - 发现函数依赖: ['AgentText'] -> PersonInheritedName
2025-06-10 19:22:56 - SearchSpace_bit - INFO - 从全局结论表中命中缓存: PersonFullName->PersonInheritedName
2025-06-10 19:22:56 - SearchSpace_bit - INFO - 发现函数依赖: ['PersonFullName'] -> PersonInheritedName
2025-06-10 19:22:56 - rule_mining.Correlation_utils - INFO - 计算列 ['PersonGivenNames'] 和列 PersonInheritedName 之间的φ²: 0.9072149054866049
2025-06-10 19:22:56 - rule_mining.Correlation_utils - INFO - 计算列 ['PersonGivenNames'] 和列 PersonInheritedName 之间的相关性 (φ²): 0.8979437192471449
2025-06-10 19:22:56 - rule_mining.Correlation_utils - INFO - 行方向得分: 0.7543, 列方向得分: 0.9446
2025-06-10 19:22:56 - rule_mining.Correlation_utils - INFO - 计算列 ['Sequence'] 和列 PersonInheritedName 之间的φ²: 0.5034855191294434
2025-06-10 19:22:56 - rule_mining.Correlation_utils - INFO - 计算列 ['Sequence'] 和列 PersonInheritedName 之间的相关性 (φ²): 0.43100009563272457
2025-06-10 19:22:56 - rule_mining.Correlation_utils - INFO - 计算列 ['_datasetguid', 'Sequence'] 和列 PersonInheritedName 之间的φ²: 0.5769165190490495
2025-06-10 19:22:56 - rule_mining.Correlation_utils - INFO - 计算列 ['_datasetguid', 'Sequence'] 和列 PersonInheritedName 之间的相关性 (φ²): 0.5151511799245483
2025-06-10 19:22:56 - Cafd - INFO - Processing search space: <SearchSpace_bit.SearchSpace object at 0x000001D369EC2BE0>
2025-06-10 19:22:56 - SearchSpace_bit - INFO - 从全局结论表中命中缓存: _datasetguid->PersonGivenNames
2025-06-10 19:22:56 - SearchSpace_bit - INFO - 从全局结论表中命中缓存: _unitguid->PersonGivenNames
2025-06-10 19:22:56 - SearchSpace_bit - INFO - 从全局结论表中命中缓存: _gatheringagentguid->PersonGivenNames
2025-06-10 19:22:56 - SearchSpace_bit - INFO - 从全局结论表中命中缓存: AgentText->PersonGivenNames
2025-06-10 19:22:56 - SearchSpace_bit - INFO - 发现函数依赖: ['AgentText'] -> PersonGivenNames
2025-06-10 19:22:56 - SearchSpace_bit - INFO - 从全局结论表中命中缓存: PersonFullName->PersonGivenNames
2025-06-10 19:22:56 - SearchSpace_bit - INFO - 发现函数依赖: ['PersonFullName'] -> PersonGivenNames
2025-06-10 19:22:56 - SearchSpace_bit - INFO - 从全局结论表中命中缓存: PersonInheritedName->PersonGivenNames
2025-06-10 19:22:56 - SearchSpace_bit - INFO - 发现函数依赖: ['PersonInheritedName'] -> PersonGivenNames
2025-06-10 19:22:56 - rule_mining.Correlation_utils - INFO - 计算列 ['Sequence'] 和列 PersonGivenNames 之间的φ²: 0.4112887424875212
2025-06-10 19:22:56 - rule_mining.Correlation_utils - INFO - 计算列 ['Sequence'] 和列 PersonGivenNames 之间的相关性 (φ²): 0.3694338762913086
2025-06-10 19:22:56 - rule_mining.Correlation_utils - INFO - 计算列 ['_datasetguid', 'Sequence'] 和列 PersonGivenNames 之间的φ²: 0.40735360244020696
2025-06-10 19:22:56 - rule_mining.Correlation_utils - INFO - 计算列 ['_datasetguid', 'Sequence'] 和列 PersonGivenNames 之间的相关性 (φ²): 0.36521896452561475
2025-06-10 19:22:56 - Cafd - INFO - Processing search space: <SearchSpace_bit.SearchSpace object at 0x000001D369EC2C70>
2025-06-10 19:22:56 - SearchSpace_bit - INFO - 从全局结论表中命中缓存: _datasetguid->Sequence
2025-06-10 19:22:56 - SearchSpace_bit - INFO - 从全局结论表中命中缓存: _unitguid->Sequence
2025-06-10 19:22:56 - SearchSpace_bit - INFO - 从全局结论表中命中缓存: _gatheringagentguid->Sequence
2025-06-10 19:22:56 - SearchSpace_bit - INFO - 从全局结论表中命中缓存: AgentText->Sequence
2025-06-10 19:22:56 - SearchSpace_bit - INFO - 从全局结论表中命中缓存: PersonFullName->Sequence
2025-06-10 19:22:56 - SearchSpace_bit - INFO - 从全局结论表中命中缓存: PersonInheritedName->Sequence
2025-06-10 19:22:56 - SearchSpace_bit - INFO - 从全局结论表中命中缓存: PersonGivenNames->Sequence
2025-06-10 19:22:56 - rule_mining.Correlation_utils - INFO - 计算列 ['PersonFullName', 'PersonInheritedName'] 和列 Sequence 之间的φ²: 0.5723946651511991
2025-06-10 19:22:56 - rule_mining.Correlation_utils - INFO - 计算列 ['PersonFullName', 'PersonInheritedName'] 和列 Sequence 之间的相关性 (φ²): 0.5323419227049394
2025-06-10 19:22:56 - rule_mining.Correlation_utils - INFO - 计算列 ['PersonFullName', 'PersonGivenNames'] 和列 Sequence 之间的φ²: 0.5723946651511991
2025-06-10 19:22:56 - rule_mining.Correlation_utils - INFO - 计算列 ['PersonFullName', 'PersonGivenNames'] 和列 Sequence 之间的相关性 (φ²): 0.5323419227049394
2025-06-10 19:22:56 - rule_mining.Correlation_utils - INFO - 计算列 ['PersonInheritedName', 'PersonGivenNames'] 和列 Sequence 之间的φ²: 0.5799802534284609
2025-06-10 19:22:56 - rule_mining.Correlation_utils - INFO - 计算列 ['PersonInheritedName', 'PersonGivenNames'] 和列 Sequence 之间的相关性 (φ²): 0.5364176436684813
2025-06-10 19:22:57 - rule_mining.Correlation_utils - WARNING - 期望分布频数表不符合要求，无法计算相关性。
2025-06-10 19:22:57 - Cafd - INFO - Total dependencies found: 11
2025-06-10 19:22:57 - root - INFO - 发现的函数依赖如下：
2025-06-10 19:22:57 - root - INFO - ['_unitguid'] -> _datasetguid
2025-06-10 19:22:57 - root - INFO - ['PersonFullName'] -> _datasetguid
2025-06-10 19:22:57 - root - INFO - ['PersonGivenNames', 'PersonInheritedName'] -> _datasetguid
2025-06-10 19:22:57 - root - INFO - ['PersonFullName'] -> AgentText
2025-06-10 19:22:57 - root - INFO - ['PersonInheritedName'] -> AgentText
2025-06-10 19:22:57 - root - INFO - ['AgentText'] -> PersonFullName
2025-06-10 19:22:57 - root - INFO - ['AgentText'] -> PersonInheritedName
2025-06-10 19:22:57 - root - INFO - ['PersonFullName'] -> PersonInheritedName
2025-06-10 19:22:57 - root - INFO - ['AgentText'] -> PersonGivenNames
2025-06-10 19:22:57 - root - INFO - ['PersonFullName'] -> PersonGivenNames
2025-06-10 19:22:57 - root - INFO - ['PersonInheritedName'] -> PersonGivenNames
2025-06-10 19:22:57 - Evaluate_fd - INFO - 评估结果: TP=7, FP=4, FN=0
2025-06-10 19:22:57 - Evaluate_fd - WARNING - 误报 FD (4 个):
PersonInheritedName->PersonGivenNames
PersonGivenNames,PersonInheritedName->_datasetguid
PersonInheritedName->AgentText
PersonFullName->_datasetguid
2025-06-10 19:22:57 - root - INFO - Precision: 0.64, Recall: 1.00, F1: 0.78
2025-06-10 19:22:57 - root - INFO - 总运行时长: 1030 ms
2025-06-10 19:22:57 - root - INFO - 结果已保存至: rule_mining\discovered_fd\t_biocase_gathering_agent_r72738_c18_discovered.txt
