2025-06-10 19:25:46 - root - INFO - 日志配置完成。
2025-06-10 19:25:46 - root - INFO - Config: dataset=t_biocase_gathering_agent_r72738_c18.csv, sample_size=4000, null_equal_null=True
2025-06-10 19:25:46 - root - INFO - 开始执行 CAFD...
2025-06-10 19:25:46 - Cafd - INFO - Executing CAFD on: E:\资料\C-AFD\rule_mining\data\real_world_data\t_biocase_gathering_agent_r72738_c18.csv
2025-06-10 19:25:46 - Cafd - INFO - Using ground truth: E:\资料\C-AFD\rule_mining\groundtruth\real_world_data\t_biocase_gathering_agent_r72738_c18.txt
2025-06-10 19:25:46 - Sampler - INFO - Reading dataset from: E:\资料\C-AFD\rule_mining\data\real_world_data\t_biocase_gathering_agent_r72738_c18.csv
2025-06-10 19:25:46 - Sampler - INFO - 移除全空列：8 / 18
2025-06-10 19:25:46 - Sampler - INFO - 移除单一值列：2 个
2025-06-10 19:25:46 - Sampler - INFO - 使用用户指定的抽样数: 72738
2025-06-10 19:25:46 - Sampler - WARNING - 抽样数量 (72738) >= 数据行数 (72737)，返回完整数据集
2025-06-10 19:25:50 - rule_mining.Incorporate_into - INFO - 所有列的 PLI 更新完成。
2025-06-10 19:25:50 - Cafd - INFO - Processing search space: <SearchSpace_bit.SearchSpace object at 0x000002919A624760>
2025-06-10 19:25:50 - rule_mining.Correlation_utils - INFO - 计算列 ['_unitguid'] 和列 _datasetguid 之间的φ²: 0.9999999999998664
2025-06-10 19:25:50 - rule_mining.Correlation_utils - INFO - 计算列 ['_unitguid'] 和列 _datasetguid 之间的相关性 (φ²): 0.9999999999997327
2025-06-10 19:25:50 - rule_mining.Correlation_utils - INFO - 行方向得分: 1.0000, 列方向得分: 0.0007
2025-06-10 19:25:50 - SearchSpace_bit - INFO - 发现函数依赖: ['_unitguid'] -> _datasetguid
2025-06-10 19:25:50 - rule_mining.Correlation_utils - WARNING - 列联表为空，返回 invalid
2025-06-10 19:25:50 - rule_mining.Correlation_utils - INFO - 计算列 ['AgentText'] 和列 _datasetguid 之间的φ²: 0.0
2025-06-10 19:25:50 - rule_mining.Correlation_utils - INFO - 计算列 ['AgentText'] 和列 _datasetguid 之间的相关性 (φ²): 0.0
2025-06-10 19:25:50 - rule_mining.Correlation_utils - INFO - 计算列 ['PersonFullName'] 和列 _datasetguid 之间的φ²: 0.9713422130255631
2025-06-10 19:25:50 - rule_mining.Correlation_utils - INFO - 计算列 ['PersonFullName'] 和列 _datasetguid 之间的相关性 (φ²): 0.9705558475230334
2025-06-10 19:25:50 - rule_mining.Correlation_utils - INFO - 行方向得分: 0.9973, 列方向得分: 0.0648
2025-06-10 19:25:50 - SearchSpace_bit - INFO - 发现函数依赖: ['PersonFullName'] -> _datasetguid
2025-06-10 19:25:50 - rule_mining.Correlation_utils - INFO - 计算列 ['PersonInheritedName'] 和列 _datasetguid 之间的φ²: 0.631005518668158
2025-06-10 19:25:50 - rule_mining.Correlation_utils - INFO - 计算列 ['PersonInheritedName'] 和列 _datasetguid 之间的相关性 (φ²): 0.6225416444572074
2025-06-10 19:25:50 - rule_mining.Correlation_utils - INFO - 行方向得分: 0.9670, 列方向得分: 0.0676
2025-06-10 19:25:50 - SearchSpace_bit - INFO - 发现函数依赖: ['PersonInheritedName'] -> _datasetguid
2025-06-10 19:25:50 - rule_mining.Correlation_utils - INFO - 计算列 ['PersonGivenNames'] 和列 _datasetguid 之间的φ²: 0.5278457079630776
2025-06-10 19:25:50 - rule_mining.Correlation_utils - INFO - 计算列 ['PersonGivenNames'] 和列 _datasetguid 之间的相关性 (φ²): 0.52272352093565
2025-06-10 19:25:51 - rule_mining.Correlation_utils - INFO - 计算列 ['Sequence'] 和列 _datasetguid 之间的φ²: 3.8886980993093517e-07
2025-06-10 19:25:51 - rule_mining.Correlation_utils - INFO - 计算列 ['Sequence'] 和列 _datasetguid 之间的相关性 (φ²): 0.0
2025-06-10 19:25:51 - Cafd - INFO - Processing search space: <SearchSpace_bit.SearchSpace object at 0x000002919A624D60>
2025-06-10 19:25:51 - SearchSpace_bit - INFO - 从全局结论表中命中缓存: _datasetguid->_unitguid
2025-06-10 19:25:51 - rule_mining.Correlation_utils - WARNING - 列联表为空，返回 invalid
2025-06-10 19:25:51 - rule_mining.Correlation_utils - INFO - 计算列 ['AgentText'] 和列 _unitguid 之间的φ²: 1.0000000000000002
2025-06-10 19:25:51 - rule_mining.Correlation_utils - INFO - 计算列 ['AgentText'] 和列 _unitguid 之间的相关性 (φ²): 0.0
2025-06-10 19:25:52 - rule_mining.Correlation_utils - INFO - 计算列 ['PersonFullName'] 和列 _unitguid 之间的φ²: 0.9645251792976071
2025-06-10 19:25:52 - rule_mining.Correlation_utils - INFO - 计算列 ['PersonFullName'] 和列 _unitguid 之间的相关性 (φ²): 0.045162708842198376
2025-06-10 19:25:54 - rule_mining.Correlation_utils - INFO - 计算列 ['PersonInheritedName'] 和列 _unitguid 之间的φ²: 0.9730407600377861
2025-06-10 19:25:54 - rule_mining.Correlation_utils - INFO - 计算列 ['PersonInheritedName'] 和列 _unitguid 之间的相关性 (φ²): 0.2742193235621632
2025-06-10 19:25:55 - rule_mining.Correlation_utils - INFO - 计算列 ['PersonGivenNames'] 和列 _unitguid 之间的φ²: 0.9624844218647686
2025-06-10 19:25:55 - rule_mining.Correlation_utils - INFO - 计算列 ['PersonGivenNames'] 和列 _unitguid 之间的相关性 (φ²): 0.0
2025-06-10 19:25:55 - rule_mining.Correlation_utils - INFO - 计算列 ['Sequence'] 和列 _unitguid 之间的φ²: 0.48074671616229586
2025-06-10 19:25:55 - rule_mining.Correlation_utils - INFO - 计算列 ['Sequence'] 和列 _unitguid 之间的相关性 (φ²): 0.0
2025-06-10 19:25:57 - rule_mining.Correlation_utils - INFO - 计算列 ['PersonFullName', 'PersonInheritedName'] 和列 _unitguid 之间的φ²: 0.9642827340056944
2025-06-10 19:25:57 - rule_mining.Correlation_utils - INFO - 计算列 ['PersonFullName', 'PersonInheritedName'] 和列 _unitguid 之间的相关性 (φ²): 0.03863707175086804
2025-06-10 19:25:57 - Cafd - INFO - Processing search space: <SearchSpace_bit.SearchSpace object at 0x000002919C952460>
2025-06-10 19:25:57 - SearchSpace_bit - INFO - 从全局结论表中命中缓存: _datasetguid->_gatheringagentguid
2025-06-10 19:25:57 - SearchSpace_bit - INFO - 从全局结论表中命中缓存: _unitguid->_gatheringagentguid
2025-06-10 19:25:57 - rule_mining.Correlation_utils - INFO - 计算列 ['AgentText'] 和列 _gatheringagentguid 之间的φ²: 1.0000000000000002
2025-06-10 19:25:57 - rule_mining.Correlation_utils - INFO - 计算列 ['AgentText'] 和列 _gatheringagentguid 之间的相关性 (φ²): 0.0
2025-06-10 19:25:59 - rule_mining.Correlation_utils - INFO - 计算列 ['PersonFullName'] 和列 _gatheringagentguid 之间的φ²: 0.9999999999999793
2025-06-10 19:25:59 - rule_mining.Correlation_utils - INFO - 计算列 ['PersonFullName'] 和列 _gatheringagentguid 之间的相关性 (φ²): 0.0
2025-06-10 19:26:01 - rule_mining.Correlation_utils - INFO - 计算列 ['PersonInheritedName'] 和列 _gatheringagentguid 之间的φ²: 0.9999999999999466
2025-06-10 19:26:01 - rule_mining.Correlation_utils - INFO - 计算列 ['PersonInheritedName'] 和列 _gatheringagentguid 之间的相关性 (φ²): 0.0
2025-06-10 19:26:02 - rule_mining.Correlation_utils - INFO - 计算列 ['PersonGivenNames'] 和列 _gatheringagentguid 之间的φ²: 0.9999999999999688
2025-06-10 19:26:02 - rule_mining.Correlation_utils - INFO - 计算列 ['PersonGivenNames'] 和列 _gatheringagentguid 之间的相关性 (φ²): 0.0
2025-06-10 19:26:02 - rule_mining.Correlation_utils - INFO - 计算列 ['Sequence'] 和列 _gatheringagentguid 之间的φ²: 1.0000000000002753
2025-06-10 19:26:02 - rule_mining.Correlation_utils - INFO - 计算列 ['Sequence'] 和列 _gatheringagentguid 之间的相关性 (φ²): 0.0
2025-06-10 19:26:02 - Cafd - INFO - Processing search space: <SearchSpace_bit.SearchSpace object at 0x000002919C952400>
2025-06-10 19:26:02 - SearchSpace_bit - INFO - 从全局结论表中命中缓存: _datasetguid->AgentText
2025-06-10 19:26:02 - SearchSpace_bit - INFO - 从全局结论表中命中缓存: _unitguid->AgentText
2025-06-10 19:26:02 - SearchSpace_bit - INFO - 从全局结论表中命中缓存: _gatheringagentguid->AgentText
2025-06-10 19:26:02 - rule_mining.Correlation_utils - INFO - 计算列 ['PersonFullName'] 和列 AgentText 之间的φ²: 1.0
2025-06-10 19:26:02 - rule_mining.Correlation_utils - INFO - 计算列 ['PersonFullName'] 和列 AgentText 之间的相关性 (φ²): 1.0
2025-06-10 19:26:02 - rule_mining.Correlation_utils - INFO - 行方向得分: 0.9948, 列方向得分: 1.0000
2025-06-10 19:26:02 - rule_mining.Correlation_utils - INFO - 计算列 ['PersonInheritedName'] 和列 AgentText 之间的φ²: 1.0
2025-06-10 19:26:02 - rule_mining.Correlation_utils - INFO - 计算列 ['PersonInheritedName'] 和列 AgentText 之间的相关性 (φ²): 1.0
2025-06-10 19:26:02 - rule_mining.Correlation_utils - INFO - 行方向得分: 0.9747, 列方向得分: 1.0000
2025-06-10 19:26:02 - rule_mining.Correlation_utils - INFO - 计算列 ['PersonGivenNames'] 和列 AgentText 之间的φ²: 1.0
2025-06-10 19:26:02 - rule_mining.Correlation_utils - INFO - 计算列 ['PersonGivenNames'] 和列 AgentText 之间的相关性 (φ²): 1.0
2025-06-10 19:26:02 - rule_mining.Correlation_utils - INFO - 行方向得分: 0.7419, 列方向得分: 1.0000
2025-06-10 19:26:02 - rule_mining.Correlation_utils - INFO - 计算列 ['Sequence'] 和列 AgentText 之间的φ²: 0.6922676837725367
2025-06-10 19:26:02 - rule_mining.Correlation_utils - INFO - 计算列 ['Sequence'] 和列 AgentText 之间的相关性 (φ²): 0.5094793154870509
2025-06-10 19:26:02 - Cafd - INFO - Processing search space: <SearchSpace_bit.SearchSpace object at 0x000002919C9523A0>
2025-06-10 19:26:02 - SearchSpace_bit - INFO - 从全局结论表中命中缓存: _datasetguid->PersonFullName
2025-06-10 19:26:02 - SearchSpace_bit - INFO - 从全局结论表中命中缓存: _unitguid->PersonFullName
2025-06-10 19:26:02 - SearchSpace_bit - INFO - 从全局结论表中命中缓存: _gatheringagentguid->PersonFullName
2025-06-10 19:26:02 - SearchSpace_bit - INFO - 从全局结论表中命中缓存: AgentText->PersonFullName
2025-06-10 19:26:02 - SearchSpace_bit - INFO - 发现函数依赖: ['AgentText'] -> PersonFullName
2025-06-10 19:26:02 - rule_mining.Correlation_utils - INFO - 计算列 ['PersonInheritedName'] 和列 PersonFullName 之间的φ²: 0.9993800371977681
2025-06-10 19:26:02 - rule_mining.Correlation_utils - INFO - 计算列 ['PersonInheritedName'] 和列 PersonFullName 之间的相关性 (φ²): 0.9993609823293679
2025-06-10 19:26:02 - rule_mining.Correlation_utils - INFO - 行方向得分: 0.9187, 列方向得分: 1.0000
2025-06-10 19:26:02 - rule_mining.Correlation_utils - INFO - 计算列 ['PersonGivenNames'] 和列 PersonFullName 之间的φ²: 0.9999999999999997
2025-06-10 19:26:02 - rule_mining.Correlation_utils - INFO - 计算列 ['PersonGivenNames'] 和列 PersonFullName 之间的相关性 (φ²): 0.9999999999999997
2025-06-10 19:26:02 - rule_mining.Correlation_utils - INFO - 行方向得分: 0.7584, 列方向得分: 1.0000
2025-06-10 19:26:02 - rule_mining.Correlation_utils - INFO - 计算列 ['Sequence'] 和列 PersonFullName 之间的φ²: 0.567583643843969
2025-06-10 19:26:02 - rule_mining.Correlation_utils - INFO - 计算列 ['Sequence'] 和列 PersonFullName 之间的相关性 (φ²): 0.5493238750896979
2025-06-10 19:26:02 - rule_mining.Correlation_utils - INFO - 计算列 ['_unitguid', 'Sequence'] 和列 PersonFullName 之间的φ²: 0.9999999999999826
2025-06-10 19:26:02 - rule_mining.Correlation_utils - INFO - 计算列 ['_unitguid', 'Sequence'] 和列 PersonFullName 之间的相关性 (φ²): 0.0
2025-06-10 19:26:02 - Cafd - INFO - Processing search space: <SearchSpace_bit.SearchSpace object at 0x000002919C952310>
2025-06-10 19:26:02 - SearchSpace_bit - INFO - 从全局结论表中命中缓存: _datasetguid->PersonInheritedName
2025-06-10 19:26:02 - SearchSpace_bit - INFO - 从全局结论表中命中缓存: _unitguid->PersonInheritedName
2025-06-10 19:26:02 - SearchSpace_bit - INFO - 从全局结论表中命中缓存: _gatheringagentguid->PersonInheritedName
2025-06-10 19:26:02 - SearchSpace_bit - INFO - 从全局结论表中命中缓存: AgentText->PersonInheritedName
2025-06-10 19:26:02 - SearchSpace_bit - INFO - 发现函数依赖: ['AgentText'] -> PersonInheritedName
2025-06-10 19:26:02 - SearchSpace_bit - INFO - 从全局结论表中命中缓存: PersonFullName->PersonInheritedName
2025-06-10 19:26:02 - SearchSpace_bit - INFO - 发现函数依赖: ['PersonFullName'] -> PersonInheritedName
2025-06-10 19:26:02 - rule_mining.Correlation_utils - INFO - 计算列 ['PersonGivenNames'] 和列 PersonInheritedName 之间的φ²: 0.8669037277734302
2025-06-10 19:26:02 - rule_mining.Correlation_utils - INFO - 计算列 ['PersonGivenNames'] 和列 PersonInheritedName 之间的相关性 (φ²): 0.8638717387527584
2025-06-10 19:26:02 - rule_mining.Correlation_utils - INFO - 行方向得分: 0.7584, 列方向得分: 0.9429
2025-06-10 19:26:02 - rule_mining.Correlation_utils - INFO - 计算列 ['Sequence'] 和列 PersonInheritedName 之间的φ²: 0.4853372052144203
2025-06-10 19:26:02 - rule_mining.Correlation_utils - INFO - 计算列 ['Sequence'] 和列 PersonInheritedName 之间的相关性 (φ²): 0.4676623904449037
2025-06-10 19:26:02 - rule_mining.Correlation_utils - INFO - 计算列 ['_unitguid', 'Sequence'] 和列 PersonInheritedName 之间的φ²: 1.000000000000034
2025-06-10 19:26:02 - rule_mining.Correlation_utils - INFO - 计算列 ['_unitguid', 'Sequence'] 和列 PersonInheritedName 之间的相关性 (φ²): 0.0
2025-06-10 19:26:02 - Cafd - INFO - Processing search space: <SearchSpace_bit.SearchSpace object at 0x000002919C952160>
2025-06-10 19:26:02 - SearchSpace_bit - INFO - 从全局结论表中命中缓存: _datasetguid->PersonGivenNames
2025-06-10 19:26:02 - SearchSpace_bit - INFO - 从全局结论表中命中缓存: _unitguid->PersonGivenNames
2025-06-10 19:26:02 - SearchSpace_bit - INFO - 从全局结论表中命中缓存: _gatheringagentguid->PersonGivenNames
2025-06-10 19:26:02 - SearchSpace_bit - INFO - 从全局结论表中命中缓存: AgentText->PersonGivenNames
2025-06-10 19:26:02 - SearchSpace_bit - INFO - 发现函数依赖: ['AgentText'] -> PersonGivenNames
2025-06-10 19:26:02 - SearchSpace_bit - INFO - 从全局结论表中命中缓存: PersonFullName->PersonGivenNames
2025-06-10 19:26:02 - SearchSpace_bit - INFO - 发现函数依赖: ['PersonFullName'] -> PersonGivenNames
2025-06-10 19:26:02 - SearchSpace_bit - INFO - 从全局结论表中命中缓存: PersonInheritedName->PersonGivenNames
2025-06-10 19:26:02 - SearchSpace_bit - INFO - 发现函数依赖: ['PersonInheritedName'] -> PersonGivenNames
2025-06-10 19:26:02 - rule_mining.Correlation_utils - INFO - 计算列 ['Sequence'] 和列 PersonGivenNames 之间的φ²: 0.3921173654203187
2025-06-10 19:26:02 - rule_mining.Correlation_utils - INFO - 计算列 ['Sequence'] 和列 PersonGivenNames 之间的相关性 (φ²): 0.38370680745245367
2025-06-10 19:26:03 - rule_mining.Correlation_utils - INFO - 计算列 ['_datasetguid', 'Sequence'] 和列 PersonGivenNames 之间的φ²: 0.36310894253760734
2025-06-10 19:26:03 - rule_mining.Correlation_utils - INFO - 计算列 ['_datasetguid', 'Sequence'] 和列 PersonGivenNames 之间的相关性 (φ²): 0.3542970290969378
2025-06-10 19:26:03 - Cafd - INFO - Processing search space: <SearchSpace_bit.SearchSpace object at 0x000002919C952100>
2025-06-10 19:26:03 - SearchSpace_bit - INFO - 从全局结论表中命中缓存: _datasetguid->Sequence
2025-06-10 19:26:03 - SearchSpace_bit - INFO - 从全局结论表中命中缓存: _unitguid->Sequence
2025-06-10 19:26:03 - SearchSpace_bit - INFO - 从全局结论表中命中缓存: _gatheringagentguid->Sequence
2025-06-10 19:26:03 - SearchSpace_bit - INFO - 从全局结论表中命中缓存: AgentText->Sequence
2025-06-10 19:26:03 - SearchSpace_bit - INFO - 从全局结论表中命中缓存: PersonFullName->Sequence
2025-06-10 19:26:03 - SearchSpace_bit - INFO - 从全局结论表中命中缓存: PersonInheritedName->Sequence
2025-06-10 19:26:03 - SearchSpace_bit - INFO - 从全局结论表中命中缓存: PersonGivenNames->Sequence
2025-06-10 19:26:03 - rule_mining.Correlation_utils - INFO - 计算列 ['AgentText', 'PersonFullName'] 和列 Sequence 之间的φ²: 0.6898307515777391
2025-06-10 19:26:03 - rule_mining.Correlation_utils - INFO - 计算列 ['AgentText', 'PersonFullName'] 和列 Sequence 之间的相关性 (φ²): 0.5988788667020386
2025-06-10 19:26:03 - rule_mining.Correlation_utils - INFO - 计算列 ['AgentText', 'PersonInheritedName'] 和列 Sequence 之间的φ²: 0.6898307515777391
2025-06-10 19:26:03 - rule_mining.Correlation_utils - INFO - 计算列 ['AgentText', 'PersonInheritedName'] 和列 Sequence 之间的相关性 (φ²): 0.5988788667020386
2025-06-10 19:26:03 - rule_mining.Correlation_utils - INFO - 计算列 ['PersonFullName', 'PersonInheritedName'] 和列 Sequence 之间的φ²: 0.5633616616978278
2025-06-10 19:26:03 - rule_mining.Correlation_utils - INFO - 计算列 ['PersonFullName', 'PersonInheritedName'] 和列 Sequence 之间的相关性 (φ²): 0.5513739409408643
2025-06-10 19:26:03 - rule_mining.Correlation_utils - INFO - 计算列 ['AgentText', 'PersonGivenNames'] 和列 Sequence 之间的φ²: 0.6898307515777391
2025-06-10 19:26:03 - rule_mining.Correlation_utils - INFO - 计算列 ['AgentText', 'PersonGivenNames'] 和列 Sequence 之间的相关性 (φ²): 0.5988788667020386
2025-06-10 19:26:03 - rule_mining.Correlation_utils - INFO - 计算列 ['PersonFullName', 'PersonGivenNames'] 和列 Sequence 之间的φ²: 0.5633616616978278
2025-06-10 19:26:03 - rule_mining.Correlation_utils - INFO - 计算列 ['PersonFullName', 'PersonGivenNames'] 和列 Sequence 之间的相关性 (φ²): 0.5513739409408643
2025-06-10 19:26:03 - rule_mining.Correlation_utils - INFO - 计算列 ['PersonInheritedName', 'PersonGivenNames'] 和列 Sequence 之间的φ²: 0.5651342297737276
2025-06-10 19:26:03 - rule_mining.Correlation_utils - INFO - 计算列 ['PersonInheritedName', 'PersonGivenNames'] 和列 Sequence 之间的相关性 (φ²): 0.551986676088729
2025-06-10 19:26:03 - rule_mining.Correlation_utils - WARNING - 期望分布频数表不符合要求，无法计算相关性。
2025-06-10 19:26:03 - rule_mining.Correlation_utils - WARNING - 期望分布频数表不符合要求，无法计算相关性。
2025-06-10 19:26:03 - rule_mining.Correlation_utils - WARNING - 期望分布频数表不符合要求，无法计算相关性。
2025-06-10 19:26:03 - rule_mining.Correlation_utils - WARNING - 期望分布频数表不符合要求，无法计算相关性。
2025-06-10 19:26:03 - Cafd - INFO - Total dependencies found: 9
2025-06-10 19:26:03 - root - INFO - 发现的函数依赖如下：
2025-06-10 19:26:03 - root - INFO - ['_unitguid'] -> _datasetguid
2025-06-10 19:26:03 - root - INFO - ['PersonFullName'] -> _datasetguid
2025-06-10 19:26:03 - root - INFO - ['PersonInheritedName'] -> _datasetguid
2025-06-10 19:26:03 - root - INFO - ['AgentText'] -> PersonFullName
2025-06-10 19:26:03 - root - INFO - ['AgentText'] -> PersonInheritedName
2025-06-10 19:26:03 - root - INFO - ['PersonFullName'] -> PersonInheritedName
2025-06-10 19:26:03 - root - INFO - ['AgentText'] -> PersonGivenNames
2025-06-10 19:26:03 - root - INFO - ['PersonFullName'] -> PersonGivenNames
2025-06-10 19:26:03 - root - INFO - ['PersonInheritedName'] -> PersonGivenNames
2025-06-10 19:26:03 - Evaluate_fd - INFO - 评估结果: TP=6, FP=3, FN=1
2025-06-10 19:26:03 - Evaluate_fd - WARNING - 误报 FD (3 个):
PersonFullName->_datasetguid
PersonInheritedName->_datasetguid
PersonInheritedName->PersonGivenNames
2025-06-10 19:26:03 - Evaluate_fd - WARNING - 漏报 FD (1 个):
PersonFullName->AgentText
2025-06-10 19:26:03 - root - INFO - Precision: 0.67, Recall: 0.86, F1: 0.75
2025-06-10 19:26:03 - root - INFO - 总运行时长: 16842 ms
2025-06-10 19:26:03 - root - INFO - 结果已保存至: rule_mining\discovered_fd\t_biocase_gathering_agent_r72738_c18_discovered.txt
