2025-06-10 19:21:29 - root - INFO - 日志配置完成。
2025-06-10 19:21:29 - root - INFO - Config: dataset=t_biocase_gathering_agent_r72738_c18.csv, sample_size=4000, null_equal_null=True
2025-06-10 19:21:29 - root - INFO - 开始执行 CAFD...
2025-06-10 19:21:29 - Cafd - INFO - Executing CAFD on: E:\资料\C-AFD\rule_mining\data\real_world_data\t_biocase_gathering_agent_r72738_c18.csv
2025-06-10 19:21:29 - Cafd - INFO - Using ground truth: E:\资料\C-AFD\rule_mining\groundtruth\real_world_data\t_biocase_gathering_agent_r72738_c18.txt
2025-06-10 19:21:29 - Sampler - INFO - Reading dataset from: E:\资料\C-AFD\rule_mining\data\real_world_data\t_biocase_gathering_agent_r72738_c18.csv
2025-06-10 19:21:29 - Sampler - INFO - 移除全空列：8 / 18
2025-06-10 19:21:29 - Sampler - INFO - 移除单一值列：2 个
2025-06-10 19:21:29 - Sampler - INFO - 使用用户指定的抽样数: 4000
2025-06-10 19:21:29 - Sampler - INFO - 抽样 4000 行，随机种子：1002627037
2025-06-10 19:21:29 - Sampler - INFO - 抽样结果已保存至: rule_mining/data/sample_data/sample_data.csv
2025-06-10 19:21:29 - rule_mining.Incorporate_into - INFO - 所有列的 PLI 更新完成。
2025-06-10 19:21:29 - Cafd - INFO - Processing search space: <SearchSpace_bit.SearchSpace object at 0x000002C1AC4F28B0>
2025-06-10 19:21:29 - rule_mining.Correlation_utils - INFO - 计算列 ['_unitguid'] 和列 _datasetguid 之间的φ²: 0.9999999999999997
2025-06-10 19:21:29 - rule_mining.Correlation_utils - INFO - 计算列 ['_unitguid'] 和列 _datasetguid 之间的相关性 (φ²): 0.9999999999999991
2025-06-10 19:21:29 - rule_mining.Correlation_utils - INFO - 行方向得分: 1.0000, 列方向得分: 0.2000
2025-06-10 19:21:29 - SearchSpace_bit - INFO - 发现函数依赖: ['_unitguid'] -> _datasetguid
2025-06-10 19:21:29 - rule_mining.Correlation_utils - WARNING - 列联表为空，返回 invalid
2025-06-10 19:21:29 - rule_mining.Correlation_utils - INFO - 计算列 ['AgentText'] 和列 _datasetguid 之间的φ²: 0.0
2025-06-10 19:21:29 - rule_mining.Correlation_utils - INFO - 计算列 ['AgentText'] 和列 _datasetguid 之间的相关性 (φ²): 0.0
2025-06-10 19:21:29 - rule_mining.Correlation_utils - INFO - 计算列 ['PersonFullName'] 和列 _datasetguid 之间的φ²: 0.9871604594977806
2025-06-10 19:21:29 - rule_mining.Correlation_utils - INFO - 计算列 ['PersonFullName'] 和列 _datasetguid 之间的相关性 (φ²): 0.985354512567796
2025-06-10 19:21:29 - rule_mining.Correlation_utils - INFO - 行方向得分: 0.9992, 列方向得分: 0.0667
2025-06-10 19:21:29 - SearchSpace_bit - INFO - 发现函数依赖: ['PersonFullName'] -> _datasetguid
2025-06-10 19:21:29 - rule_mining.Correlation_utils - INFO - 计算列 ['PersonInheritedName'] 和列 _datasetguid 之间的φ²: 0.5981000747784123
2025-06-10 19:21:29 - rule_mining.Correlation_utils - INFO - 计算列 ['PersonInheritedName'] 和列 _datasetguid 之间的相关性 (φ²): 0.5475669779558776
2025-06-10 19:21:29 - rule_mining.Correlation_utils - INFO - 计算列 ['PersonGivenNames'] 和列 _datasetguid 之间的φ²: 0.5051000295619084
2025-06-10 19:21:29 - rule_mining.Correlation_utils - INFO - 计算列 ['PersonGivenNames'] 和列 _datasetguid 之间的相关性 (φ²): 0.4647608946419624
2025-06-10 19:21:29 - rule_mining.Correlation_utils - INFO - 计算列 ['Sequence'] 和列 _datasetguid 之间的φ²: 7.0006867699703435e-06
2025-06-10 19:21:29 - rule_mining.Correlation_utils - INFO - 计算列 ['Sequence'] 和列 _datasetguid 之间的相关性 (φ²): 0.0
2025-06-10 19:21:29 - rule_mining.Correlation_utils - INFO - 计算列 ['PersonInheritedName', 'PersonGivenNames'] 和列 _datasetguid 之间的φ²: 0.9852489295185861
2025-06-10 19:21:29 - rule_mining.Correlation_utils - INFO - 计算列 ['PersonInheritedName', 'PersonGivenNames'] 和列 _datasetguid 之间的相关性 (φ²): 0.9828580111253389
2025-06-10 19:21:29 - SearchSpace_bit - INFO - 发现函数依赖: ['PersonInheritedName', 'PersonGivenNames'] -> _datasetguid
2025-06-10 19:21:29 - Cafd - INFO - Processing search space: <SearchSpace_bit.SearchSpace object at 0x000002C1AC4F2970>
2025-06-10 19:21:29 - SearchSpace_bit - INFO - 从全局结论表中命中缓存: _datasetguid->_unitguid
2025-06-10 19:21:29 - rule_mining.Correlation_utils - WARNING - 列联表为空，返回 invalid
2025-06-10 19:21:29 - rule_mining.Correlation_utils - INFO - 计算列 ['AgentText'] 和列 _unitguid 之间的φ²: 0.0
2025-06-10 19:21:29 - rule_mining.Correlation_utils - INFO - 计算列 ['AgentText'] 和列 _unitguid 之间的相关性 (φ²): 0.0
2025-06-10 19:21:29 - rule_mining.Correlation_utils - INFO - 计算列 ['PersonFullName'] 和列 _unitguid 之间的φ²: 0.9971648769165876
2025-06-10 19:21:29 - rule_mining.Correlation_utils - INFO - 计算列 ['PersonFullName'] 和列 _unitguid 之间的相关性 (φ²): 0.0
2025-06-10 19:21:29 - rule_mining.Correlation_utils - INFO - 计算列 ['PersonInheritedName'] 和列 _unitguid 之间的φ²: 0.9984824549761716
2025-06-10 19:21:29 - rule_mining.Correlation_utils - INFO - 计算列 ['PersonInheritedName'] 和列 _unitguid 之间的相关性 (φ²): 0.44837238383838535
2025-06-10 19:21:29 - rule_mining.Correlation_utils - INFO - 计算列 ['PersonGivenNames'] 和列 _unitguid 之间的φ²: 0.9980309531350994
2025-06-10 19:21:29 - rule_mining.Correlation_utils - INFO - 计算列 ['PersonGivenNames'] 和列 _unitguid 之间的相关性 (φ²): 0.2539500211876638
2025-06-10 19:21:29 - rule_mining.Correlation_utils - INFO - 计算列 ['Sequence'] 和列 _unitguid 之间的φ²: 0.964688704446231
2025-06-10 19:21:29 - rule_mining.Correlation_utils - INFO - 计算列 ['Sequence'] 和列 _unitguid 之间的相关性 (φ²): 0.0
2025-06-10 19:21:29 - rule_mining.Correlation_utils - INFO - 计算列 ['PersonInheritedName', 'PersonGivenNames'] 和列 _unitguid 之间的φ²: 0.9975507220699456
2025-06-10 19:21:29 - rule_mining.Correlation_utils - INFO - 计算列 ['PersonInheritedName', 'PersonGivenNames'] 和列 _unitguid 之间的相关性 (φ²): 0.10968747242521733
2025-06-10 19:21:29 - Cafd - INFO - Processing search space: <SearchSpace_bit.SearchSpace object at 0x000002C1AC4F29A0>
2025-06-10 19:21:29 - SearchSpace_bit - INFO - 从全局结论表中命中缓存: _datasetguid->_gatheringagentguid
2025-06-10 19:21:29 - SearchSpace_bit - INFO - 从全局结论表中命中缓存: _unitguid->_gatheringagentguid
2025-06-10 19:21:29 - rule_mining.Correlation_utils - INFO - 计算列 ['AgentText'] 和列 _gatheringagentguid 之间的φ²: 0.0
2025-06-10 19:21:29 - rule_mining.Correlation_utils - INFO - 计算列 ['AgentText'] 和列 _gatheringagentguid 之间的相关性 (φ²): 0.0
2025-06-10 19:21:29 - rule_mining.Correlation_utils - INFO - 计算列 ['PersonFullName'] 和列 _gatheringagentguid 之间的φ²: 0.9999999999999982
2025-06-10 19:21:29 - rule_mining.Correlation_utils - INFO - 计算列 ['PersonFullName'] 和列 _gatheringagentguid 之间的相关性 (φ²): 0.0
2025-06-10 19:21:29 - rule_mining.Correlation_utils - INFO - 计算列 ['PersonInheritedName'] 和列 _gatheringagentguid 之间的φ²: 0.9999999999999971
2025-06-10 19:21:29 - rule_mining.Correlation_utils - INFO - 计算列 ['PersonInheritedName'] 和列 _gatheringagentguid 之间的相关性 (φ²): 0.0
2025-06-10 19:21:29 - rule_mining.Correlation_utils - INFO - 计算列 ['PersonGivenNames'] 和列 _gatheringagentguid 之间的φ²: 1.0000000000000036
2025-06-10 19:21:29 - rule_mining.Correlation_utils - INFO - 计算列 ['PersonGivenNames'] 和列 _gatheringagentguid 之间的相关性 (φ²): 0.0
2025-06-10 19:21:29 - rule_mining.Correlation_utils - INFO - 计算列 ['Sequence'] 和列 _gatheringagentguid 之间的φ²: 1.0000000000000107
2025-06-10 19:21:29 - rule_mining.Correlation_utils - INFO - 计算列 ['Sequence'] 和列 _gatheringagentguid 之间的相关性 (φ²): 0.0
2025-06-10 19:21:29 - Cafd - INFO - Processing search space: <SearchSpace_bit.SearchSpace object at 0x000002C1AC4F2A30>
2025-06-10 19:21:29 - SearchSpace_bit - INFO - 从全局结论表中命中缓存: _datasetguid->AgentText
2025-06-10 19:21:29 - SearchSpace_bit - INFO - 从全局结论表中命中缓存: _unitguid->AgentText
2025-06-10 19:21:29 - SearchSpace_bit - INFO - 从全局结论表中命中缓存: _gatheringagentguid->AgentText
2025-06-10 19:21:29 - rule_mining.Correlation_utils - INFO - 计算列 ['PersonFullName'] 和列 AgentText 之间的φ²: 1.0
2025-06-10 19:21:29 - rule_mining.Correlation_utils - INFO - 计算列 ['PersonFullName'] 和列 AgentText 之间的相关性 (φ²): 1.0
2025-06-10 19:21:29 - rule_mining.Correlation_utils - INFO - 行方向得分: 1.0000, 列方向得分: 1.0000
2025-06-10 19:21:29 - SearchSpace_bit - INFO - 发现函数依赖: ['PersonFullName'] -> AgentText
2025-06-10 19:21:29 - rule_mining.Correlation_utils - INFO - 计算列 ['PersonInheritedName'] 和列 AgentText 之间的φ²: 1.0
2025-06-10 19:21:29 - rule_mining.Correlation_utils - INFO - 计算列 ['PersonInheritedName'] 和列 AgentText 之间的相关性 (φ²): 1.0
2025-06-10 19:21:29 - rule_mining.Correlation_utils - INFO - 行方向得分: 1.0000, 列方向得分: 1.0000
2025-06-10 19:21:29 - SearchSpace_bit - INFO - 发现函数依赖: ['PersonInheritedName'] -> AgentText
2025-06-10 19:21:29 - rule_mining.Correlation_utils - INFO - 计算列 ['PersonGivenNames'] 和列 AgentText 之间的φ²: 1.0
2025-06-10 19:21:29 - rule_mining.Correlation_utils - INFO - 计算列 ['PersonGivenNames'] 和列 AgentText 之间的相关性 (φ²): 1.0
2025-06-10 19:21:29 - rule_mining.Correlation_utils - INFO - 行方向得分: 0.8000, 列方向得分: 1.0000
2025-06-10 19:21:29 - rule_mining.Correlation_utils - INFO - 计算列 ['Sequence'] 和列 AgentText 之间的φ²: 0.0
2025-06-10 19:21:29 - rule_mining.Correlation_utils - INFO - 计算列 ['Sequence'] 和列 AgentText 之间的相关性 (φ²): 0.0
2025-06-10 19:21:29 - Cafd - INFO - Processing search space: <SearchSpace_bit.SearchSpace object at 0x000002C1AC4F2AC0>
2025-06-10 19:21:29 - SearchSpace_bit - INFO - 从全局结论表中命中缓存: _datasetguid->PersonFullName
2025-06-10 19:21:29 - SearchSpace_bit - INFO - 从全局结论表中命中缓存: _unitguid->PersonFullName
2025-06-10 19:21:29 - SearchSpace_bit - INFO - 从全局结论表中命中缓存: _gatheringagentguid->PersonFullName
2025-06-10 19:21:29 - SearchSpace_bit - INFO - 从全局结论表中命中缓存: AgentText->PersonFullName
2025-06-10 19:21:29 - SearchSpace_bit - INFO - 发现函数依赖: ['AgentText'] -> PersonFullName
2025-06-10 19:21:29 - rule_mining.Correlation_utils - INFO - 计算列 ['PersonInheritedName'] 和列 PersonFullName 之间的φ²: 0.9999999999999999
2025-06-10 19:21:29 - rule_mining.Correlation_utils - INFO - 计算列 ['PersonInheritedName'] 和列 PersonFullName 之间的相关性 (φ²): 0.9999999999999999
2025-06-10 19:21:29 - rule_mining.Correlation_utils - INFO - 行方向得分: 0.9186, 列方向得分: 1.0000
2025-06-10 19:21:29 - rule_mining.Correlation_utils - INFO - 计算列 ['PersonGivenNames'] 和列 PersonFullName 之间的φ²: 1.0
2025-06-10 19:21:29 - rule_mining.Correlation_utils - INFO - 计算列 ['PersonGivenNames'] 和列 PersonFullName 之间的相关性 (φ²): 1.0
2025-06-10 19:21:29 - rule_mining.Correlation_utils - INFO - 行方向得分: 0.7590, 列方向得分: 1.0000
2025-06-10 19:21:29 - rule_mining.Correlation_utils - INFO - 计算列 ['Sequence'] 和列 PersonFullName 之间的φ²: 0.6774395035835751
2025-06-10 19:21:29 - rule_mining.Correlation_utils - INFO - 计算列 ['Sequence'] 和列 PersonFullName 之间的相关性 (φ²): 0.5857676862012579
2025-06-10 19:21:29 - Cafd - INFO - Processing search space: <SearchSpace_bit.SearchSpace object at 0x000002C1AC4F2B50>
2025-06-10 19:21:29 - SearchSpace_bit - INFO - 从全局结论表中命中缓存: _datasetguid->PersonInheritedName
2025-06-10 19:21:29 - SearchSpace_bit - INFO - 从全局结论表中命中缓存: _unitguid->PersonInheritedName
2025-06-10 19:21:29 - SearchSpace_bit - INFO - 从全局结论表中命中缓存: _gatheringagentguid->PersonInheritedName
2025-06-10 19:21:29 - SearchSpace_bit - INFO - 从全局结论表中命中缓存: AgentText->PersonInheritedName
2025-06-10 19:21:29 - SearchSpace_bit - INFO - 发现函数依赖: ['AgentText'] -> PersonInheritedName
2025-06-10 19:21:29 - SearchSpace_bit - INFO - 从全局结论表中命中缓存: PersonFullName->PersonInheritedName
2025-06-10 19:21:29 - SearchSpace_bit - INFO - 发现函数依赖: ['PersonFullName'] -> PersonInheritedName
2025-06-10 19:21:29 - rule_mining.Correlation_utils - INFO - 计算列 ['PersonGivenNames'] 和列 PersonInheritedName 之间的φ²: 0.9217530970340189
2025-06-10 19:21:29 - rule_mining.Correlation_utils - INFO - 计算列 ['PersonGivenNames'] 和列 PersonInheritedName 之间的相关性 (φ²): 0.9089034007804726
2025-06-10 19:21:29 - rule_mining.Correlation_utils - INFO - 行方向得分: 0.7590, 列方向得分: 0.9496
2025-06-10 19:21:29 - rule_mining.Correlation_utils - INFO - 计算列 ['Sequence'] 和列 PersonInheritedName 之间的φ²: 0.5855775106955189
2025-06-10 19:21:29 - rule_mining.Correlation_utils - INFO - 计算列 ['Sequence'] 和列 PersonInheritedName 之间的相关性 (φ²): 0.48675269906205637
2025-06-10 19:21:29 - rule_mining.Correlation_utils - INFO - 计算列 ['_datasetguid', '_unitguid'] 和列 PersonInheritedName 之间的φ²: 0.11736894202313765
2025-06-10 19:21:29 - rule_mining.Correlation_utils - INFO - 计算列 ['_datasetguid', '_unitguid'] 和列 PersonInheritedName 之间的相关性 (φ²): 0.0
2025-06-10 19:21:29 - rule_mining.Correlation_utils - INFO - 计算列 ['_datasetguid', 'Sequence'] 和列 PersonInheritedName 之间的φ²: 0.6119864367266488
2025-06-10 19:21:29 - rule_mining.Correlation_utils - INFO - 计算列 ['_datasetguid', 'Sequence'] 和列 PersonInheritedName 之间的相关性 (φ²): 0.5194592011365341
2025-06-10 19:21:29 - rule_mining.Correlation_utils - INFO - 计算列 ['_unitguid', 'Sequence'] 和列 PersonInheritedName 之间的φ²: 1.0
2025-06-10 19:21:29 - rule_mining.Correlation_utils - INFO - 计算列 ['_unitguid', 'Sequence'] 和列 PersonInheritedName 之间的相关性 (φ²): 0.0
2025-06-10 19:21:29 - Cafd - INFO - Processing search space: <SearchSpace_bit.SearchSpace object at 0x000002C1AC4F2BE0>
2025-06-10 19:21:29 - SearchSpace_bit - INFO - 从全局结论表中命中缓存: _datasetguid->PersonGivenNames
2025-06-10 19:21:29 - SearchSpace_bit - INFO - 从全局结论表中命中缓存: _unitguid->PersonGivenNames
2025-06-10 19:21:29 - SearchSpace_bit - INFO - 从全局结论表中命中缓存: _gatheringagentguid->PersonGivenNames
2025-06-10 19:21:29 - SearchSpace_bit - INFO - 从全局结论表中命中缓存: AgentText->PersonGivenNames
2025-06-10 19:21:29 - SearchSpace_bit - INFO - 发现函数依赖: ['AgentText'] -> PersonGivenNames
2025-06-10 19:21:29 - SearchSpace_bit - INFO - 从全局结论表中命中缓存: PersonFullName->PersonGivenNames
2025-06-10 19:21:29 - SearchSpace_bit - INFO - 发现函数依赖: ['PersonFullName'] -> PersonGivenNames
2025-06-10 19:21:29 - SearchSpace_bit - INFO - 从全局结论表中命中缓存: PersonInheritedName->PersonGivenNames
2025-06-10 19:21:29 - SearchSpace_bit - INFO - 发现函数依赖: ['PersonInheritedName'] -> PersonGivenNames
2025-06-10 19:21:29 - rule_mining.Correlation_utils - INFO - 计算列 ['Sequence'] 和列 PersonGivenNames 之间的φ²: 0.47063564272874925
2025-06-10 19:21:29 - rule_mining.Correlation_utils - INFO - 计算列 ['Sequence'] 和列 PersonGivenNames 之间的相关性 (φ²): 0.4048218691637856
2025-06-10 19:21:29 - rule_mining.Correlation_utils - INFO - 计算列 ['_datasetguid', '_unitguid'] 和列 PersonGivenNames 之间的φ²: 0.1031352263891183
2025-06-10 19:21:29 - rule_mining.Correlation_utils - INFO - 计算列 ['_datasetguid', '_unitguid'] 和列 PersonGivenNames 之间的相关性 (φ²): 0.0
2025-06-10 19:21:29 - rule_mining.Correlation_utils - INFO - 计算列 ['_datasetguid', 'Sequence'] 和列 PersonGivenNames 之间的φ²: 0.42763155408160397
2025-06-10 19:21:29 - rule_mining.Correlation_utils - INFO - 计算列 ['_datasetguid', 'Sequence'] 和列 PersonGivenNames 之间的相关性 (φ²): 0.3564712525275249
2025-06-10 19:21:29 - rule_mining.Correlation_utils - INFO - 计算列 ['_unitguid', 'Sequence'] 和列 PersonGivenNames 之间的φ²: 1.0
2025-06-10 19:21:29 - rule_mining.Correlation_utils - INFO - 计算列 ['_unitguid', 'Sequence'] 和列 PersonGivenNames 之间的相关性 (φ²): 0.0
2025-06-10 19:21:29 - Cafd - INFO - Processing search space: <SearchSpace_bit.SearchSpace object at 0x000002C1AC4F2C70>
2025-06-10 19:21:29 - SearchSpace_bit - INFO - 从全局结论表中命中缓存: _datasetguid->Sequence
2025-06-10 19:21:29 - SearchSpace_bit - INFO - 从全局结论表中命中缓存: _unitguid->Sequence
2025-06-10 19:21:29 - SearchSpace_bit - INFO - 从全局结论表中命中缓存: _gatheringagentguid->Sequence
2025-06-10 19:21:29 - SearchSpace_bit - INFO - 从全局结论表中命中缓存: AgentText->Sequence
2025-06-10 19:21:29 - SearchSpace_bit - INFO - 从全局结论表中命中缓存: PersonFullName->Sequence
2025-06-10 19:21:29 - SearchSpace_bit - INFO - 从全局结论表中命中缓存: PersonInheritedName->Sequence
2025-06-10 19:21:29 - SearchSpace_bit - INFO - 从全局结论表中命中缓存: PersonGivenNames->Sequence
2025-06-10 19:21:29 - rule_mining.Correlation_utils - INFO - 计算列 ['PersonFullName', 'PersonInheritedName'] 和列 Sequence 之间的φ²: 0.6483125167235874
2025-06-10 19:21:29 - rule_mining.Correlation_utils - INFO - 计算列 ['PersonFullName', 'PersonInheritedName'] 和列 Sequence 之间的相关性 (φ²): 0.598845876493957
2025-06-10 19:21:29 - rule_mining.Correlation_utils - INFO - 计算列 ['PersonFullName', 'PersonGivenNames'] 和列 Sequence 之间的φ²: 0.6483125167235874
2025-06-10 19:21:29 - rule_mining.Correlation_utils - INFO - 计算列 ['PersonFullName', 'PersonGivenNames'] 和列 Sequence 之间的相关性 (φ²): 0.598845876493957
2025-06-10 19:21:29 - rule_mining.Correlation_utils - INFO - 计算列 ['PersonInheritedName', 'PersonGivenNames'] 和列 Sequence 之间的φ²: 0.6506208113175234
2025-06-10 19:21:29 - rule_mining.Correlation_utils - INFO - 计算列 ['PersonInheritedName', 'PersonGivenNames'] 和列 Sequence 之间的相关性 (φ²): 0.5939918955048585
2025-06-10 19:21:29 - rule_mining.Correlation_utils - WARNING - 期望分布频数表不符合要求，无法计算相关性。
2025-06-10 19:21:29 - Cafd - INFO - Total dependencies found: 11
2025-06-10 19:21:29 - root - INFO - 发现的函数依赖如下：
2025-06-10 19:21:29 - root - INFO - ['_unitguid'] -> _datasetguid
2025-06-10 19:21:29 - root - INFO - ['PersonFullName'] -> _datasetguid
2025-06-10 19:21:29 - root - INFO - ['PersonGivenNames', 'PersonInheritedName'] -> _datasetguid
2025-06-10 19:21:29 - root - INFO - ['PersonFullName'] -> AgentText
2025-06-10 19:21:29 - root - INFO - ['PersonInheritedName'] -> AgentText
2025-06-10 19:21:29 - root - INFO - ['AgentText'] -> PersonFullName
2025-06-10 19:21:29 - root - INFO - ['AgentText'] -> PersonInheritedName
2025-06-10 19:21:29 - root - INFO - ['PersonFullName'] -> PersonInheritedName
2025-06-10 19:21:29 - root - INFO - ['AgentText'] -> PersonGivenNames
2025-06-10 19:21:29 - root - INFO - ['PersonFullName'] -> PersonGivenNames
2025-06-10 19:21:29 - root - INFO - ['PersonInheritedName'] -> PersonGivenNames
2025-06-10 19:21:29 - Evaluate_fd - INFO - 评估结果: TP=7, FP=4, FN=0
2025-06-10 19:21:29 - Evaluate_fd - WARNING - 误报 FD (4 个):
PersonInheritedName->PersonGivenNames
PersonInheritedName->AgentText
PersonFullName->_datasetguid
PersonGivenNames,PersonInheritedName->_datasetguid
2025-06-10 19:21:29 - root - INFO - Precision: 0.64, Recall: 1.00, F1: 0.78
2025-06-10 19:21:29 - root - INFO - 总运行时长: 602 ms
2025-06-10 19:21:29 - root - INFO - 结果已保存至: rule_mining\discovered_fd\t_biocase_gathering_agent_r72738_c18_discovered.txt
