2025-06-08 19:30:21 - root - INFO - 日志配置完成。
2025-06-08 19:30:21 - root - INFO - Config: dataset=data_a10.csv, sample_size=4000, null_equal_null=True
2025-06-08 19:30:21 - root - INFO - 开始执行 CAFD...
2025-06-08 19:30:21 - Cafd - INFO - Executing CAFD on: E:\资料\C-AFD\rule_mining\data\synthetic_data\attributes\data_a10.csv
2025-06-08 19:30:21 - Cafd - INFO - Using ground truth: E:\资料\C-AFD\rule_mining\groundtruth\synthetic_data\attributes\data_a10.txt
2025-06-08 19:30:21 - Sampler - INFO - Reading dataset from: E:\资料\C-AFD\rule_mining\data\synthetic_data\attributes\data_a10.csv
2025-06-08 19:30:21 - Sampler - INFO - 移除全空列：0 / 10
2025-06-08 19:30:21 - Sampler - INFO - 移除单一值列：0 个
2025-06-08 19:30:21 - Sampler - INFO - 移除大于数据集行数 (5000) 的不现实样本量：21 个
2025-06-08 19:30:21 - Sampler - INFO - 最终采样方式 'mode_bin_2000'，样本量: 4000
2025-06-08 19:30:21 - Sampler - INFO - 抽样 4000 行，随机种子：1257368076
2025-06-08 19:30:21 - Sampler - INFO - 抽样结果已保存至: rule_mining/data/sample_data/sample_data.csv
2025-06-08 19:30:21 - rule_mining.Incorporate_into - INFO - 所有列的 PLI 更新完成。
2025-06-08 19:30:21 - Cafd - INFO - Processing search space: <SearchSpace_bit.SearchSpace object at 0x0000027C631E3E50>
2025-06-08 19:30:21 - rule_mining.Correlation_utils - INFO - 计算列 ['column2'] 和列 column1 之间的φ²: 0.7705400351570629
2025-06-08 19:30:21 - rule_mining.Correlation_utils - INFO - 计算列 ['column2'] 和列 column1 之间的相关性 (φ²): 0.7647152822033576
2025-06-08 19:30:21 - rule_mining.Correlation_utils - INFO - 行方向得分: 0.0917, 列方向得分: 0.8972
2025-06-08 19:30:21 - rule_mining.Correlation_utils - INFO - 计算列 ['column3'] 和列 column1 之间的φ²: 0.025664582012363726
2025-06-08 19:30:21 - rule_mining.Correlation_utils - INFO - 计算列 ['column3'] 和列 column1 之间的相关性 (φ²): 0.000931452171139115
2025-06-08 19:30:21 - rule_mining.Correlation_utils - INFO - 计算列 ['column4'] 和列 column1 之间的φ²: 0.02594394366486758
2025-06-08 19:30:21 - rule_mining.Correlation_utils - INFO - 计算列 ['column4'] 和列 column1 之间的相关性 (φ²): 0.0012179053117449912
2025-06-08 19:30:21 - rule_mining.Correlation_utils - INFO - 计算列 ['column5'] 和列 column1 之间的φ²: 0.02470003665501599
2025-06-08 19:30:21 - rule_mining.Correlation_utils - INFO - 计算列 ['column5'] 和列 column1 之间的相关性 (φ²): 0.0
2025-06-08 19:30:21 - rule_mining.Correlation_utils - INFO - 计算列 ['column6'] 和列 column1 之间的φ²: 0.027159960456054195
2025-06-08 19:30:21 - rule_mining.Correlation_utils - INFO - 计算列 ['column6'] 和列 column1 之间的相关性 (φ²): 0.0024647902214771106
2025-06-08 19:30:21 - rule_mining.Correlation_utils - INFO - 计算列 ['column7'] 和列 column1 之间的φ²: 0.18367079315226892
2025-06-08 19:30:21 - rule_mining.Correlation_utils - INFO - 计算列 ['column7'] 和列 column1 之间的相关性 (φ²): 0.16294859020921112
2025-06-08 19:30:21 - rule_mining.Correlation_utils - INFO - 计算列 ['column8'] 和列 column1 之间的φ²: 0.18299667920368945
2025-06-08 19:30:21 - rule_mining.Correlation_utils - INFO - 计算列 ['column8'] 和列 column1 之间的相关性 (φ²): 0.16225736413732156
2025-06-08 19:30:21 - rule_mining.Correlation_utils - INFO - 计算列 ['column9'] 和列 column1 之间的φ²: 0.02622212551512405
2025-06-08 19:30:21 - rule_mining.Correlation_utils - INFO - 计算列 ['column9'] 和列 column1 之间的相关性 (φ²): 0.0015031487012772005
2025-06-08 19:30:21 - rule_mining.Correlation_utils - INFO - 计算列 ['column10'] 和列 column1 之间的φ²: 0.024284193046097358
2025-06-08 19:30:21 - rule_mining.Correlation_utils - INFO - 计算列 ['column10'] 和列 column1 之间的相关性 (φ²): 0.0
2025-06-08 19:30:21 - rule_mining.Correlation_utils - INFO - 计算列 ['column7', 'column8'] 和列 column1 之间的φ²: 0.07666055849035301
2025-06-08 19:30:21 - rule_mining.Correlation_utils - INFO - 计算列 ['column7', 'column8'] 和列 column1 之间的相关性 (φ²): 0.05322194189818505
2025-06-08 19:30:21 - Cafd - INFO - Processing search space: <SearchSpace_bit.SearchSpace object at 0x0000027C631E34C0>
2025-06-08 19:30:21 - SearchSpace_bit - INFO - 从全局结论表中命中缓存: column1->column2
2025-06-08 19:30:21 - SearchSpace_bit - INFO - 发现函数依赖: ['column1'] -> column2
2025-06-08 19:30:21 - rule_mining.Correlation_utils - INFO - 计算列 ['column3'] 和列 column2 之间的φ²: 0.025329101425094733
2025-06-08 19:30:21 - rule_mining.Correlation_utils - INFO - 计算列 ['column3'] 和列 column2 之间的相关性 (φ²): 0.0005874555381932937
2025-06-08 19:30:21 - rule_mining.Correlation_utils - INFO - 计算列 ['column4'] 和列 column2 之间的φ²: 0.026602064497558104
2025-06-08 19:30:21 - rule_mining.Correlation_utils - INFO - 计算列 ['column4'] 和列 column2 之间的相关性 (φ²): 0.0018927322886499653
2025-06-08 19:30:21 - rule_mining.Correlation_utils - INFO - 计算列 ['column5'] 和列 column2 之间的φ²: 0.0009992900397343477
2025-06-08 19:30:21 - rule_mining.Correlation_utils - INFO - 计算列 ['column5'] 和列 column2 之间的相关性 (φ²): 0.0
2025-06-08 19:30:21 - rule_mining.Correlation_utils - INFO - 计算列 ['column6'] 和列 column2 之间的φ²: 0.0020138498425604895
2025-06-08 19:30:21 - rule_mining.Correlation_utils - INFO - 计算列 ['column6'] 和列 column2 之间的相关性 (φ²): 0.0010146146484103621
2025-06-08 19:30:21 - rule_mining.Correlation_utils - INFO - 计算列 ['column7'] 和列 column2 之间的φ²: 0.2282211794727623
2025-06-08 19:30:21 - rule_mining.Correlation_utils - INFO - 计算列 ['column7'] 和列 column2 之间的相关性 (φ²): 0.2274484347212957
2025-06-08 19:30:21 - rule_mining.Correlation_utils - INFO - 计算列 ['column8'] 和列 column2 之间的φ²: 0.20277002662970472
2025-06-08 19:30:21 - rule_mining.Correlation_utils - INFO - 计算列 ['column8'] 和列 column2 之间的相关性 (φ²): 0.20197179887163683
2025-06-08 19:30:21 - rule_mining.Correlation_utils - INFO - 计算列 ['column9'] 和列 column2 之间的φ²: 0.0009567931905178285
2025-06-08 19:30:21 - rule_mining.Correlation_utils - INFO - 计算列 ['column9'] 和列 column2 之间的相关性 (φ²): 0.0
2025-06-08 19:30:21 - rule_mining.Correlation_utils - INFO - 计算列 ['column10'] 和列 column2 之间的φ²: 0.0010565516101300433
2025-06-08 19:30:21 - rule_mining.Correlation_utils - INFO - 计算列 ['column10'] 和列 column2 之间的相关性 (φ²): 5.635791962704444e-05
2025-06-08 19:30:21 - rule_mining.Correlation_utils - INFO - 计算列 ['column7', 'column8'] 和列 column2 之间的φ²: 0.41555698477545605
2025-06-08 19:30:21 - rule_mining.Correlation_utils - INFO - 计算列 ['column7', 'column8'] 和列 column2 之间的相关性 (φ²): 0.41202827223070404
2025-06-08 19:30:21 - Cafd - INFO - Processing search space: <SearchSpace_bit.SearchSpace object at 0x0000027C631E3430>
2025-06-08 19:30:21 - SearchSpace_bit - INFO - 从全局结论表中命中缓存: column1->column3
2025-06-08 19:30:21 - SearchSpace_bit - INFO - 从全局结论表中命中缓存: column2->column3
2025-06-08 19:30:21 - rule_mining.Correlation_utils - INFO - 计算列 ['column4'] 和列 column3 之间的φ²: 0.8666179698788762
2025-06-08 19:30:21 - rule_mining.Correlation_utils - INFO - 计算列 ['column4'] 和列 column3 之间的相关性 (φ²): 0.8632321183450322
2025-06-08 19:30:21 - rule_mining.Correlation_utils - INFO - 行方向得分: 0.8968, 列方向得分: 0.8968
2025-06-08 19:30:21 - SearchSpace_bit - INFO - 发现函数依赖: ['column4'] -> column3
2025-06-08 19:30:21 - rule_mining.Correlation_utils - INFO - 计算列 ['column5'] 和列 column3 之间的φ²: 0.20415256898950862
2025-06-08 19:30:21 - rule_mining.Correlation_utils - INFO - 计算列 ['column5'] 和列 column3 之间的相关性 (φ²): 0.18395028804847308
2025-06-08 19:30:21 - rule_mining.Correlation_utils - INFO - 计算列 ['column6'] 和列 column3 之间的φ²: 0.20414379653998593
2025-06-08 19:30:21 - rule_mining.Correlation_utils - INFO - 计算列 ['column6'] 和列 column3 之间的相关性 (φ²): 0.18394129291369327
2025-06-08 19:30:21 - rule_mining.Correlation_utils - INFO - 计算列 ['column7'] 和列 column3 之间的φ²: 0.025405487934227495
2025-06-08 19:30:21 - rule_mining.Correlation_utils - INFO - 计算列 ['column7'] 和列 column3 之间的相关性 (φ²): 0.0006657810894809637
2025-06-08 19:30:21 - rule_mining.Correlation_utils - INFO - 计算列 ['column8'] 和列 column3 之间的φ²: 0.02730961519158973
2025-06-08 19:30:21 - rule_mining.Correlation_utils - INFO - 计算列 ['column8'] 和列 column3 之间的相关性 (φ²): 0.0026182438849147007
2025-06-08 19:30:21 - rule_mining.Correlation_utils - INFO - 计算列 ['column9'] 和列 column3 之间的φ²: 0.02469931280285414
2025-06-08 19:30:21 - rule_mining.Correlation_utils - INFO - 计算列 ['column9'] 和列 column3 之间的相关性 (φ²): 0.0
2025-06-08 19:30:21 - rule_mining.Correlation_utils - INFO - 计算列 ['column10'] 和列 column3 之间的φ²: 0.024777493017911125
2025-06-08 19:30:21 - rule_mining.Correlation_utils - INFO - 计算列 ['column10'] 和列 column3 之间的相关性 (φ²): 2.184476375040912e-05
2025-06-08 19:30:21 - rule_mining.Correlation_utils - INFO - 计算列 ['column5', 'column6'] 和列 column3 之间的φ²: 0.11304161148704397
2025-06-08 19:30:21 - rule_mining.Correlation_utils - INFO - 计算列 ['column5', 'column6'] 和列 column3 之间的相关性 (φ²): 0.09052651393248433
2025-06-08 19:30:21 - Cafd - INFO - Processing search space: <SearchSpace_bit.SearchSpace object at 0x0000027C631E3250>
2025-06-08 19:30:21 - SearchSpace_bit - INFO - 从全局结论表中命中缓存: column1->column4
2025-06-08 19:30:21 - SearchSpace_bit - INFO - 从全局结论表中命中缓存: column2->column4
2025-06-08 19:30:21 - SearchSpace_bit - INFO - 从全局结论表中命中缓存: column3->column4
2025-06-08 19:30:21 - SearchSpace_bit - INFO - 发现函数依赖: ['column3'] -> column4
2025-06-08 19:30:21 - rule_mining.Correlation_utils - INFO - 计算列 ['column5'] 和列 column4 之间的φ²: 0.2540813495863808
2025-06-08 19:30:21 - rule_mining.Correlation_utils - INFO - 计算列 ['column5'] 和列 column4 之间的相关性 (φ²): 0.2351464915374197
2025-06-08 19:30:21 - rule_mining.Correlation_utils - INFO - 计算列 ['column6'] 和列 column4 之间的φ²: 0.2457842530087321
2025-06-08 19:30:21 - rule_mining.Correlation_utils - INFO - 计算列 ['column6'] 和列 column4 之间的相关性 (φ²): 0.22663877635433838
2025-06-08 19:30:21 - rule_mining.Correlation_utils - INFO - 计算列 ['column7'] 和列 column4 之间的φ²: 0.026212143989743652
2025-06-08 19:30:21 - rule_mining.Correlation_utils - INFO - 计算列 ['column7'] 和列 column4 之间的相关性 (φ²): 0.0014929137987140693
2025-06-08 19:30:21 - rule_mining.Correlation_utils - INFO - 计算列 ['column8'] 和列 column4 之间的φ²: 0.026296914648151756
2025-06-08 19:30:21 - rule_mining.Correlation_utils - INFO - 计算列 ['column8'] 和列 column4 之间的相关性 (φ²): 0.0015798363276817633
2025-06-08 19:30:21 - rule_mining.Correlation_utils - INFO - 计算列 ['column9'] 和列 column4 之间的φ²: 0.02546359627924369
2025-06-08 19:30:21 - rule_mining.Correlation_utils - INFO - 计算列 ['column9'] 和列 column4 之间的相关性 (φ²): 0.0007253644924860302
2025-06-08 19:30:21 - rule_mining.Correlation_utils - INFO - 计算列 ['column10'] 和列 column4 之间的φ²: 0.024811008515132016
2025-06-08 19:30:21 - rule_mining.Correlation_utils - INFO - 计算列 ['column10'] 和列 column4 之间的相关性 (φ²): 5.6211038977676366e-05
2025-06-08 19:30:21 - rule_mining.Correlation_utils - INFO - 计算列 ['column5', 'column6'] 和列 column4 之间的φ²: 0.13365261791281963
2025-06-08 19:30:21 - rule_mining.Correlation_utils - INFO - 计算列 ['column5', 'column6'] 和列 column4 之间的相关性 (φ²): 0.11166072282906812
2025-06-08 19:30:21 - Cafd - INFO - Processing search space: <SearchSpace_bit.SearchSpace object at 0x0000027C631E3190>
2025-06-08 19:30:21 - SearchSpace_bit - INFO - 从全局结论表中命中缓存: column1->column5
2025-06-08 19:30:21 - SearchSpace_bit - INFO - 从全局结论表中命中缓存: column2->column5
2025-06-08 19:30:21 - SearchSpace_bit - INFO - 从全局结论表中命中缓存: column3->column5
2025-06-08 19:30:21 - SearchSpace_bit - INFO - 从全局结论表中命中缓存: column4->column5
2025-06-08 19:30:21 - rule_mining.Correlation_utils - INFO - 计算列 ['column6'] 和列 column5 之间的φ²: 0.004590890311557615
2025-06-08 19:30:21 - rule_mining.Correlation_utils - INFO - 计算列 ['column6'] 和列 column5 之间的相关性 (φ²): 0.003594235383208736
2025-06-08 19:30:21 - rule_mining.Correlation_utils - INFO - 计算列 ['column7'] 和列 column5 之间的φ²: 0.0010209673856556947
2025-06-08 19:30:21 - rule_mining.Correlation_utils - INFO - 计算列 ['column7'] 和列 column5 之间的相关性 (φ²): 2.0738066392270984e-05
2025-06-08 19:30:21 - rule_mining.Correlation_utils - INFO - 计算列 ['column8'] 和列 column5 之间的φ²: 0.000352547673358373
2025-06-08 19:30:21 - rule_mining.Correlation_utils - INFO - 计算列 ['column8'] 和列 column5 之间的相关性 (φ²): 0.0
2025-06-08 19:30:21 - rule_mining.Correlation_utils - INFO - 计算列 ['column9'] 和列 column5 之间的φ²: 0.0012182756902896301
2025-06-08 19:30:21 - rule_mining.Correlation_utils - INFO - 计算列 ['column9'] 和列 column5 之间的相关性 (φ²): 0.00021824392627490125
2025-06-08 19:30:21 - rule_mining.Correlation_utils - INFO - 计算列 ['column10'] 和列 column5 之间的φ²: 0.0010827887718366754
2025-06-08 19:30:21 - rule_mining.Correlation_utils - INFO - 计算列 ['column10'] 和列 column5 之间的相关性 (φ²): 8.262135133288224e-05
2025-06-08 19:30:21 - rule_mining.Correlation_utils - INFO - 计算列 ['column3', 'column4'] 和列 column5 之间的φ²: 0.29259978076912013
2025-06-08 19:30:21 - rule_mining.Correlation_utils - INFO - 计算列 ['column3', 'column4'] 和列 column5 之间的相关性 (φ²): 0.23646599819047542
2025-06-08 19:30:21 - Cafd - INFO - Processing search space: <SearchSpace_bit.SearchSpace object at 0x0000027C631E35E0>
2025-06-08 19:30:21 - SearchSpace_bit - INFO - 从全局结论表中命中缓存: column1->column6
2025-06-08 19:30:21 - SearchSpace_bit - INFO - 从全局结论表中命中缓存: column2->column6
2025-06-08 19:30:21 - SearchSpace_bit - INFO - 从全局结论表中命中缓存: column3->column6
2025-06-08 19:30:21 - SearchSpace_bit - INFO - 从全局结论表中命中缓存: column4->column6
2025-06-08 19:30:21 - SearchSpace_bit - INFO - 从全局结论表中命中缓存: column5->column6
2025-06-08 19:30:21 - rule_mining.Correlation_utils - INFO - 计算列 ['column7'] 和列 column6 之间的φ²: 0.0011466044276902778
2025-06-08 19:30:21 - rule_mining.Correlation_utils - INFO - 计算列 ['column7'] 和列 column6 之间的相关性 (φ²): 0.0001465009027117448
2025-06-08 19:30:21 - rule_mining.Correlation_utils - INFO - 计算列 ['column8'] 和列 column6 之间的φ²: 0.0016826957674065
2025-06-08 19:30:21 - rule_mining.Correlation_utils - INFO - 计算列 ['column8'] 和列 column6 之间的相关性 (φ²): 0.0006831290047205489
2025-06-08 19:30:21 - rule_mining.Correlation_utils - INFO - 计算列 ['column9'] 和列 column6 之间的φ²: 0.0022447835244727796
2025-06-08 19:30:21 - rule_mining.Correlation_utils - INFO - 计算列 ['column9'] 和列 column6 之间的相关性 (φ²): 0.0012457795530329526
2025-06-08 19:30:21 - rule_mining.Correlation_utils - INFO - 计算列 ['column10'] 和列 column6 之间的φ²: 0.0012734532095958287
2025-06-08 19:30:21 - rule_mining.Correlation_utils - INFO - 计算列 ['column10'] 和列 column6 之间的相关性 (φ²): 0.00027347669215862787
2025-06-08 19:30:21 - rule_mining.Correlation_utils - INFO - 计算列 ['column3', 'column4'] 和列 column6 之间的φ²: 0.2770142907018313
2025-06-08 19:30:21 - rule_mining.Correlation_utils - INFO - 计算列 ['column3', 'column4'] 和列 column6 之间的相关性 (φ²): 0.2196437647818147
2025-06-08 19:30:21 - Cafd - INFO - Processing search space: <SearchSpace_bit.SearchSpace object at 0x0000027C631E3E20>
2025-06-08 19:30:21 - SearchSpace_bit - INFO - 从全局结论表中命中缓存: column1->column7
2025-06-08 19:30:21 - SearchSpace_bit - INFO - 从全局结论表中命中缓存: column2->column7
2025-06-08 19:30:21 - SearchSpace_bit - INFO - 从全局结论表中命中缓存: column3->column7
2025-06-08 19:30:21 - SearchSpace_bit - INFO - 从全局结论表中命中缓存: column4->column7
2025-06-08 19:30:21 - SearchSpace_bit - INFO - 从全局结论表中命中缓存: column5->column7
2025-06-08 19:30:21 - SearchSpace_bit - INFO - 从全局结论表中命中缓存: column6->column7
2025-06-08 19:30:21 - rule_mining.Correlation_utils - INFO - 计算列 ['column8'] 和列 column7 之间的φ²: 0.03726971125591791
2025-06-08 19:30:21 - rule_mining.Correlation_utils - INFO - 计算列 ['column8'] 和列 column7 之间的相关性 (φ²): 0.03630577604816414
2025-06-08 19:30:21 - rule_mining.Correlation_utils - INFO - 计算列 ['column9'] 和列 column7 之间的φ²: 0.0008747133157401663
2025-06-08 19:30:21 - rule_mining.Correlation_utils - INFO - 计算列 ['column9'] 和列 column7 之间的相关性 (φ²): 0.0
2025-06-08 19:30:21 - rule_mining.Correlation_utils - INFO - 计算列 ['column10'] 和列 column7 之间的φ²: 0.0013977289500471386
2025-06-08 19:30:21 - rule_mining.Correlation_utils - INFO - 计算列 ['column10'] 和列 column7 之间的相关性 (φ²): 0.00039787686388948856
2025-06-08 19:30:21 - rule_mining.Correlation_utils - INFO - 计算列 ['column1', 'column2'] 和列 column7 之间的φ²: 0.28262106576538476
2025-06-08 19:30:21 - rule_mining.Correlation_utils - INFO - 计算列 ['column1', 'column2'] 和列 column7 之间的相关性 (φ²): 0.23088515871200363
2025-06-08 19:30:21 - rule_mining.Correlation_utils - INFO - 计算列 ['column1', 'column8'] 和列 column7 之间的φ²: 0.27968268119542766
2025-06-08 19:30:21 - rule_mining.Correlation_utils - INFO - 计算列 ['column1', 'column8'] 和列 column7 之间的相关性 (φ²): 0.18513466537496895
2025-06-08 19:30:21 - rule_mining.Correlation_utils - INFO - 计算列 ['column2', 'column8'] 和列 column7 之间的φ²: 0.23207837927807992
2025-06-08 19:30:21 - rule_mining.Correlation_utils - INFO - 计算列 ['column2', 'column8'] 和列 column7 之间的相关性 (φ²): 0.22744187137938152
2025-06-08 19:30:21 - rule_mining.Correlation_utils - WARNING - 期望分布频数表不符合要求，无法计算相关性。
2025-06-08 19:30:21 - Cafd - INFO - Processing search space: <SearchSpace_bit.SearchSpace object at 0x0000027C631E3EB0>
2025-06-08 19:30:21 - SearchSpace_bit - INFO - 从全局结论表中命中缓存: column1->column8
2025-06-08 19:30:21 - SearchSpace_bit - INFO - 从全局结论表中命中缓存: column2->column8
2025-06-08 19:30:21 - SearchSpace_bit - INFO - 从全局结论表中命中缓存: column3->column8
2025-06-08 19:30:21 - SearchSpace_bit - INFO - 从全局结论表中命中缓存: column4->column8
2025-06-08 19:30:21 - SearchSpace_bit - INFO - 从全局结论表中命中缓存: column5->column8
2025-06-08 19:30:21 - SearchSpace_bit - INFO - 从全局结论表中命中缓存: column6->column8
2025-06-08 19:30:21 - SearchSpace_bit - INFO - 从全局结论表中命中缓存: column7->column8
2025-06-08 19:30:21 - rule_mining.Correlation_utils - INFO - 计算列 ['column9'] 和列 column8 之间的φ²: 0.0005065167844631163
2025-06-08 19:30:21 - rule_mining.Correlation_utils - INFO - 计算列 ['column9'] 和列 column8 之间的相关性 (φ²): 0.0
2025-06-08 19:30:21 - rule_mining.Correlation_utils - INFO - 计算列 ['column10'] 和列 column8 之间的φ²: 0.0013532693771820732
2025-06-08 19:30:21 - rule_mining.Correlation_utils - INFO - 计算列 ['column10'] 和列 column8 之间的相关性 (φ²): 0.00035337277580753694
2025-06-08 19:30:21 - rule_mining.Correlation_utils - INFO - 计算列 ['column1', 'column2'] 和列 column8 之间的φ²: 0.2591517568679008
2025-06-08 19:30:21 - rule_mining.Correlation_utils - INFO - 计算列 ['column1', 'column2'] 和列 column8 之间的相关性 (φ²): 0.20572329107633652
2025-06-08 19:30:21 - rule_mining.Correlation_utils - INFO - 计算列 ['column1', 'column7'] 和列 column8 之间的φ²: 0.26577962580251746
2025-06-08 19:30:21 - rule_mining.Correlation_utils - INFO - 计算列 ['column1', 'column7'] 和列 column8 之间的相关性 (φ²): 0.1754711383275112
2025-06-08 19:30:21 - rule_mining.Correlation_utils - INFO - 计算列 ['column2', 'column7'] 和列 column8 之间的φ²: 0.20685662075540365
2025-06-08 19:30:21 - rule_mining.Correlation_utils - INFO - 计算列 ['column2', 'column7'] 和列 column8 之间的相关性 (φ²): 0.20206783054109664
2025-06-08 19:30:21 - rule_mining.Correlation_utils - WARNING - 期望分布频数表不符合要求，无法计算相关性。
2025-06-08 19:30:21 - Cafd - INFO - Processing search space: <SearchSpace_bit.SearchSpace object at 0x0000027C631E3FD0>
2025-06-08 19:30:21 - SearchSpace_bit - INFO - 从全局结论表中命中缓存: column1->column9
2025-06-08 19:30:21 - SearchSpace_bit - INFO - 从全局结论表中命中缓存: column2->column9
2025-06-08 19:30:21 - SearchSpace_bit - INFO - 从全局结论表中命中缓存: column3->column9
2025-06-08 19:30:21 - SearchSpace_bit - INFO - 从全局结论表中命中缓存: column4->column9
2025-06-08 19:30:21 - SearchSpace_bit - INFO - 从全局结论表中命中缓存: column5->column9
2025-06-08 19:30:21 - SearchSpace_bit - INFO - 从全局结论表中命中缓存: column6->column9
2025-06-08 19:30:21 - SearchSpace_bit - INFO - 从全局结论表中命中缓存: column7->column9
2025-06-08 19:30:21 - SearchSpace_bit - INFO - 从全局结论表中命中缓存: column8->column9
2025-06-08 19:30:21 - rule_mining.Correlation_utils - INFO - 计算列 ['column10'] 和列 column9 之间的φ²: 0.0012620019850330664
2025-06-08 19:30:21 - rule_mining.Correlation_utils - INFO - 计算列 ['column10'] 和列 column9 之间的相关性 (φ²): 0.0002620140020393572
2025-06-08 19:30:21 - Cafd - INFO - Processing search space: <SearchSpace_bit.SearchSpace object at 0x0000027C631E3DC0>
2025-06-08 19:30:21 - SearchSpace_bit - INFO - 从全局结论表中命中缓存: column1->column10
2025-06-08 19:30:21 - SearchSpace_bit - INFO - 从全局结论表中命中缓存: column2->column10
2025-06-08 19:30:21 - SearchSpace_bit - INFO - 从全局结论表中命中缓存: column3->column10
2025-06-08 19:30:21 - SearchSpace_bit - INFO - 从全局结论表中命中缓存: column4->column10
2025-06-08 19:30:21 - SearchSpace_bit - INFO - 从全局结论表中命中缓存: column5->column10
2025-06-08 19:30:21 - SearchSpace_bit - INFO - 从全局结论表中命中缓存: column6->column10
2025-06-08 19:30:21 - SearchSpace_bit - INFO - 从全局结论表中命中缓存: column7->column10
2025-06-08 19:30:21 - SearchSpace_bit - INFO - 从全局结论表中命中缓存: column8->column10
2025-06-08 19:30:21 - SearchSpace_bit - INFO - 从全局结论表中命中缓存: column9->column10
2025-06-08 19:30:21 - Cafd - INFO - Total dependencies found: 3
2025-06-08 19:30:21 - root - INFO - 发现的函数依赖如下：
2025-06-08 19:30:21 - root - INFO - ['column1'] -> column2
2025-06-08 19:30:21 - root - INFO - ['column4'] -> column3
2025-06-08 19:30:21 - root - INFO - ['column3'] -> column4
2025-06-08 19:30:21 - Evaluate_fd - INFO - 评估结果: TP=3, FP=0, FN=0
2025-06-08 19:30:21 - root - INFO - Precision: 1.00, Recall: 1.00, F1: 1.00
2025-06-08 19:30:21 - root - INFO - 总运行时长: 392 ms
2025-06-08 19:30:21 - root - INFO - 结果已保存至: rule_mining\discovered_fd\data_a10_discovered.txt
